cpu-bind=MASK - cn0168, task  0  0 [2807779]: mask |BBBBBBBB|BBBBBBBB|BBBBBBBB|BBBBBBBB|BBBBBBBB|BBBBBBBB|BBBBBBBB|BBBBBBBB|BBBBBBBB|BBBBBBBB|BBBBBBBB|BBBBBBBB||||BBBBBBBB|BBBBBBBB|BBBBBBBB|BBBBBBBB|BBBBBBBB|BBBBBBBB|BBBBBBBB|BBBBBBBB|BBBBBBBB|BBBBBBBB|BBBBBBBB|BBBBBBBB|  set
Running "module reset". Resetting modules to system default. The following $MODULEPATH directories have been removed: None
cpu-bind=MASK - cn0168, task  0  0 [2808194]: mask |BBBB----|--------|--------|--------|--------|--------|--------|--------|--------|--------|--------|--------||||--------|--------|--------|--------|--------|--------|--------|--------|--------|--------|--------|--------|  set
cpu-bind=MASK - cn0168, task  1  1 [2808195]: mask |----BBBB|--------|--------|--------|--------|--------|--------|--------|--------|--------|--------|--------||||--------|--------|--------|--------|--------|--------|--------|--------|--------|--------|--------|--------|  set
cpu-bind=MASK - cn0168, task  2  2 [2808196]: mask |--------|--------|--------|--------|--------|--------|--------|--------|--------|BBBB----|--------|--------||||--------|--------|--------|--------|--------|--------|--------|--------|--------|--------|--------|--------|  set
cpu-bind=MASK - cn0168, task  3  3 [2808197]: mask |--------|--------|--------|--------|--------|--------|--------|--------|--------|----BBBB|--------|--------||||--------|--------|--------|--------|--------|--------|--------|--------|--------|--------|--------|--------|  set
cpu-bind=MASK - cn0168, task  4  4 [2808198]: mask |--------|--------|--------|BBBB----|--------|--------|--------|--------|--------|--------|--------|--------||||--------|--------|--------|--------|--------|--------|--------|--------|--------|--------|--------|--------|  set
cpu-bind=MASK - cn0168, task  5  5 [2808199]: mask |--------|--------|--------|----BBBB|--------|--------|--------|--------|--------|--------|--------|--------||||--------|--------|--------|--------|--------|--------|--------|--------|--------|--------|--------|--------|  set
cpu-bind=MASK - cn0168, task  6  6 [2808200]: mask |--------|--------|--------|--------|--------|--------|BBBB----|--------|--------|--------|--------|--------||||--------|--------|--------|--------|--------|--------|--------|--------|--------|--------|--------|--------|  set
cpu-bind=MASK - cn0168, task  7  7 [2808201]: mask |--------|--------|--------|--------|--------|--------|----BBBB|--------|--------|--------|--------|--------||||--------|--------|--------|--------|--------|--------|--------|--------|--------|--------|--------|--------|  set
cpu-bind=MASK - cn0168, task  8  8 [2808202]: mask |--------|BBBB----|--------|--------|--------|--------|--------|--------|--------|--------|--------|--------||||--------|--------|--------|--------|--------|--------|--------|--------|--------|--------|--------|--------|  set
cpu-bind=MASK - cn0168, task  9  9 [2808203]: mask |--------|----BBBB|--------|--------|--------|--------|--------|--------|--------|--------|--------|--------||||--------|--------|--------|--------|--------|--------|--------|--------|--------|--------|--------|--------|  set
cpu-bind=MASK - cn0168, task 10 10 [2808204]: mask |--------|--------|--------|--------|--------|--------|--------|--------|--------|--------|BBBB----|--------||||--------|--------|--------|--------|--------|--------|--------|--------|--------|--------|--------|--------|  set
cpu-bind=MASK - cn0168, task 11 11 [2808205]: mask |--------|--------|--------|--------|--------|--------|--------|--------|--------|--------|----BBBB|--------||||--------|--------|--------|--------|--------|--------|--------|--------|--------|--------|--------|--------|  set
cpu-bind=MASK - cn0168, task 12 12 [2808206]: mask |--------|--------|--------|--------|BBBB----|--------|--------|--------|--------|--------|--------|--------||||--------|--------|--------|--------|--------|--------|--------|--------|--------|--------|--------|--------|  set
cpu-bind=MASK - cn0168, task 13 13 [2808207]: mask |--------|--------|--------|--------|----BBBB|--------|--------|--------|--------|--------|--------|--------||||--------|--------|--------|--------|--------|--------|--------|--------|--------|--------|--------|--------|  set
cpu-bind=MASK - cn0168, task 14 14 [2808208]: mask |--------|--------|--------|--------|--------|--------|--------|BBBB----|--------|--------|--------|--------||||--------|--------|--------|--------|--------|--------|--------|--------|--------|--------|--------|--------|  set
cpu-bind=MASK - cn0168, task 15 15 [2808209]: mask |--------|--------|--------|--------|--------|--------|--------|----BBBB|--------|--------|--------|--------||||--------|--------|--------|--------|--------|--------|--------|--------|--------|--------|--------|--------|  set
cpu-bind=MASK - cn0168, task 16 16 [2808210]: mask |--------|--------|BBBB----|--------|--------|--------|--------|--------|--------|--------|--------|--------||||--------|--------|--------|--------|--------|--------|--------|--------|--------|--------|--------|--------|  set
cpu-bind=MASK - cn0168, task 17 17 [2808211]: mask |--------|--------|----BBBB|--------|--------|--------|--------|--------|--------|--------|--------|--------||||--------|--------|--------|--------|--------|--------|--------|--------|--------|--------|--------|--------|  set
cpu-bind=MASK - cn0168, task 18 18 [2808212]: mask |--------|--------|--------|--------|--------|--------|--------|--------|--------|--------|--------|BBBB----||||--------|--------|--------|--------|--------|--------|--------|--------|--------|--------|--------|--------|  set
cpu-bind=MASK - cn0168, task 19 19 [2808213]: mask |--------|--------|--------|--------|--------|--------|--------|--------|--------|--------|--------|----BBBB||||--------|--------|--------|--------|--------|--------|--------|--------|--------|--------|--------|--------|  set
cpu-bind=MASK - cn0168, task 20 20 [2808214]: mask |--------|--------|--------|--------|--------|BBBB----|--------|--------|--------|--------|--------|--------||||--------|--------|--------|--------|--------|--------|--------|--------|--------|--------|--------|--------|  set
cpu-bind=MASK - cn0168, task 21 21 [2808215]: mask |--------|--------|--------|--------|--------|----BBBB|--------|--------|--------|--------|--------|--------||||--------|--------|--------|--------|--------|--------|--------|--------|--------|--------|--------|--------|  set
cpu-bind=MASK - cn0168, task 22 22 [2808216]: mask |--------|--------|--------|--------|--------|--------|--------|--------|BBBB----|--------|--------|--------||||--------|--------|--------|--------|--------|--------|--------|--------|--------|--------|--------|--------|  set
cpu-bind=MASK - cn0168, task 23 23 [2808217]: mask |--------|--------|--------|--------|--------|--------|--------|--------|----BBBB|--------|--------|--------||||--------|--------|--------|--------|--------|--------|--------|--------|--------|--------|--------|--------|  set
cpu-bind=MASK - cn0168, task 24 24 [2808218]: mask |--------|--------|--------|--------|--------|--------|--------|--------|--------|--------|--------|--------||||BBBB----|--------|--------|--------|--------|--------|--------|--------|--------|--------|--------|--------|  set
cpu-bind=MASK - cn0168, task 25 25 [2808219]: mask |--------|--------|--------|--------|--------|--------|--------|--------|--------|--------|--------|--------||||----BBBB|--------|--------|--------|--------|--------|--------|--------|--------|--------|--------|--------|  set
cpu-bind=MASK - cn0168, task 26 26 [2808220]: mask |--------|--------|--------|--------|--------|--------|--------|--------|--------|--------|--------|--------||||--------|--------|--------|--------|--------|--------|--------|--------|--------|BBBB----|--------|--------|  set
cpu-bind=MASK - cn0168, task 27 27 [2808221]: mask |--------|--------|--------|--------|--------|--------|--------|--------|--------|--------|--------|--------||||--------|--------|--------|--------|--------|--------|--------|--------|--------|----BBBB|--------|--------|  set
cpu-bind=MASK - cn0168, task 28 28 [2808222]: mask |--------|--------|--------|--------|--------|--------|--------|--------|--------|--------|--------|--------||||--------|--------|--------|BBBB----|--------|--------|--------|--------|--------|--------|--------|--------|  set
cpu-bind=MASK - cn0168, task 29 29 [2808223]: mask |--------|--------|--------|--------|--------|--------|--------|--------|--------|--------|--------|--------||||--------|--------|--------|----BBBB|--------|--------|--------|--------|--------|--------|--------|--------|  set
cpu-bind=MASK - cn0168, task 30 30 [2808224]: mask |--------|--------|--------|--------|--------|--------|--------|--------|--------|--------|--------|--------||||--------|--------|--------|--------|--------|--------|BBBB----|--------|--------|--------|--------|--------|  set
cpu-bind=MASK - cn0168, task 31 31 [2808225]: mask |--------|--------|--------|--------|--------|--------|--------|--------|--------|--------|--------|--------||||--------|--------|--------|--------|--------|--------|----BBBB|--------|--------|--------|--------|--------|  set
cpu-bind=MASK - cn0168, task 32 32 [2808226]: mask |--------|--------|--------|--------|--------|--------|--------|--------|--------|--------|--------|--------||||--------|BBBB----|--------|--------|--------|--------|--------|--------|--------|--------|--------|--------|  set
cpu-bind=MASK - cn0168, task 33 33 [2808227]: mask |--------|--------|--------|--------|--------|--------|--------|--------|--------|--------|--------|--------||||--------|----BBBB|--------|--------|--------|--------|--------|--------|--------|--------|--------|--------|  set
cpu-bind=MASK - cn0168, task 34 34 [2808228]: mask |--------|--------|--------|--------|--------|--------|--------|--------|--------|--------|--------|--------||||--------|--------|--------|--------|--------|--------|--------|--------|--------|--------|BBBB----|--------|  set
cpu-bind=MASK - cn0168, task 35 35 [2808229]: mask |--------|--------|--------|--------|--------|--------|--------|--------|--------|--------|--------|--------||||--------|--------|--------|--------|--------|--------|--------|--------|--------|--------|----BBBB|--------|  set
cpu-bind=MASK - cn0168, task 36 36 [2808230]: mask |--------|--------|--------|--------|--------|--------|--------|--------|--------|--------|--------|--------||||--------|--------|--------|--------|BBBB----|--------|--------|--------|--------|--------|--------|--------|  set
cpu-bind=MASK - cn0168, task 37 37 [2808231]: mask |--------|--------|--------|--------|--------|--------|--------|--------|--------|--------|--------|--------||||--------|--------|--------|--------|----BBBB|--------|--------|--------|--------|--------|--------|--------|  set
cpu-bind=MASK - cn0168, task 38 38 [2808232]: mask |--------|--------|--------|--------|--------|--------|--------|--------|--------|--------|--------|--------||||--------|--------|--------|--------|--------|--------|--------|BBBB----|--------|--------|--------|--------|  set
cpu-bind=MASK - cn0168, task 39 39 [2808233]: mask |--------|--------|--------|--------|--------|--------|--------|--------|--------|--------|--------|--------||||--------|--------|--------|--------|--------|--------|--------|----BBBB|--------|--------|--------|--------|  set
cpu-bind=MASK - cn0168, task 40 40 [2808234]: mask |--------|--------|--------|--------|--------|--------|--------|--------|--------|--------|--------|--------||||--------|--------|BBBB----|--------|--------|--------|--------|--------|--------|--------|--------|--------|  set
cpu-bind=MASK - cn0168, task 41 41 [2808235]: mask |--------|--------|--------|--------|--------|--------|--------|--------|--------|--------|--------|--------||||--------|--------|----BBBB|--------|--------|--------|--------|--------|--------|--------|--------|--------|  set
cpu-bind=MASK - cn0168, task 42 42 [2808236]: mask |--------|--------|--------|--------|--------|--------|--------|--------|--------|--------|--------|--------||||--------|--------|--------|--------|--------|--------|--------|--------|--------|--------|--------|BBBB----|  set
cpu-bind=MASK - cn0168, task 43 43 [2808237]: mask |--------|--------|--------|--------|--------|--------|--------|--------|--------|--------|--------|--------||||--------|--------|--------|--------|--------|--------|--------|--------|--------|--------|--------|----BBBB|  set
cpu-bind=MASK - cn0168, task 44 44 [2808238]: mask |--------|--------|--------|--------|--------|--------|--------|--------|--------|--------|--------|--------||||--------|--------|--------|--------|--------|BBBB----|--------|--------|--------|--------|--------|--------|  set
cpu-bind=MASK - cn0168, task 45 45 [2808239]: mask |--------|--------|--------|--------|--------|--------|--------|--------|--------|--------|--------|--------||||--------|--------|--------|--------|--------|----BBBB|--------|--------|--------|--------|--------|--------|  set
cpu-bind=MASK - cn0168, task 46 46 [2808240]: mask |--------|--------|--------|--------|--------|--------|--------|--------|--------|--------|--------|--------||||--------|--------|--------|--------|--------|--------|--------|--------|BBBB----|--------|--------|--------|  set
cpu-bind=MASK - cn0168, task 47 47 [2808241]: mask |--------|--------|--------|--------|--------|--------|--------|--------|--------|--------|--------|--------||||--------|--------|--------|--------|--------|--------|--------|--------|----BBBB|--------|--------|--------|  set
