cpu-bind=MASK - cn1233, task  0  0 [503740]: mask |BBBBBBBB|BBBBBBBB|BBBBBBBB|BBBBBBBB|BBBBBBBB|BBBBBBBB|BBBBBBBB|BBBBBBBB|BBBBBBBB|BBBBBBBB|BBBBBBBB|BBBBBBBB||||BBBBBBBB|BBBBBBBB|BBBBBBBB|BBBBBBBB|BBBBBBBB|BBBBBBBB|BBBBBBBB|BBBBBBBB|BBBBBBBB|BBBBBBBB|BBBBBBBB|BBBBBBBB|  set
Running "module reset". Resetting modules to system default. The following $MODULEPATH directories have been removed: None
cpu-bind=MASK - cn1234, task  4  0 [1665797]: mask |BBBBBBBB|BBBBBBBB|--------|BBBBBBBB|--------|--------|BBBBBBBB|--------|--------|BBBBBBBB|BBBBBBBB|--------||||--------|--------|--------|--------|--------|--------|--------|--------|--------|--------|--------|--------|  set
cpu-bind=MASK - cn1233, task  0  0 [503822]: mask |BBBBBBBB|BBBBBBBB|--------|BBBBBBBB|--------|--------|BBBBBBBB|--------|--------|BBBBBBBB|BBBBBBBB|--------||||--------|--------|--------|--------|--------|--------|--------|--------|--------|--------|--------|--------|  set
cpu-bind=MASK - cn1234, task  5  1 [1665798]: mask |--------|--------|BBBBBBBB|--------|BBBBBBBB|BBBBBBBB|--------|BBBBBBBB|BBBBBBBB|--------|--------|BBBBBBBB||||--------|--------|--------|--------|--------|--------|--------|--------|--------|--------|--------|--------|  set
cpu-bind=MASK - cn1233, task  1  1 [503823]: mask |--------|--------|BBBBBBBB|--------|BBBBBBBB|BBBBBBBB|--------|BBBBBBBB|BBBBBBBB|--------|--------|BBBBBBBB||||--------|--------|--------|--------|--------|--------|--------|--------|--------|--------|--------|--------|  set
cpu-bind=MASK - cn1234, task  6  2 [1665799]: mask |--------|--------|--------|--------|--------|--------|--------|--------|--------|--------|--------|--------||||BBBBBBBB|BBBBBBBB|--------|BBBBBBBB|--------|--------|BBBBBBBB|--------|--------|BBBBBBBB|BBBBBBBB|--------|  set
cpu-bind=MASK - cn1233, task  2  2 [503824]: mask |--------|--------|--------|--------|--------|--------|--------|--------|--------|--------|--------|--------||||BBBBBBBB|BBBBBBBB|--------|BBBBBBBB|--------|--------|BBBBBBBB|--------|--------|BBBBBBBB|BBBBBBBB|--------|  set
cpu-bind=MASK - cn1234, task  7  3 [1665800]: mask |--------|--------|--------|--------|--------|--------|--------|--------|--------|--------|--------|--------||||--------|--------|BBBBBBBB|--------|BBBBBBBB|BBBBBBBB|--------|BBBBBBBB|BBBBBBBB|--------|--------|BBBBBBBB|  set
cpu-bind=MASK - cn1233, task  3  3 [503825]: mask |--------|--------|--------|--------|--------|--------|--------|--------|--------|--------|--------|--------||||--------|--------|BBBBBBBB|--------|BBBBBBBB|BBBBBBBB|--------|BBBBBBBB|BBBBBBBB|--------|--------|BBBBBBBB|  set
[cn1233:503822] MCW rank 0 bound to socket 0[core 0[hwt 0]], socket 0[core 1[hwt 0]], socket 0[core 2[hwt 0]], socket 0[core 3[hwt 0]], socket 0[core 4[hwt 0]], socket 0[core 5[hwt 0]], socket 0[core 6[hwt 0]], socket 0[core 7[hwt 0]], socket 0[core 8[hwt 0]], socket 0[core 9[hwt 0]], socket 0[core 10[hwt 0]], socket 0[core 11[hwt 0]], socket 0[core 12[hwt 0]], socket 0[core 13[hwt 0]], socket 0[core 14[hwt 0]], socket 0[core 15[hwt 0]], socket 0[core 24[hwt 0]], socket 0[core 25[hwt 0]], socket 0[core 26[hwt 0]], socket 0[core 27[hwt 0]], socket 0[core 28[hwt 0]], socket 0[core 29[hwt 0]], socket 0[core 30[hwt 0]], socket 0[core 31[hwt 0]], socket 0[core 48[hwt 0]], socket 0[core 49[hwt 0]], socket 0[core 50[hwt 0]], socket 0[core 51[hwt 0]], socket 0[core 52[hwt 0]], socket 0[core 53[hwt 0]], socket 0[core 54[hwt 0]], socket 0[core 55[hwt 0]], socket 0[core 72[hwt 0]], socket 0[core 73[hwt 0]], socket 0[core 74[hwt 0]], socket 0[core 75[hwt 0]], socket 0[core 76[hwt 0]], socket 0[core 77[hwt 0]], socket 0[core 78[hwt 0]], socket 0[core 79[hw: [B/B/B/B/B/B/B/B/B/B/B/B/B/B/B/B/././././././././B/B/B/B/B/B/B/B/././././././././././././././././B/B/B/B/B/B/B/B/././././././././././././././././B/B/B/B/B/B/B/B/B/B/B/B/B/B/B/B/./././././././.][./././././././././././././././././././././././././././././././././././././././././././././././././././././././././././././././././././././././././././././././././././././././././././././././.]
[cn1233:503822] MCW rank 0 bound to socket 0[core 0[hwt 0]], socket 0[core 1[hwt 0]], socket 0[core 2[hwt 0]], socket 0[core 3[hwt 0]], socket 0[core 4[hwt 0]], socket 0[core 5[hwt 0]], socket 0[core 6[hwt 0]], socket 0[core 7[hwt 0]], socket 0[core 8[hwt 0]], socket 0[core 9[hwt 0]], socket 0[core 10[hwt 0]], socket 0[core 11[hwt 0]], socket 0[core 12[hwt 0]], socket 0[core 13[hwt 0]], socket 0[core 14[hwt 0]], socket 0[core 15[hwt 0]], socket 0[core 24[hwt 0]], socket 0[core 25[hwt 0]], socket 0[core 26[hwt 0]], socket 0[core 27[hwt 0]], socket 0[core 28[hwt 0]], socket 0[core 29[hwt 0]], socket 0[core 30[hwt 0]], socket 0[core 31[hwt 0]], socket 0[core 48[hwt 0]], socket 0[core 49[hwt 0]], socket 0[core 50[hwt 0]], socket 0[core 51[hwt 0]], socket 0[core 52[hwt 0]], socket 0[core 53[hwt 0]], socket 0[core 54[hwt 0]], socket 0[core 55[hwt 0]], socket 0[core 72[hwt 0]], socket 0[core 73[hwt 0]], socket 0[core 74[hwt 0]], socket 0[core 75[hwt 0]], socket 0[core 76[hwt 0]], socket 0[core 77[hwt 0]], socket 0[core 78[hwt 0]], socket 0[core 79[hw: [B/B/B/B/B/B/B/B/B/B/B/B/B/B/B/B/././././././././B/B/B/B/B/B/B/B/././././././././././././././././B/B/B/B/B/B/B/B/././././././././././././././././B/B/B/B/B/B/B/B/B/B/B/B/B/B/B/B/./././././././.][./././././././././././././././././././././././././././././././././././././././././././././././././././././././././././././././././././././././././././././././././././././././././././././././.]
[cn1233:503823] MCW rank 1 bound to socket 0[core 16[hwt 0]], socket 0[core 17[hwt 0]], socket 0[core 18[hwt 0]], socket 0[core 19[hwt 0]], socket 0[core 20[hwt 0]], socket 0[core 21[hwt 0]], socket 0[core 22[hwt 0]], socket 0[core 23[hwt 0]], socket 0[core 32[hwt 0]], socket 0[core 33[hwt 0]], socket 0[core 34[hwt 0]], socket 0[core 35[hwt 0]], socket 0[core 36[hwt 0]], socket 0[core 37[hwt 0]], socket 0[core 38[hwt 0]], socket 0[core 39[hwt 0]], socket 0[core 40[hwt 0]], socket 0[core 41[hwt 0]], socket 0[core 42[hwt 0]], socket 0[core 43[hwt 0]], socket 0[core 44[hwt 0]], socket 0[core 45[hwt 0]], socket 0[core 46[hwt 0]], socket 0[core 47[hwt 0]], socket 0[core 56[hwt 0]], socket 0[core 57[hwt 0]], socket 0[core 58[hwt 0]], socket 0[core 59[hwt 0]], socket 0[core 60[hwt 0]], socket 0[core 61[hwt 0]], socket 0[core 62[hwt 0]], socket 0[core 63[hwt 0]], socket 0[core 64[hwt 0]], socket 0[core 65[hwt 0]], socket 0[core 66[hwt 0]], socket 0[core 67[hwt 0]], socket 0[core 68[hwt 0]], socket 0[core 69[hwt 0]], socket 0[core 70[hwt 0]], socket 0[: [././././././././././././././././B/B/B/B/B/B/B/B/././././././././B/B/B/B/B/B/B/B/B/B/B/B/B/B/B/B/././././././././B/B/B/B/B/B/B/B/B/B/B/B/B/B/B/B/././././././././././././././././B/B/B/B/B/B/B/B][./././././././././././././././././././././././././././././././././././././././././././././././././././././././././././././././././././././././././././././././././././././././././././././././.]
[cn1233:503823] MCW rank 1 bound to socket 0[core 16[hwt 0]], socket 0[core 17[hwt 0]], socket 0[core 18[hwt 0]], socket 0[core 19[hwt 0]], socket 0[core 20[hwt 0]], socket 0[core 21[hwt 0]], socket 0[core 22[hwt 0]], socket 0[core 23[hwt 0]], socket 0[core 32[hwt 0]], socket 0[core 33[hwt 0]], socket 0[core 34[hwt 0]], socket 0[core 35[hwt 0]], socket 0[core 36[hwt 0]], socket 0[core 37[hwt 0]], socket 0[core 38[hwt 0]], socket 0[core 39[hwt 0]], socket 0[core 40[hwt 0]], socket 0[core 41[hwt 0]], socket 0[core 42[hwt 0]], socket 0[core 43[hwt 0]], socket 0[core 44[hwt 0]], socket 0[core 45[hwt 0]], socket 0[core 46[hwt 0]], socket 0[core 47[hwt 0]], socket 0[core 56[hwt 0]], socket 0[core 57[hwt 0]], socket 0[core 58[hwt 0]], socket 0[core 59[hwt 0]], socket 0[core 60[hwt 0]], socket 0[core 61[hwt 0]], socket 0[core 62[hwt 0]], socket 0[core 63[hwt 0]], socket 0[core 64[hwt 0]], socket 0[core 65[hwt 0]], socket 0[core 66[hwt 0]], socket 0[core 67[hwt 0]], socket 0[core 68[hwt 0]], socket 0[core 69[hwt 0]], socket 0[core 70[hwt 0]], socket 0[: [././././././././././././././././B/B/B/B/B/B/B/B/././././././././B/B/B/B/B/B/B/B/B/B/B/B/B/B/B/B/././././././././B/B/B/B/B/B/B/B/B/B/B/B/B/B/B/B/././././././././././././././././B/B/B/B/B/B/B/B][./././././././././././././././././././././././././././././././././././././././././././././././././././././././././././././././././././././././././././././././././././././././././././././././.]
[cn1233:503824] MCW rank 2 bound to socket 1[core 96[hwt 0]], socket 1[core 97[hwt 0]], socket 1[core 98[hwt 0]], socket 1[core 99[hwt 0]], socket 1[core 100[hwt 0]], socket 1[core 101[hwt 0]], socket 1[core 102[hwt 0]], socket 1[core 103[hwt 0]], socket 1[core 104[hwt 0]], socket 1[core 105[hwt 0]], socket 1[core 106[hwt 0]], socket 1[core 107[hwt 0]], socket 1[core 108[hwt 0]], socket 1[core 109[hwt 0]], socket 1[core 110[hwt 0]], socket 1[core 111[hwt 0]], socket 1[core 120[hwt 0]], socket 1[core 121[hwt 0]], socket 1[core 122[hwt 0]], socket 1[core 123[hwt 0]], socket 1[core 124[hwt 0]], socket 1[core 125[hwt 0]], socket 1[core 126[hwt 0]], socket 1[core 127[hwt 0]], socket 1[core 144[hwt 0]], socket 1[core 145[hwt 0]], socket 1[core 146[hwt 0]], socket 1[core 147[hwt 0]], socket 1[core 148[hwt 0]], socket 1[core 149[hwt 0]], socket 1[core 150[hwt 0]], socket 1[core 151[hwt 0]], socket 1[core 168[hwt 0]], socket 1[core 169[hwt 0]], socket 1[core 170[hwt 0]], socket 1[core 171[hwt 0]], socket 1[core 172[hwt 0]], socket 1[core 173[hwt 0]], s: [./././././././././././././././././././././././././././././././././././././././././././././././././././././././././././././././././././././././././././././././././././././././././././././././.][B/B/B/B/B/B/B/B/B/B/B/B/B/B/B/B/././././././././B/B/B/B/B/B/B/B/././././././././././././././././B/B/B/B/B/B/B/B/././././././././././././././././B/B/B/B/B/B/B/B/B/B/B/B/B/B/B/B/./././././././.]
[cn1233:503825] MCW rank 3 bound to socket 1[core 112[hwt 0]], socket 1[core 113[hwt 0]], socket 1[core 114[hwt 0]], socket 1[core 115[hwt 0]], socket 1[core 116[hwt 0]], socket 1[core 117[hwt 0]], socket 1[core 118[hwt 0]], socket 1[core 119[hwt 0]], socket 1[core 128[hwt 0]], socket 1[core 129[hwt 0]], socket 1[core 130[hwt 0]], socket 1[core 131[hwt 0]], socket 1[core 132[hwt 0]], socket 1[core 133[hwt 0]], socket 1[core 134[hwt 0]], socket 1[core 135[hwt 0]], socket 1[core 136[hwt 0]], socket 1[core 137[hwt 0]], socket 1[core 138[hwt 0]], socket 1[core 139[hwt 0]], socket 1[core 140[hwt 0]], socket 1[core 141[hwt 0]], socket 1[core 142[hwt 0]], socket 1[core 143[hwt 0]], socket 1[core 152[hwt 0]], socket 1[core 153[hwt 0]], socket 1[core 154[hwt 0]], socket 1[core 155[hwt 0]], socket 1[core 156[hwt 0]], socket 1[core 157[hwt 0]], socket 1[core 158[hwt 0]], socket 1[core 159[hwt 0]], socket 1[core 160[hwt 0]], socket 1[core 161[hwt 0]], socket 1[core 162[hwt 0]], socket 1[core 163[hwt 0]], socket 1[core 164[hwt 0]], socket 1[core 165[hwt 0]: [./././././././././././././././././././././././././././././././././././././././././././././././././././././././././././././././././././././././././././././././././././././././././././././././.][././././././././././././././././B/B/B/B/B/B/B/B/././././././././B/B/B/B/B/B/B/B/B/B/B/B/B/B/B/B/././././././././B/B/B/B/B/B/B/B/B/B/B/B/B/B/B/B/././././././././././././././././B/B/B/B/B/B/B/B]
[cn1233:503824] MCW rank 2 bound to socket 1[core 96[hwt 0]], socket 1[core 97[hwt 0]], socket 1[core 98[hwt 0]], socket 1[core 99[hwt 0]], socket 1[core 100[hwt 0]], socket 1[core 101[hwt 0]], socket 1[core 102[hwt 0]], socket 1[core 103[hwt 0]], socket 1[core 104[hwt 0]], socket 1[core 105[hwt 0]], socket 1[core 106[hwt 0]], socket 1[core 107[hwt 0]], socket 1[core 108[hwt 0]], socket 1[core 109[hwt 0]], socket 1[core 110[hwt 0]], socket 1[core 111[hwt 0]], socket 1[core 120[hwt 0]], socket 1[core 121[hwt 0]], socket 1[core 122[hwt 0]], socket 1[core 123[hwt 0]], socket 1[core 124[hwt 0]], socket 1[core 125[hwt 0]], socket 1[core 126[hwt 0]], socket 1[core 127[hwt 0]], socket 1[core 144[hwt 0]], socket 1[core 145[hwt 0]], socket 1[core 146[hwt 0]], socket 1[core 147[hwt 0]], socket 1[core 148[hwt 0]], socket 1[core 149[hwt 0]], socket 1[core 150[hwt 0]], socket 1[core 151[hwt 0]], socket 1[core 168[hwt 0]], socket 1[core 169[hwt 0]], socket 1[core 170[hwt 0]], socket 1[core 171[hwt 0]], socket 1[core 172[hwt 0]], socket 1[core 173[hwt 0]], s: [./././././././././././././././././././././././././././././././././././././././././././././././././././././././././././././././././././././././././././././././././././././././././././././././.][B/B/B/B/B/B/B/B/B/B/B/B/B/B/B/B/././././././././B/B/B/B/B/B/B/B/././././././././././././././././B/B/B/B/B/B/B/B/././././././././././././././././B/B/B/B/B/B/B/B/B/B/B/B/B/B/B/B/./././././././.]
[cn1233:503825] MCW rank 3 bound to socket 1[core 112[hwt 0]], socket 1[core 113[hwt 0]], socket 1[core 114[hwt 0]], socket 1[core 115[hwt 0]], socket 1[core 116[hwt 0]], socket 1[core 117[hwt 0]], socket 1[core 118[hwt 0]], socket 1[core 119[hwt 0]], socket 1[core 128[hwt 0]], socket 1[core 129[hwt 0]], socket 1[core 130[hwt 0]], socket 1[core 131[hwt 0]], socket 1[core 132[hwt 0]], socket 1[core 133[hwt 0]], socket 1[core 134[hwt 0]], socket 1[core 135[hwt 0]], socket 1[core 136[hwt 0]], socket 1[core 137[hwt 0]], socket 1[core 138[hwt 0]], socket 1[core 139[hwt 0]], socket 1[core 140[hwt 0]], socket 1[core 141[hwt 0]], socket 1[core 142[hwt 0]], socket 1[core 143[hwt 0]], socket 1[core 152[hwt 0]], socket 1[core 153[hwt 0]], socket 1[core 154[hwt 0]], socket 1[core 155[hwt 0]], socket 1[core 156[hwt 0]], socket 1[core 157[hwt 0]], socket 1[core 158[hwt 0]], socket 1[core 159[hwt 0]], socket 1[core 160[hwt 0]], socket 1[core 161[hwt 0]], socket 1[core 162[hwt 0]], socket 1[core 163[hwt 0]], socket 1[core 164[hwt 0]], socket 1[core 165[hwt 0]: [./././././././././././././././././././././././././././././././././././././././././././././././././././././././././././././././././././././././././././././././././././././././././././././././.][././././././././././././././././B/B/B/B/B/B/B/B/././././././././B/B/B/B/B/B/B/B/B/B/B/B/B/B/B/B/././././././././B/B/B/B/B/B/B/B/B/B/B/B/B/B/B/B/././././././././././././././././B/B/B/B/B/B/B/B]
[cn1234:1665797] MCW rank 4 bound to socket 0[core 0[hwt 0]], socket 0[core 1[hwt 0]], socket 0[core 2[hwt 0]], socket 0[core 3[hwt 0]], socket 0[core 4[hwt 0]], socket 0[core 5[hwt 0]], socket 0[core 6[hwt 0]], socket 0[core 7[hwt 0]], socket 0[core 8[hwt 0]], socket 0[core 9[hwt 0]], socket 0[core 10[hwt 0]], socket 0[core 11[hwt 0]], socket 0[core 12[hwt 0]], socket 0[core 13[hwt 0]], socket 0[core 14[hwt 0]], socket 0[core 15[hwt 0]], socket 0[core 24[hwt 0]], socket 0[core 25[hwt 0]], socket 0[core 26[hwt 0]], socket 0[core 27[hwt 0]], socket 0[core 28[hwt 0]], socket 0[core 29[hwt 0]], socket 0[core 30[hwt 0]], socket 0[core 31[hwt 0]], socket 0[core 48[hwt 0]], socket 0[core 49[hwt 0]], socket 0[core 50[hwt 0]], socket 0[core 51[hwt 0]], socket 0[core 52[hwt 0]], socket 0[core 53[hwt 0]], socket 0[core 54[hwt 0]], socket 0[core 55[hwt 0]], socket 0[core 72[hwt 0]], socket 0[core 73[hwt 0]], socket 0[core 74[hwt 0]], socket 0[core 75[hwt 0]], socket 0[core 76[hwt 0]], socket 0[core 77[hwt 0]], socket 0[core 78[hwt 0]], socket 0[core 79[hw: [B/B/B/B/B/B/B/B/B/B/B/B/B/B/B/B/././././././././B/B/B/B/B/B/B/B/././././././././././././././././B/B/B/B/B/B/B/B/././././././././././././././././B/B/B/B/B/B/B/B/B/B/B/B/B/B/B/B/./././././././.][./././././././././././././././././././././././././././././././././././././././././././././././././././././././././././././././././././././././././././././././././././././././././././././././.]
[cn1234:1665797] MCW rank 4 bound to socket 0[core 0[hwt 0]], socket 0[core 1[hwt 0]], socket 0[core 2[hwt 0]], socket 0[core 3[hwt 0]], socket 0[core 4[hwt 0]], socket 0[core 5[hwt 0]], socket 0[core 6[hwt 0]], socket 0[core 7[hwt 0]], socket 0[core 8[hwt 0]], socket 0[core 9[hwt 0]], socket 0[core 10[hwt 0]], socket 0[core 11[hwt 0]], socket 0[core 12[hwt 0]], socket 0[core 13[hwt 0]], socket 0[core 14[hwt 0]], socket 0[core 15[hwt 0]], socket 0[core 24[hwt 0]], socket 0[core 25[hwt 0]], socket 0[core 26[hwt 0]], socket 0[core 27[hwt 0]], socket 0[core 28[hwt 0]], socket 0[core 29[hwt 0]], socket 0[core 30[hwt 0]], socket 0[core 31[hwt 0]], socket 0[core 48[hwt 0]], socket 0[core 49[hwt 0]], socket 0[core 50[hwt 0]], socket 0[core 51[hwt 0]], socket 0[core 52[hwt 0]], socket 0[core 53[hwt 0]], socket 0[core 54[hwt 0]], socket 0[core 55[hwt 0]], socket 0[core 72[hwt 0]], socket 0[core 73[hwt 0]], socket 0[core 74[hwt 0]], socket 0[core 75[hwt 0]], socket 0[core 76[hwt 0]], socket 0[core 77[hwt 0]], socket 0[core 78[hwt 0]], socket 0[core 79[hw: [B/B/B/B/B/B/B/B/B/B/B/B/B/B/B/B/././././././././B/B/B/B/B/B/B/B/././././././././././././././././B/B/B/B/B/B/B/B/././././././././././././././././B/B/B/B/B/B/B/B/B/B/B/B/B/B/B/B/./././././././.][./././././././././././././././././././././././././././././././././././././././././././././././././././././././././././././././././././././././././././././././././././././././././././././././.]
[cn1234:1665798] MCW rank 5 bound to socket 0[core 16[hwt 0]], socket 0[core 17[hwt 0]], socket 0[core 18[hwt 0]], socket 0[core 19[hwt 0]], socket 0[core 20[hwt 0]], socket 0[core 21[hwt 0]], socket 0[core 22[hwt 0]], socket 0[core 23[hwt 0]], socket 0[core 32[hwt 0]], socket 0[core 33[hwt 0]], socket 0[core 34[hwt 0]], socket 0[core 35[hwt 0]], socket 0[core 36[hwt 0]], socket 0[core 37[hwt 0]], socket 0[core 38[hwt 0]], socket 0[core 39[hwt 0]], socket 0[core 40[hwt 0]], socket 0[core 41[hwt 0]], socket 0[core 42[hwt 0]], socket 0[core 43[hwt 0]], socket 0[core 44[hwt 0]], socket 0[core 45[hwt 0]], socket 0[core 46[hwt 0]], socket 0[core 47[hwt 0]], socket 0[core 56[hwt 0]], socket 0[core 57[hwt 0]], socket 0[core 58[hwt 0]], socket 0[core 59[hwt 0]], socket 0[core 60[hwt 0]], socket 0[core 61[hwt 0]], socket 0[core 62[hwt 0]], socket 0[core 63[hwt 0]], socket 0[core 64[hwt 0]], socket 0[core 65[hwt 0]], socket 0[core 66[hwt 0]], socket 0[core 67[hwt 0]], socket 0[core 68[hwt 0]], socket 0[core 69[hwt 0]], socket 0[core 70[hwt 0]], socket 0[: [././././././././././././././././B/B/B/B/B/B/B/B/././././././././B/B/B/B/B/B/B/B/B/B/B/B/B/B/B/B/././././././././B/B/B/B/B/B/B/B/B/B/B/B/B/B/B/B/././././././././././././././././B/B/B/B/B/B/B/B][./././././././././././././././././././././././././././././././././././././././././././././././././././././././././././././././././././././././././././././././././././././././././././././././.]
[cn1234:1665798] MCW rank 5 bound to socket 0[core 16[hwt 0]], socket 0[core 17[hwt 0]], socket 0[core 18[hwt 0]], socket 0[core 19[hwt 0]], socket 0[core 20[hwt 0]], socket 0[core 21[hwt 0]], socket 0[core 22[hwt 0]], socket 0[core 23[hwt 0]], socket 0[core 32[hwt 0]], socket 0[core 33[hwt 0]], socket 0[core 34[hwt 0]], socket 0[core 35[hwt 0]], socket 0[core 36[hwt 0]], socket 0[core 37[hwt 0]], socket 0[core 38[hwt 0]], socket 0[core 39[hwt 0]], socket 0[core 40[hwt 0]], socket 0[core 41[hwt 0]], socket 0[core 42[hwt 0]], socket 0[core 43[hwt 0]], socket 0[core 44[hwt 0]], socket 0[core 45[hwt 0]], socket 0[core 46[hwt 0]], socket 0[core 47[hwt 0]], socket 0[core 56[hwt 0]], socket 0[core 57[hwt 0]], socket 0[core 58[hwt 0]], socket 0[core 59[hwt 0]], socket 0[core 60[hwt 0]], socket 0[core 61[hwt 0]], socket 0[core 62[hwt 0]], socket 0[core 63[hwt 0]], socket 0[core 64[hwt 0]], socket 0[core 65[hwt 0]], socket 0[core 66[hwt 0]], socket 0[core 67[hwt 0]], socket 0[core 68[hwt 0]], socket 0[core 69[hwt 0]], socket 0[core 70[hwt 0]], socket 0[: [././././././././././././././././B/B/B/B/B/B/B/B/././././././././B/B/B/B/B/B/B/B/B/B/B/B/B/B/B/B/././././././././B/B/B/B/B/B/B/B/B/B/B/B/B/B/B/B/././././././././././././././././B/B/B/B/B/B/B/B][./././././././././././././././././././././././././././././././././././././././././././././././././././././././././././././././././././././././././././././././././././././././././././././././.]
[cn1234:1665799] MCW rank 6 bound to socket 1[core 96[hwt 0]], socket 1[core 97[hwt 0]], socket 1[core 98[hwt 0]], socket 1[core 99[hwt 0]], socket 1[core 100[hwt 0]], socket 1[core 101[hwt 0]], socket 1[core 102[hwt 0]], socket 1[core 103[hwt 0]], socket 1[core 104[hwt 0]], socket 1[core 105[hwt 0]], socket 1[core 106[hwt 0]], socket 1[core 107[hwt 0]], socket 1[core 108[hwt 0]], socket 1[core 109[hwt 0]], socket 1[core 110[hwt 0]], socket 1[core 111[hwt 0]], socket 1[core 120[hwt 0]], socket 1[core 121[hwt 0]], socket 1[core 122[hwt 0]], socket 1[core 123[hwt 0]], socket 1[core 124[hwt 0]], socket 1[core 125[hwt 0]], socket 1[core 126[hwt 0]], socket 1[core 127[hwt 0]], socket 1[core 144[hwt 0]], socket 1[core 145[hwt 0]], socket 1[core 146[hwt 0]], socket 1[core 147[hwt 0]], socket 1[core 148[hwt 0]], socket 1[core 149[hwt 0]], socket 1[core 150[hwt 0]], socket 1[core 151[hwt 0]], socket 1[core 168[hwt 0]], socket 1[core 169[hwt 0]], socket 1[core 170[hwt 0]], socket 1[core 171[hwt 0]], socket 1[core 172[hwt 0]], socket 1[core 173[hwt 0]], s: [./././././././././././././././././././././././././././././././././././././././././././././././././././././././././././././././././././././././././././././././././././././././././././././././.][B/B/B/B/B/B/B/B/B/B/B/B/B/B/B/B/././././././././B/B/B/B/B/B/B/B/././././././././././././././././B/B/B/B/B/B/B/B/././././././././././././././././B/B/B/B/B/B/B/B/B/B/B/B/B/B/B/B/./././././././.]
[cn1234:1665799] MCW rank 6 bound to socket 1[core 96[hwt 0]], socket 1[core 97[hwt 0]], socket 1[core 98[hwt 0]], socket 1[core 99[hwt 0]], socket 1[core 100[hwt 0]], socket 1[core 101[hwt 0]], socket 1[core 102[hwt 0]], socket 1[core 103[hwt 0]], socket 1[core 104[hwt 0]], socket 1[core 105[hwt 0]], socket 1[core 106[hwt 0]], socket 1[core 107[hwt 0]], socket 1[core 108[hwt 0]], socket 1[core 109[hwt 0]], socket 1[core 110[hwt 0]], socket 1[core 111[hwt 0]], socket 1[core 120[hwt 0]], socket 1[core 121[hwt 0]], socket 1[core 122[hwt 0]], socket 1[core 123[hwt 0]], socket 1[core 124[hwt 0]], socket 1[core 125[hwt 0]], socket 1[core 126[hwt 0]], socket 1[core 127[hwt 0]], socket 1[core 144[hwt 0]], socket 1[core 145[hwt 0]], socket 1[core 146[hwt 0]], socket 1[core 147[hwt 0]], socket 1[core 148[hwt 0]], socket 1[core 149[hwt 0]], socket 1[core 150[hwt 0]], socket 1[core 151[hwt 0]], socket 1[core 168[hwt 0]], socket 1[core 169[hwt 0]], socket 1[core 170[hwt 0]], socket 1[core 171[hwt 0]], socket 1[core 172[hwt 0]], socket 1[core 173[hwt 0]], s: [./././././././././././././././././././././././././././././././././././././././././././././././././././././././././././././././././././././././././././././././././././././././././././././././.][B/B/B/B/B/B/B/B/B/B/B/B/B/B/B/B/././././././././B/B/B/B/B/B/B/B/././././././././././././././././B/B/B/B/B/B/B/B/././././././././././././././././B/B/B/B/B/B/B/B/B/B/B/B/B/B/B/B/./././././././.]
[cn1234:1665800] MCW rank 7 bound to socket 1[core 112[hwt 0]], socket 1[core 113[hwt 0]], socket 1[core 114[hwt 0]], socket 1[core 115[hwt 0]], socket 1[core 116[hwt 0]], socket 1[core 117[hwt 0]], socket 1[core 118[hwt 0]], socket 1[core 119[hwt 0]], socket 1[core 128[hwt 0]], socket 1[core 129[hwt 0]], socket 1[core 130[hwt 0]], socket 1[core 131[hwt 0]], socket 1[core 132[hwt 0]], socket 1[core 133[hwt 0]], socket 1[core 134[hwt 0]], socket 1[core 135[hwt 0]], socket 1[core 136[hwt 0]], socket 1[core 137[hwt 0]], socket 1[core 138[hwt 0]], socket 1[core 139[hwt 0]], socket 1[core 140[hwt 0]], socket 1[core 141[hwt 0]], socket 1[core 142[hwt 0]], socket 1[core 143[hwt 0]], socket 1[core 152[hwt 0]], socket 1[core 153[hwt 0]], socket 1[core 154[hwt 0]], socket 1[core 155[hwt 0]], socket 1[core 156[hwt 0]], socket 1[core 157[hwt 0]], socket 1[core 158[hwt 0]], socket 1[core 159[hwt 0]], socket 1[core 160[hwt 0]], socket 1[core 161[hwt 0]], socket 1[core 162[hwt 0]], socket 1[core 163[hwt 0]], socket 1[core 164[hwt 0]], socket 1[core 165[hwt 0]: [./././././././././././././././././././././././././././././././././././././././././././././././././././././././././././././././././././././././././././././././././././././././././././././././.][././././././././././././././././B/B/B/B/B/B/B/B/././././././././B/B/B/B/B/B/B/B/B/B/B/B/B/B/B/B/././././././././B/B/B/B/B/B/B/B/B/B/B/B/B/B/B/B/././././././././././././././././B/B/B/B/B/B/B/B]
[cn1234:1665800] MCW rank 7 bound to socket 1[core 112[hwt 0]], socket 1[core 113[hwt 0]], socket 1[core 114[hwt 0]], socket 1[core 115[hwt 0]], socket 1[core 116[hwt 0]], socket 1[core 117[hwt 0]], socket 1[core 118[hwt 0]], socket 1[core 119[hwt 0]], socket 1[core 128[hwt 0]], socket 1[core 129[hwt 0]], socket 1[core 130[hwt 0]], socket 1[core 131[hwt 0]], socket 1[core 132[hwt 0]], socket 1[core 133[hwt 0]], socket 1[core 134[hwt 0]], socket 1[core 135[hwt 0]], socket 1[core 136[hwt 0]], socket 1[core 137[hwt 0]], socket 1[core 138[hwt 0]], socket 1[core 139[hwt 0]], socket 1[core 140[hwt 0]], socket 1[core 141[hwt 0]], socket 1[core 142[hwt 0]], socket 1[core 143[hwt 0]], socket 1[core 152[hwt 0]], socket 1[core 153[hwt 0]], socket 1[core 154[hwt 0]], socket 1[core 155[hwt 0]], socket 1[core 156[hwt 0]], socket 1[core 157[hwt 0]], socket 1[core 158[hwt 0]], socket 1[core 159[hwt 0]], socket 1[core 160[hwt 0]], socket 1[core 161[hwt 0]], socket 1[core 162[hwt 0]], socket 1[core 163[hwt 0]], socket 1[core 164[hwt 0]], socket 1[core 165[hwt 0]: [./././././././././././././././././././././././././././././././././././././././././././././././././././././././././././././././././././././././././././././././././././././././././././././././.][././././././././././././././././B/B/B/B/B/B/B/B/././././././././B/B/B/B/B/B/B/B/B/B/B/B/B/B/B/B/././././././././B/B/B/B/B/B/B/B/B/B/B/B/B/B/B/B/././././././././././././././././B/B/B/B/B/B/B/B]
  * process grid (2, 4) will be used
    cn1233                          
    cn1233                          
    cn1233                          
    cn1233                          
    cn1234                          
    cn1234                          
    cn1234                          
    cn1234                          

  * using 48 threads per process

  ===============================================================
    BAGEL - Freshly leavened quantum chemistry                   
  ===============================================================

  *** Geometry ***

  { "atom" : "C", "xyz" : [     -8.053264,     -3.064321,      0.000010 ] },
  { "atom" : "C", "xyz" : [     -6.284441,     -1.256533,      0.000008 ] },
  { "atom" : "C", "xyz" : [     -3.707903,     -1.383545,      0.000003 ] },
  { "atom" : "C", "xyz" : [     -7.261265,     -5.630055,      0.000009 ] },
  { "atom" : "C", "xyz" : [     -4.744163,     -6.057374,      0.000005 ] },
  { "atom" : "C", "xyz" : [     -2.997715,     -4.026219,      0.000002 ] },
  { "atom" : "C", "xyz" : [     -1.543907,      0.021349,     -0.000001 ] },
  { "atom" : "C", "xyz" : [      0.892946,     -0.657108,     -0.000005 ] },
  { "atom" : "C", "xyz" : [     -0.467954,     -4.906753,     -0.000003 ] },
  { "atom" : "C", "xyz" : [      1.494856,     -3.273963,     -0.000007 ] },
  { "atom" : "C", "xyz" : [     -3.234922,     -8.392200,      0.000006 ] },
  { "atom" : "C", "xyz" : [     -0.601808,     -7.683660,     -0.000007 ] },
  { "atom" : "N", "xyz" : [     -3.975912,    -10.682956,      0.000009 ] },
  { "atom" : "N", "xyz" : [      1.188606,     -9.293366,     -0.000012 ] },
  { "atom" : "C", "xyz" : [     -2.102782,    -12.455765,      0.000002 ] },
  { "atom" : "C", "xyz" : [      0.457939,    -11.766742,     -0.000007 ] },
  { "atom" : "C", "xyz" : [     -2.760196,    -15.034136,      0.000006 ] },
  { "atom" : "C", "xyz" : [     -0.930171,    -16.834933,      0.000000 ] },
  { "atom" : "C", "xyz" : [      1.641079,    -16.143087,     -0.000010 ] },
  { "atom" : "C", "xyz" : [      2.320398,    -13.667120,     -0.000013 ] },
  { "atom" : "H", "xyz" : [     -4.727830,    -15.516659,      0.000013 ] },
  { "atom" : "H", "xyz" : [     -1.437236,    -18.797973,      0.000003 ] },
  { "atom" : "H", "xyz" : [      3.064741,    -17.586636,     -0.000014 ] },
  { "atom" : "H", "xyz" : [      4.264501,    -13.097147,     -0.000021 ] },
  { "atom" : "H", "xyz" : [      2.369634,      0.732837,     -0.000010 ] },
  { "atom" : "H", "xyz" : [      3.420883,     -3.902896,     -0.000012 ] },
  { "atom" : "H", "xyz" : [     -8.611930,     -7.140262,      0.000013 ] },
  { "atom" : "H", "xyz" : [    -10.027747,     -2.601843,      0.000015 ] },

  Number of auxiliary basis functions:     1820

  Since a DF basis is specified, we compute 2- and 3-index integrals:
    o Being stored without compression. Storage requirement is 7.381 GB
       - 3-index ints prep                         0.01
       - 3-index ints                              0.06
       - 2-index ints                              0.04
       - computing inverse                         0.45
        elapsed time:        0.56 sec.


  Number of basis functions:      712
  Number of electrons      :      130


    * METHOD: MOLECULE                             0.57

       - Overlap matrix                            0.01
       - Hcore matrix                              0.01
       - Overlap orthog                            0.14

  *** Open-shell HF ***

  === Nuclear Repulsion ===
  
  1324.5114813717

      * DIIS with orbital gradients will be used.

  === UHF iteration (cc-pvtz) ===
  
      0       -794.74543667          0.01089997           0.67
      1       -795.07466445          0.00681529           0.61
      2       -795.11006458          0.00597984           0.70
      3       -795.11170872          0.00608607           0.86
      4       -795.10530914          0.00635628           0.58
      5       -795.09367576          0.00673730           0.66
      6       -795.07842351          0.00728606           0.66
      7       -795.19350705          0.00019816           0.73
      8       -795.19354956          0.00018970           0.92
      9       -795.19364116          0.00005787           0.75
     10       -795.19365181          0.00001782           0.83
     11       -795.19365472          0.00000822           0.68
     12       -795.19365533          0.00000559           0.89
     13       -795.19365556          0.00000275           0.65
     14       -795.19365564          0.00000177           0.63
     15       -795.19365566          0.00000111           0.59
     16       -795.19365566          0.00000122           0.71
     17       -795.19365567          0.00000058           0.75
     18       -795.19365567          0.00000050           0.57
     19       -795.19365568          0.00000040           0.74
     20       -795.19365568          0.00000031           0.61
     21       -795.19365568          0.00000017           0.61
     22       -795.19365568          0.00000018           0.70
     23       -795.19365568          0.00000008           0.65
     24       -795.19365568          0.00000003           0.65
     25       -795.19365568          0.00000002           0.76
     26       -795.19365568          0.00000001           0.75
     27       -795.19365568          0.00000001           0.70
  
    * SCF iteration converged.

    * S^2 (UHF) is 0.0000

    * Permanent dipole moment:
           (   -0.133237,     0.542130,     0.000000) a.u.


    * METHOD: UHF                                 20.78

Printing 66 non-relativistic spatial orbital densities at 90 x 111 x 33 = 329670 gridpoints. 

Orbital printout computation finished; generating output files.
Sum of all gridpoints for orbital 1 = 0.00000.  Integrated orbital density = 0.00000.
Sum of all gridpoints for orbital 2 = 0.00000.  Integrated orbital density = 0.00000.
Sum of all gridpoints for orbital 3 = 0.00000.  Integrated orbital density = 0.00000.
Sum of all gridpoints for orbital 4 = 0.00000.  Integrated orbital density = 0.00000.
Sum of all gridpoints for orbital 5 = 0.00000.  Integrated orbital density = 0.00000.
Sum of all gridpoints for orbital 6 = 0.00000.  Integrated orbital density = 0.00000.
Sum of all gridpoints for orbital 7 = 0.00000.  Integrated orbital density = 0.00000.
Sum of all gridpoints for orbital 8 = 0.00000.  Integrated orbital density = 0.00000.
Sum of all gridpoints for orbital 9 = 0.00000.  Integrated orbital density = 0.00000.
Sum of all gridpoints for orbital 10 = 0.00000.  Integrated orbital density = 0.00000.
Sum of all gridpoints for orbital 11 = 0.00000.  Integrated orbital density = 0.00000.
Sum of all gridpoints for orbital 12 = 0.00000.  Integrated orbital density = 0.00000.
Sum of all gridpoints for orbital 13 = 0.00000.  Integrated orbital density = 0.00000.
Sum of all gridpoints for orbital 14 = 0.00000.  Integrated orbital density = 0.00000.
Sum of all gridpoints for orbital 15 = 0.00000.  Integrated orbital density = 0.00000.
Sum of all gridpoints for orbital 16 = 0.00000.  Integrated orbital density = 0.00000.
Sum of all gridpoints for orbital 17 = 0.00000.  Integrated orbital density = 0.00000.
Sum of all gridpoints for orbital 18 = 0.00000.  Integrated orbital density = 0.00000.
Sum of all gridpoints for orbital 19 = 0.00000.  Integrated orbital density = 0.00000.
Sum of all gridpoints for orbital 20 = 0.00000.  Integrated orbital density = 0.00000.
Sum of all gridpoints for orbital 21 = 0.00000.  Integrated orbital density = 0.00000.
Sum of all gridpoints for orbital 22 = 0.00000.  Integrated orbital density = 0.00000.
Sum of all gridpoints for orbital 23 = 0.00000.  Integrated orbital density = 0.00000.
Sum of all gridpoints for orbital 24 = 0.00000.  Integrated orbital density = 0.00000.
Sum of all gridpoints for orbital 25 = 0.00000.  Integrated orbital density = 0.00000.
Sum of all gridpoints for orbital 26 = 0.00000.  Integrated orbital density = 0.00000.
Sum of all gridpoints for orbital 27 = 0.00000.  Integrated orbital density = 0.00000.
Sum of all gridpoints for orbital 28 = 0.00000.  Integrated orbital density = 0.00000.
Sum of all gridpoints for orbital 29 = 0.00000.  Integrated orbital density = 0.00000.
Sum of all gridpoints for orbital 30 = 0.00000.  Integrated orbital density = 0.00000.
Sum of all gridpoints for orbital 31 = 0.00000.  Integrated orbital density = 0.00000.
Sum of all gridpoints for orbital 32 = 0.00000.  Integrated orbital density = 0.00000.
Sum of all gridpoints for orbital 33 = 0.00000.  Integrated orbital density = 0.00000.
Sum of all gridpoints for orbital 34 = 0.00000.  Integrated orbital density = 0.00000.
Sum of all gridpoints for orbital 35 = 0.00000.  Integrated orbital density = 0.00000.
Sum of all gridpoints for orbital 36 = 0.00000.  Integrated orbital density = 0.00000.
Sum of all gridpoints for orbital 37 = 0.00000.  Integrated orbital density = 0.00000.
Sum of all gridpoints for orbital 38 = 0.00000.  Integrated orbital density = 0.00000.
Sum of all gridpoints for orbital 39 = 0.00000.  Integrated orbital density = 0.00000.
Sum of all gridpoints for orbital 40 = 0.00000.  Integrated orbital density = 0.00000.
Sum of all gridpoints for orbital 41 = 0.00000.  Integrated orbital density = 0.00000.
Sum of all gridpoints for orbital 42 = 0.00000.  Integrated orbital density = 0.00000.
Sum of all gridpoints for orbital 43 = 0.00000.  Integrated orbital density = 0.00000.
Sum of all gridpoints for orbital 44 = 0.00000.  Integrated orbital density = 0.00000.
Sum of all gridpoints for orbital 45 = 0.00000.  Integrated orbital density = 0.00000.
Sum of all gridpoints for orbital 46 = 0.00000.  Integrated orbital density = 0.00000.
Sum of all gridpoints for orbital 47 = 0.00000.  Integrated orbital density = 0.00000.
Sum of all gridpoints for orbital 48 = 0.00000.  Integrated orbital density = 0.00000.
Sum of all gridpoints for orbital 49 = 0.00000.  Integrated orbital density = 0.00000.
Sum of all gridpoints for orbital 50 = 0.00000.  Integrated orbital density = 0.00000.
Sum of all gridpoints for orbital 51 = 0.00000.  Integrated orbital density = 0.00000.
Sum of all gridpoints for orbital 52 = 0.00000.  Integrated orbital density = 0.00000.
Sum of all gridpoints for orbital 53 = 0.00000.  Integrated orbital density = 0.00000.
Sum of all gridpoints for orbital 54 = 0.00000.  Integrated orbital density = 0.00000.
Sum of all gridpoints for orbital 55 = 0.00000.  Integrated orbital density = 0.00000.
Sum of all gridpoints for orbital 56 = 0.00000.  Integrated orbital density = 0.00000.
Sum of all gridpoints for orbital 57 = 0.00000.  Integrated orbital density = 0.00000.
Sum of all gridpoints for orbital 58 = 0.00000.  Integrated orbital density = 0.00000.
Sum of all gridpoints for orbital 59 = 0.00000.  Integrated orbital density = 0.00000.
Sum of all gridpoints for orbital 60 = 0.00000.  Integrated orbital density = 0.00000.
Sum of all gridpoints for orbital 61 = 0.00000.  Integrated orbital density = 0.00000.
Sum of all gridpoints for orbital 62 = 0.00000.  Integrated orbital density = 0.00000.
Sum of all gridpoints for orbital 63 = 0.00000.  Integrated orbital density = 0.00000.
Sum of all gridpoints for orbital 64 = 0.00000.  Integrated orbital density = 0.00000.
Sum of all gridpoints for orbital 65 = 0.00000.  Integrated orbital density = 0.00000.
Sum of all gridpoints for total density = 0.00000.  Total integrated density = 0.00000.

    * METHOD: MOPRINT                             96.58


    * METHOD: PRINT                                0.28

  ---------------------------
      CASSCF calculation     
  ---------------------------

    * nstate   :      1
    * nclosed  :     58
    * nact     :     14
    * nvirt    :    640
  === CASSCF iteration (cc-pvtz) ===

    * Using the second-order algorithm

[cn1233:503822:0:503822] Caught signal 11 (Segmentation fault: address not mapped to object at address 0x3a)
[cn1234:1665797:0:1665797] Caught signal 11 (Segmentation fault: address not mapped to object at address 0x40)
==== backtrace (tid:1665797) ====
 0 0x0000000000054db0 __GI___sigaction()  :0
 1 0x0000000000018e7d rxd_start_xfer.cold()  rxd_cq.c:0
 2 0x00000000000a954f rxd_progress_tx_list()  :0
 3 0x00000000000aabe0 rxd_handle_recv_comp()  :0
 4 0x00000000000ad4c1 rxd_ep_progress()  :0
 5 0x000000000003d53d ofi_cq_progress()  :0
 6 0x000000000003c732 ofi_cq_readfrom()  :0
 7 0x0000000000007522 mca_btl_ofi_context_progress()  ???:0
 8 0x0000000000003808 mca_btl_ofi_component_progress()  btl_ofi_component.c:0
 9 0x000000000002f8e3 opal_progress()  ???:0
10 0x00000000000086b5 ompi_osc_rdma_lock_try_acquire_exclusive.constprop.0()  osc_rdma_accumulate.c:0
11 0x000000000000b1a0 ompi_osc_rdma_rget_accumulate_internal()  osc_rdma_accumulate.c:0
12 0x000000000000bc6f ompi_osc_rdma_raccumulate()  ???:0
13 0x0000000000084b70 MPI_Raccumulate()  ???:0
14 0x0000000005e7ad7f bagel::RMAWindow<double>::rma_radd()  ???:0
15 0x0000000005e7aec9 bagel::RMAWindow<double>::rma_radd()  ???:0
16 0x00000000020bd4a2 bagel::DistCivector<double>::spin()  ???:0
17 0x00000000020b5f3c bagel::DistCivector<double>::spin_decontaminate()  ???:0
18 0x00000000020c19d1 bagel::DistFCI::generate_guess()  ???:0
19 0x00000000020c66ef bagel::DistFCI::compute()  ???:0
20 0x0000000002219863 bagel::CASSecond::compute()  ???:0
21 0x00000000023b5a44 bagel::get_energy()  ???:0
22 0x0000000001d7ecc6 bagel::impl::run_bagel_()  ???:0
23 0x0000000001d7f22c bagel::run_bagel_from_input()  ???:0
24 0x0000000000403512 main()  ???:0
25 0x000000000003feb0 __libc_start_call_main()  ???:0
26 0x000000000003ff60 __libc_start_main_alias_2()  :0
27 0x0000000000403615 _start()  ???:0
=================================
[cn1234:1665797] *** Process received signal ***
[cn1234:1665797] Signal: Segmentation fault (11)
[cn1234:1665797] Signal code:  (-6)
[cn1234:1665797] Failing at address: 0x1843700196b05
[cn1234:1665797] [ 0] /lib64/libc.so.6(+0x54db0)[0x15544ec54db0]
[cn1234:1665797] [ 1] /opt/software/pc2/EB-SW/software/libfabric/1.18.0-GCCcore-12.3.0/lib/libfabric.so.1(+0x18e7d)[0x1552c94e0e7d]
[cn1234:1665797] [ 2] /opt/software/pc2/EB-SW/software/libfabric/1.18.0-GCCcore-12.3.0/lib/libfabric.so.1(+0xa954f)[0x1552c957154f]
[cn1234:1665797] [ 3] /opt/software/pc2/EB-SW/software/libfabric/1.18.0-GCCcore-12.3.0/lib/libfabric.so.1(+0xaabe0)[0x1552c9572be0]
[cn1234:1665797] [ 4] /opt/software/pc2/EB-SW/software/libfabric/1.18.0-GCCcore-12.3.0/lib/libfabric.so.1(+0xad4c1)[0x1552c95754c1]
[cn1234:1665797] [ 5] /opt/software/pc2/EB-SW/software/libfabric/1.18.0-GCCcore-12.3.0/lib/libfabric.so.1(+0x3d53d)[0x1552c950553d]
[cn1234:1665797] [ 6] /opt/software/pc2/EB-SW/software/libfabric/1.18.0-GCCcore-12.3.0/lib/libfabric.so.1(+0x3c732)[0x1552c9504732]
[cn1234:1665797] [ 7] /opt/software/pc2/EB-SW/software/OpenMPI/4.1.5-GCC-12.3.0/lib/openmpi/mca_btl_ofi.so(mca_btl_ofi_context_progress+0x52)[0x1552c9ab0522]
[cn1234:1665797] [ 8] /opt/software/pc2/EB-SW/software/OpenMPI/4.1.5-GCC-12.3.0/lib/openmpi/mca_btl_ofi.so(+0x3808)[0x1552c9aac808]
[cn1234:1665797] [ 9] /opt/software/pc2/EB-SW/software/OpenMPI/4.1.5-GCC-12.3.0/lib/libopen-pal.so.40(opal_progress+0x33)[0x1554584918e3]
[cn1234:1665797] [10] /opt/software/pc2/EB-SW/software/OpenMPI/4.1.5-GCC-12.3.0/lib/openmpi/mca_osc_rdma.so(+0x86b5)[0x1552c82906b5]
[cn1234:1665797] [11] /opt/software/pc2/EB-SW/software/OpenMPI/4.1.5-GCC-12.3.0/lib/openmpi/mca_osc_rdma.so(+0xb1a0)[0x1552c82931a0]
[cn1234:1665797] [12] /opt/software/pc2/EB-SW/software/OpenMPI/4.1.5-GCC-12.3.0/lib/openmpi/mca_osc_rdma.so(ompi_osc_rdma_raccumulate+0x2f)[0x1552c8293c6f]
[cn1234:1665797] [13] /opt/software/pc2/EB-SW/software/OpenMPI/4.1.5-GCC-12.3.0/lib/libmpi.so.40(PMPI_Raccumulate+0xd0)[0x155458657b70]
[cn1234:1665797] [14] /opt/software/pc2/EB-SW/software/BAGEL/master-foss-2023a/lib/libbagel.so.0(_ZN5bagel9RMAWindowIdE8rma_raddEOSt10unique_ptrIA_dSt14default_deleteIS3_EEmmm+0x3f)[0x15545e964d7f]
==== backtrace (tid: 503822) ====
 0 0x0000000000054db0 __GI___sigaction()  :0
 1 0x00000000000a9347 rxd_start_xfer()  :0
 2 0x00000000000a954f rxd_progress_tx_list()  :0
 3 0x00000000000aabe0 rxd_handle_recv_comp()  :0
 4 0x00000000000ad4c1 rxd_ep_progress()  :0
 5 0x000000000003d53d ofi_cq_progress()  :0
 6 0x000000000003c732 ofi_cq_readfrom()  :0
 7 0x0000000000007522 mca_btl_ofi_context_progress()  ???:0
 8 0x0000000000003808 mca_btl_ofi_component_progress()  btl_ofi_component.c:0
 9 0x000000000002f8e3 opal_progress()  ???:0
10 0x00000000000086b5 ompi_osc_rdma_lock_try_acquire_exclusive.constprop.0()  osc_rdma_accumulate.c:0
11 0x000000000000b1a0 ompi_osc_rdma_rget_accumulate_internal()  osc_rdma_accumulate.c:0
12 0x000000000000bc6f ompi_osc_rdma_raccumulate()  ???:0
13 0x0000000000084b70 MPI_Raccumulate()  ???:0
14 0x0000000005e7ad7f bagel::RMAWindow<double>::rma_radd()  ???:0
15 0x0000000005e7aec9 bagel::RMAWindow<double>::rma_radd()  ???:0
16 0x00000000020bd4a2 bagel::DistCivector<double>::spin()  ???:0
17 0x00000000020b5f3c bagel::DistCivector<double>::spin_decontaminate()  ???:0
18 0x00000000020c19d1 bagel::DistFCI::generate_guess()  ???:0
19 0x00000000020c66ef bagel::DistFCI::compute()  ???:0
20 0x0000000002219863 bagel::CASSecond::compute()  ???:0
21 0x00000000023b5a44 bagel::get_energy()  ???:0
22 0x0000000001d7ecc6 bagel::impl::run_bagel_()  ???:0
23 0x0000000001d7f22c bagel::run_bagel_from_input()  ???:0
24 0x0000000000403512 main()  ???:0
25 0x000000000003feb0 __libc_start_call_main()  ???:0
26 0x000000000003ff60 __libc_start_main_alias_2()  :0
27 0x0000000000403615 _start()  ???:0
=================================
[cn1233:503822] *** Process received signal ***
[cn1233:503822] Signal: Segmentation fault (11)
[cn1233:503822] Signal code:  (-6)
[cn1233:503822] Failing at address: 0x184370007b00e
[cn1233:503822] [ 0] /lib64/libc.so.6(+0x54db0)[0x1509fe454db0]
[cn1233:503822] [ 1] /opt/software/pc2/EB-SW/software/libfabric/1.18.0-GCCcore-12.3.0/lib/libfabric.so.1(+0xa9347)[0x150878d08347]
[cn1233:503822] [ 2] /opt/software/pc2/EB-SW/software/libfabric/1.18.0-GCCcore-12.3.0/lib/libfabric.so.1(+0xa954f)[0x150878d0854f]
[cn1233:503822] [ 3] /opt/software/pc2/EB-SW/software/libfabric/1.18.0-GCCcore-12.3.0/lib/libfabric.so.1(+0xaabe0)[0x150878d09be0]
[cn1233:503822] [ 4] /opt/software/pc2/EB-SW/software/libfabric/1.18.0-GCCcore-12.3.0/lib/libfabric.so.1(+0xad4c1)[0x150878d0c4c1]
[cn1233:503822] [ 5] /opt/software/pc2/EB-SW/software/libfabric/1.18.0-GCCcore-12.3.0/lib/libfabric.so.1(+0x3d53d)[0x150878c9c53d]
[cn1233:503822] [ 6] /opt/software/pc2/EB-SW/software/libfabric/1.18.0-GCCcore-12.3.0/lib/libfabric.so.1(+0x3c732)[0x150878c9b732]
[cn1233:503822] [ 7] /opt/software/pc2/EB-SW/software/OpenMPI/4.1.5-GCC-12.3.0/lib/openmpi/mca_btl_ofi.so(mca_btl_ofi_context_progress+0x52)[0x150878da5522]
[cn1233:503822] [ 8] /opt/software/pc2/EB-SW/software/OpenMPI/4.1.5-GCC-12.3.0/lib/openmpi/mca_btl_ofi.so(+0x3808)[0x150878da1808]
[cn1233:503822] [ 9] /opt/software/pc2/EB-SW/software/OpenMPI/4.1.5-GCC-12.3.0/lib/libopen-pal.so.40(opal_progress+0x33)[0x150a07b8a8e3]
[cn1233:503822] [10] /opt/software/pc2/EB-SW/software/OpenMPI/4.1.5-GCC-12.3.0/lib/openmpi/mca_osc_rdma.so(+0x86b5)[0x1508627876b5]
[cn1233:503822] [11] /opt/software/pc2/EB-SW/software/OpenMPI/4.1.5-GCC-12.3.0/lib/openmpi/mca_osc_rdma.so(+0xb1a0)[0x15086278a1a0]
[cn1233:503822] [12] /opt/software/pc2/EB-SW/software/OpenMPI/4.1.5-GCC-12.3.0/lib/openmpi/mca_osc_rdma.so(ompi_osc_rdma_raccumulate+0x2f)[0x15086278ac6f]
[cn1233:503822] [13] /opt/software/pc2/EB-SW/software/OpenMPI/4.1.5-GCC-12.3.0/lib/libmpi.so.40(PMPI_Raccumulate+0xd0)[0x150a07d50b70]
[cn1234:1665797] [15] /opt/software/pc2/EB-SW/software/BAGEL/master-foss-2023a/lib/libbagel.so.0(_ZN5bagel9RMAWindowIdE8rma_raddEOSt10unique_ptrIA_dSt14default_deleteIS3_EEm+0x39)[0x15545e964ec9]
[cn1234:1665797] [16] /opt/software/pc2/EB-SW/software/BAGEL/master-foss-2023a/lib/libbagel.so.0(_ZNK5bagel12DistCivectorIdE4spinEv+0x3c2)[0x15545aba74a2]
[cn1233:503822] [14] /opt/software/pc2/EB-SW/software/BAGEL/master-foss-2023a/lib/libbagel.so.0(_ZN5bagel9RMAWindowIdE8rma_raddEOSt10unique_ptrIA_dSt14default_deleteIS3_EEmmm+0x3f)[0x150a0e05dd7f]
[cn1234:1665797] [17] /opt/software/pc2/EB-SW/software/BAGEL/master-foss-2023a/lib/libbagel.so.0(_ZN5bagel12DistCivectorIdE18spin_decontaminateEd+0x5c)[0x15545ab9ff3c]
[cn1234:1665797] [18] /opt/software/pc2/EB-SW/software/BAGEL/master-foss-2023a/lib/libbagel.so.0(_ZN5bagel7DistFCI14generate_guessEiiRSt6vectorISt10shared_ptrINS_12DistCivectorIdEEESaIS5_EE+0x2e1)[0x15545abab9d1]
[cn1233:503822] [15] /opt/software/pc2/EB-SW/software/BAGEL/master-foss-2023a/lib/libbagel.so.0(_ZN5bagel9RMAWindowIdE8rma_raddEOSt10unique_ptrIA_dSt14default_deleteIS3_EEm+0x39)[0x150a0e05dec9]
[cn1234:1665797] [19] /opt/software/pc2/EB-SW/software/BAGEL/master-foss-2023a/lib/libbagel.so.0(_ZN5bagel7DistFCI7computeEv+0x23f)[0x15545abb06ef]
[cn1233:503822] [16] /opt/software/pc2/EB-SW/software/BAGEL/master-foss-2023a/lib/libbagel.so.0(_ZNK5bagel12DistCivectorIdE4spinEv+0x3c2)[0x150a0a2a04a2]
[cn1234:1665797] [20] /opt/software/pc2/EB-SW/software/BAGEL/master-foss-2023a/lib/libbagel.so.0(_ZN5bagel9CASSecond7computeEv+0x12e3)[0x15545ad03863]
[cn1233:503822] [17] /opt/software/pc2/EB-SW/software/BAGEL/master-foss-2023a/lib/libbagel.so.0(_ZN5bagel12DistCivectorIdE18spin_decontaminateEd+0x5c)[0x150a0a298f3c]
[cn1234:1665797] [21] /opt/software/pc2/EB-SW/software/BAGEL/master-foss-2023a/lib/libbagel.so.0(_ZN5bagel10get_energyENSt7__cxx1112basic_stringIcSt11char_traitsIcESaIcEEESt10shared_ptrIKNS_5PTreeEES6_IKNS_8GeometryEES6_IKNS_9ReferenceEEi+0x1344)[0x15545ae9fa44]
[cn1233:503822] [18] /opt/software/pc2/EB-SW/software/BAGEL/master-foss-2023a/lib/libbagel.so.0(_ZN5bagel7DistFCI14generate_guessEiiRSt6vectorISt10shared_ptrINS_12DistCivectorIdEEESaIS5_EE+0x2e1)[0x150a0a2a49d1]
[cn1234:1665797] [22] /opt/software/pc2/EB-SW/software/BAGEL/master-foss-2023a/lib/libbagel.so.0(_ZN5bagel4impl10run_bagel_ESt10shared_ptrIKNS_5PTreeEE+0x3196)[0x15545a868cc6]
[cn1233:503822] [19] /opt/software/pc2/EB-SW/software/BAGEL/master-foss-2023a/lib/libbagel.so.0(_ZN5bagel7DistFCI7computeEv+0x23f)[0x150a0a2a96ef]
[cn1234:1665797] [23] /opt/software/pc2/EB-SW/software/BAGEL/master-foss-2023a/lib/libbagel.so.0(_ZN5bagel20run_bagel_from_inputERKNSt7__cxx1112basic_stringIcSt11char_traitsIcESaIcEEE+0x7c)[0x15545a86922c]
[cn1234:1665797] [24] /opt/software/pc2/EB-SW/software/BAGEL/master-foss-2023a/bin/BAGEL[0x403512]
[cn1234:1665797] [25] /lib64/libc.so.6(+0x3feb0)[0x15544ec3feb0]
[cn1234:1665797] [26] /lib64/libc.so.6(__libc_start_main+0x80)[0x15544ec3ff60]
[cn1234:1665797] [27] /opt/software/pc2/EB-SW/software/BAGEL/master-foss-2023a/bin/BAGEL[0x403615]
[cn1234:1665797] *** End of error message ***
[cn1233:503822] [20] /opt/software/pc2/EB-SW/software/BAGEL/master-foss-2023a/lib/libbagel.so.0(_ZN5bagel9CASSecond7computeEv+0x12e3)[0x150a0a3fc863]
[cn1233:503822] [21] /opt/software/pc2/EB-SW/software/BAGEL/master-foss-2023a/lib/libbagel.so.0(_ZN5bagel10get_energyENSt7__cxx1112basic_stringIcSt11char_traitsIcESaIcEEESt10shared_ptrIKNS_5PTreeEES6_IKNS_8GeometryEES6_IKNS_9ReferenceEEi+0x1344)[0x150a0a598a44]
[cn1233:503822] [22] /opt/software/pc2/EB-SW/software/BAGEL/master-foss-2023a/lib/libbagel.so.0(_ZN5bagel4impl10run_bagel_ESt10shared_ptrIKNS_5PTreeEE+0x3196)[0x150a09f61cc6]
[cn1233:503822] [23] /opt/software/pc2/EB-SW/software/BAGEL/master-foss-2023a/lib/libbagel.so.0(_ZN5bagel20run_bagel_from_inputERKNSt7__cxx1112basic_stringIcSt11char_traitsIcESaIcEEE+0x7c)[0x150a09f6222c]
[cn1233:503822] [24] /opt/software/pc2/EB-SW/software/BAGEL/master-foss-2023a/bin/BAGEL[0x403512]
[cn1233:503822] [25] /lib64/libc.so.6(+0x3feb0)[0x1509fe43feb0]
[cn1233:503822] [26] /lib64/libc.so.6(__libc_start_main+0x80)[0x1509fe43ff60]
[cn1233:503822] [27] /opt/software/pc2/EB-SW/software/BAGEL/master-foss-2023a/bin/BAGEL[0x403615]
[cn1233:503822] *** End of error message ***
srun: error: cn1233: task 0: Segmentation fault (core dumped)
srun: Terminating StepId=1074552.0
slurmstepd: error: *** STEP 1074552.0 ON cn1233 CANCELLED AT 2026-02-24T14:15:12 ***
srun: error: cn1234: tasks 5-7: Terminated
srun: error: cn1233: tasks 1-3: Terminated
slurmstepd: error:  mpi/pmix_v4: _errhandler: cn1234 [1]: pmixp_client_v2.c:211: Error handler invoked: status = -61, source = [slurm.pmix.1074552.0:5]
srun: Job step aborted: Waiting up to 32 seconds for job step to finish.
srun: error: cn1234: task 4: Segmentation fault (core dumped)
