cpu-bind=MASK - cn0743, task  0  0 [2893615]: mask |BBBBBBBB|BBBBBBBB|BBBBBBBB|BBBBBBBB|BBBBBBBB|BBBBBBBB|BBBBBBBB|BBBBBBBB|BBBBBBBB|BBBBBBBB|BBBBBBBB|BBBBBBBB||||BBBBBBBB|BBBBBBBB|BBBBBBBB|BBBBBBBB|BBBBBBBB|BBBBBBBB|BBBBBBBB|BBBBBBBB|BBBBBBBB|BBBBBBBB|BBBBBBBB|BBBBBBBB|  set
Running "module reset". Resetting modules to system default. The following $MODULEPATH directories have been removed: None
cpu-bind=MASK - cn0743, task  0  0 [2893697]: mask |BBBBBBBB|BBBBBBBB|BBBBBBBB|BBBBBBBB|BBBBBBBB|BBBBBBBB|BBBBBBBB|BBBBBBBB|BBBBBBBB|BBBBBBBB|BBBBBBBB|BBBBBBBB||||BBBBBBBB|BBBBBBBB|BBBBBBBB|BBBBBBBB|BBBBBBBB|BBBBBBBB|BBBBBBBB|BBBBBBBB|BBBBBBBB|BBBBBBBB|BBBBBBBB|BBBBBBBB|  set
[cn0743:2893697] MCW rank 0 is not bound (or bound to all available processors)
[cn0743:2893697] MCW rank 0 is not bound (or bound to all available processors)
  * process grid (1, 1) will be used
    cn0743                          

  * using 192 threads per process

  ===============================================================
    BAGEL - Freshly leavened quantum chemistry                   
  ===============================================================

  *** Geometry ***

  { "atom" : "C", "xyz" : [     -8.158797,     -3.298915,      0.000023 ] },
  { "atom" : "C", "xyz" : [     -6.678455,     -1.093828,      0.000015 ] },
  { "atom" : "C", "xyz" : [     -4.569191,     -0.263820,      0.000001 ] },
  { "atom" : "C", "xyz" : [     -6.856855,     -5.508800,     -0.000002 ] },
  { "atom" : "C", "xyz" : [     -4.150268,     -5.756088,     -0.000008 ] },
  { "atom" : "C", "xyz" : [     -2.282895,     -3.995430,     -0.000004 ] },
  { "atom" : "C", "xyz" : [     -2.097642,     -1.242896,     -0.000006 ] },
  { "atom" : "C", "xyz" : [      0.392022,     -0.659111,     -0.000067 ] },
  { "atom" : "C", "xyz" : [      0.213052,     -4.999758,      0.000022 ] },
  { "atom" : "C", "xyz" : [      1.830060,     -3.012572,      0.000100 ] },
  { "atom" : "C", "xyz" : [     -2.778890,     -8.225274,     -0.000010 ] },
  { "atom" : "C", "xyz" : [     -0.054191,     -7.748656,     -0.000026 ] },
  { "atom" : "N", "xyz" : [     -3.726249,    -10.421329,     -0.000009 ] },
  { "atom" : "N", "xyz" : [      1.562051,     -9.520709,     -0.000018 ] },
  { "atom" : "C", "xyz" : [     -2.017273,    -12.381735,     -0.000013 ] },
  { "atom" : "C", "xyz" : [      0.589653,    -11.930247,     -0.000016 ] },
  { "atom" : "C", "xyz" : [     -2.915403,    -14.872604,     -0.000005 ] },
  { "atom" : "C", "xyz" : [     -1.261231,    -16.848708,      0.000000 ] },
  { "atom" : "C", "xyz" : [      1.350489,    -16.399476,     -0.000002 ] },
  { "atom" : "C", "xyz" : [      2.258912,    -13.987464,     -0.000009 ] },
  { "atom" : "H", "xyz" : [     -4.920014,    -15.168303,     -0.000000 ] },
  { "atom" : "H", "xyz" : [     -1.954288,    -18.753948,      0.000008 ] },
  { "atom" : "H", "xyz" : [      2.637818,    -17.966062,      0.000004 ] },
  { "atom" : "H", "xyz" : [      4.248086,    -13.603231,     -0.000008 ] },
  { "atom" : "H", "xyz" : [      1.211943,      1.187603,     -0.000126 ] },
  { "atom" : "H", "xyz" : [      3.852307,     -3.094384,      0.000134 ] },
  { "atom" : "H", "xyz" : [     -7.897574,     -7.249795,     -0.000005 ] },
  { "atom" : "H", "xyz" : [    -10.182739,     -3.283507,      0.000027 ] },

  Number of auxiliary basis functions:     1820

  Since a DF basis is specified, we compute 2- and 3-index integrals:
    o Being stored without compression. Storage requirement is 7.381 GB
       - 3-index ints prep                         0.05
       - 3-index ints                              0.50
       - 2-index ints                              0.01
       - computing inverse                         5.26
        elapsed time:        5.83 sec.


  Number of basis functions:      712
  Number of electrons      :      130


    * METHOD: MOLECULE                             5.85

       - Overlap matrix                            0.01
       - Hcore matrix                              0.03
       - Overlap orthog                            0.22

  *** Open-shell HF ***

  === Nuclear Repulsion ===
  
  1320.4680595730

      * DIIS with orbital gradients will be used.

  === UHF iteration (cc-pvtz) ===
  
      0       -794.82701263          0.01094354           2.46
      1       -795.17317464          0.00643647           3.23
      2       -795.21677261          0.00520970           6.62
      3       -795.22599292          0.00502252           3.34
      4       -795.22990205          0.00486155           3.34
      5       -795.23040492          0.00485690           3.39
      6       -795.23115814          0.00483405           3.19
      7       -795.28358445          0.00011826           4.25
      8       -795.28364360          0.00007611           3.80
      9       -795.28367327          0.00003256           3.68
     10       -795.28368733          0.00002213           3.32
     11       -795.28369459          0.00000950           4.13
     12       -795.28369655          0.00000371           2.99
     13       -795.28369672          0.00000255           3.08
     14       -795.28369677          0.00000114           3.50
     15       -795.28369678          0.00000076           2.97
     16       -795.28369679          0.00000036           2.95
     17       -795.28369679          0.00000024           3.19
     18       -795.28369679          0.00000011           3.28
     19       -795.28369679          0.00000007           3.03
     20       -795.28369679          0.00000004           2.92
     21       -795.28369679          0.00000002           4.12
     22       -795.28369679          0.00000002           2.94
     23       -795.28369679          0.00000001           2.97
     24       -795.28369679          0.00000001           3.75
  
    * SCF iteration converged.

    * S^2 (UHF) is -0.0000

    * Permanent dipole moment:
           (    0.391626,    -0.015792,    -0.000005) a.u.


    * METHOD: UHF                                 89.43

Printing 66 non-relativistic spatial orbital densities at 90 x 112 x 33 = 332640 gridpoints. 

Orbital printout computation finished; generating output files.
Sum of all gridpoints for orbital 1 = 0.00000.  Integrated orbital density = 0.00000.
Sum of all gridpoints for orbital 2 = 0.00000.  Integrated orbital density = 0.00000.
Sum of all gridpoints for orbital 3 = 0.00000.  Integrated orbital density = 0.00000.
Sum of all gridpoints for orbital 4 = 0.00000.  Integrated orbital density = 0.00000.
Sum of all gridpoints for orbital 5 = 0.00000.  Integrated orbital density = 0.00000.
Sum of all gridpoints for orbital 6 = 0.00000.  Integrated orbital density = 0.00000.
Sum of all gridpoints for orbital 7 = 0.00000.  Integrated orbital density = 0.00000.
Sum of all gridpoints for orbital 8 = 0.00000.  Integrated orbital density = 0.00000.
Sum of all gridpoints for orbital 9 = 0.00000.  Integrated orbital density = 0.00000.
Sum of all gridpoints for orbital 10 = 0.00000.  Integrated orbital density = 0.00000.
Sum of all gridpoints for orbital 11 = 0.00000.  Integrated orbital density = 0.00000.
Sum of all gridpoints for orbital 12 = 0.00000.  Integrated orbital density = 0.00000.
Sum of all gridpoints for orbital 13 = 0.00000.  Integrated orbital density = 0.00000.
Sum of all gridpoints for orbital 14 = 0.00000.  Integrated orbital density = 0.00000.
Sum of all gridpoints for orbital 15 = 0.00000.  Integrated orbital density = 0.00000.
Sum of all gridpoints for orbital 16 = 0.00000.  Integrated orbital density = 0.00000.
Sum of all gridpoints for orbital 17 = 0.00000.  Integrated orbital density = 0.00000.
Sum of all gridpoints for orbital 18 = 0.00000.  Integrated orbital density = 0.00000.
Sum of all gridpoints for orbital 19 = 0.00000.  Integrated orbital density = 0.00000.
Sum of all gridpoints for orbital 20 = 0.00000.  Integrated orbital density = 0.00000.
Sum of all gridpoints for orbital 21 = 0.00000.  Integrated orbital density = 0.00000.
Sum of all gridpoints for orbital 22 = 0.00000.  Integrated orbital density = 0.00000.
Sum of all gridpoints for orbital 23 = 0.00000.  Integrated orbital density = 0.00000.
Sum of all gridpoints for orbital 24 = 0.00000.  Integrated orbital density = 0.00000.
Sum of all gridpoints for orbital 25 = 0.00000.  Integrated orbital density = 0.00000.
Sum of all gridpoints for orbital 26 = 0.00000.  Integrated orbital density = 0.00000.
Sum of all gridpoints for orbital 27 = 0.00000.  Integrated orbital density = 0.00000.
Sum of all gridpoints for orbital 28 = 0.00000.  Integrated orbital density = 0.00000.
Sum of all gridpoints for orbital 29 = 0.00000.  Integrated orbital density = 0.00000.
Sum of all gridpoints for orbital 30 = 0.00000.  Integrated orbital density = 0.00000.
Sum of all gridpoints for orbital 31 = 0.00000.  Integrated orbital density = 0.00000.
Sum of all gridpoints for orbital 32 = 0.00000.  Integrated orbital density = 0.00000.
Sum of all gridpoints for orbital 33 = 0.00000.  Integrated orbital density = 0.00000.
Sum of all gridpoints for orbital 34 = 0.00000.  Integrated orbital density = 0.00000.
Sum of all gridpoints for orbital 35 = 0.00000.  Integrated orbital density = 0.00000.
Sum of all gridpoints for orbital 36 = 0.00000.  Integrated orbital density = 0.00000.
Sum of all gridpoints for orbital 37 = 0.00000.  Integrated orbital density = 0.00000.
Sum of all gridpoints for orbital 38 = 0.00000.  Integrated orbital density = 0.00000.
Sum of all gridpoints for orbital 39 = 0.00000.  Integrated orbital density = 0.00000.
Sum of all gridpoints for orbital 40 = 0.00000.  Integrated orbital density = 0.00000.
Sum of all gridpoints for orbital 41 = 0.00000.  Integrated orbital density = 0.00000.
Sum of all gridpoints for orbital 42 = 0.00000.  Integrated orbital density = 0.00000.
Sum of all gridpoints for orbital 43 = 0.00000.  Integrated orbital density = 0.00000.
Sum of all gridpoints for orbital 44 = 0.00000.  Integrated orbital density = 0.00000.
Sum of all gridpoints for orbital 45 = 0.00000.  Integrated orbital density = 0.00000.
Sum of all gridpoints for orbital 46 = 0.00000.  Integrated orbital density = 0.00000.
Sum of all gridpoints for orbital 47 = 0.00000.  Integrated orbital density = 0.00000.
Sum of all gridpoints for orbital 48 = 0.00000.  Integrated orbital density = 0.00000.
Sum of all gridpoints for orbital 49 = 0.00000.  Integrated orbital density = 0.00000.
Sum of all gridpoints for orbital 50 = 0.00000.  Integrated orbital density = 0.00000.
Sum of all gridpoints for orbital 51 = 0.00000.  Integrated orbital density = 0.00000.
Sum of all gridpoints for orbital 52 = 0.00000.  Integrated orbital density = 0.00000.
Sum of all gridpoints for orbital 53 = 0.00000.  Integrated orbital density = 0.00000.
Sum of all gridpoints for orbital 54 = 0.00000.  Integrated orbital density = 0.00000.
Sum of all gridpoints for orbital 55 = 0.00000.  Integrated orbital density = 0.00000.
Sum of all gridpoints for orbital 56 = 0.00000.  Integrated orbital density = 0.00000.
Sum of all gridpoints for orbital 57 = 0.00000.  Integrated orbital density = 0.00000.
Sum of all gridpoints for orbital 58 = 0.00000.  Integrated orbital density = 0.00000.
Sum of all gridpoints for orbital 59 = 0.00000.  Integrated orbital density = 0.00000.
Sum of all gridpoints for orbital 60 = 0.00000.  Integrated orbital density = 0.00000.
Sum of all gridpoints for orbital 61 = 0.00000.  Integrated orbital density = 0.00000.
Sum of all gridpoints for orbital 62 = 0.00000.  Integrated orbital density = 0.00000.
Sum of all gridpoints for orbital 63 = 0.00000.  Integrated orbital density = 0.00000.
Sum of all gridpoints for orbital 64 = 0.00000.  Integrated orbital density = 0.00000.
Sum of all gridpoints for orbital 65 = 0.00000.  Integrated orbital density = 0.00000.
Sum of all gridpoints for total density = 0.00000.  Total integrated density = 0.00000.

    * METHOD: MOPRINT                            948.75


    * METHOD: PRINT                                0.27

  ---------------------------
      CASSCF calculation     
  ---------------------------

    * nstate   :      1
    * nclosed  :     57
    * nact     :     16
    * nvirt    :    639
  === CASSCF iteration (cc-pvtz) ===

    * Using the second-order algorithm

      0  0      -795.28371521     2.45e-07   1766.98

         res : 8.16e-04   lamb: 1.65e+00   eps : -6.33e-05   step: 9.95e-01    2.40
         res : 9.80e-05   lamb: 4.40e+00   eps : -4.95e-05   step: 3.14e-01    1.29
         res : 9.21e-05   lamb: 6.05e+00   eps : -4.57e-05   step: 2.05e-01    1.24
         res : 1.03e-05   lamb: 7.44e+00   eps : -4.40e-05   step: 1.58e-01    1.26
      1  0      -795.28372392     4.93e-07   2445.79

         res : 1.39e-03   lamb: 1.99e+00   eps : -1.42e-04   step: 9.08e-01    1.31
         res : 8.03e-04   lamb: 3.77e+00   eps : -1.15e-04   step: 4.12e-01    1.20
         res : 2.10e-04   lamb: 3.91e+00   eps : -1.14e-04   step: 3.91e-01    1.25
         res : 1.74e-04   lamb: 4.05e+00   eps : -1.12e-04   step: 3.73e-01    2.66
         res : 4.14e-05   lamb: 4.08e+00   eps : -1.12e-04   step: 3.69e-01    1.28
         res : 2.77e-05   lamb: 4.10e+00   eps : -1.12e-04   step: 3.66e-01    1.17
srun: Job step aborted: Waiting up to 32 seconds for job step to finish.
slurmstepd: error: *** JOB 1074968 ON cn0743 CANCELLED AT 2026-02-24T16:11:00 ***
slurmstepd: error: *** STEP 1074968.0 ON cn0743 CANCELLED AT 2026-02-24T16:11:00 ***
