    * Using serial Knowles-Handy algorithm in FCI.
  ---------------------------
        FCI calculation      
  ---------------------------

  Performs exactly the same way as Knowles & Handy 1984 CPL

  o alpha-beta strings
      length:          6435
  o size of the space 
      determinant space:  10306296
      spin-adapted space: 4294290

  o single displacement lists (alpha)
      length:        168168
  o single displacement lists (beta)
      length:        192192
    * Integral transformation done. Elapsed time: 0.45

     guess   0:   closed 1111111.......       open ........1.....      

  === FCI iteration ===

      0  0      -794.97835050     1.98e-04      4.87
      1  0      -795.13612566     1.05e-04      4.80
      2  0      -795.17341077     5.10e-05      4.90
      3  0      -795.18443354     3.02e-05      4.92
      4  0      -795.18893688     2.17e-05      4.92
      5  0      -795.19115866     1.63e-05      4.93
      6  0      -795.19220900     9.28e-06      4.93
      7  0      -795.19250417     4.11e-06      4.92
      8  0      -795.19255908     1.99e-06      4.92
      9  0      -795.19257085     9.54e-07      4.94
     10  0      -795.19257351     4.11e-07      4.94
     11  0      -795.19257400     1.76e-07      4.95
     12  0      -795.19257409     7.71e-08      4.94
     13  0      -795.19257411     3.38e-08      4.95
     14  0      -795.19257411     1.36e-08      4.94
     15  0      -795.19257411     5.18e-09      4.95
     16  0      -795.19257411     2.22e-09      4.92
     17  0      -795.19257411     9.13e-10      4.94
     18  0      -795.19257411     3.58e-10      4.95
     19  0      -795.19257411     1.36e-10      4.96
    ** throwing out 1 trial vectors **
     20  0 *    -795.19257411     4.97e-11      3.51

     * ci vector, state   0, <S^2> = 0.7500
       2222222.a.....     0.7658012149
       2222222a......     0.5375724586
       2222a22.2.....    -0.1418315974
       22222a2ab.....    -0.0968477324
       22222.22a.....    -0.0841869528
       2222a22ab.....    -0.0715522522
       2222a222......    -0.0686903509
       - FCI and RDMs                            109.35
    * Integral transformation done. Elapsed time: 0.37

     guess   0:   closed 1111111.......       open .......1......      

  === FCI iteration ===

      0  0      -795.24223019     1.89e-04      4.84
      1  0      -795.37523777     7.59e-05      4.80
      2  0      -795.39206896     2.60e-05      4.80
      3  0      -795.39383710     9.28e-06      4.79
      4  0      -795.39406601     3.46e-06      4.81
      5  0      -795.39410251     1.31e-06      4.81
      6  0      -795.39411028     8.28e-07      4.81
      7  0      -795.39411294     4.49e-07      4.81
      8  0      -795.39411358     2.09e-07      4.81
      9  0      -795.39411373     9.71e-08      4.83
     10  0      -795.39411376     4.43e-08      5.00
     11  0      -795.39411376     1.69e-08      4.75
     12  0      -795.39411376     6.33e-09      4.77
     13  0      -795.39411376     2.74e-09      4.76
     14  0      -795.39411376     1.30e-09      4.77
     15  0      -795.39411376     6.22e-10      4.76
     16  0      -795.39411376     2.74e-10      4.78
     17  0      -795.39411376     1.08e-10      4.79
     18  0 *    -795.39411376     4.03e-11      3.34

     * ci vector, state   0, <S^2> = 0.7500
       2222222a......     0.9604251997
       222222.a2.....     0.0883791402
       2a222222......    -0.0745954271
       22222.2a.2....     0.0630903582
       222.222a....2.     0.0558063989
       - FCI and RDMs                             97.24
    * Integral transformation done. Elapsed time: 0.38

     guess   0:   closed 1111111.......       open .......1......      

  === FCI iteration ===

      0  0      -795.28353580     1.88e-04      4.81
      1  0      -795.41158256     7.62e-05      4.81
      2  0      -795.42877182     2.68e-05      4.82
      3  0      -795.43070048     1.04e-05      4.83
      4  0      -795.43099493     3.88e-06      4.83
      5  0      -795.43104176     1.49e-06      4.83
      6  0      -795.43104934     7.42e-07      4.83
      7  0      -795.43105099     3.05e-07      4.84
      8  0      -795.43105124     1.07e-07      4.83
      9  0      -795.43105127     4.23e-08      4.84
     10  0      -795.43105128     2.01e-08      4.83
     11  0      -795.43105128     1.01e-08      4.85
     12  0      -795.43105128     4.80e-09      4.82
     13  0      -795.43105128     3.11e-09      4.83
     14  0      -795.43105128     1.83e-09      4.82
     15  0      -795.43105128     7.70e-10      4.83
     16  0      -795.43105128     2.89e-10      4.82
     17  0      -795.43105128     1.13e-10      4.87
     18  0 *    -795.43105128     4.76e-11      3.41

     * ci vector, state   0, <S^2> = 0.7500
       2222222a......     0.9598975138
       222222.a2.....     0.0925879715
       2a222222......     0.0739803287
       2222222.a.....    -0.0734937883
       22222.2a.2....     0.0641408052
       - FCI and RDMs                             97.68
    * Integral transformation done. Elapsed time: 0.37

     guess   0:   closed 1111111.......       open .......1......      

  === FCI iteration ===

      0  0      -795.29600859     1.89e-04      4.80
      1  0      -795.42104221     7.54e-05      4.82
      2  0      -795.43703026     2.70e-05      4.82
      3  0      -795.43882551     1.01e-05      4.81
      4  0      -795.43910120     3.41e-06      4.82
      5  0      -795.43913110     1.06e-06      4.81
      6  0      -795.43913456     4.34e-07      4.82
      7  0      -795.43913528     2.54e-07      4.82
      8  0      -795.43913551     1.30e-07      4.83
      9  0      -795.43913558     8.04e-08      4.82
     10  0      -795.43913561     4.69e-08      4.83
     11  0      -795.43913562     2.16e-08      4.82
     12  0      -795.43913562     8.09e-09      4.82
     13  0      -795.43913562     2.93e-09      4.82
     14  0      -795.43913562     1.18e-09      4.83
     15  0      -795.43913562     4.84e-10      4.83
     16  0      -795.43913562     2.11e-10      4.84
     17  0 *    -795.43913562     7.94e-11      3.41

     * ci vector, state   0, <S^2> = 0.7500
       2222222a......    -0.9680997306
       222222.a2.....    -0.1022609743
       22222.2a.2....    -0.0635915250
       222.222a...2..    -0.0577288072
       - FCI and RDMs                             92.80
    * Integral transformation done. Elapsed time: 0.40

     guess   0:   closed 1111111.......       open .......1......      

  === FCI iteration ===

      0  0      -795.29761189     1.89e-04      4.79
      1  0      -795.42220242     7.58e-05      4.80
      2  0      -795.43831015     2.74e-05      4.80
      3  0      -795.44016937     1.03e-05      4.80
      4  0      -795.44045330     3.42e-06      4.81
      5  0      -795.44048121     9.69e-07      4.80
      6  0      -795.44048368     3.41e-07      4.82
      7  0      -795.44048403     1.61e-07      4.81
      8  0      -795.44048411     6.91e-08      4.82
      9  0      -795.44048412     2.58e-08      4.82
     10  0      -795.44048413     1.11e-08      4.80
     11  0      -795.44048413     5.54e-09      4.82
     12  0      -795.44048413     3.77e-09      4.81
     13  0      -795.44048413     1.97e-09      4.81
     14  0      -795.44048413     8.66e-10      4.81
     15  0      -795.44048413     3.56e-10      4.82
     16  0      -795.44048413     1.51e-10      4.80
     17  0 *    -795.44048413     6.47e-11      3.42

     * ci vector, state   0, <S^2> = 0.7500
       2222222a......    -0.9689039887
       222222.a2.....    -0.1062143949
       22222.2a.2....    -0.0619188920
       222.222a...2..    -0.0507812496
       - FCI and RDMs                             92.54
    * Integral transformation done. Elapsed time: 0.38

     guess   0:   closed 1111111.......       open .......1......      

  === FCI iteration ===

      0  0      -795.29796007     1.89e-04      4.88
      1  0      -795.42245880     7.59e-05      4.91
      2  0      -795.43864492     2.74e-05      4.90
      3  0      -795.44050438     1.03e-05      4.90
      4  0      -795.44078812     3.43e-06      4.90
      5  0      -795.44081569     9.48e-07      4.88
      6  0      -795.44081798     3.21e-07      4.92
      7  0      -795.44081829     1.48e-07      4.89
      8  0      -795.44081836     6.62e-08      4.93
      9  0      -795.44081837     2.59e-08      4.90
     10  0      -795.44081838     1.17e-08      4.90
     11  0      -795.44081838     6.14e-09      4.90
     12  0      -795.44081838     3.79e-09      4.91
     13  0      -795.44081838     1.77e-09      4.89
     14  0      -795.44081838     7.61e-10      4.91
     15  0      -795.44081838     3.17e-10      4.91
     16  0      -795.44081838     1.35e-10      4.91
     17  0 *    -795.44081838     5.86e-11      3.48

     * ci vector, state   0, <S^2> = 0.7500
       2222222a......     0.9690243693
       222222.a2.....     0.1080272920
       22222.2a.2....     0.0605128993
       - FCI and RDMs                             94.27
    * Integral transformation done. Elapsed time: 0.39

     guess   0:   closed 1111111.......       open .......1......      

  === FCI iteration ===

      0  0      -795.29803374     1.89e-04      4.79
      1  0      -795.42250612     7.59e-05      4.74
      2  0      -795.43873876     2.74e-05      4.88
      3  0      -795.44059257     1.03e-05      4.78
      4  0      -795.44087510     3.42e-06      4.79
      5  0      -795.44090243     9.36e-07      4.78
      6  0      -795.44090461     3.06e-07      4.79
      7  0      -795.44090488     1.37e-07      4.78
      8  0      -795.44090494     6.07e-08      4.79
      9  0      -795.44090495     2.36e-08      4.78
     10  0      -795.44090495     9.76e-09      4.77
     11  0      -795.44090495     4.28e-09      4.78
     12  0      -795.44090495     2.44e-09      4.85
     13  0      -795.44090495     1.27e-09      4.79
     14  0      -795.44090495     6.07e-10      4.79
     15  0      -795.44090495     2.64e-10      4.80
     16  0      -795.44090495     1.16e-10      4.80
     17  0 *    -795.44090495     5.07e-11      3.38

     * ci vector, state   0, <S^2> = 0.7500
       2222222a......     0.9690429790
       222222.a2.....     0.1089636578
       22222.2a.2....     0.0596787871
       - FCI and RDMs                             92.27
    * Integral transformation done. Elapsed time: 0.39

     guess   0:   closed 1111111.......       open .......1......      

  === FCI iteration ===

      0  0      -795.29804520     1.89e-04      4.87
      1  0      -795.42252105     7.59e-05      4.82
      2  0      -795.43877483     2.74e-05      4.87
      3  0      -795.44062355     1.03e-05      4.88
      4  0      -795.44090516     3.42e-06      4.92
      5  0      -795.44093237     9.30e-07      4.89
      6  0      -795.44093450     3.00e-07      4.90
      7  0      -795.44093476     1.32e-07      4.90
      8  0      -795.44093481     5.83e-08      4.90
      9  0      -795.44093482     2.27e-08      4.91
     10  0      -795.44093483     9.05e-09      4.90
     11  0      -795.44093483     3.60e-09      4.90
     12  0      -795.44093483     1.76e-09      4.89
     13  0      -795.44093483     8.99e-10      4.93
     14  0      -795.44093483     4.67e-10      4.90
     15  0      -795.44093483     2.21e-10      4.91
     16  0      -795.44093483     1.05e-10      4.94
     17  0 *    -795.44093483     4.80e-11      3.47

     * ci vector, state   0, <S^2> = 0.7500
       2222222a......     0.9690399932
       222222.a2.....     0.1094614554
       22222.2a.2....     0.0592807433
       - FCI and RDMs                             94.08
    * Integral transformation done. Elapsed time: 0.49

     guess   0:   closed 1111111.......       open .......1......      

  === FCI iteration ===

      0  0      -795.29804255     1.89e-04      4.79
      1  0      -795.42252823     7.59e-05      4.79
      2  0      -795.43879210     2.74e-05      4.82
      3  0      -795.44063691     1.03e-05      4.78
      4  0      -795.44091782     3.42e-06      4.79
      5  0      -795.44094497     9.28e-07      4.80
      6  0      -795.44094707     2.97e-07      4.87
      7  0      -795.44094733     1.30e-07      4.88
      8  0      -795.44094738     5.71e-08      4.92
      9  0      -795.44094739     2.23e-08      4.88
     10  0      -795.44094739     8.76e-09      4.88
     11  0      -795.44094739     3.35e-09      4.89
     12  0      -795.44094739     1.44e-09      4.89
     13  0      -795.44094739     6.51e-10      4.78
     14  0      -795.44094739     3.13e-10      4.81
     15  0      -795.44094739     1.48e-10      4.77
     16  0 *    -795.44094739     7.98e-11      3.40

     * ci vector, state   0, <S^2> = 0.7500
       2222222a......    -0.9690332148
       222222.a2.....    -0.1097458041
       22222.2a.2....    -0.0590960429
       - FCI and RDMs                             88.09
    * Integral transformation done. Elapsed time: 0.43

     guess   0:   closed 1111111.......       open .......1......      

  === FCI iteration ===

      0  0      -795.29803757     1.89e-04      4.93
      1  0      -795.42253293     7.59e-05      4.93
      2  0      -795.43880173     2.73e-05      4.92
      3  0      -795.44064348     1.03e-05      4.94
      4  0      -795.44092386     3.42e-06      4.92
      5  0      -795.44095097     9.26e-07      4.92
      6  0      -795.44095306     2.95e-07      4.94
      7  0      -795.44095330     1.29e-07      4.93
      8  0      -795.44095336     5.66e-08      4.93
      9  0      -795.44095337     2.21e-08      4.93
     10  0      -795.44095337     8.65e-09      4.93
     11  0      -795.44095337     3.29e-09      4.93
     12  0      -795.44095337     1.34e-09      4.94
     13  0      -795.44095337     5.69e-10      4.94
     14  0      -795.44095337     2.37e-10      4.93
     15  0 *    -795.44095337     8.93e-11      3.52

     * ci vector, state   0, <S^2> = 0.7500
       2222222a......    -0.9690270239
       222222.a2.....    -0.1099178415
       22222.2a.2....    -0.0590056461
       - FCI and RDMs                             84.86
    * Integral transformation done. Elapsed time: 0.37

     guess   0:   closed 1111111.......       open .......1......      

  === FCI iteration ===

      0  0      -795.29803322     1.89e-04      4.78
      1  0      -795.42253708     7.59e-05      4.74
      2  0      -795.43880803     2.73e-05      4.74
      3  0      -795.44064722     1.03e-05      4.74
      4  0      -795.44092713     3.42e-06      4.73
      5  0      -795.44095421     9.25e-07      4.74
      6  0      -795.44095629     2.94e-07      4.75
      7  0      -795.44095654     1.29e-07      4.80
      8  0      -795.44095659     5.63e-08      4.78
      9  0      -795.44095660     2.21e-08      4.80
     10  0      -795.44095660     8.62e-09      4.80
     11  0      -795.44095660     3.29e-09      4.80
     12  0      -795.44095660     1.32e-09      4.80
     13  0      -795.44095660     5.64e-10      4.80
     14  0      -795.44095660     2.28e-10      4.80
     15  0 *    -795.44095660     8.22e-11      3.37

     * ci vector, state   0, <S^2> = 0.7500
       2222222a......    -0.9690223050
       222222.a2.....    -0.1100258727
       22222.2a.2....    -0.0589567362
       - FCI and RDMs                             82.39
    * Integral transformation done. Elapsed time: 0.36

     guess   0:   closed 1111111.......       open .......1......      

  === FCI iteration ===

      0  0      -795.29803002     1.89e-04      4.85
      1  0      -795.42254131     7.59e-05      4.86
      2  0      -795.43881278     2.73e-05      4.89
      3  0      -795.44064973     1.03e-05      4.85
      4  0      -795.44092922     3.42e-06      4.87
      5  0      -795.44095627     9.24e-07      4.87
      6  0      -795.44095835     2.94e-07      4.86
      7  0      -795.44095859     1.28e-07      4.88
      8  0      -795.44095864     5.61e-08      4.91
      9  0      -795.44095865     2.20e-08      4.87
     10  0      -795.44095866     8.61e-09      4.87
     11  0      -795.44095866     3.30e-09      4.88
     12  0      -795.44095866     1.33e-09      4.88
     13  0      -795.44095866     5.82e-10      4.89
     14  0      -795.44095866     2.40e-10      4.91
     15  0 *    -795.44095866     9.54e-11      3.48

     * ci vector, state   0, <S^2> = 0.7500
       2222222a......     0.9690189937
       222222.a2.....     0.1100953380
       22222.2a.2....     0.0589261064
       - FCI and RDMs                             84.02
    * Integral transformation done. Elapsed time: 0.40

     guess   0:   closed 1111111.......       open .......1......      

  === FCI iteration ===

      0  0      -795.29802786     1.89e-04      4.79
      1  0      -795.42254594     7.59e-05      4.79
      2  0      -795.43881701     2.73e-05      4.79
      3  0      -795.44065192     1.03e-05      4.80
      4  0      -795.44093101     3.42e-06      4.81
      5  0      -795.44095804     9.24e-07      4.80
      6  0      -795.44096011     2.94e-07      4.82
      7  0      -795.44096035     1.28e-07      4.91
      8  0      -795.44096041     5.60e-08      4.89
      9  0      -795.44096042     2.20e-08      4.91
     10  0      -795.44096042     8.60e-09      4.89
     11  0      -795.44096042     3.31e-09      4.90
     12  0      -795.44096042     1.34e-09      4.89
     13  0      -795.44096042     6.00e-10      4.91
     14  0      -795.44096042     2.53e-10      4.89
     15  0      -795.44096042     1.09e-10      4.91
     16  0 *    -795.44096042     5.69e-11      3.44

     * ci vector, state   0, <S^2> = 0.7500
       2222222a......     0.9690168361
       222222.a2.....     0.1101406065
       22222.2a.2....     0.0589031578
       - FCI and RDMs                             88.46
    * Integral transformation done. Elapsed time: 0.39

     guess   0:   closed 1111111.......       open .......1......      

  === FCI iteration ===

      0  0      -795.29802646     1.89e-04      4.68
      1  0      -795.42255210     7.59e-05      4.83
      2  0      -795.43882239     2.73e-05      4.75
      3  0      -795.44065538     1.03e-05      4.74
      4  0      -795.44093408     3.42e-06      4.76
      5  0      -795.44096107     9.23e-07      4.76
      6  0      -795.44096314     2.93e-07      4.76
      7  0      -795.44096338     1.28e-07      4.75
      8  0      -795.44096343     5.58e-08      4.76
      9  0      -795.44096344     2.19e-08      4.76
     10  0      -795.44096344     8.57e-09      4.75
     11  0      -795.44096344     3.31e-09      4.76
     12  0      -795.44096344     1.35e-09      4.75
     13  0      -795.44096344     6.10e-10      4.98
     14  0      -795.44096344     2.62e-10      4.92
     15  0      -795.44096344     1.17e-10      4.93
     16  0 *    -795.44096344     6.29e-11      3.53

     * ci vector, state   0, <S^2> = 0.7500
       2222222a......     0.9690157636
       222222.a2.....     0.1101694593
       22222.2a.2....     0.0588828831
       - FCI and RDMs                             87.49
    * Integral transformation done. Elapsed time: 0.38

     guess   0:   closed 1111111.......       open .......1......      

  === FCI iteration ===

      0  0      -795.29802560     1.89e-04      4.88
      1  0      -795.42256535     7.59e-05      4.83
      2  0      -795.43883551     2.73e-05      4.82
      3  0      -795.44066656     1.03e-05      4.83
      4  0      -795.44094478     3.41e-06      4.84
      5  0      -795.44097172     9.21e-07      4.84
      6  0      -795.44097377     2.91e-07      4.83
      7  0      -795.44097401     1.26e-07      4.83
      8  0      -795.44097406     5.50e-08      4.83
      9  0      -795.44097407     2.16e-08      4.84
     10  0      -795.44097407     8.44e-09      4.83
     11  0      -795.44097407     3.25e-09      4.84
     12  0      -795.44097407     1.32e-09      4.82
     13  0      -795.44097407     6.01e-10      4.84
     14  0      -795.44097407     2.60e-10      4.85
     15  0      -795.44097407     1.16e-10      4.84
     16  0 *    -795.44097407     6.25e-11      3.43

     * ci vector, state   0, <S^2> = 0.7500
       2222222a......     0.9690166218
       222222.a2.....     0.1101827124
       22222.2a.2....     0.0588625736
       - FCI and RDMs                             88.26
    * Integral transformation done. Elapsed time: 0.37

     guess   0:   closed 1111111.......       open .......1......      

  === FCI iteration ===

      0  0      -795.29802507     1.89e-04      4.77
      1  0      -795.42261176     7.59e-05      4.78
      2  0      -795.43888657     2.73e-05      4.73
      3  0      -795.44071521     1.03e-05      4.74
      4  0      -795.44099256     3.41e-06      4.75
      5  0      -795.44101934     9.15e-07      4.76
      6  0      -795.44102134     2.84e-07      4.75
      7  0      -795.44102157     1.20e-07      4.78
      8  0      -795.44102161     5.19e-08      4.75
      9  0      -795.44102162     2.04e-08      4.77
     10  0      -795.44102162     7.90e-09      4.76
     11  0      -795.44102162     3.02e-09      4.78
     12  0      -795.44102162     1.22e-09      4.76
     13  0      -795.44102162     5.44e-10      4.77
     14  0      -795.44102162     2.34e-10      4.78
     15  0 *    -795.44102162     9.93e-11      3.36

     * ci vector, state   0, <S^2> = 0.7500
       2222222a......     0.9690231893
       222222.a2.....     0.1101622519
       22222.2a.2....     0.0588397555
       - FCI and RDMs                             82.09
    * Integral transformation done. Elapsed time: 0.39

     guess   0:   closed 1111111.......       open .......1......      

  === FCI iteration ===

      0  0      -795.29802421     1.90e-04      4.80
      1  0      -795.42278606     7.61e-05      4.80
      2  0      -795.43908843     2.73e-05      4.78
      3  0      -795.44091445     1.03e-05      4.76
      4  0      -795.44118997     3.40e-06      4.77
      5  0      -795.44121637     9.01e-07      4.79
      6  0      -795.44121825     2.67e-07      4.78
      7  0      -795.44121844     1.05e-07      4.86
      8  0      -795.44121847     4.36e-08      4.81
      9  0      -795.44121848     1.73e-08      4.82
     10  0      -795.44121848     6.64e-09      4.80
     11  0      -795.44121848     2.53e-09      4.81
     12  0      -795.44121848     1.01e-09      4.81
     13  0      -795.44121848     4.43e-10      4.80
     14  0      -795.44121848     1.91e-10      4.81
     15  0 *    -795.44121848     7.61e-11      3.41

     * ci vector, state   0, <S^2> = 0.7500
       2222222a......    -0.9690371246
       222222.a2.....    -0.1100358793
       22222.2a.2....    -0.0588055964
       - FCI and RDMs                             82.68
    * Integral transformation done. Elapsed time: 0.41

     guess   0:   closed 1111111.......       open .......1......      

  === FCI iteration ===

      0  0      -795.29801765     1.90e-04      4.77
      1  0      -795.42314312     7.63e-05      4.73
      2  0      -795.43952909     2.74e-05      4.75
      3  0      -795.44135855     1.03e-05      4.73
      4  0      -795.44163277     3.41e-06      4.74
      5  0      -795.44165889     8.93e-07      4.73
      6  0      -795.44166066     2.53e-07      4.75
      7  0      -795.44166081     9.12e-08      4.76
      8  0      -795.44166084     3.55e-08      4.76
      9  0      -795.44166084     1.41e-08      4.75
     10  0      -795.44166084     5.50e-09      4.77
     11  0      -795.44166084     2.08e-09      4.76
     12  0      -795.44166084     8.34e-10      4.76
     13  0      -795.44166084     3.64e-10      4.84
     14  0      -795.44166084     1.59e-10      4.84
     15  0 *    -795.44166084     6.22e-11      3.39

     * ci vector, state   0, <S^2> = 0.7500
       2222222a......    -0.9690258064
       222222.a2.....    -0.1097445462
       22222.2a.2....    -0.0587075988
       - FCI and RDMs                             82.18
    * Integral transformation done. Elapsed time: 0.37

     guess   0:   closed 1111111.......       open .......1......      

  === FCI iteration ===

      0  0      -795.29800015     1.90e-04      4.75
      1  0      -795.42331282     7.66e-05      4.77
      2  0      -795.43980495     2.75e-05      4.76
      3  0      -795.44164835     1.03e-05      4.77
      4  0      -795.44192428     3.43e-06      4.80
      5  0      -795.44195067     8.97e-07      4.84
      6  0      -795.44195243     2.52e-07      4.81
      7  0      -795.44195258     8.88e-08      4.88
      8  0      -795.44195260     3.36e-08      4.81
      9  0      -795.44195260     1.34e-08      4.80
     10  0      -795.44195260     5.26e-09      4.81
     11  0      -795.44195260     1.99e-09      4.80
     12  0      -795.44195260     7.90e-10      4.81
     13  0      -795.44195260     3.39e-10      4.80
     14  0      -795.44195260     1.49e-10      4.81
     15  0 *    -795.44195260     5.96e-11      3.39

     * ci vector, state   0, <S^2> = 0.7500
       2222222a......     0.9689797830
       222222.a2.....     0.1094948807
       22222.2a.2....     0.0584055847
       - FCI and RDMs                             82.88
    * Integral transformation done. Elapsed time: 0.40

     guess   0:   closed 1111111.......       open .......1......      

  === FCI iteration ===

      0  0      -795.29798637     1.90e-04      4.89
      1  0      -795.42329660     7.67e-05      4.87
      2  0      -795.43987075     2.77e-05      4.86
      3  0      -795.44173441     1.04e-05      4.87
      4  0      -795.44201402     3.46e-06      4.88
      5  0      -795.44204086     9.06e-07      4.87
      6  0      -795.44204266     2.55e-07      4.89
      7  0      -795.44204280     8.93e-08      4.88
      8  0      -795.44204282     3.37e-08      4.89
      9  0      -795.44204283     1.35e-08      4.88
     10  0      -795.44204283     5.31e-09      4.89
     11  0      -795.44204283     2.01e-09      4.88
     12  0      -795.44204283     7.93e-10      4.90
     13  0      -795.44204283     3.33e-10      4.89
     14  0      -795.44204283     1.41e-10      4.89
     15  0 *    -795.44204283     5.46e-11      3.47

     * ci vector, state   0, <S^2> = 0.7500
       2222222a......     0.9689389408
       222222.a2.....     0.1093735146
       22222.2a.2....     0.0581423966
       - FCI and RDMs                             84.24
    * Integral transformation done. Elapsed time: 0.37

     guess   0:   closed 1111111.......       open .......1......      

  === FCI iteration ===

      0  0      -795.29797712     1.90e-04      4.81
      1  0      -795.42325691     7.68e-05      4.81
      2  0      -795.43989196     2.78e-05      4.84
      3  0      -795.44177652     1.05e-05      4.81
      4  0      -795.44206006     3.48e-06      4.83
      5  0      -795.44208731     9.15e-07      4.81
      6  0      -795.44208914     2.56e-07      4.82
      7  0      -795.44208929     8.96e-08      4.85
      8  0      -795.44208931     3.39e-08      4.86
      9  0      -795.44208931     1.36e-08      4.91
     10  0      -795.44208931     5.37e-09      4.90
     11  0      -795.44208931     2.05e-09      4.89
     12  0      -795.44208931     8.07e-10      4.91
     13  0      -795.44208931     3.37e-10      4.89
     14  0      -795.44208931     1.41e-10      4.90
     15  0 *    -795.44208931     5.44e-11      3.47

     * ci vector, state   0, <S^2> = 0.7500
       2222222a......     0.9689119110
       222222.a2.....     0.1092779680
       22222.2a.2....     0.0581351387
       - FCI and RDMs                             83.78
    * Integral transformation done. Elapsed time: 0.39

     guess   0:   closed 1111111.......       open .......1......      

  === FCI iteration ===

      0  0      -795.29797056     1.90e-04      4.90
      1  0      -795.42322144     7.68e-05      4.77
      2  0      -795.43990388     2.79e-05      4.78
      3  0      -795.44180618     1.05e-05      4.77
      4  0      -795.44209301     3.50e-06      4.79
      5  0      -795.44212058     9.21e-07      4.80
      6  0      -795.44212244     2.57e-07      4.79
      7  0      -795.44212259     8.98e-08      4.82
      8  0      -795.44212261     3.39e-08      4.79
      9  0      -795.44212261     1.37e-08      4.80
     10  0      -795.44212261     5.41e-09      4.81
     11  0      -795.44212261     2.08e-09      4.80
     12  0      -795.44212261     8.21e-10      4.84
     13  0      -795.44212261     3.42e-10      4.79
     14  0      -795.44212261     1.43e-10      4.79
     15  0 *    -795.44212261     5.57e-11      3.37

     * ci vector, state   0, <S^2> = 0.7500
       2222222a......     0.9688920832
       222222.a2.....     0.1091892259
       22222.2a.2....     0.0581815030
       - FCI and RDMs                             82.77
    * Integral transformation done. Elapsed time: 0.38

     guess   0:   closed 1111111.......       open .......1......      

  === FCI iteration ===

      0  0      -795.29796544     1.90e-04      4.75
      1  0      -795.42319298     7.69e-05      4.76
      2  0      -795.43991273     2.80e-05      4.77
      3  0      -795.44182909     1.06e-05      4.76
      4  0      -795.44211844     3.52e-06      4.76
      5  0      -795.44214627     9.26e-07      4.76
      6  0      -795.44214815     2.58e-07      4.81
      7  0      -795.44214830     8.98e-08      4.76
      8  0      -795.44214832     3.40e-08      4.77
      9  0      -795.44214833     1.38e-08      4.75
     10  0      -795.44214833     5.45e-09      4.76
     11  0      -795.44214833     2.10e-09      4.76
     12  0      -795.44214833     8.32e-10      4.76
     13  0      -795.44214833     3.46e-10      4.77
     14  0      -795.44214833     1.45e-10      4.77
     15  0 *    -795.44214833     5.70e-11      3.37

     * ci vector, state   0, <S^2> = 0.7500
       2222222a......    -0.9688752467
       222222.a2.....    -0.1091101455
       22222.2a.2....    -0.0582070094
       - FCI and RDMs                             82.25
    * Integral transformation done. Elapsed time: 0.37

     guess   0:   closed 1111111.......       open .......1......      

  === FCI iteration ===

      0  0      -795.29796114     1.90e-04      4.79
      1  0      -795.42317217     7.69e-05      4.82
      2  0      -795.43992093     2.81e-05      4.82
      3  0      -795.44184788     1.06e-05      4.82
      4  0      -795.44213903     3.53e-06      4.86
      5  0      -795.44216708     9.31e-07      4.83
      6  0      -795.44216898     2.58e-07      4.83
      7  0      -795.44216913     8.99e-08      4.84
      8  0      -795.44216915     3.41e-08      4.83
      9  0      -795.44216915     1.39e-08      4.84
     10  0      -795.44216915     5.47e-09      4.84
     11  0      -795.44216915     2.12e-09      4.84
     12  0      -795.44216915     8.42e-10      4.84
     13  0      -795.44216915     3.51e-10      4.84
     14  0      -795.44216915     1.47e-10      4.84
     15  0 *    -795.44216915     5.85e-11      3.44

     * ci vector, state   0, <S^2> = 0.7500
       2222222a......     0.9688594502
       222222.a2.....     0.1090428035
       22222.2a.2....     0.0581973725
       - FCI and RDMs                             83.26
    * Integral transformation done. Elapsed time: 0.37

     guess   0:   closed 1111111.......       open .......1......      

  === FCI iteration ===

      0  0      -795.29795736     1.90e-04      4.76
      1  0      -795.42315886     7.70e-05      4.77
      2  0      -795.43992988     2.81e-05      4.77
      3  0      -795.44186439     1.06e-05      4.78
      4  0      -795.44215673     3.54e-06      4.77
      5  0      -795.44218494     9.34e-07      4.77
      6  0      -795.44218685     2.59e-07      4.88
      7  0      -795.44218700     8.99e-08      4.78
      8  0      -795.44218703     3.41e-08      4.80
      9  0      -795.44218703     1.39e-08      4.80
     10  0      -795.44218703     5.50e-09      4.85
     11  0      -795.44218703     2.14e-09      4.82
     12  0      -795.44218703     8.52e-10      4.83
     13  0      -795.44218703     3.56e-10      4.82
     14  0      -795.44218703     1.49e-10      4.83
     15  0 *    -795.44218703     6.03e-11      3.39

     * ci vector, state   0, <S^2> = 0.7500
       2222222a......     0.9688436590
       222222.a2.....     0.1089872859
       22222.2a.2....     0.0581534909
       - FCI and RDMs                             82.80
    * Integral transformation done. Elapsed time: 0.37

     guess   0:   closed 1111111.......       open .......1......      

  === FCI iteration ===

      0  0      -795.29795400     1.90e-04      4.78
      1  0      -795.42315259     7.70e-05      4.79
      2  0      -795.43994053     2.82e-05      4.78
      3  0      -795.44188011     1.06e-05      4.78
      4  0      -795.44217312     3.55e-06      4.79
      5  0      -795.44220146     9.37e-07      4.80
      6  0      -795.44220338     2.59e-07      4.78
      7  0      -795.44220354     9.00e-08      4.80
      8  0      -795.44220356     3.42e-08      4.80
      9  0      -795.44220356     1.40e-08      4.80
     10  0      -795.44220356     5.52e-09      4.78
     11  0      -795.44220356     2.16e-09      4.79
     12  0      -795.44220356     8.63e-10      4.81
     13  0      -795.44220356     3.61e-10      4.82
     14  0      -795.44220356     1.52e-10      4.81
     15  0 *    -795.44220356     6.26e-11      3.42

     * ci vector, state   0, <S^2> = 0.7500
       2222222a......     0.9688271565
       222222.a2.....     0.1089425678
       22222.2a.2....     0.0580803612
       - FCI and RDMs                             82.61
    * Integral transformation done. Elapsed time: 0.38

     guess   0:   closed 1111111.......       open .......1......      

  === FCI iteration ===

      0  0      -795.29795100     1.90e-04      4.84
      1  0      -795.42315310     7.70e-05      4.88
      2  0      -795.43995377     2.82e-05      4.87
      3  0      -795.44189644     1.06e-05      4.90
      4  0      -795.44218973     3.55e-06      4.89
      5  0      -795.44221816     9.39e-07      4.91
      6  0      -795.44222010     2.59e-07      4.91
      7  0      -795.44222025     9.01e-08      4.89
      8  0      -795.44222027     3.43e-08      4.79
      9  0      -795.44222028     1.40e-08      4.79
     10  0      -795.44222028     5.55e-09      4.79
     11  0      -795.44222028     2.18e-09      4.80
     12  0      -795.44222028     8.76e-10      4.81
     13  0      -795.44222028     3.69e-10      4.87
     14  0      -795.44222028     1.56e-10      4.81
     15  0 *    -795.44222028     6.57e-11      3.38

     * ci vector, state   0, <S^2> = 0.7500
       2222222a......     0.9688092636
       222222.a2.....     0.1089072078
       22222.2a.2....     0.0579832937
       - FCI and RDMs                             83.46
    * Integral transformation done. Elapsed time: 0.37

     guess   0:   closed 1111111.......       open .......1......      

  === FCI iteration ===

      0  0      -795.29794837     1.90e-04      4.75
      1  0      -795.42316062     7.70e-05      4.76
      2  0      -795.43997070     2.82e-05      4.76
      3  0      -795.44191493     1.06e-05      4.76
      4  0      -795.44220817     3.56e-06      4.76
      5  0      -795.44223667     9.41e-07      4.77
      6  0      -795.44223862     2.60e-07      4.78
      7  0      -795.44223878     9.02e-08      4.76
      8  0      -795.44223880     3.44e-08      4.79
      9  0      -795.44223880     1.41e-08      4.77
     10  0      -795.44223880     5.59e-09      4.76
     11  0      -795.44223880     2.20e-09      4.76
     12  0      -795.44223880     8.92e-10      4.80
     13  0      -795.44223880     3.78e-10      4.77
     14  0      -795.44223880     1.62e-10      4.77
     15  0 *    -795.44223880     6.99e-11      3.46

     * ci vector, state   0, <S^2> = 0.7500
       2222222a......     0.9687891710
       222222.a2.....     0.1088797214
       22222.2a.2....     0.0578664786
       - FCI and RDMs                             82.24
    * Integral transformation done. Elapsed time: 0.50

     guess   0:   closed 1111111.......       open .......1......      

  === FCI iteration ===

      0  0      -795.29794617     1.90e-04      4.81
      1  0      -795.42317617     7.70e-05      4.80
      2  0      -795.43999288     2.82e-05      4.80
      3  0      -795.44193745     1.06e-05      4.80
      4  0      -795.44223040     3.56e-06      4.80
      5  0      -795.44225896     9.43e-07      4.82
      6  0      -795.44226092     2.60e-07      4.80
      7  0      -795.44226107     9.04e-08      4.82
      8  0      -795.44226109     3.45e-08      4.82
      9  0      -795.44226110     1.41e-08      4.82
     10  0      -795.44226110     5.63e-09      4.82
     11  0      -795.44226110     2.24e-09      4.81
     12  0      -795.44226110     9.12e-10      4.82
     13  0      -795.44226110     3.91e-10      4.83
     14  0      -795.44226110     1.70e-10      4.82
     15  0 *    -795.44226110     7.53e-11      3.44

     * ci vector, state   0, <S^2> = 0.7500
       2222222a......     0.9687657915
       222222.a2.....     0.1088587643
       22222.2a.2....     0.0577325111
       - FCI and RDMs                             83.00
    * Integral transformation done. Elapsed time: 0.37

     guess   0:   closed 1111111.......       open .......1......      

  === FCI iteration ===

      0  0      -795.29794449     1.90e-04      4.89
      1  0      -795.42320183     7.70e-05      4.88
      2  0      -795.44002266     2.82e-05      4.88
      3  0      -795.44196658     1.06e-05      4.87
      4  0      -795.44225902     3.56e-06      4.92
      5  0      -795.44228763     9.44e-07      4.88
      6  0      -795.44228959     2.61e-07      4.92
      7  0      -795.44228975     9.05e-08      4.91
      8  0      -795.44228977     3.46e-08      4.90
      9  0      -795.44228978     1.42e-08      4.88
     10  0      -795.44228978     5.70e-09      4.81
     11  0      -795.44228978     2.28e-09      4.82
     12  0      -795.44228978     9.40e-10      4.83
     13  0      -795.44228978     4.08e-10      4.83
     14  0      -795.44228978     1.81e-10      4.82
     15  0 *    -795.44228978     8.18e-11      3.44

     * ci vector, state   0, <S^2> = 0.7500
       2222222a......     0.9687375821
       222222.a2.....     0.1088432462
       22222.2a.2....     0.0575822401
       - FCI and RDMs                             83.87
    * Integral transformation done. Elapsed time: 0.44

     guess   0:   closed 1111111.......       open .......1......      

  === FCI iteration ===

      0  0      -795.29794347     1.90e-04      4.72
      1  0      -795.42324118     7.70e-05      4.73
      2  0      -795.44006357     2.81e-05      4.73
      3  0      -795.44200598     1.06e-05      4.73
      4  0      -795.44229773     3.56e-06      4.75
      5  0      -795.44232637     9.45e-07      4.75
      6  0      -795.44232835     2.61e-07      4.75
      7  0      -795.44232850     9.08e-08      4.76
      8  0      -795.44232853     3.49e-08      4.78
      9  0      -795.44232853     1.44e-08      4.77
     10  0      -795.44232853     5.79e-09      4.78
     11  0      -795.44232853     2.34e-09      4.78
     12  0      -795.44232853     9.77e-10      4.80
     13  0      -795.44232853     4.31e-10      4.76
     14  0      -795.44232853     1.94e-10      4.76
     15  0 *    -795.44232853     8.94e-11      3.36

     * ci vector, state   0, <S^2> = 0.7500
       2222222a......    -0.9687022827
       222222.a2.....    -0.1088324793
       22222.2a.2....    -0.0574147889
       - FCI and RDMs                             82.07
    * Integral transformation done. Elapsed time: 0.40

     guess   0:   closed 1111111.......       open .......1......      

  === FCI iteration ===

      0  0      -795.29794335     1.89e-04      4.89
      1  0      -795.42330000     7.70e-05      4.86
      2  0      -795.44012109     2.81e-05      4.87
      3  0      -795.44206119     1.06e-05      4.92
      4  0      -795.44235205     3.56e-06      4.87
      5  0      -795.44238072     9.47e-07      4.87
      6  0      -795.44238270     2.62e-07      4.89
      7  0      -795.44238286     9.10e-08      4.88
      8  0      -795.44238288     3.51e-08      5.09
      9  0      -795.44238289     1.46e-08      4.88
     10  0      -795.44238289     5.91e-09      4.89
     11  0      -795.44238289     2.42e-09      4.89
     12  0      -795.44238289     1.03e-09      4.89
     13  0      -795.44238289     4.59e-10      4.89
     14  0      -795.44238289     2.09e-10      4.90
     15  0 *    -795.44238289     9.76e-11      3.46

     * ci vector, state   0, <S^2> = 0.7500
       2222222a......    -0.9686565014
       222222.a2.....    -0.1088264714
       22222.2a.2....    -0.0572276925
       - FCI and RDMs                             84.23
    * Integral transformation done. Elapsed time: 0.38

     guess   0:   closed 1111111.......       open .......1......      

  === FCI iteration ===

      0  0      -795.29794441     1.89e-04      4.76
      1  0      -795.42338744     7.69e-05      4.76
      2  0      -795.44020387     2.81e-05      4.78
      3  0      -795.44214085     1.06e-05      4.78
      4  0      -795.44243062     3.56e-06      4.78
      5  0      -795.44245930     9.48e-07      4.78
      6  0      -795.44246129     2.63e-07      4.80
      7  0      -795.44246146     9.14e-08      4.80
      8  0      -795.44246148     3.55e-08      4.80
      9  0      -795.44246148     1.48e-08      4.79
     10  0      -795.44246148     6.08e-09      4.80
     11  0      -795.44246148     2.53e-09      4.79
     12  0      -795.44246148     1.09e-09      4.82
     13  0      -795.44246148     4.92e-10      4.79
     14  0      -795.44246148     2.26e-10      4.80
     15  0      -795.44246148     1.06e-10      4.79
     16  0 *    -795.44246148     4.90e-11      3.39

     * ci vector, state   0, <S^2> = 0.7500
       2222222a......     0.9685949650
       222222.a2.....     0.1088267797
       22222.2a.2....     0.0570178014
       - FCI and RDMs                             87.39
    * Integral transformation done. Elapsed time: 0.51

     guess   0:   closed 1111111.......       open .......1......      

  === FCI iteration ===

      0  0      -795.29794698     1.89e-04      4.72
      1  0      -795.42351808     7.68e-05      4.73
      2  0      -795.44032600     2.80e-05      4.73
      3  0      -795.44225906     1.05e-05      4.74
      4  0      -795.44254745     3.55e-06      4.75
      5  0      -795.44257615     9.50e-07      4.80
      6  0      -795.44257816     2.64e-07      4.76
      7  0      -795.44257832     9.18e-08      4.76
      8  0      -795.44257835     3.59e-08      4.77
      9  0      -795.44257835     1.51e-08      4.77
     10  0      -795.44257835     6.31e-09      4.75
     11  0      -795.44257835     2.67e-09      4.77
     12  0      -795.44257835     1.16e-09      4.77
     13  0      -795.44257835     5.29e-10      4.77
     14  0      -795.44257835     2.44e-10      4.75
     15  0      -795.44257835     1.14e-10      4.78
     16  0 *    -795.44257835     5.25e-11      3.35

     * ci vector, state   0, <S^2> = 0.7500
       2222222a......     0.9685092469
       222222.a2.....     0.1088380379
       22222.2a.2....     0.0567823573
       - FCI and RDMs                             86.80
    * Integral transformation done. Elapsed time: 0.38

     guess   0:   closed 1111111.......       open .......1......      

  === FCI iteration ===

      0  0      -795.29795136     1.89e-04      4.78
      1  0      -795.42371539     7.67e-05      4.77
      2  0      -795.44051101     2.80e-05      4.77
      3  0      -795.44243946     1.05e-05      4.77
      4  0      -795.44272618     3.55e-06      4.84
      5  0      -795.44275491     9.52e-07      4.79
      6  0      -795.44275693     2.66e-07      4.80
      7  0      -795.44275710     9.24e-08      4.79
      8  0      -795.44275712     3.64e-08      4.79
      9  0      -795.44275712     1.55e-08      4.79
     10  0      -795.44275712     6.60e-09      4.78
     11  0      -795.44275712     2.83e-09      4.79
     12  0      -795.44275712     1.25e-09      4.78
     13  0      -795.44275712     5.68e-10      4.78
     14  0      -795.44275712     2.63e-10      4.84
     15  0      -795.44275712     1.22e-10      4.79
     16  0 *    -795.44275712     5.59e-11      3.37

     * ci vector, state   0, <S^2> = 0.7500
       2222222a......     0.9683853147
       222222.a2.....     0.1088717449
       22222.2a.2....     0.0565244771
       - FCI and RDMs                             87.41
    * Integral transformation done. Elapsed time: 0.49

     guess   0:   closed 1111111.......       open .......1......      

  === FCI iteration ===

      0  0      -795.29795745     1.89e-04      4.75
      1  0      -795.42401765     7.66e-05      4.77
      2  0      -795.44079919     2.79e-05      4.77
      3  0      -795.44272285     1.05e-05      4.77
      4  0      -795.44300761     3.54e-06      4.76
      5  0      -795.44303639     9.56e-07      4.76
      6  0      -795.44303844     2.69e-07      4.76
      7  0      -795.44303862     9.33e-08      4.76
      8  0      -795.44303864     3.69e-08      4.76
      9  0      -795.44303864     1.60e-08      4.76
     10  0      -795.44303864     6.95e-09      4.75
     11  0      -795.44303864     3.02e-09      4.75
     12  0      -795.44303864     1.34e-09      4.76
     13  0      -795.44303864     6.05e-10      4.80
     14  0      -795.44303864     2.80e-10      4.76
     15  0      -795.44303864     1.30e-10      4.76
     16  0 *    -795.44303864     5.95e-11      3.40

     * ci vector, state   0, <S^2> = 0.7500
       2222222a......     0.9681988383
       222222.a2.....     0.1089543340
       22222.2a.2....     0.0562650077
       222.222a....2.     0.0509582337
       - FCI and RDMs                             86.86
    * Integral transformation done. Elapsed time: 0.43

     guess   0:   closed 1111111.......       open .......1......      

  === FCI iteration ===

      0  0      -795.29796383     1.89e-04      4.83
      1  0      -795.42448546     7.65e-05      4.88
      2  0      -795.44125922     2.78e-05      4.87
      3  0      -795.44317932     1.04e-05      4.86
      4  0      -795.44346214     3.54e-06      4.87
      5  0      -795.44349107     9.64e-07      4.88
      6  0      -795.44349317     2.75e-07      4.90
      7  0      -795.44349335     9.49e-08      4.87
      8  0      -795.44349338     3.76e-08      4.88
      9  0      -795.44349338     1.66e-08      4.88
     10  0      -795.44349338     7.37e-09      4.87
     11  0      -795.44349338     3.23e-09      4.88
     12  0      -795.44349338     1.43e-09      4.89
     13  0      -795.44349338     6.34e-10      4.91
     14  0      -795.44349338     2.93e-10      4.89
     15  0      -795.44349338     1.39e-10      4.91
     16  0 *    -795.44349338     6.37e-11      3.45

     * ci vector, state   0, <S^2> = 0.7500
       2222222a......     0.9679062078
       222222.a2.....     0.1091446139
       22222.2a.2....     0.0560694938
       222.222a....2.     0.0526262000
       - FCI and RDMs                             88.88
    * Integral transformation done. Elapsed time: 0.38

     guess   0:   closed 1111111.......       open .......1......      

  === FCI iteration ===

      0  0      -795.29796577     1.88e-04      4.76
      1  0      -795.42520282     7.64e-05      4.78
      2  0      -795.44199860     2.78e-05      4.76
      3  0      -795.44391967     1.04e-05      4.80
      4  0      -795.44420159     3.54e-06      4.77
      5  0      -795.44423089     9.80e-07      4.76
      6  0      -795.44423309     2.86e-07      4.77
      7  0      -795.44423329     9.85e-08      4.77
      8  0      -795.44423332     3.86e-08      4.80
      9  0      -795.44423332     1.72e-08      4.78
     10  0      -795.44423332     7.85e-09      4.78
     11  0      -795.44423332     3.47e-09      4.77
     12  0      -795.44423332     1.51e-09      4.77
     13  0      -795.44423332     6.42e-10      4.79
     14  0      -795.44423332     2.94e-10      4.78
     15  0      -795.44423332     1.45e-10      4.77
     16  0 *    -795.44423332     6.88e-11      3.37

     * ci vector, state   0, <S^2> = 0.7500
       2222222a......     0.9674297701
       222222.a2.....     0.1095676153
       22222.2a.2....     0.0560915399
       222.222a....2.     0.0547365966
       - FCI and RDMs                             87.09
    * Integral transformation done. Elapsed time: 0.40

     guess   0:   closed 1111111.......       open .......1......      

  === FCI iteration ===

      0  0      -795.29795242     1.88e-04      4.77
      1  0      -795.42623506     7.63e-05      4.82
      2  0      -795.44313283     2.77e-05      4.89
      3  0      -795.44506542     1.04e-05      4.88
      4  0      -795.44534974     3.56e-06      4.88
      5  0      -795.44538010     1.01e-06      4.90
      6  0      -795.44538252     3.09e-07      4.87
      7  0      -795.44538275     1.08e-07      4.89
      8  0      -795.44538278     4.15e-08      4.88
      9  0      -795.44538279     1.83e-08      4.90
     10  0      -795.44538279     8.59e-09      4.87
     11  0      -795.44538279     3.88e-09      4.89
     12  0      -795.44538279     1.64e-09      4.89
     13  0      -795.44538279     6.45e-10      4.89
     14  0      -795.44538279     2.64e-10      4.90
     15  0      -795.44538279     1.31e-10      4.90
     16  0 *    -795.44538279     6.89e-11      3.49

     * ci vector, state   0, <S^2> = 0.7500
       2222222a......     0.9666488097
       222222.a2.....     0.1104546348
       222.222a....2.     0.0573343210
       22222.2a.2....     0.0565543087
       - FCI and RDMs                             88.94
    * Integral transformation done. Elapsed time: 0.40

     guess   0:   closed 1111111.......       open .......1......      

  === FCI iteration ===

      0  0      -795.29790833     1.88e-04      4.80
      1  0      -795.42748475     7.64e-05      4.81
      2  0      -795.44461886     2.78e-05      4.82
      3  0      -795.44658115     1.04e-05      4.82
      4  0      -795.44687423     3.65e-06      4.82
      5  0      -795.44690735     1.08e-06      4.83
      6  0      -795.44691027     3.55e-07      4.84
      7  0      -795.44691061     1.30e-07      4.82
      8  0      -795.44691065     5.03e-08      4.84
      9  0      -795.44691066     2.20e-08      4.85
     10  0      -795.44691066     1.05e-08      4.82
     11  0      -795.44691066     4.88e-09      4.84
     12  0      -795.44691066     2.02e-09      4.85
     13  0      -795.44691066     7.93e-10      4.84
     14  0      -795.44691066     3.01e-10      4.86
     15  0      -795.44691066     1.23e-10      4.85
     16  0 *    -795.44691066     5.13e-11      3.44

     * ci vector, state   0, <S^2> = 0.7500
       2222222a......     0.9654567571
       222222.a2.....     0.1120631641
       222.222a....2.     0.0601971039
       22222.2a.2....     0.0574203383
       - FCI and RDMs                             88.00
    * Integral transformation done. Elapsed time: 0.38

     guess   0:   closed 1111111.......       open .......1......      

  === FCI iteration ===

      0  0      -795.29782618     1.87e-04      4.79
      1  0      -795.42860903     7.65e-05      4.79
      2  0      -795.44609287     2.79e-05      4.78
      3  0      -795.44811003     1.06e-05      4.81
      4  0      -795.44841960     3.83e-06      4.80
      5  0      -795.44845861     1.22e-06      4.82
      6  0      -795.44846263     4.37e-07      4.82
      7  0      -795.44846317     1.70e-07      4.83
      8  0      -795.44846325     6.69e-08      4.83
      9  0      -795.44846326     2.97e-08      4.83
     10  0      -795.44846327     1.43e-08      4.82
     11  0      -795.44846327     6.76e-09      4.83
     12  0      -795.44846327     2.87e-09      4.82
     13  0      -795.44846327     1.25e-09      4.82
     14  0      -795.44846327     5.43e-10      4.82
     15  0      -795.44846327     2.36e-10      4.83
     16  0 *    -795.44846327     9.41e-11      3.41

     * ci vector, state   0, <S^2> = 0.7500
       2222222a......     0.9639184240
       222222.a2.....     0.1142388564
       222.222a....2.     0.0627267004
       22222.2a.2....     0.0581532522
       2.22222a.....2     0.0504457677
       - FCI and RDMs                             87.86
    * Integral transformation done. Elapsed time: 0.37

     guess   0:   closed 1111111.......       open .......1......      

  === FCI iteration ===

      0  0      -795.29771956     1.87e-04      4.71
      1  0      -795.42874401     7.70e-05      4.73
      2  0      -795.44701509     2.86e-05      4.76
      3  0      -795.44923870     1.11e-05      4.75
      4  0      -795.44959793     4.39e-06      4.76
      5  0      -795.44965524     1.64e-06      4.77
      6  0      -795.44966333     6.68e-07      4.78
      7  0      -795.44966462     2.58e-07      4.76
      8  0      -795.44966482     1.02e-07      4.78
      9  0      -795.44966485     4.74e-08      4.77
     10  0      -795.44966486     2.24e-08      4.79
     11  0      -795.44966486     1.02e-08      4.77
     12  0      -795.44966486     4.88e-09      4.78
     13  0      -795.44966486     2.50e-09      4.78
     14  0      -795.44966486     1.13e-09      4.78
     15  0      -795.44966486     4.69e-10      4.79
     16  0      -795.44966486     1.90e-10      4.83
     17  0 *    -795.44966486     7.98e-11      3.41

     * ci vector, state   0, <S^2> = 0.7500
       2222222a......    -0.9623135823
       222222.a2.....    -0.1161780585
       2.22222a...2..    -0.0634720063
       222.222a.....2    -0.0624627806
       22222.2a.2....    -0.0583058191
       - FCI and RDMs                             91.91
    * Integral transformation done. Elapsed time: 0.38

     guess   0:   closed 1111111.......       open .......1......      

  === FCI iteration ===

      0  0      -795.29761592     1.86e-04      4.76
      1  0      -795.42747933     7.83e-05      4.76
      2  0      -795.44695065     3.08e-05      4.78
      3  0      -795.44973863     1.29e-05      4.77
      4  0      -795.45025936     5.65e-06      4.78
      5  0      -795.45036755     2.40e-06      4.80
      6  0      -795.45038614     1.01e-06      4.81
      7  0      -795.45038902     3.86e-07      4.77
      8  0      -795.45038944     1.64e-07      4.79
      9  0      -795.45038951     7.78e-08      4.79
     10  0      -795.45038953     3.58e-08      4.77
     11  0      -795.45038954     1.55e-08      4.95
     12  0      -795.45038954     8.17e-09      4.83
     13  0      -795.45038954     4.96e-09      4.77
     14  0      -795.45038954     2.63e-09      4.78
     15  0      -795.45038954     1.22e-09      4.78
     16  0      -795.45038954     5.17e-10      4.79
     17  0      -795.45038954     2.15e-10      4.79
     18  0 *    -795.45038954     8.90e-11      3.38

     * ci vector, state   0, <S^2> = 0.7500
       2222222a......     0.9610232023
       222222.a2.....     0.1172710488
       222.222a.2....     0.0636512674
       22.2222a.....2     0.0624962171
       - FCI and RDMs                             97.03
    * Integral transformation done. Elapsed time: 0.43

     guess   0:   closed 1111111.......       open .......1......      

  === FCI iteration ===

      0  0      -795.29753609     1.86e-04      4.88
      1  0      -795.42972050     7.69e-05      4.87
      2  0      -795.44808735     2.85e-05      4.87
      3  0      -795.45030015     1.11e-05      4.88
      4  0      -795.45065751     4.31e-06      4.87
      5  0      -795.45071259     1.52e-06      4.86
      6  0      -795.45071956     6.16e-07      4.88
      7  0      -795.45072066     2.52e-07      4.87
      8  0      -795.45072084     1.01e-07      4.88
      9  0      -795.45072088     4.23e-08      4.89
     10  0      -795.45072088     1.97e-08      4.88
     11  0      -795.45072088     9.58e-09      4.84
     12  0      -795.45072088     4.71e-09      4.83
     13  0      -795.45072088     2.49e-09      4.82
     14  0      -795.45072088     1.23e-09      4.84
     15  0      -795.45072088     5.28e-10      4.83
     16  0      -795.45072088     2.11e-10      4.83
     17  0 *    -795.45072088     9.31e-11      3.44

     * ci vector, state   0, <S^2> = 0.7500
       2222222a......    -0.9602533689
       222222.a2.....    -0.1175983169
       2222.22a.2....    -0.0816093726
       22.2222a.....2    -0.0612809681
       22222.2a..2...    -0.0510416022
       - FCI and RDMs                             93.37
    * Integral transformation done. Elapsed time: 0.43

     guess   0:   closed 1111111.......       open .......1......      

  === FCI iteration ===

      0  0      -795.29748817     1.86e-04      4.78
      1  0      -795.43001170     7.68e-05      4.84
      2  0      -795.44829907     2.83e-05      4.79
      3  0      -795.45045592     1.09e-05      4.78
      4  0      -795.45079658     4.15e-06      4.78
      5  0      -795.45084589     1.40e-06      4.79
      6  0      -795.45085170     5.44e-07      4.80
      7  0      -795.45085256     2.09e-07      4.80
      8  0      -795.45085269     8.12e-08      4.80
      9  0      -795.45085271     3.51e-08      4.80
     10  0      -795.45085272     1.71e-08      4.78
     11  0      -795.45085272     8.30e-09      4.80
     12  0      -795.45085272     3.87e-09      4.81
     13  0      -795.45085272     1.95e-09      4.80
     14  0      -795.45085272     9.15e-10      4.80
     15  0      -795.45085272     3.68e-10      4.80
     16  0      -795.45085272     1.51e-10      4.81
     17  0 *    -795.45085272     6.67e-11      3.39

     * ci vector, state   0, <S^2> = 0.7500
       2222222a......    -0.9598863746
       222222.a2.....    -0.1174855238
       22222.2a.2....    -0.0988890293
       22.2222a.....2    -0.0600689566
       2222.22a..2...    -0.0590648070
       - FCI and RDMs                             92.31
    * Integral transformation done. Elapsed time: 0.38

     guess   0:   closed 1111111.......       open .......1......      

  === FCI iteration ===

      0  0      -795.29746841     1.86e-04      4.78
      1  0      -795.43004603     7.69e-05      4.78
      2  0      -795.44835966     2.84e-05      4.79
      3  0      -795.45052783     1.09e-05      4.78
      4  0      -795.45087028     4.15e-06      4.80
      5  0      -795.45091948     1.40e-06      4.80
      6  0      -795.45092526     5.43e-07      4.80
      7  0      -795.45092612     2.09e-07      4.79
      8  0      -795.45092625     8.15e-08      4.80
      9  0      -795.45092628     3.51e-08      4.80
     10  0      -795.45092628     1.72e-08      4.83
     11  0      -795.45092628     8.37e-09      4.80
     12  0      -795.45092628     3.91e-09      4.82
     13  0      -795.45092628     1.96e-09      4.79
     14  0      -795.45092628     9.22e-10      4.81
     15  0      -795.45092628     3.68e-10      4.80
     16  0      -795.45092628     1.50e-10      4.82
     17  0 *    -795.45092628     6.61e-11      3.39

     * ci vector, state   0, <S^2> = 0.7500
       2222222a......    -0.9597211956
       222222.a2.....    -0.1171919710
       22222.2a.2....    -0.1012208562
       22.2222a.....2    -0.0593215319
       2222.22a..2...    -0.0591494477
       - FCI and RDMs                             92.39
    * Integral transformation done. Elapsed time: 0.38

     guess   0:   closed 1111111.......       open .......1......      

  === FCI iteration ===

      0  0      -795.29746784     1.86e-04      4.77
      1  0      -795.43011461     7.69e-05      4.77
      2  0      -795.44843316     2.84e-05      4.78
      3  0      -795.45060723     1.10e-05      4.77
      4  0      -795.45095088     4.15e-06      4.77
      5  0      -795.45099990     1.40e-06      4.79
      6  0      -795.45100567     5.42e-07      4.78
      7  0      -795.45100653     2.11e-07      4.80
      8  0      -795.45100667     8.24e-08      4.75
      9  0      -795.45100669     3.55e-08      4.76
     10  0      -795.45100670     1.73e-08      4.75
     11  0      -795.45100670     8.43e-09      4.83
     12  0      -795.45100670     3.97e-09      4.89
     13  0      -795.45100670     1.99e-09      4.87
     14  0      -795.45100670     9.36e-10      4.87
     15  0      -795.45100670     3.71e-10      4.87
     16  0      -795.45100670     1.50e-10      4.89
     17  0 *    -795.45100670     6.59e-11      3.44

     * ci vector, state   0, <S^2> = 0.7500
       2222222a......    -0.9596258273
       222222.a2.....    -0.1168534000
       22222.2a.2....    -0.1022827885
       2222.22a..2...    -0.0592270322
       22.2222a.....2    -0.0590038099
       - FCI and RDMs                             92.59
    * Integral transformation done. Elapsed time: 0.37

     guess   0:   closed 1111111.......       open .......1......      

  === FCI iteration ===

      0  0      -795.29747758     1.86e-04      4.79
      1  0      -795.43022246     7.69e-05      4.78
      2  0      -795.44854270     2.85e-05      4.79
      3  0      -795.45072091     1.10e-05      4.80
      4  0      -795.45106561     4.15e-06      4.82
      5  0      -795.45111448     1.39e-06      4.79
      6  0      -795.45112024     5.42e-07      4.81
      7  0      -795.45112112     2.13e-07      4.81
      8  0      -795.45112126     8.43e-08      4.80
      9  0      -795.45112129     3.64e-08      4.81
     10  0      -795.45112129     1.76e-08      4.82
     11  0      -795.45112129     8.52e-09      4.79
     12  0      -795.45112129     4.04e-09      4.79
     13  0      -795.45112129     2.05e-09      4.80
     14  0      -795.45112129     9.68e-10      4.81
     15  0      -795.45112129     3.82e-10      4.79
     16  0      -795.45112129     1.55e-10      4.81
     17  0 *    -795.45112129     6.80e-11      3.40

     * ci vector, state   0, <S^2> = 0.7500
       2222222a......     0.9595289228
       222222.a2.....     0.1165175271
       22222.2a.2....     0.1027420600
       2222.22a..2...     0.0593017738
       22.2222a.....2     0.0589332200
       - FCI and RDMs                             92.48
    * Integral transformation done. Elapsed time: 0.39

     guess   0:   closed 1111111.......       open .......1......      

  === FCI iteration ===

      0  0      -795.29749031     1.86e-04      4.76
      1  0      -795.43035124     7.70e-05      4.78
      2  0      -795.44868166     2.85e-05      4.78
      3  0      -795.45086452     1.10e-05      4.79
      4  0      -795.45121009     4.15e-06      4.80
      5  0      -795.45125881     1.39e-06      4.80
      6  0      -795.45126457     5.42e-07      4.81
      7  0      -795.45126546     2.16e-07      4.79
      8  0      -795.45126561     8.71e-08      4.81
      9  0      -795.45126563     3.80e-08      4.79
     10  0      -795.45126564     1.81e-08      4.81
     11  0      -795.45126564     8.67e-09      4.81
     12  0      -795.45126564     4.14e-09      4.80
     13  0      -795.45126564     2.12e-09      4.80
     14  0      -795.45126564     1.01e-09      4.78
     15  0      -795.45126564     4.02e-10      4.82
     16  0      -795.45126564     1.66e-10      4.79
     17  0 *    -795.45126564     7.44e-11      3.40

     * ci vector, state   0, <S^2> = 0.7500
       2222222a......     0.9593988349
       222222.a2.....     0.1162268283
       22222.2a.2....     0.1029097501
       2222.22a..2...     0.0593581252
       22.2222a.....2     0.0589334681
       - FCI and RDMs                             92.28
    * Integral transformation done. Elapsed time: 0.39

     guess   0:   closed 1111111.......       open .......1......      

  === FCI iteration ===

      0  0      -795.29750119     1.86e-04      4.89
      1  0      -795.43045761     7.70e-05      4.92
      2  0      -795.44880926     2.85e-05      4.91
      3  0      -795.45099753     1.10e-05      4.90
      4  0      -795.45134356     4.16e-06      4.93
      5  0      -795.45139220     1.39e-06      4.90
      6  0      -795.45139793     5.40e-07      4.95
      7  0      -795.45139882     2.18e-07      4.85
      8  0      -795.45139898     8.94e-08      4.85
      9  0      -795.45139900     3.96e-08      4.84
     10  0      -795.45139901     1.88e-08      4.85
     11  0      -795.45139901     8.86e-09      4.86
     12  0      -795.45139901     4.22e-09      4.85
     13  0      -795.45139901     2.16e-09      4.85
     14  0      -795.45139901     1.04e-09      4.83
     15  0      -795.45139901     4.21e-10      4.84
     16  0      -795.45139901     1.80e-10      4.85
     17  0 *    -795.45139901     8.32e-11      3.44

     * ci vector, state   0, <S^2> = 0.7500
       2222222a......     0.9592516564
       222222.a2.....     0.1160461981
       22222.2a.2....     0.1029755837
       2222.22a..2...     0.0593857336
       22.2222a.....2     0.0588542914
       - FCI and RDMs                             93.61
    * Integral transformation done. Elapsed time: 0.38

     guess   0:   closed 1111111.......       open .......1......      

  === FCI iteration ===

      0  0      -795.29750662     1.86e-04      4.80
      1  0      -795.43051051     7.70e-05      4.80
      2  0      -795.44888862     2.85e-05      4.85
      3  0      -795.45108230     1.10e-05      4.82
      4  0      -795.45142854     4.16e-06      4.84
      5  0      -795.45147719     1.39e-06      4.79
      6  0      -795.45148290     5.39e-07      4.81
      7  0      -795.45148380     2.18e-07      4.81
      8  0      -795.45148395     9.07e-08      4.79
      9  0      -795.45148398     4.05e-08      4.81
     10  0      -795.45148399     1.92e-08      4.79
     11  0      -795.45148399     8.96e-09      4.86
     12  0      -795.45148399     4.24e-09      4.81
     13  0      -795.45148399     2.17e-09      4.85
     14  0      -795.45148399     1.05e-09      4.81
     15  0      -795.45148399     4.28e-10      4.82
     16  0      -795.45148399     1.87e-10      4.82
     17  0 *    -795.45148399     8.89e-11      3.40

     * ci vector, state   0, <S^2> = 0.7500
       2222222a......    -0.9591312322
       222222.a2.....    -0.1159916263
       22222.2a.2....    -0.1030419009
       2222.22a..2...    -0.0593893935
       22.2222a.....2    -0.0586273052
       - FCI and RDMs                             92.69
    * Integral transformation done. Elapsed time: 0.40

     guess   0:   closed 1111111.......       open .......1......      

  === FCI iteration ===

      0  0      -795.29750674     1.86e-04      4.78
      1  0      -795.43052063     7.70e-05      4.80
      2  0      -795.44892278     2.86e-05      4.82
      3  0      -795.45112127     1.10e-05      4.77
      4  0      -795.45146778     4.17e-06      4.78
      5  0      -795.45151650     1.39e-06      4.77
      6  0      -795.45152222     5.38e-07      4.78
      7  0      -795.45152311     2.19e-07      4.78
      8  0      -795.45152327     9.11e-08      4.77
      9  0      -795.45152330     4.08e-08      4.79
     10  0      -795.45152330     1.93e-08      4.77
     11  0      -795.45152330     8.95e-09      4.82
     12  0      -795.45152330     4.21e-09      4.79
     13  0      -795.45152330     2.14e-09      4.79
     14  0      -795.45152330     1.03e-09      4.80
     15  0      -795.45152330     4.27e-10      4.85
     16  0      -795.45152330     1.89e-10      4.79
     17  0 *    -795.45152330     9.09e-11      3.37

     * ci vector, state   0, <S^2> = 0.7500
       2222222a......     0.9590563774
       222222.a2.....     0.1160070304
       22222.2a.2....     0.1031079939
       2222.22a..2...     0.0593842749
       22.2222a.....2     0.0583294374
       - FCI and RDMs                             92.09
    * Integral transformation done. Elapsed time: 0.39

     guess   0:   closed 1111111.......       open .......1......      

  === FCI iteration ===

      0  0      -795.29750485     1.86e-04      4.90
      1  0      -795.43051400     7.70e-05      4.91
      2  0      -795.44893346     2.86e-05      4.90
      3  0      -795.45113567     1.10e-05      4.89
      4  0      -795.45148251     4.17e-06      4.90
      5  0      -795.45153132     1.39e-06      4.91
      6  0      -795.45153704     5.39e-07      4.89
      7  0      -795.45153794     2.19e-07      4.81
      8  0      -795.45153809     9.13e-08      4.78
      9  0      -795.45153812     4.08e-08      4.79
     10  0      -795.45153813     1.93e-08      4.78
     11  0      -795.45153813     8.90e-09      4.80
     12  0      -795.45153813     4.17e-09      4.79
     13  0      -795.45153813     2.11e-09      4.79
     14  0      -795.45153813     1.02e-09      4.80
     15  0      -795.45153813     4.23e-10      4.81
     16  0      -795.45153813     1.88e-10      4.81
     17  0 *    -795.45153813     9.11e-11      3.39

     * ci vector, state   0, <S^2> = 0.7500
       2222222a......     0.9590171622
       222222.a2.....     0.1160355889
       22222.2a.2....     0.1031534882
       2222.22a..2...     0.0593811570
       22.2222a.....2     0.0580742807
       - FCI and RDMs                             92.99
    * Integral transformation done. Elapsed time: 0.38

     guess   0:   closed 1111111.......       open .......1......      

  === FCI iteration ===

      0  0      -795.29750312     1.86e-04      4.80
      1  0      -795.43050563     7.70e-05      4.83
      2  0      -795.44893570     2.86e-05      4.81
      3  0      -795.45114038     1.10e-05      4.80
      4  0      -795.45148750     4.18e-06      4.81
      5  0      -795.45153637     1.39e-06      4.83
      6  0      -795.45154210     5.39e-07      4.81
      7  0      -795.45154300     2.19e-07      4.83
      8  0      -795.45154316     9.13e-08      4.83
      9  0      -795.45154319     4.07e-08      4.83
     10  0      -795.45154319     1.92e-08      4.82
     11  0      -795.45154319     8.86e-09      4.84
     12  0      -795.45154319     4.14e-09      4.86
     13  0      -795.45154319     2.09e-09      4.81
     14  0      -795.45154319     1.01e-09      4.80
     15  0      -795.45154319     4.20e-10      4.80
     16  0      -795.45154319     1.87e-10      4.80
     17  0 *    -795.45154319     9.09e-11      3.41

     * ci vector, state   0, <S^2> = 0.7500
       2222222a......     0.9589984234
       222222.a2.....     0.1160557945
       22222.2a.2....     0.1031787401
       2222.22a..2...     0.0593814645
       22.2222a.....2     0.0579023987
       - FCI and RDMs                             92.77
    * Integral transformation done. Elapsed time: 0.39

     guess   0:   closed 1111111.......       open .......1......      

  === FCI iteration ===

      0  0      -795.29750204     1.86e-04      4.78
      1  0      -795.43049976     7.70e-05      4.79
      2  0      -795.44893569     2.86e-05      4.83
      3  0      -795.45114181     1.10e-05      4.83
      4  0      -795.45148913     4.18e-06      4.84
      5  0      -795.45153804     1.39e-06      4.81
      6  0      -795.45154377     5.39e-07      4.80
      7  0      -795.45154467     2.19e-07      4.81
      8  0      -795.45154483     9.13e-08      4.81
      9  0      -795.45154486     4.07e-08      4.82
     10  0      -795.45154486     1.92e-08      4.81
     11  0      -795.45154486     8.84e-09      4.82
     12  0      -795.45154486     4.12e-09      4.92
     13  0      -795.45154486     2.08e-09      4.83
     14  0      -795.45154486     1.00e-09      4.81
     15  0      -795.45154486     4.18e-10      4.82
     16  0      -795.45154486     1.87e-10      4.81
     17  0 *    -795.45154486     9.08e-11      3.39

     * ci vector, state   0, <S^2> = 0.7500
       2222222a......     0.9589898637
       222222.a2.....     0.1160666112
       22222.2a.2....     0.1031913962
       2222.22a..2...     0.0593831075
       22.2222a.....2     0.0578012930
       - FCI and RDMs                             92.76
    * Integral transformation done. Elapsed time: 0.38

     guess   0:   closed 1111111.......       open .......1......      

  === FCI iteration ===

      0  0      -795.29750148     1.86e-04      4.79
      1  0      -795.43049637     7.71e-05      4.81
      2  0      -795.44893532     2.86e-05      4.81
      3  0      -795.45114223     1.11e-05      4.83
      4  0      -795.45148966     4.18e-06      4.82
      5  0      -795.45153859     1.39e-06      4.84
      6  0      -795.45154432     5.39e-07      4.83
      7  0      -795.45154522     2.19e-07      4.84
      8  0      -795.45154538     9.13e-08      4.84
      9  0      -795.45154541     4.07e-08      4.84
     10  0      -795.45154541     1.92e-08      4.82
     11  0      -795.45154542     8.82e-09      4.85
     12  0      -795.45154542     4.11e-09      4.84
     13  0      -795.45154542     2.08e-09      4.84
     14  0      -795.45154542     1.00e-09      4.84
     15  0      -795.45154542     4.17e-10      4.85
     16  0      -795.45154542     1.86e-10      4.85
     17  0 *    -795.45154542     9.07e-11      3.44

     * ci vector, state   0, <S^2> = 0.7500
       2222222a......    -0.9589860325
       222222.a2.....    -0.1160715856
       22222.2a.2....    -0.1031973350
       2222.22a..2...    -0.0593846593
       22.2222a.....2    -0.0577465856
       - FCI and RDMs                             92.97
    * Integral transformation done. Elapsed time: 0.38

     guess   0:   closed 1111111.......       open .......1......      

  === FCI iteration ===

      0  0      -795.29750121     1.86e-04      4.74
      1  0      -795.43049461     7.71e-05      4.75
      2  0      -795.44893504     2.86e-05      4.75
      3  0      -795.45114234     1.11e-05      4.75
      4  0      -795.45148983     4.18e-06      4.75
      5  0      -795.45153877     1.39e-06      4.77
      6  0      -795.45154451     5.40e-07      4.78
      7  0      -795.45154541     2.19e-07      4.76
      8  0      -795.45154557     9.13e-08      4.79
      9  0      -795.45154559     4.07e-08      4.78
     10  0      -795.45154560     1.92e-08      4.77
     11  0      -795.45154560     8.82e-09      4.77
     12  0      -795.45154560     4.11e-09      4.77
     13  0      -795.45154560     2.07e-09      4.80
     14  0      -795.45154560     1.00e-09      4.76
     15  0      -795.45154560     4.17e-10      4.77
     16  0      -795.45154560     1.86e-10      4.78
     17  0 *    -795.45154560     9.06e-11      3.38

     * ci vector, state   0, <S^2> = 0.7500
       2222222a......    -0.9589843332
       222222.a2.....    -0.1160735854
       22222.2a.2....    -0.1031999408
       2222.22a..2...    -0.0593857267
       22.2222a.....2    -0.0577186386
       - FCI and RDMs                             91.70
    * Integral transformation done. Elapsed time: 0.39

     guess   0:   closed 1111111.......       open .......1......      

  === FCI iteration ===

      0  0      -795.29750110     1.86e-04      4.85
      1  0      -795.43049375     7.71e-05      4.88
      2  0      -795.44893488     2.86e-05      4.89
      3  0      -795.45114237     1.11e-05      4.87
      4  0      -795.45148989     4.18e-06      4.88
      5  0      -795.45153883     1.39e-06      4.90
      6  0      -795.45154457     5.40e-07      4.90
      7  0      -795.45154547     2.19e-07      4.92
      8  0      -795.45154563     9.13e-08      4.90
      9  0      -795.45154566     4.07e-08      4.90
     10  0      -795.45154566     1.92e-08      4.89
     11  0      -795.45154566     8.81e-09      4.91
     12  0      -795.45154566     4.11e-09      4.89
     13  0      -795.45154566     2.07e-09      4.91
     14  0      -795.45154566     1.00e-09      4.91
     15  0      -795.45154566     4.17e-10      4.92
     16  0      -795.45154566     1.86e-10      4.91
     17  0 *    -795.45154566     9.06e-11      3.47

     * ci vector, state   0, <S^2> = 0.7500
       2222222a......    -0.9589835835
       222222.a2.....    -0.1160742356
       22222.2a.2....    -0.1032009859
       2222.22a..2...    -0.0593863633
       22.2222a.....2    -0.0577049649
       - FCI and RDMs                             94.07
    * Integral transformation done. Elapsed time: 0.38

     guess   0:   closed 1111111.......       open .......1......      

  === FCI iteration ===

      0  0      -795.29750105     1.86e-04      4.84
      1  0      -795.43049335     7.71e-05      4.74
      2  0      -795.44893480     2.86e-05      4.76
      3  0      -795.45114238     1.11e-05      4.88
      4  0      -795.45148991     4.18e-06      5.00
      5  0      -795.45153886     1.39e-06      4.89
      6  0      -795.45154459     5.40e-07      4.89
      7  0      -795.45154550     2.19e-07      4.88
      8  0      -795.45154565     9.13e-08      4.91
      9  0      -795.45154568     4.07e-08      4.89
     10  0      -795.45154569     1.92e-08      4.88
     11  0      -795.45154569     8.81e-09      4.89
     12  0      -795.45154569     4.10e-09      4.91
     13  0      -795.45154569     2.07e-09      4.87
     14  0      -795.45154569     1.00e-09      4.91
     15  0      -795.45154569     4.17e-10      4.93
     16  0      -795.45154569     1.86e-10      4.93
     17  0 *    -795.45154569     9.06e-11      3.52

     * ci vector, state   0, <S^2> = 0.7500
       2222222a......    -0.9589832550
       222222.a2.....    -0.1160743366
       22222.2a.2....    -0.1032013450
       2222.22a..2...    -0.0593867136
       22.2222a.....2    -0.0576985071
       - FCI and RDMs                             93.78
    * Integral transformation done. Elapsed time: 0.45

     guess   0:   closed 1111111.......       open .......1......      

  === FCI iteration ===

      0  0      -795.29750104     1.86e-04      4.91
      1  0      -795.43049317     7.71e-05      4.89
      2  0      -795.44893476     2.86e-05      4.90
      3  0      -795.45114238     1.11e-05      4.94
      4  0      -795.45148992     4.18e-06      4.91
      5  0      -795.45153887     1.39e-06      4.91
      6  0      -795.45154460     5.40e-07      4.92
      7  0      -795.45154550     2.19e-07      4.92
      8  0      -795.45154566     9.13e-08      4.91
      9  0      -795.45154569     4.07e-08      4.94
     10  0      -795.45154570     1.92e-08      4.93
     11  0      -795.45154570     8.81e-09      4.91
     12  0      -795.45154570     4.10e-09      4.93
     13  0      -795.45154570     2.07e-09      4.92
     14  0      -795.45154570     1.00e-09      4.92
     15  0      -795.45154570     4.17e-10      4.94
     16  0      -795.45154570     1.86e-10      4.93
     17  0 *    -795.45154570     9.06e-11      3.50

     * ci vector, state   0, <S^2> = 0.7500
       2222222a......    -0.9589831128
       222222.a2.....    -0.1160742486
       22222.2a.2....    -0.1032014247
       2222.22a..2...    -0.0593868966
       22.2222a.....2    -0.0576955506
       - FCI and RDMs                             94.57
    * Integral transformation done. Elapsed time: 0.42

     guess   0:   closed 1111111.......       open .......1......      

  === FCI iteration ===

      0  0      -795.29750103     1.86e-04      4.75
      1  0      -795.43049310     7.71e-05      4.77
      2  0      -795.44893475     2.86e-05      4.76
      3  0      -795.45114238     1.11e-05      4.77
      4  0      -795.45148992     4.18e-06      4.80
      5  0      -795.45153887     1.39e-06      4.82
      6  0      -795.45154461     5.40e-07      4.90
      7  0      -795.45154551     2.19e-07      4.80
      8  0      -795.45154567     9.13e-08      4.80
      9  0      -795.45154569     4.07e-08      4.79
     10  0      -795.45154570     1.92e-08      4.78
     11  0      -795.45154570     8.81e-09      4.78
     12  0      -795.45154570     4.10e-09      4.80
     13  0      -795.45154570     2.07e-09      4.78
     14  0      -795.45154570     1.00e-09      4.78
     15  0      -795.45154570     4.17e-10      4.78
     16  0      -795.45154570     1.86e-10      4.79
     17  0 *    -795.45154570     9.06e-11      3.39

     * ci vector, state   0, <S^2> = 0.7500
       2222222a......    -0.9589830523
       222222.a2.....    -0.1160741208
       22222.2a.2....    -0.1032014069
       2222.22a..2...    -0.0593869887
       22.2222a.....2    -0.0576942479
       - FCI and RDMs                             92.18
    * Integral transformation done. Elapsed time: 0.41

     guess   0:   closed 1111111.......       open .......1......      

  === FCI iteration ===

      0  0      -795.29750103     1.86e-04      4.81
      1  0      -795.43049307     7.71e-05      4.78
      2  0      -795.44893474     2.86e-05      4.78
      3  0      -795.45114238     1.11e-05      4.78
      4  0      -795.45148992     4.18e-06      4.79
      5  0      -795.45153887     1.39e-06      4.79
      6  0      -795.45154461     5.40e-07      4.80
      7  0      -795.45154551     2.19e-07      4.80
      8  0      -795.45154567     9.13e-08      4.81
      9  0      -795.45154569     4.07e-08      4.82
     10  0      -795.45154570     1.92e-08      4.81
     11  0      -795.45154570     8.81e-09      4.80
     12  0      -795.45154570     4.10e-09      4.79
     13  0      -795.45154570     2.07e-09      4.81
     14  0      -795.45154570     1.00e-09      4.81
     15  0      -795.45154570     4.17e-10      4.81
     16  0      -795.45154570     1.86e-10      4.81
     17  0 *    -795.45154570     9.06e-11      3.42

     * ci vector, state   0, <S^2> = 0.7500
       2222222a......    -0.9589830273
       222222.a2.....    -0.1160740065
       22222.2a.2....    -0.1032013651
       2222.22a..2...    -0.0593870339
       22.2222a.....2    -0.0576936862
       - FCI and RDMs                             92.41
    * Integral transformation done. Elapsed time: 0.39

     guess   0:   closed 1111111.......       open .......1......      

  === FCI iteration ===

      0  0      -795.29750104     1.86e-04      4.72
      1  0      -795.43049306     7.71e-05      4.74
      2  0      -795.44893474     2.86e-05      4.75
      3  0      -795.45114238     1.11e-05      4.75
      4  0      -795.45148992     4.18e-06      4.75
      5  0      -795.45153887     1.39e-06      4.74
      6  0      -795.45154461     5.40e-07      4.76
      7  0      -795.45154551     2.19e-07      4.76
      8  0      -795.45154567     9.13e-08      4.75
      9  0      -795.45154569     4.07e-08      4.77
     10  0      -795.45154570     1.92e-08      4.75
     11  0      -795.45154570     8.81e-09      4.75
     12  0      -795.45154570     4.10e-09      4.81
     13  0      -795.45154570     2.07e-09      4.78
     14  0      -795.45154570     1.00e-09      4.74
     15  0      -795.45154570     4.17e-10      4.75
     16  0      -795.45154570     1.86e-10      4.76
     17  0 *    -795.45154570     9.06e-11      3.37

     * ci vector, state   0, <S^2> = 0.7500
       2222222a......    -0.9589830177
       222222.a2.....    -0.1160739188
       22222.2a.2....    -0.1032013236
       2222.22a..2...    -0.0593870554
       22.2222a.....2    -0.0576934622
       - FCI and RDMs                             91.54
    * Integral transformation done. Elapsed time: 0.46

     guess   0:   closed 1111111.......       open .......1......      

  === FCI iteration ===

      0  0      -795.29750104     1.86e-04      4.86
      1  0      -795.43049306     7.71e-05      4.86
      2  0      -795.44893474     2.86e-05      4.85
      3  0      -795.45114238     1.11e-05      4.86
      4  0      -795.45148992     4.18e-06      4.86
      5  0      -795.45153887     1.39e-06      4.86
      6  0      -795.45154461     5.40e-07      4.86
      7  0      -795.45154551     2.19e-07      4.87
      8  0      -795.45154567     9.13e-08      4.87
      9  0      -795.45154570     4.07e-08      4.87
     10  0      -795.45154570     1.92e-08      4.85
     11  0      -795.45154570     8.81e-09      4.87
     12  0      -795.45154570     4.10e-09      4.87
     13  0      -795.45154570     2.07e-09      4.87
     14  0      -795.45154570     1.00e-09      4.86
     15  0      -795.45154570     4.17e-10      4.86
     16  0      -795.45154570     1.86e-10      4.87
     17  0 *    -795.45154570     9.06e-11      3.44

     * ci vector, state   0, <S^2> = 0.7500
       2222222a......    -0.9589830143
       222222.a2.....    -0.1160738567
       22222.2a.2....    -0.1032012925
       2222.22a..2...    -0.0593870655
       22.2222a.....2    -0.0576933817
       - FCI and RDMs                             93.48
    * Integral transformation done. Elapsed time: 0.37

     guess   0:   closed 1111111.......       open .......1......      

  === FCI iteration ===

      0  0      -795.29750104     1.86e-04      4.72
      1  0      -795.43049306     7.71e-05      4.75
      2  0      -795.44893474     2.86e-05      4.74
      3  0      -795.45114238     1.11e-05      4.76
      4  0      -795.45148992     4.18e-06      4.75
      5  0      -795.45153887     1.39e-06      4.75
      6  0      -795.45154461     5.40e-07      4.76
      7  0      -795.45154551     2.19e-07      4.78
      8  0      -795.45154567     9.13e-08      4.78
      9  0      -795.45154570     4.07e-08      4.77
     10  0      -795.45154570     1.92e-08      4.78
     11  0      -795.45154570     8.81e-09      4.78
     12  0      -795.45154570     4.10e-09      4.86
     13  0      -795.45154570     2.07e-09      4.82
     14  0      -795.45154570     1.00e-09      4.86
     15  0      -795.45154570     4.17e-10      4.84
     16  0      -795.45154570     1.86e-10      4.86
     17  0 *    -795.45154570     9.06e-11      3.42

     * ci vector, state   0, <S^2> = 0.7500
       2222222a......    -0.9589830133
       222222.a2.....    -0.1160738148
       22222.2a.2....    -0.1032012707
       2222.22a..2...    -0.0593870700
       22.2222a.....2    -0.0576933559
       - FCI and RDMs                             92.23
    * Integral transformation done. Elapsed time: 0.38

     guess   0:   closed 1111111.......       open .......1......      

  === FCI iteration ===

      0  0      -795.29750104     1.86e-04      4.77
      1  0      -795.43049306     7.71e-05      4.80
      2  0      -795.44893474     2.86e-05      4.78
      3  0      -795.45114238     1.11e-05      4.78
      4  0      -795.45148992     4.18e-06      4.76
      5  0      -795.45153887     1.39e-06      4.78
      6  0      -795.45154461     5.40e-07      4.79
      7  0      -795.45154551     2.19e-07      4.78
      8  0      -795.45154567     9.13e-08      4.78
      9  0      -795.45154570     4.07e-08      4.77
     10  0      -795.45154570     1.92e-08      4.80
     11  0      -795.45154570     8.81e-09      4.76
     12  0      -795.45154570     4.10e-09      4.78
     13  0      -795.45154570     2.07e-09      4.78
     14  0      -795.45154570     1.00e-09      4.81
     15  0      -795.45154570     4.17e-10      4.82
     16  0      -795.45154570     1.86e-10      4.84
     17  0 *    -795.45154570     9.06e-11      3.43

     * ci vector, state   0, <S^2> = 0.7500
       2222222a......    -0.9589830133
       222222.a2.....    -0.1160737873
       22222.2a.2....    -0.1032012554
       2222.22a..2...    -0.0593870720
       22.2222a.....2    -0.0576933504
       - FCI and RDMs                             92.13
