cpu-bind=MASK - cn0368, task  0  0 [3055193]: mask |BBBBBBBB|BBBBBBBB|BBBBBBBB|BBBBBBBB|BBBBBBBB|BBBBBBBB|BBBBBBBB|BBBBBBBB|BBBBBBBB|BBBBBBBB|BBBBBBBB|BBBBBBBB||||BBBBBBBB|BBBBBBBB|BBBBBBBB|BBBBBBBB|BBBBBBBB|BBBBBBBB|BBBBBBBB|BBBBBBBB|BBBBBBBB|BBBBBBBB|BBBBBBBB|BBBBBBBB|  set
Running "module reset". Resetting modules to system default. The following $MODULEPATH directories have been removed: None
cpu-bind=MASK - cn0368, task  0  0 [3055276]: mask |BBBBBBBB|BBBBBBBB|BBBBBBBB|BBBBBBBB|BBBBBBBB|BBBBBBBB|BBBBBBBB|BBBBBBBB|BBBBBBBB|BBBBBBBB|BBBBBBBB|BBBBBBBB||||BBBBBBBB|BBBBBBBB|BBBBBBBB|BBBBBBBB|BBBBBBBB|BBBBBBBB|BBBBBBBB|BBBBBBBB|BBBBBBBB|BBBBBBBB|BBBBBBBB|BBBBBBBB|  set
[cn0368:3055276] MCW rank 0 is not bound (or bound to all available processors)
[cn0368:3055276] MCW rank 0 is not bound (or bound to all available processors)
  * process grid (1, 1) will be used
    cn0368                          

  * using 192 threads per process

  ===============================================================
    BAGEL - Freshly leavened quantum chemistry                   
  ===============================================================

  *** Geometry ***

  { "atom" : "C", "xyz" : [     -8.053264,     -3.064321,      0.000010 ] },
  { "atom" : "C", "xyz" : [     -6.284441,     -1.256533,      0.000008 ] },
  { "atom" : "C", "xyz" : [     -3.707903,     -1.383545,      0.000003 ] },
  { "atom" : "C", "xyz" : [     -7.261265,     -5.630055,      0.000009 ] },
  { "atom" : "C", "xyz" : [     -4.744163,     -6.057374,      0.000005 ] },
  { "atom" : "C", "xyz" : [     -2.997715,     -4.026219,      0.000002 ] },
  { "atom" : "C", "xyz" : [     -1.543907,      0.021349,     -0.000001 ] },
  { "atom" : "C", "xyz" : [      0.892946,     -0.657108,     -0.000005 ] },
  { "atom" : "C", "xyz" : [     -0.467954,     -4.906753,     -0.000003 ] },
  { "atom" : "C", "xyz" : [      1.494856,     -3.273963,     -0.000007 ] },
  { "atom" : "C", "xyz" : [     -3.234922,     -8.392200,      0.000006 ] },
  { "atom" : "C", "xyz" : [     -0.601808,     -7.683660,     -0.000007 ] },
  { "atom" : "N", "xyz" : [     -3.975912,    -10.682956,      0.000009 ] },
  { "atom" : "N", "xyz" : [      1.188606,     -9.293366,     -0.000012 ] },
  { "atom" : "C", "xyz" : [     -2.102782,    -12.455765,      0.000002 ] },
  { "atom" : "C", "xyz" : [      0.457939,    -11.766742,     -0.000007 ] },
  { "atom" : "C", "xyz" : [     -2.760196,    -15.034136,      0.000006 ] },
  { "atom" : "C", "xyz" : [     -0.930171,    -16.834933,      0.000000 ] },
  { "atom" : "C", "xyz" : [      1.641079,    -16.143087,     -0.000010 ] },
  { "atom" : "C", "xyz" : [      2.320398,    -13.667120,     -0.000013 ] },
  { "atom" : "H", "xyz" : [     -4.727830,    -15.516659,      0.000013 ] },
  { "atom" : "H", "xyz" : [     -1.437236,    -18.797973,      0.000003 ] },
  { "atom" : "H", "xyz" : [      3.064741,    -17.586636,     -0.000014 ] },
  { "atom" : "H", "xyz" : [      4.264501,    -13.097147,     -0.000021 ] },
  { "atom" : "H", "xyz" : [      2.369634,      0.732837,     -0.000010 ] },
  { "atom" : "H", "xyz" : [      3.420883,     -3.902896,     -0.000012 ] },
  { "atom" : "H", "xyz" : [     -8.611930,     -7.140262,      0.000013 ] },
  { "atom" : "H", "xyz" : [    -10.027747,     -2.601843,      0.000015 ] },

  Number of auxiliary basis functions:     1820

  Since a DF basis is specified, we compute 2- and 3-index integrals:
    o Being stored without compression. Storage requirement is 7.381 GB
       - 3-index ints prep                         0.05
       - 3-index ints                              0.44
       - 2-index ints                              0.01
       - computing inverse                         3.23
        elapsed time:        3.75 sec.


  Number of basis functions:      712
  Number of electrons      :      130


    * METHOD: MOLECULE                             3.76

       - Overlap matrix                            0.01
       - Hcore matrix                              0.03
       - Overlap orthog                            2.12

  *** Open-shell HF ***

  === Nuclear Repulsion ===
  
  1324.5114813717

      * DIIS with orbital gradients will be used.

  === UHF iteration (cc-pvtz) ===
  
      0       -794.74543667          0.01089997           2.70
      1       -795.07466445          0.00681529           3.01
      2       -795.11006458          0.00597984           3.39
      3       -795.11170872          0.00608607           2.94
      4       -795.10530914          0.00635628           2.87
      5       -795.09367575          0.00673730           3.05
      6       -795.07842350          0.00728606           2.82
      7       -795.19350705          0.00019816           2.96
      8       -795.19354956          0.00018970           4.82
      9       -795.19364116          0.00005787           3.45
     10       -795.19365180          0.00001782           2.99
     11       -795.19365472          0.00000822           3.55
     12       -795.19365533          0.00000559           2.88
     13       -795.19365556          0.00000275           3.25
     14       -795.19365564          0.00000177           3.38
     15       -795.19365566          0.00000111           2.87
     16       -795.19365566          0.00000122           3.19
     17       -795.19365567          0.00000058           2.81
     18       -795.19365567          0.00000050           2.90
     19       -795.19365568          0.00000040           3.18
     20       -795.19365568          0.00000031           2.84
     21       -795.19365568          0.00000017           3.20
     22       -795.19365568          0.00000018           2.95
     23       -795.19365568          0.00000008           2.98
     24       -795.19365568          0.00000003           3.43
     25       -795.19365568          0.00000002           3.15
     26       -795.19365568          0.00000001           3.81
     27       -795.19365568          0.00000001           3.19
  
    * SCF iteration converged.

    * S^2 (UHF) is 0.0000

    * Permanent dipole moment:
           (   -0.133237,     0.542130,     0.000000) a.u.


    * METHOD: UHF                                 93.41

Printing 66 non-relativistic spatial orbital densities at 90 x 111 x 33 = 329670 gridpoints. 

Orbital printout computation finished; generating output files.
Sum of all gridpoints for orbital 1 = 0.00000.  Integrated orbital density = 0.00000.
Sum of all gridpoints for orbital 2 = 0.00000.  Integrated orbital density = 0.00000.
Sum of all gridpoints for orbital 3 = 0.00000.  Integrated orbital density = 0.00000.
Sum of all gridpoints for orbital 4 = 0.00000.  Integrated orbital density = 0.00000.
Sum of all gridpoints for orbital 5 = 0.00000.  Integrated orbital density = 0.00000.
Sum of all gridpoints for orbital 6 = 0.00000.  Integrated orbital density = 0.00000.
Sum of all gridpoints for orbital 7 = 0.00000.  Integrated orbital density = 0.00000.
Sum of all gridpoints for orbital 8 = 0.00000.  Integrated orbital density = 0.00000.
Sum of all gridpoints for orbital 9 = 0.00000.  Integrated orbital density = 0.00000.
Sum of all gridpoints for orbital 10 = 0.00000.  Integrated orbital density = 0.00000.
Sum of all gridpoints for orbital 11 = 0.00000.  Integrated orbital density = 0.00000.
Sum of all gridpoints for orbital 12 = 0.00000.  Integrated orbital density = 0.00000.
Sum of all gridpoints for orbital 13 = 0.00000.  Integrated orbital density = 0.00000.
Sum of all gridpoints for orbital 14 = 0.00000.  Integrated orbital density = 0.00000.
Sum of all gridpoints for orbital 15 = 0.00000.  Integrated orbital density = 0.00000.
Sum of all gridpoints for orbital 16 = 0.00000.  Integrated orbital density = 0.00000.
Sum of all gridpoints for orbital 17 = 0.00000.  Integrated orbital density = 0.00000.
Sum of all gridpoints for orbital 18 = 0.00000.  Integrated orbital density = 0.00000.
Sum of all gridpoints for orbital 19 = 0.00000.  Integrated orbital density = 0.00000.
Sum of all gridpoints for orbital 20 = 0.00000.  Integrated orbital density = 0.00000.
Sum of all gridpoints for orbital 21 = 0.00000.  Integrated orbital density = 0.00000.
Sum of all gridpoints for orbital 22 = 0.00000.  Integrated orbital density = 0.00000.
Sum of all gridpoints for orbital 23 = 0.00000.  Integrated orbital density = 0.00000.
Sum of all gridpoints for orbital 24 = 0.00000.  Integrated orbital density = 0.00000.
Sum of all gridpoints for orbital 25 = 0.00000.  Integrated orbital density = 0.00000.
Sum of all gridpoints for orbital 26 = 0.00000.  Integrated orbital density = 0.00000.
Sum of all gridpoints for orbital 27 = 0.00000.  Integrated orbital density = 0.00000.
Sum of all gridpoints for orbital 28 = 0.00000.  Integrated orbital density = 0.00000.
Sum of all gridpoints for orbital 29 = 0.00000.  Integrated orbital density = 0.00000.
Sum of all gridpoints for orbital 30 = 0.00000.  Integrated orbital density = 0.00000.
Sum of all gridpoints for orbital 31 = 0.00000.  Integrated orbital density = 0.00000.
Sum of all gridpoints for orbital 32 = 0.00000.  Integrated orbital density = 0.00000.
Sum of all gridpoints for orbital 33 = 0.00000.  Integrated orbital density = 0.00000.
Sum of all gridpoints for orbital 34 = 0.00000.  Integrated orbital density = 0.00000.
Sum of all gridpoints for orbital 35 = 0.00000.  Integrated orbital density = 0.00000.
Sum of all gridpoints for orbital 36 = 0.00000.  Integrated orbital density = 0.00000.
Sum of all gridpoints for orbital 37 = 0.00000.  Integrated orbital density = 0.00000.
Sum of all gridpoints for orbital 38 = 0.00000.  Integrated orbital density = 0.00000.
Sum of all gridpoints for orbital 39 = 0.00000.  Integrated orbital density = 0.00000.
Sum of all gridpoints for orbital 40 = 0.00000.  Integrated orbital density = 0.00000.
Sum of all gridpoints for orbital 41 = 0.00000.  Integrated orbital density = 0.00000.
Sum of all gridpoints for orbital 42 = 0.00000.  Integrated orbital density = 0.00000.
Sum of all gridpoints for orbital 43 = 0.00000.  Integrated orbital density = 0.00000.
Sum of all gridpoints for orbital 44 = 0.00000.  Integrated orbital density = 0.00000.
Sum of all gridpoints for orbital 45 = 0.00000.  Integrated orbital density = 0.00000.
Sum of all gridpoints for orbital 46 = 0.00000.  Integrated orbital density = 0.00000.
Sum of all gridpoints for orbital 47 = 0.00000.  Integrated orbital density = 0.00000.
Sum of all gridpoints for orbital 48 = 0.00000.  Integrated orbital density = 0.00000.
Sum of all gridpoints for orbital 49 = 0.00000.  Integrated orbital density = 0.00000.
Sum of all gridpoints for orbital 50 = 0.00000.  Integrated orbital density = 0.00000.
Sum of all gridpoints for orbital 51 = 0.00000.  Integrated orbital density = 0.00000.
Sum of all gridpoints for orbital 52 = 0.00000.  Integrated orbital density = 0.00000.
Sum of all gridpoints for orbital 53 = 0.00000.  Integrated orbital density = 0.00000.
Sum of all gridpoints for orbital 54 = 0.00000.  Integrated orbital density = 0.00000.
Sum of all gridpoints for orbital 55 = 0.00000.  Integrated orbital density = 0.00000.
Sum of all gridpoints for orbital 56 = 0.00000.  Integrated orbital density = 0.00000.
Sum of all gridpoints for orbital 57 = 0.00000.  Integrated orbital density = 0.00000.
Sum of all gridpoints for orbital 58 = 0.00000.  Integrated orbital density = 0.00000.
Sum of all gridpoints for orbital 59 = 0.00000.  Integrated orbital density = 0.00000.
Sum of all gridpoints for orbital 60 = 0.00000.  Integrated orbital density = 0.00000.
Sum of all gridpoints for orbital 61 = 0.00000.  Integrated orbital density = 0.00000.
Sum of all gridpoints for orbital 62 = 0.00000.  Integrated orbital density = 0.00000.
Sum of all gridpoints for orbital 63 = 0.00000.  Integrated orbital density = 0.00000.
Sum of all gridpoints for orbital 64 = 0.00000.  Integrated orbital density = 0.00000.
Sum of all gridpoints for orbital 65 = 0.00000.  Integrated orbital density = 0.00000.
Sum of all gridpoints for total density = 0.00000.  Total integrated density = 0.00000.

    * METHOD: MOPRINT                            829.61


    * METHOD: PRINT                                0.38

  ---------------------------
      CASSCF calculation     
  ---------------------------

    * nstate   :      1
    * nclosed  :     57
    * nact     :     16
    * nvirt    :    639
  === CASSCF iteration (cc-pvtz) ===

    * Using the second-order algorithm

      0  0      -795.19368363     4.88e-07   1744.07

         res : 4.30e-04   lamb: 1.86e+00   eps : -1.42e-04   step: 9.53e-01    1.23
         res : 4.48e-05   lamb: 5.10e+00   eps : -1.06e-04   step: 2.78e-01    1.14
         res : 6.92e-05   lamb: 6.06e+00   eps : -1.01e-04   step: 2.19e-01    1.10
         res : 2.01e-05   lamb: 6.24e+00   eps : -9.97e-05   step: 2.11e-01    1.12
      1  0      -795.19371626     1.58e-06   2163.38

         res : 1.11e-03   lamb: 1.88e+00   eps : -4.85e-04   step: 9.48e-01    1.18
         res : 1.47e-03   lamb: 2.83e+00   eps : -4.23e-04   step: 5.69e-01    1.09
         res : 6.19e-04   lamb: 2.89e+00   eps : -4.20e-04   step: 5.52e-01    1.22
         res : 4.75e-04   lamb: 2.98e+00   eps : -4.15e-04   step: 5.31e-01    1.27
         res : 1.34e-04   lamb: 3.00e+00   eps : -4.13e-04   step: 5.25e-01    1.01
         res : 1.66e-04   lamb: 3.04e+00   eps : -4.11e-04   step: 5.16e-01    1.11
         res : 4.30e-05   lamb: 3.05e+00   eps : -4.11e-04   step: 5.12e-01    1.18
srun: Job step aborted: Waiting up to 32 seconds for job step to finish.
slurmstepd: error: *** JOB 1074889 ON cn0368 CANCELLED AT 2026-02-24T16:08:51 ***
slurmstepd: error: *** STEP 1074889.0 ON cn0368 CANCELLED AT 2026-02-24T16:08:51 ***
