cpu-bind=MASK - cn0415, task  0  0 [1782426]: mask |BBBBBBBB|BBBBBBBB|BBBBBBBB|BBBBBBBB|BBBBBBBB|BBBBBBBB|BBBBBBBB|BBBBBBBB|BBBBBBBB|BBBBBBBB|BBBBBBBB|BBBBBBBB||||BBBBBBBB|BBBBBBBB|BBBBBBBB|BBBBBBBB|BBBBBBBB|BBBBBBBB|BBBBBBBB|BBBBBBBB|BBBBBBBB|BBBBBBBB|BBBBBBBB|BBBBBBBB|  set
Running "module reset". Resetting modules to system default. The following $MODULEPATH directories have been removed: None
cpu-bind=MASK - cn0415, task  0  0 [1782509]: mask |BBBBBBBB|BBBBBBBB|--------|BBBBBBBB|--------|--------|BBBBBBBB|--------|--------|BBBBBBBB|BBBBBBBB|--------||||--------|--------|--------|--------|--------|--------|--------|--------|--------|--------|--------|--------|  set
cpu-bind=MASK - cn0415, task  1  1 [1782510]: mask |--------|--------|BBBBBBBB|--------|BBBBBBBB|BBBBBBBB|--------|BBBBBBBB|BBBBBBBB|--------|--------|BBBBBBBB||||--------|--------|--------|--------|--------|--------|--------|--------|--------|--------|--------|--------|  set
cpu-bind=MASK - cn0415, task  2  2 [1782511]: mask |--------|--------|--------|--------|--------|--------|--------|--------|--------|--------|--------|--------||||BBBBBBBB|BBBBBBBB|--------|BBBBBBBB|--------|--------|BBBBBBBB|--------|--------|BBBBBBBB|BBBBBBBB|--------|  set
cpu-bind=MASK - cn0415, task  3  3 [1782512]: mask |--------|--------|--------|--------|--------|--------|--------|--------|--------|--------|--------|--------||||--------|--------|BBBBBBBB|--------|BBBBBBBB|BBBBBBBB|--------|BBBBBBBB|BBBBBBBB|--------|--------|BBBBBBBB|  set
[cn0415:1782510] MCW rank 1 bound to socket 0[core 16[hwt 0]], socket 0[core 17[hwt 0]], socket 0[core 18[hwt 0]], socket 0[core 19[hwt 0]], socket 0[core 20[hwt 0]], socket 0[core 21[hwt 0]], socket 0[core 22[hwt 0]], socket 0[core 23[hwt 0]], socket 0[core 32[hwt 0]], socket 0[core 33[hwt 0]], socket 0[core 34[hwt 0]], socket 0[core 35[hwt 0]], socket 0[core 36[hwt 0]], socket 0[core 37[hwt 0]], socket 0[core 38[hwt 0]], socket 0[core 39[hwt 0]], socket 0[core 40[hwt 0]], socket 0[core 41[hwt 0]], socket 0[core 42[hwt 0]], socket 0[core 43[hwt 0]], socket 0[core 44[hwt 0]], socket 0[core 45[hwt 0]], socket 0[core 46[hwt 0]], socket 0[core 47[hwt 0]], socket 0[core 56[hwt 0]], socket 0[core 57[hwt 0]], socket 0[core 58[hwt 0]], socket 0[core 59[hwt 0]], socket 0[core 60[hwt 0]], socket 0[core 61[hwt 0]], socket 0[core 62[hwt 0]], socket 0[core 63[hwt 0]], socket 0[core 64[hwt 0]], socket 0[core 65[hwt 0]], socket 0[core 66[hwt 0]], socket 0[core 67[hwt 0]], socket 0[core 68[hwt 0]], socket 0[core 69[hwt 0]], socket 0[core 70[hwt 0]], socket 0[: [././././././././././././././././B/B/B/B/B/B/B/B/././././././././B/B/B/B/B/B/B/B/B/B/B/B/B/B/B/B/././././././././B/B/B/B/B/B/B/B/B/B/B/B/B/B/B/B/././././././././././././././././B/B/B/B/B/B/B/B][./././././././././././././././././././././././././././././././././././././././././././././././././././././././././././././././././././././././././././././././././././././././././././././././.]
[cn0415:1782510] MCW rank 1 bound to socket 0[core 16[hwt 0]], socket 0[core 17[hwt 0]], socket 0[core 18[hwt 0]], socket 0[core 19[hwt 0]], socket 0[core 20[hwt 0]], socket 0[core 21[hwt 0]], socket 0[core 22[hwt 0]], socket 0[core 23[hwt 0]], socket 0[core 32[hwt 0]], socket 0[core 33[hwt 0]], socket 0[core 34[hwt 0]], socket 0[core 35[hwt 0]], socket 0[core 36[hwt 0]], socket 0[core 37[hwt 0]], socket 0[core 38[hwt 0]], socket 0[core 39[hwt 0]], socket 0[core 40[hwt 0]], socket 0[core 41[hwt 0]], socket 0[core 42[hwt 0]], socket 0[core 43[hwt 0]], socket 0[core 44[hwt 0]], socket 0[core 45[hwt 0]], socket 0[core 46[hwt 0]], socket 0[core 47[hwt 0]], socket 0[core 56[hwt 0]], socket 0[core 57[hwt 0]], socket 0[core 58[hwt 0]], socket 0[core 59[hwt 0]], socket 0[core 60[hwt 0]], socket 0[core 61[hwt 0]], socket 0[core 62[hwt 0]], socket 0[core 63[hwt 0]], socket 0[core 64[hwt 0]], socket 0[core 65[hwt 0]], socket 0[core 66[hwt 0]], socket 0[core 67[hwt 0]], socket 0[core 68[hwt 0]], socket 0[core 69[hwt 0]], socket 0[core 70[hwt 0]], socket 0[: [././././././././././././././././B/B/B/B/B/B/B/B/././././././././B/B/B/B/B/B/B/B/B/B/B/B/B/B/B/B/././././././././B/B/B/B/B/B/B/B/B/B/B/B/B/B/B/B/././././././././././././././././B/B/B/B/B/B/B/B][./././././././././././././././././././././././././././././././././././././././././././././././././././././././././././././././././././././././././././././././././././././././././././././././.]
[cn0415:1782509] MCW rank 0 bound to socket 0[core 0[hwt 0]], socket 0[core 1[hwt 0]], socket 0[core 2[hwt 0]], socket 0[core 3[hwt 0]], socket 0[core 4[hwt 0]], socket 0[core 5[hwt 0]], socket 0[core 6[hwt 0]], socket 0[core 7[hwt 0]], socket 0[core 8[hwt 0]], socket 0[core 9[hwt 0]], socket 0[core 10[hwt 0]], socket 0[core 11[hwt 0]], socket 0[core 12[hwt 0]], socket 0[core 13[hwt 0]], socket 0[core 14[hwt 0]], socket 0[core 15[hwt 0]], socket 0[core 24[hwt 0]], socket 0[core 25[hwt 0]], socket 0[core 26[hwt 0]], socket 0[core 27[hwt 0]], socket 0[core 28[hwt 0]], socket 0[core 29[hwt 0]], socket 0[core 30[hwt 0]], socket 0[core 31[hwt 0]], socket 0[core 48[hwt 0]], socket 0[core 49[hwt 0]], socket 0[core 50[hwt 0]], socket 0[core 51[hwt 0]], socket 0[core 52[hwt 0]], socket 0[core 53[hwt 0]], socket 0[core 54[hwt 0]], socket 0[core 55[hwt 0]], socket 0[core 72[hwt 0]], socket 0[core 73[hwt 0]], socket 0[core 74[hwt 0]], socket 0[core 75[hwt 0]], socket 0[core 76[hwt 0]], socket 0[core 77[hwt 0]], socket 0[core 78[hwt 0]], socket 0[core 79[hw: [B/B/B/B/B/B/B/B/B/B/B/B/B/B/B/B/././././././././B/B/B/B/B/B/B/B/././././././././././././././././B/B/B/B/B/B/B/B/././././././././././././././././B/B/B/B/B/B/B/B/B/B/B/B/B/B/B/B/./././././././.][./././././././././././././././././././././././././././././././././././././././././././././././././././././././././././././././././././././././././././././././././././././././././././././././.]
[cn0415:1782509] MCW rank 0 bound to socket 0[core 0[hwt 0]], socket 0[core 1[hwt 0]], socket 0[core 2[hwt 0]], socket 0[core 3[hwt 0]], socket 0[core 4[hwt 0]], socket 0[core 5[hwt 0]], socket 0[core 6[hwt 0]], socket 0[core 7[hwt 0]], socket 0[core 8[hwt 0]], socket 0[core 9[hwt 0]], socket 0[core 10[hwt 0]], socket 0[core 11[hwt 0]], socket 0[core 12[hwt 0]], socket 0[core 13[hwt 0]], socket 0[core 14[hwt 0]], socket 0[core 15[hwt 0]], socket 0[core 24[hwt 0]], socket 0[core 25[hwt 0]], socket 0[core 26[hwt 0]], socket 0[core 27[hwt 0]], socket 0[core 28[hwt 0]], socket 0[core 29[hwt 0]], socket 0[core 30[hwt 0]], socket 0[core 31[hwt 0]], socket 0[core 48[hwt 0]], socket 0[core 49[hwt 0]], socket 0[core 50[hwt 0]], socket 0[core 51[hwt 0]], socket 0[core 52[hwt 0]], socket 0[core 53[hwt 0]], socket 0[core 54[hwt 0]], socket 0[core 55[hwt 0]], socket 0[core 72[hwt 0]], socket 0[core 73[hwt 0]], socket 0[core 74[hwt 0]], socket 0[core 75[hwt 0]], socket 0[core 76[hwt 0]], socket 0[core 77[hwt 0]], socket 0[core 78[hwt 0]], socket 0[core 79[hw: [B/B/B/B/B/B/B/B/B/B/B/B/B/B/B/B/././././././././B/B/B/B/B/B/B/B/././././././././././././././././B/B/B/B/B/B/B/B/././././././././././././././././B/B/B/B/B/B/B/B/B/B/B/B/B/B/B/B/./././././././.][./././././././././././././././././././././././././././././././././././././././././././././././././././././././././././././././././././././././././././././././././././././././././././././././.]
[cn0415:1782512] MCW rank 3 bound to socket 1[core 112[hwt 0]], socket 1[core 113[hwt 0]], socket 1[core 114[hwt 0]], socket 1[core 115[hwt 0]], socket 1[core 116[hwt 0]], socket 1[core 117[hwt 0]], socket 1[core 118[hwt 0]], socket 1[core 119[hwt 0]], socket 1[core 128[hwt 0]], socket 1[core 129[hwt 0]], socket 1[core 130[hwt 0]], socket 1[core 131[hwt 0]], socket 1[core 132[hwt 0]], socket 1[core 133[hwt 0]], socket 1[core 134[hwt 0]], socket 1[core 135[hwt 0]], socket 1[core 136[hwt 0]], socket 1[core 137[hwt 0]], socket 1[core 138[hwt 0]], socket 1[core 139[hwt 0]], socket 1[core 140[hwt 0]], socket 1[core 141[hwt 0]], socket 1[core 142[hwt 0]], socket 1[core 143[hwt 0]], socket 1[core 152[hwt 0]], socket 1[core 153[hwt 0]], socket 1[core 154[hwt 0]], socket 1[core 155[hwt 0]], socket 1[core 156[hwt 0]], socket 1[core 157[hwt 0]], socket 1[core 158[hwt 0]], socket 1[core 159[hwt 0]], socket 1[core 160[hwt 0]], socket 1[core 161[hwt 0]], socket 1[core 162[hwt 0]], socket 1[core 163[hwt 0]], socket 1[core 164[hwt 0]], socket 1[core 165[hwt 0]: [./././././././././././././././././././././././././././././././././././././././././././././././././././././././././././././././././././././././././././././././././././././././././././././././.][././././././././././././././././B/B/B/B/B/B/B/B/././././././././B/B/B/B/B/B/B/B/B/B/B/B/B/B/B/B/././././././././B/B/B/B/B/B/B/B/B/B/B/B/B/B/B/B/././././././././././././././././B/B/B/B/B/B/B/B]
[cn0415:1782511] MCW rank 2 bound to socket 1[core 96[hwt 0]], socket 1[core 97[hwt 0]], socket 1[core 98[hwt 0]], socket 1[core 99[hwt 0]], socket 1[core 100[hwt 0]], socket 1[core 101[hwt 0]], socket 1[core 102[hwt 0]], socket 1[core 103[hwt 0]], socket 1[core 104[hwt 0]], socket 1[core 105[hwt 0]], socket 1[core 106[hwt 0]], socket 1[core 107[hwt 0]], socket 1[core 108[hwt 0]], socket 1[core 109[hwt 0]], socket 1[core 110[hwt 0]], socket 1[core 111[hwt 0]], socket 1[core 120[hwt 0]], socket 1[core 121[hwt 0]], socket 1[core 122[hwt 0]], socket 1[core 123[hwt 0]], socket 1[core 124[hwt 0]], socket 1[core 125[hwt 0]], socket 1[core 126[hwt 0]], socket 1[core 127[hwt 0]], socket 1[core 144[hwt 0]], socket 1[core 145[hwt 0]], socket 1[core 146[hwt 0]], socket 1[core 147[hwt 0]], socket 1[core 148[hwt 0]], socket 1[core 149[hwt 0]], socket 1[core 150[hwt 0]], socket 1[core 151[hwt 0]], socket 1[core 168[hwt 0]], socket 1[core 169[hwt 0]], socket 1[core 170[hwt 0]], socket 1[core 171[hwt 0]], socket 1[core 172[hwt 0]], socket 1[core 173[hwt 0]], s: [./././././././././././././././././././././././././././././././././././././././././././././././././././././././././././././././././././././././././././././././././././././././././././././././.][B/B/B/B/B/B/B/B/B/B/B/B/B/B/B/B/././././././././B/B/B/B/B/B/B/B/././././././././././././././././B/B/B/B/B/B/B/B/././././././././././././././././B/B/B/B/B/B/B/B/B/B/B/B/B/B/B/B/./././././././.]
[cn0415:1782512] MCW rank 3 bound to socket 1[core 112[hwt 0]], socket 1[core 113[hwt 0]], socket 1[core 114[hwt 0]], socket 1[core 115[hwt 0]], socket 1[core 116[hwt 0]], socket 1[core 117[hwt 0]], socket 1[core 118[hwt 0]], socket 1[core 119[hwt 0]], socket 1[core 128[hwt 0]], socket 1[core 129[hwt 0]], socket 1[core 130[hwt 0]], socket 1[core 131[hwt 0]], socket 1[core 132[hwt 0]], socket 1[core 133[hwt 0]], socket 1[core 134[hwt 0]], socket 1[core 135[hwt 0]], socket 1[core 136[hwt 0]], socket 1[core 137[hwt 0]], socket 1[core 138[hwt 0]], socket 1[core 139[hwt 0]], socket 1[core 140[hwt 0]], socket 1[core 141[hwt 0]], socket 1[core 142[hwt 0]], socket 1[core 143[hwt 0]], socket 1[core 152[hwt 0]], socket 1[core 153[hwt 0]], socket 1[core 154[hwt 0]], socket 1[core 155[hwt 0]], socket 1[core 156[hwt 0]], socket 1[core 157[hwt 0]], socket 1[core 158[hwt 0]], socket 1[core 159[hwt 0]], socket 1[core 160[hwt 0]], socket 1[core 161[hwt 0]], socket 1[core 162[hwt 0]], socket 1[core 163[hwt 0]], socket 1[core 164[hwt 0]], socket 1[core 165[hwt 0]: [./././././././././././././././././././././././././././././././././././././././././././././././././././././././././././././././././././././././././././././././././././././././././././././././.][././././././././././././././././B/B/B/B/B/B/B/B/././././././././B/B/B/B/B/B/B/B/B/B/B/B/B/B/B/B/././././././././B/B/B/B/B/B/B/B/B/B/B/B/B/B/B/B/././././././././././././././././B/B/B/B/B/B/B/B]
[cn0415:1782511] MCW rank 2 bound to socket 1[core 96[hwt 0]], socket 1[core 97[hwt 0]], socket 1[core 98[hwt 0]], socket 1[core 99[hwt 0]], socket 1[core 100[hwt 0]], socket 1[core 101[hwt 0]], socket 1[core 102[hwt 0]], socket 1[core 103[hwt 0]], socket 1[core 104[hwt 0]], socket 1[core 105[hwt 0]], socket 1[core 106[hwt 0]], socket 1[core 107[hwt 0]], socket 1[core 108[hwt 0]], socket 1[core 109[hwt 0]], socket 1[core 110[hwt 0]], socket 1[core 111[hwt 0]], socket 1[core 120[hwt 0]], socket 1[core 121[hwt 0]], socket 1[core 122[hwt 0]], socket 1[core 123[hwt 0]], socket 1[core 124[hwt 0]], socket 1[core 125[hwt 0]], socket 1[core 126[hwt 0]], socket 1[core 127[hwt 0]], socket 1[core 144[hwt 0]], socket 1[core 145[hwt 0]], socket 1[core 146[hwt 0]], socket 1[core 147[hwt 0]], socket 1[core 148[hwt 0]], socket 1[core 149[hwt 0]], socket 1[core 150[hwt 0]], socket 1[core 151[hwt 0]], socket 1[core 168[hwt 0]], socket 1[core 169[hwt 0]], socket 1[core 170[hwt 0]], socket 1[core 171[hwt 0]], socket 1[core 172[hwt 0]], socket 1[core 173[hwt 0]], s: [./././././././././././././././././././././././././././././././././././././././././././././././././././././././././././././././././././././././././././././././././././././././././././././././.][B/B/B/B/B/B/B/B/B/B/B/B/B/B/B/B/././././././././B/B/B/B/B/B/B/B/././././././././././././././././B/B/B/B/B/B/B/B/././././././././././././././././B/B/B/B/B/B/B/B/B/B/B/B/B/B/B/B/./././././././.]
  * process grid (2, 2) will be used
    cn0415                          
    cn0415                          
    cn0415                          
    cn0415                          

  * using 48 threads per process

  ===============================================================
    BAGEL - Freshly leavened quantum chemistry                   
  ===============================================================

  *** Geometry ***

  { "atom" : "C", "xyz" : [     -8.053264,     -3.064321,      0.000010 ] },
  { "atom" : "C", "xyz" : [     -6.284441,     -1.256533,      0.000008 ] },
  { "atom" : "C", "xyz" : [     -3.707903,     -1.383545,      0.000003 ] },
  { "atom" : "C", "xyz" : [     -7.261265,     -5.630055,      0.000009 ] },
  { "atom" : "C", "xyz" : [     -4.744163,     -6.057374,      0.000005 ] },
  { "atom" : "C", "xyz" : [     -2.997715,     -4.026219,      0.000002 ] },
  { "atom" : "C", "xyz" : [     -1.543907,      0.021349,     -0.000001 ] },
  { "atom" : "C", "xyz" : [      0.892946,     -0.657108,     -0.000005 ] },
  { "atom" : "C", "xyz" : [     -0.467954,     -4.906753,     -0.000003 ] },
  { "atom" : "C", "xyz" : [      1.494856,     -3.273963,     -0.000007 ] },
  { "atom" : "C", "xyz" : [     -3.234922,     -8.392200,      0.000006 ] },
  { "atom" : "C", "xyz" : [     -0.601808,     -7.683660,     -0.000007 ] },
  { "atom" : "N", "xyz" : [     -3.975912,    -10.682956,      0.000009 ] },
  { "atom" : "N", "xyz" : [      1.188606,     -9.293366,     -0.000012 ] },
  { "atom" : "C", "xyz" : [     -2.102782,    -12.455765,      0.000002 ] },
  { "atom" : "C", "xyz" : [      0.457939,    -11.766742,     -0.000007 ] },
  { "atom" : "C", "xyz" : [     -2.760196,    -15.034136,      0.000006 ] },
  { "atom" : "C", "xyz" : [     -0.930171,    -16.834933,      0.000000 ] },
  { "atom" : "C", "xyz" : [      1.641079,    -16.143087,     -0.000010 ] },
  { "atom" : "C", "xyz" : [      2.320398,    -13.667120,     -0.000013 ] },
  { "atom" : "H", "xyz" : [     -4.727830,    -15.516659,      0.000013 ] },
  { "atom" : "H", "xyz" : [     -1.437236,    -18.797973,      0.000003 ] },
  { "atom" : "H", "xyz" : [      3.064741,    -17.586636,     -0.000014 ] },
  { "atom" : "H", "xyz" : [      4.264501,    -13.097147,     -0.000021 ] },
  { "atom" : "H", "xyz" : [      2.369634,      0.732837,     -0.000010 ] },
  { "atom" : "H", "xyz" : [      3.420883,     -3.902896,     -0.000012 ] },
  { "atom" : "H", "xyz" : [     -8.611930,     -7.140262,      0.000013 ] },
  { "atom" : "H", "xyz" : [    -10.027747,     -2.601843,      0.000015 ] },

  Number of auxiliary basis functions:     1820

  Since a DF basis is specified, we compute 2- and 3-index integrals:
    o Being stored without compression. Storage requirement is 7.381 GB
       - 3-index ints prep                         0.01
       - 3-index ints                              0.11
       - 2-index ints                              0.04
       - computing inverse                         0.38
        elapsed time:        0.55 sec.


  Number of basis functions:      712
  Number of electrons      :      130


    * METHOD: MOLECULE                             0.57

       - Overlap matrix                            0.01
       - Hcore matrix                              0.01
       - Overlap orthog                            0.14

  *** Open-shell HF ***

  === Nuclear Repulsion ===
  
  1324.5114813717

      * DIIS with orbital gradients will be used.

  === UHF iteration (cc-pvtz) ===
  
      0       -794.74543667          0.01089997           0.78
      1       -795.07466445          0.00681529           0.94
      2       -795.11006458          0.00597984           1.06
      3       -795.11170872          0.00608607           1.03
      4       -795.10530914          0.00635628           0.86
      5       -795.09367575          0.00673730           0.87
      6       -795.07842350          0.00728606           0.89
      7       -795.19350705          0.00019816           0.89
      8       -795.19354956          0.00018970           0.87
      9       -795.19364116          0.00005787           0.87
     10       -795.19365180          0.00001782           0.91
     11       -795.19365472          0.00000822           0.92
     12       -795.19365533          0.00000559           0.91
     13       -795.19365555          0.00000275           0.90
     14       -795.19365564          0.00000177           0.93
     15       -795.19365566          0.00000111           0.88
     16       -795.19365566          0.00000122           0.89
     17       -795.19365567          0.00000058           0.92
     18       -795.19365567          0.00000050           0.88
     19       -795.19365568          0.00000040           0.89
     20       -795.19365568          0.00000031           0.91
     21       -795.19365568          0.00000017           0.94
     22       -795.19365568          0.00000018           0.87
     23       -795.19365568          0.00000008           0.96
     24       -795.19365568          0.00000003           0.92
     25       -795.19365568          0.00000002           0.90
     26       -795.19365568          0.00000001           0.90
     27       -795.19365568          0.00000001           0.89
  
    * SCF iteration converged.

    * S^2 (UHF) is 0.0000

    * Permanent dipole moment:
           (   -0.133237,     0.542130,     0.000000) a.u.


    * METHOD: UHF                                 26.49

Printing 66 non-relativistic spatial orbital densities at 90 x 111 x 33 = 329670 gridpoints. 

Orbital printout computation finished; generating output files.
Sum of all gridpoints for orbital 1 = 0.00000.  Integrated orbital density = 0.00000.
Sum of all gridpoints for orbital 2 = 0.00000.  Integrated orbital density = 0.00000.
Sum of all gridpoints for orbital 3 = 0.00000.  Integrated orbital density = 0.00000.
Sum of all gridpoints for orbital 4 = 0.00000.  Integrated orbital density = 0.00000.
Sum of all gridpoints for orbital 5 = 0.00000.  Integrated orbital density = 0.00000.
Sum of all gridpoints for orbital 6 = 0.00000.  Integrated orbital density = 0.00000.
Sum of all gridpoints for orbital 7 = 0.00000.  Integrated orbital density = 0.00000.
Sum of all gridpoints for orbital 8 = 0.00000.  Integrated orbital density = 0.00000.
Sum of all gridpoints for orbital 9 = 0.00000.  Integrated orbital density = 0.00000.
Sum of all gridpoints for orbital 10 = 0.00000.  Integrated orbital density = 0.00000.
Sum of all gridpoints for orbital 11 = 0.00000.  Integrated orbital density = 0.00000.
Sum of all gridpoints for orbital 12 = 0.00000.  Integrated orbital density = 0.00000.
Sum of all gridpoints for orbital 13 = 0.00000.  Integrated orbital density = 0.00000.
Sum of all gridpoints for orbital 14 = 0.00000.  Integrated orbital density = 0.00000.
Sum of all gridpoints for orbital 15 = 0.00000.  Integrated orbital density = 0.00000.
Sum of all gridpoints for orbital 16 = 0.00000.  Integrated orbital density = 0.00000.
Sum of all gridpoints for orbital 17 = 0.00000.  Integrated orbital density = 0.00000.
Sum of all gridpoints for orbital 18 = 0.00000.  Integrated orbital density = 0.00000.
Sum of all gridpoints for orbital 19 = 0.00000.  Integrated orbital density = 0.00000.
Sum of all gridpoints for orbital 20 = 0.00000.  Integrated orbital density = 0.00000.
Sum of all gridpoints for orbital 21 = 0.00000.  Integrated orbital density = 0.00000.
Sum of all gridpoints for orbital 22 = 0.00000.  Integrated orbital density = 0.00000.
Sum of all gridpoints for orbital 23 = 0.00000.  Integrated orbital density = 0.00000.
Sum of all gridpoints for orbital 24 = 0.00000.  Integrated orbital density = 0.00000.
Sum of all gridpoints for orbital 25 = 0.00000.  Integrated orbital density = 0.00000.
Sum of all gridpoints for orbital 26 = 0.00000.  Integrated orbital density = 0.00000.
Sum of all gridpoints for orbital 27 = 0.00000.  Integrated orbital density = 0.00000.
Sum of all gridpoints for orbital 28 = 0.00000.  Integrated orbital density = 0.00000.
Sum of all gridpoints for orbital 29 = 0.00000.  Integrated orbital density = 0.00000.
Sum of all gridpoints for orbital 30 = 0.00000.  Integrated orbital density = 0.00000.
Sum of all gridpoints for orbital 31 = 0.00000.  Integrated orbital density = 0.00000.
Sum of all gridpoints for orbital 32 = 0.00000.  Integrated orbital density = 0.00000.
Sum of all gridpoints for orbital 33 = 0.00000.  Integrated orbital density = 0.00000.
Sum of all gridpoints for orbital 34 = 0.00000.  Integrated orbital density = 0.00000.
Sum of all gridpoints for orbital 35 = 0.00000.  Integrated orbital density = 0.00000.
Sum of all gridpoints for orbital 36 = 0.00000.  Integrated orbital density = 0.00000.
Sum of all gridpoints for orbital 37 = 0.00000.  Integrated orbital density = 0.00000.
Sum of all gridpoints for orbital 38 = 0.00000.  Integrated orbital density = 0.00000.
Sum of all gridpoints for orbital 39 = 0.00000.  Integrated orbital density = 0.00000.
Sum of all gridpoints for orbital 40 = 0.00000.  Integrated orbital density = 0.00000.
Sum of all gridpoints for orbital 41 = 0.00000.  Integrated orbital density = 0.00000.
Sum of all gridpoints for orbital 42 = 0.00000.  Integrated orbital density = 0.00000.
Sum of all gridpoints for orbital 43 = 0.00000.  Integrated orbital density = 0.00000.
Sum of all gridpoints for orbital 44 = 0.00000.  Integrated orbital density = 0.00000.
Sum of all gridpoints for orbital 45 = 0.00000.  Integrated orbital density = 0.00000.
Sum of all gridpoints for orbital 46 = 0.00000.  Integrated orbital density = 0.00000.
Sum of all gridpoints for orbital 47 = 0.00000.  Integrated orbital density = 0.00000.
Sum of all gridpoints for orbital 48 = 0.00000.  Integrated orbital density = 0.00000.
Sum of all gridpoints for orbital 49 = 0.00000.  Integrated orbital density = 0.00000.
Sum of all gridpoints for orbital 50 = 0.00000.  Integrated orbital density = 0.00000.
Sum of all gridpoints for orbital 51 = 0.00000.  Integrated orbital density = 0.00000.
Sum of all gridpoints for orbital 52 = 0.00000.  Integrated orbital density = 0.00000.
Sum of all gridpoints for orbital 53 = 0.00000.  Integrated orbital density = 0.00000.
Sum of all gridpoints for orbital 54 = 0.00000.  Integrated orbital density = 0.00000.
Sum of all gridpoints for orbital 55 = 0.00000.  Integrated orbital density = 0.00000.
Sum of all gridpoints for orbital 56 = 0.00000.  Integrated orbital density = 0.00000.
Sum of all gridpoints for orbital 57 = 0.00000.  Integrated orbital density = 0.00000.
Sum of all gridpoints for orbital 58 = 0.00000.  Integrated orbital density = 0.00000.
Sum of all gridpoints for orbital 59 = 0.00000.  Integrated orbital density = 0.00000.
Sum of all gridpoints for orbital 60 = 0.00000.  Integrated orbital density = 0.00000.
Sum of all gridpoints for orbital 61 = 0.00000.  Integrated orbital density = 0.00000.
Sum of all gridpoints for orbital 62 = 0.00000.  Integrated orbital density = 0.00000.
Sum of all gridpoints for orbital 63 = 0.00000.  Integrated orbital density = 0.00000.
Sum of all gridpoints for orbital 64 = 0.00000.  Integrated orbital density = 0.00000.
Sum of all gridpoints for orbital 65 = 0.00000.  Integrated orbital density = 0.00000.
Sum of all gridpoints for total density = 0.00000.  Total integrated density = 0.00000.

    * METHOD: MOPRINT                            188.23


    * METHOD: PRINT                                0.27

  ---------------------------
      CASSCF calculation     
  ---------------------------

    * nstate   :      1
    * nclosed  :     57
    * nact     :     16
    * nvirt    :    639
  === CASSCF iteration (cc-pvtz) ===

    * Using the second-order algorithm

slurmstepd: error: Detected 1 oom_kill event in StepId=1074278.0. Some of the step tasks have been OOM Killed.
srun: error: cn0415: task 0: Out Of Memory
srun: Terminating StepId=1074278.0
slurmstepd: error: *** STEP 1074278.0 ON cn0415 CANCELLED AT 2026-02-24T11:24:50 ***
