cpu-bind=MASK - cn0372, task  0  0 [689846]: mask |BBBBBBBB|BBBBBBBB|BBBBBBBB|BBBBBBBB|BBBBBBBB|BBBBBBBB|BBBBBBBB|BBBBBBBB|BBBBBBBB|BBBBBBBB|BBBBBBBB|BBBBBBBB||||BBBBBBBB|BBBBBBBB|BBBBBBBB|BBBBBBBB|BBBBBBBB|BBBBBBBB|BBBBBBBB|BBBBBBBB|BBBBBBBB|BBBBBBBB|BBBBBBBB|BBBBBBBB|  set
Running "module reset". Resetting modules to system default. The following $MODULEPATH directories have been removed: None
cpu-bind=MASK - cn0372, task  0  0 [689935]: mask |BBBBBBBB|BBBBBBBB|BBBBBBBB|BBBBBBBB|BBBBBBBB|BBBBBBBB|BBBBBBBB|BBBBBBBB|BBBBBBBB|BBBBBBBB|BBBBBBBB|BBBBBBBB||||--------|--------|--------|--------|--------|--------|--------|--------|--------|--------|--------|--------|  set
cpu-bind=MASK - cn0372, task  1  1 [689936]: mask |--------|--------|--------|--------|--------|--------|--------|--------|--------|--------|--------|--------||||BBBBBBBB|BBBBBBBB|BBBBBBBB|BBBBBBBB|BBBBBBBB|BBBBBBBB|BBBBBBBB|BBBBBBBB|BBBBBBBB|BBBBBBBB|BBBBBBBB|BBBBBBBB|  set
[cn0372:689935] MCW rank 0 bound to socket 0[core 0[hwt 0]], socket 0[core 1[hwt 0]], socket 0[core 2[hwt 0]], socket 0[core 3[hwt 0]], socket 0[core 4[hwt 0]], socket 0[core 5[hwt 0]], socket 0[core 6[hwt 0]], socket 0[core 7[hwt 0]], socket 0[core 8[hwt 0]], socket 0[core 9[hwt 0]], socket 0[core 10[hwt 0]], socket 0[core 11[hwt 0]], socket 0[core 12[hwt 0]], socket 0[core 13[hwt 0]], socket 0[core 14[hwt 0]], socket 0[core 15[hwt 0]], socket 0[core 16[hwt 0]], socket 0[core 17[hwt 0]], socket 0[core 18[hwt 0]], socket 0[core 19[hwt 0]], socket 0[core 20[hwt 0]], socket 0[core 21[hwt 0]], socket 0[core 22[hwt 0]], socket 0[core 23[hwt 0]], socket 0[core 24[hwt 0]], socket 0[core 25[hwt 0]], socket 0[core 26[hwt 0]], socket 0[core 27[hwt 0]], socket 0[core 28[hwt 0]], socket 0[core 29[hwt 0]], socket 0[core 30[hwt 0]], socket 0[core 31[hwt 0]], socket 0[core 32[hwt 0]], socket 0[core 33[hwt 0]], socket 0[core 34[hwt 0]], socket 0[core 35[hwt 0]], socket 0[core 36[hwt 0]], socket 0[core 37[hwt 0]], socket 0[core 38[hwt 0]], socket 0[core 39[hw: [B/B/B/B/B/B/B/B/B/B/B/B/B/B/B/B/B/B/B/B/B/B/B/B/B/B/B/B/B/B/B/B/B/B/B/B/B/B/B/B/B/B/B/B/B/B/B/B/B/B/B/B/B/B/B/B/B/B/B/B/B/B/B/B/B/B/B/B/B/B/B/B/B/B/B/B/B/B/B/B/B/B/B/B/B/B/B/B/B/B/B/B/B/B/B/B][./././././././././././././././././././././././././././././././././././././././././././././././././././././././././././././././././././././././././././././././././././././././././././././././.]
[cn0372:689935] MCW rank 0 bound to socket 0[core 0[hwt 0]], socket 0[core 1[hwt 0]], socket 0[core 2[hwt 0]], socket 0[core 3[hwt 0]], socket 0[core 4[hwt 0]], socket 0[core 5[hwt 0]], socket 0[core 6[hwt 0]], socket 0[core 7[hwt 0]], socket 0[core 8[hwt 0]], socket 0[core 9[hwt 0]], socket 0[core 10[hwt 0]], socket 0[core 11[hwt 0]], socket 0[core 12[hwt 0]], socket 0[core 13[hwt 0]], socket 0[core 14[hwt 0]], socket 0[core 15[hwt 0]], socket 0[core 16[hwt 0]], socket 0[core 17[hwt 0]], socket 0[core 18[hwt 0]], socket 0[core 19[hwt 0]], socket 0[core 20[hwt 0]], socket 0[core 21[hwt 0]], socket 0[core 22[hwt 0]], socket 0[core 23[hwt 0]], socket 0[core 24[hwt 0]], socket 0[core 25[hwt 0]], socket 0[core 26[hwt 0]], socket 0[core 27[hwt 0]], socket 0[core 28[hwt 0]], socket 0[core 29[hwt 0]], socket 0[core 30[hwt 0]], socket 0[core 31[hwt 0]], socket 0[core 32[hwt 0]], socket 0[core 33[hwt 0]], socket 0[core 34[hwt 0]], socket 0[core 35[hwt 0]], socket 0[core 36[hwt 0]], socket 0[core 37[hwt 0]], socket 0[core 38[hwt 0]], socket 0[core 39[hw: [B/B/B/B/B/B/B/B/B/B/B/B/B/B/B/B/B/B/B/B/B/B/B/B/B/B/B/B/B/B/B/B/B/B/B/B/B/B/B/B/B/B/B/B/B/B/B/B/B/B/B/B/B/B/B/B/B/B/B/B/B/B/B/B/B/B/B/B/B/B/B/B/B/B/B/B/B/B/B/B/B/B/B/B/B/B/B/B/B/B/B/B/B/B/B/B][./././././././././././././././././././././././././././././././././././././././././././././././././././././././././././././././././././././././././././././././././././././././././././././././.]
[cn0372:689936] MCW rank 1 bound to socket 1[core 96[hwt 0]], socket 1[core 97[hwt 0]], socket 1[core 98[hwt 0]], socket 1[core 99[hwt 0]], socket 1[core 100[hwt 0]], socket 1[core 101[hwt 0]], socket 1[core 102[hwt 0]], socket 1[core 103[hwt 0]], socket 1[core 104[hwt 0]], socket 1[core 105[hwt 0]], socket 1[core 106[hwt 0]], socket 1[core 107[hwt 0]], socket 1[core 108[hwt 0]], socket 1[core 109[hwt 0]], socket 1[core 110[hwt 0]], socket 1[core 111[hwt 0]], socket 1[core 112[hwt 0]], socket 1[core 113[hwt 0]], socket 1[core 114[hwt 0]], socket 1[core 115[hwt 0]], socket 1[core 116[hwt 0]], socket 1[core 117[hwt 0]], socket 1[core 118[hwt 0]], socket 1[core 119[hwt 0]], socket 1[core 120[hwt 0]], socket 1[core 121[hwt 0]], socket 1[core 122[hwt 0]], socket 1[core 123[hwt 0]], socket 1[core 124[hwt 0]], socket 1[core 125[hwt 0]], socket 1[core 126[hwt 0]], socket 1[core 127[hwt 0]], socket 1[core 128[hwt 0]], socket 1[core 129[hwt 0]], socket 1[core 130[hwt 0]], socket 1[core 131[hwt 0]], socket 1[core 132[hwt 0]], socket 1[core 133[hwt 0]], s: [./././././././././././././././././././././././././././././././././././././././././././././././././././././././././././././././././././././././././././././././././././././././././././././././.][B/B/B/B/B/B/B/B/B/B/B/B/B/B/B/B/B/B/B/B/B/B/B/B/B/B/B/B/B/B/B/B/B/B/B/B/B/B/B/B/B/B/B/B/B/B/B/B/B/B/B/B/B/B/B/B/B/B/B/B/B/B/B/B/B/B/B/B/B/B/B/B/B/B/B/B/B/B/B/B/B/B/B/B/B/B/B/B/B/B/B/B/B/B/B/B]
[cn0372:689936] MCW rank 1 bound to socket 1[core 96[hwt 0]], socket 1[core 97[hwt 0]], socket 1[core 98[hwt 0]], socket 1[core 99[hwt 0]], socket 1[core 100[hwt 0]], socket 1[core 101[hwt 0]], socket 1[core 102[hwt 0]], socket 1[core 103[hwt 0]], socket 1[core 104[hwt 0]], socket 1[core 105[hwt 0]], socket 1[core 106[hwt 0]], socket 1[core 107[hwt 0]], socket 1[core 108[hwt 0]], socket 1[core 109[hwt 0]], socket 1[core 110[hwt 0]], socket 1[core 111[hwt 0]], socket 1[core 112[hwt 0]], socket 1[core 113[hwt 0]], socket 1[core 114[hwt 0]], socket 1[core 115[hwt 0]], socket 1[core 116[hwt 0]], socket 1[core 117[hwt 0]], socket 1[core 118[hwt 0]], socket 1[core 119[hwt 0]], socket 1[core 120[hwt 0]], socket 1[core 121[hwt 0]], socket 1[core 122[hwt 0]], socket 1[core 123[hwt 0]], socket 1[core 124[hwt 0]], socket 1[core 125[hwt 0]], socket 1[core 126[hwt 0]], socket 1[core 127[hwt 0]], socket 1[core 128[hwt 0]], socket 1[core 129[hwt 0]], socket 1[core 130[hwt 0]], socket 1[core 131[hwt 0]], socket 1[core 132[hwt 0]], socket 1[core 133[hwt 0]], s: [./././././././././././././././././././././././././././././././././././././././././././././././././././././././././././././././././././././././././././././././././././././././././././././././.][B/B/B/B/B/B/B/B/B/B/B/B/B/B/B/B/B/B/B/B/B/B/B/B/B/B/B/B/B/B/B/B/B/B/B/B/B/B/B/B/B/B/B/B/B/B/B/B/B/B/B/B/B/B/B/B/B/B/B/B/B/B/B/B/B/B/B/B/B/B/B/B/B/B/B/B/B/B/B/B/B/B/B/B/B/B/B/B/B/B/B/B/B/B/B/B]
  * process grid (2, 1) will be used
    cn0372                          
    cn0372                          

  * using 96 threads per process

  ===============================================================
    BAGEL - Freshly leavened quantum chemistry                   
  ===============================================================

  *** Geometry ***

  { "atom" : "C", "xyz" : [     -8.053264,     -3.064321,      0.000010 ] },
  { "atom" : "C", "xyz" : [     -6.284441,     -1.256533,      0.000008 ] },
  { "atom" : "C", "xyz" : [     -3.707903,     -1.383545,      0.000003 ] },
  { "atom" : "C", "xyz" : [     -7.261265,     -5.630055,      0.000009 ] },
  { "atom" : "C", "xyz" : [     -4.744163,     -6.057374,      0.000005 ] },
  { "atom" : "C", "xyz" : [     -2.997715,     -4.026219,      0.000002 ] },
  { "atom" : "C", "xyz" : [     -1.543907,      0.021349,     -0.000001 ] },
  { "atom" : "C", "xyz" : [      0.892946,     -0.657108,     -0.000005 ] },
  { "atom" : "C", "xyz" : [     -0.467954,     -4.906753,     -0.000003 ] },
  { "atom" : "C", "xyz" : [      1.494856,     -3.273963,     -0.000007 ] },
  { "atom" : "C", "xyz" : [     -3.234922,     -8.392200,      0.000006 ] },
  { "atom" : "C", "xyz" : [     -0.601808,     -7.683660,     -0.000007 ] },
  { "atom" : "N", "xyz" : [     -3.975912,    -10.682956,      0.000009 ] },
  { "atom" : "N", "xyz" : [      1.188606,     -9.293366,     -0.000012 ] },
  { "atom" : "C", "xyz" : [     -2.102782,    -12.455765,      0.000002 ] },
  { "atom" : "C", "xyz" : [      0.457939,    -11.766742,     -0.000007 ] },
  { "atom" : "C", "xyz" : [     -2.760196,    -15.034136,      0.000006 ] },
  { "atom" : "C", "xyz" : [     -0.930171,    -16.834933,      0.000000 ] },
  { "atom" : "C", "xyz" : [      1.641079,    -16.143087,     -0.000010 ] },
  { "atom" : "C", "xyz" : [      2.320398,    -13.667120,     -0.000013 ] },
  { "atom" : "H", "xyz" : [     -4.727830,    -15.516659,      0.000013 ] },
  { "atom" : "H", "xyz" : [     -1.437236,    -18.797973,      0.000003 ] },
  { "atom" : "H", "xyz" : [      3.064741,    -17.586636,     -0.000014 ] },
  { "atom" : "H", "xyz" : [      4.264501,    -13.097147,     -0.000021 ] },
  { "atom" : "H", "xyz" : [      2.369634,      0.732837,     -0.000010 ] },
  { "atom" : "H", "xyz" : [      3.420883,     -3.902896,     -0.000012 ] },
  { "atom" : "H", "xyz" : [     -8.611930,     -7.140262,      0.000013 ] },
  { "atom" : "H", "xyz" : [    -10.027747,     -2.601843,      0.000015 ] },

  Number of auxiliary basis functions:     1820

  Since a DF basis is specified, we compute 2- and 3-index integrals:
    o Being stored without compression. Storage requirement is 7.381 GB
       - 3-index ints prep                         0.02
       - 3-index ints                              0.18
       - 2-index ints                              0.01
       - computing inverse                         0.68
        elapsed time:        0.90 sec.


  Number of basis functions:      712
  Number of electrons      :      130


    * METHOD: MOLECULE                             0.91

       - Overlap matrix                            0.01
       - Hcore matrix                              0.02
       - Overlap orthog                            0.09

  *** Open-shell HF ***

  === Nuclear Repulsion ===
  
  1324.5114813717

      * DIIS with orbital gradients will be used.

  === UHF iteration (cc-pvtz) ===
  
      0       -794.74543667          0.01089997           1.13
      1       -795.07466445          0.00681529           1.37
      2       -795.11006458          0.00597984           1.30
      3       -795.11170872          0.00608607           1.30
      4       -795.10530914          0.00635628           1.33
      5       -795.09367575          0.00673730           1.46
      6       -795.07842350          0.00728606           1.31
      7       -795.19350705          0.00019816           1.31
      8       -795.19354956          0.00018970           1.34
      9       -795.19364116          0.00005787           1.29
     10       -795.19365180          0.00001782           1.30
     11       -795.19365471          0.00000822           1.34
     12       -795.19365533          0.00000559           1.32
     13       -795.19365555          0.00000275           1.36
     14       -795.19365564          0.00000177           1.30
     15       -795.19365565          0.00000111           1.29
     16       -795.19365566          0.00000122           1.76
     17       -795.19365567          0.00000058           1.30
     18       -795.19365567          0.00000050           1.28
     19       -795.19365567          0.00000040           1.41
     20       -795.19365568          0.00000031           1.29
     21       -795.19365568          0.00000017           1.28
     22       -795.19365568          0.00000018           1.29
     23       -795.19365568          0.00000008           1.39
     24       -795.19365568          0.00000003           1.44
     25       -795.19365568          0.00000002           1.28
     26       -795.19365568          0.00000001           1.36
     27       -795.19365568          0.00000001           1.33
  
    * SCF iteration converged.

    * S^2 (UHF) is 0.0000

    * Permanent dipole moment:
           (   -0.133237,     0.542130,     0.000000) a.u.


    * METHOD: UHF                                 38.90

Printing 66 non-relativistic spatial orbital densities at 90 x 111 x 33 = 329670 gridpoints. 

Orbital printout computation finished; generating output files.
Sum of all gridpoints for orbital 1 = 0.00000.  Integrated orbital density = 0.00000.
Sum of all gridpoints for orbital 2 = 0.00000.  Integrated orbital density = 0.00000.
Sum of all gridpoints for orbital 3 = 0.00000.  Integrated orbital density = 0.00000.
Sum of all gridpoints for orbital 4 = 0.00000.  Integrated orbital density = 0.00000.
Sum of all gridpoints for orbital 5 = 0.00000.  Integrated orbital density = 0.00000.
Sum of all gridpoints for orbital 6 = 0.00000.  Integrated orbital density = 0.00000.
Sum of all gridpoints for orbital 7 = 0.00000.  Integrated orbital density = 0.00000.
Sum of all gridpoints for orbital 8 = 0.00000.  Integrated orbital density = 0.00000.
Sum of all gridpoints for orbital 9 = 0.00000.  Integrated orbital density = 0.00000.
Sum of all gridpoints for orbital 10 = 0.00000.  Integrated orbital density = 0.00000.
Sum of all gridpoints for orbital 11 = 0.00000.  Integrated orbital density = 0.00000.
Sum of all gridpoints for orbital 12 = 0.00000.  Integrated orbital density = 0.00000.
Sum of all gridpoints for orbital 13 = 0.00000.  Integrated orbital density = 0.00000.
Sum of all gridpoints for orbital 14 = 0.00000.  Integrated orbital density = 0.00000.
Sum of all gridpoints for orbital 15 = 0.00000.  Integrated orbital density = 0.00000.
Sum of all gridpoints for orbital 16 = 0.00000.  Integrated orbital density = 0.00000.
Sum of all gridpoints for orbital 17 = 0.00000.  Integrated orbital density = 0.00000.
Sum of all gridpoints for orbital 18 = 0.00000.  Integrated orbital density = 0.00000.
Sum of all gridpoints for orbital 19 = 0.00000.  Integrated orbital density = 0.00000.
Sum of all gridpoints for orbital 20 = 0.00000.  Integrated orbital density = 0.00000.
Sum of all gridpoints for orbital 21 = 0.00000.  Integrated orbital density = 0.00000.
Sum of all gridpoints for orbital 22 = 0.00000.  Integrated orbital density = 0.00000.
Sum of all gridpoints for orbital 23 = 0.00000.  Integrated orbital density = 0.00000.
Sum of all gridpoints for orbital 24 = 0.00000.  Integrated orbital density = 0.00000.
Sum of all gridpoints for orbital 25 = 0.00000.  Integrated orbital density = 0.00000.
Sum of all gridpoints for orbital 26 = 0.00000.  Integrated orbital density = 0.00000.
Sum of all gridpoints for orbital 27 = 0.00000.  Integrated orbital density = 0.00000.
Sum of all gridpoints for orbital 28 = 0.00000.  Integrated orbital density = 0.00000.
Sum of all gridpoints for orbital 29 = 0.00000.  Integrated orbital density = 0.00000.
Sum of all gridpoints for orbital 30 = 0.00000.  Integrated orbital density = 0.00000.
Sum of all gridpoints for orbital 31 = 0.00000.  Integrated orbital density = 0.00000.
Sum of all gridpoints for orbital 32 = 0.00000.  Integrated orbital density = 0.00000.
Sum of all gridpoints for orbital 33 = 0.00000.  Integrated orbital density = 0.00000.
Sum of all gridpoints for orbital 34 = 0.00000.  Integrated orbital density = 0.00000.
Sum of all gridpoints for orbital 35 = 0.00000.  Integrated orbital density = 0.00000.
Sum of all gridpoints for orbital 36 = 0.00000.  Integrated orbital density = 0.00000.
Sum of all gridpoints for orbital 37 = 0.00000.  Integrated orbital density = 0.00000.
Sum of all gridpoints for orbital 38 = 0.00000.  Integrated orbital density = 0.00000.
Sum of all gridpoints for orbital 39 = 0.00000.  Integrated orbital density = 0.00000.
Sum of all gridpoints for orbital 40 = 0.00000.  Integrated orbital density = 0.00000.
Sum of all gridpoints for orbital 41 = 0.00000.  Integrated orbital density = 0.00000.
Sum of all gridpoints for orbital 42 = 0.00000.  Integrated orbital density = 0.00000.
Sum of all gridpoints for orbital 43 = 0.00000.  Integrated orbital density = 0.00000.
Sum of all gridpoints for orbital 44 = 0.00000.  Integrated orbital density = 0.00000.
Sum of all gridpoints for orbital 45 = 0.00000.  Integrated orbital density = 0.00000.
Sum of all gridpoints for orbital 46 = 0.00000.  Integrated orbital density = 0.00000.
Sum of all gridpoints for orbital 47 = 0.00000.  Integrated orbital density = 0.00000.
Sum of all gridpoints for orbital 48 = 0.00000.  Integrated orbital density = 0.00000.
Sum of all gridpoints for orbital 49 = 0.00000.  Integrated orbital density = 0.00000.
Sum of all gridpoints for orbital 50 = 0.00000.  Integrated orbital density = 0.00000.
Sum of all gridpoints for orbital 51 = 0.00000.  Integrated orbital density = 0.00000.
Sum of all gridpoints for orbital 52 = 0.00000.  Integrated orbital density = 0.00000.
Sum of all gridpoints for orbital 53 = 0.00000.  Integrated orbital density = 0.00000.
Sum of all gridpoints for orbital 54 = 0.00000.  Integrated orbital density = 0.00000.
Sum of all gridpoints for orbital 55 = 0.00000.  Integrated orbital density = 0.00000.
Sum of all gridpoints for orbital 56 = 0.00000.  Integrated orbital density = 0.00000.
Sum of all gridpoints for orbital 57 = 0.00000.  Integrated orbital density = 0.00000.
Sum of all gridpoints for orbital 58 = 0.00000.  Integrated orbital density = 0.00000.
Sum of all gridpoints for orbital 59 = 0.00000.  Integrated orbital density = 0.00000.
Sum of all gridpoints for orbital 60 = 0.00000.  Integrated orbital density = 0.00000.
Sum of all gridpoints for orbital 61 = 0.00000.  Integrated orbital density = 0.00000.
Sum of all gridpoints for orbital 62 = 0.00000.  Integrated orbital density = 0.00000.
Sum of all gridpoints for orbital 63 = 0.00000.  Integrated orbital density = 0.00000.
Sum of all gridpoints for orbital 64 = 0.00000.  Integrated orbital density = 0.00000.
Sum of all gridpoints for orbital 65 = 0.00000.  Integrated orbital density = 0.00000.
Sum of all gridpoints for total density = 0.00000.  Total integrated density = 0.00000.

    * METHOD: MOPRINT                            309.48


    * METHOD: PRINT                                0.29

  ---------------------------
      CASSCF calculation     
  ---------------------------

    * nstate   :      1
    * nclosed  :     57
    * nact     :     16
    * nvirt    :    639
  === CASSCF iteration (cc-pvtz) ===

    * Using the second-order algorithm

      0  0      -795.19367642     3.11e-07   1005.00

         res : 6.39e-04   lamb: 1.74e+00   eps : -8.86e-05   step: 9.85e-01    0.36
         res : 1.75e-04   lamb: 3.55e+00   eps : -7.28e-05   step: 4.23e-01    0.36
         res : 3.33e-04   lamb: 4.00e+00   eps : -6.99e-05   step: 3.60e-01    0.35
         res : 5.56e-05   lamb: 4.34e+00   eps : -6.81e-05   step: 3.20e-01    0.45
         res : 4.85e-05   lamb: 4.45e+00   eps : -6.76e-05   step: 3.10e-01    0.36
         res : 2.29e-05   lamb: 4.58e+00   eps : -6.70e-05   step: 2.97e-01    0.35
slurmstepd: error: Detected 1 oom_kill event in StepId=1074355.0. Some of the step tasks have been OOM Killed.
srun: error: cn0372: task 1: Out Of Memory
srun: Terminating StepId=1074355.0
slurmstepd: error: *** STEP 1074355.0 ON cn0372 CANCELLED AT 2026-02-24T12:21:26 ***
slurmstepd: error:  mpi/pmix_v4: _errhandler: cn0372 [0]: pmixp_client_v2.c:211: Error handler invoked: status = -61, source = [slurm.pmix.1074355.0:1]
srun: Job step aborted: Waiting up to 32 seconds for job step to finish.
