    * Using serial Knowles-Handy algorithm in FCI.
  ---------------------------
        FCI calculation      
  ---------------------------

  Performs exactly the same way as Knowles & Handy 1984 CPL

  o alpha-beta strings
      length:          1716
  o size of the space 
      determinant space:  731808
      spin-adapted space: 339768

  o single displacement lists (alpha)
      length:         33264
  o single displacement lists (beta)
      length:         38808
    * Integral transformation done. Elapsed time: 0.38

     guess   0:   closed 111111......         open ......1.....        

  === FCI iteration ===

      0  0      -795.09891452     5.44e-04      0.23
      1  0      -795.19552272     2.22e-04      0.23
      2  0      -795.20773727     8.02e-05      0.23
      3  0      -795.20963139     3.40e-05      0.23
      4  0      -795.21005003     2.10e-05      0.23
      5  0      -795.21026274     1.64e-05      0.25
      6  0      -795.21036501     8.71e-06      0.22
      7  0      -795.21039073     4.39e-06      0.22
      8  0      -795.21039581     1.77e-06      0.22
      9  0      -795.21039655     6.41e-07      0.22
     10  0      -795.21039665     2.19e-07      0.23
     11  0      -795.21039666     7.79e-08      0.22
     12  0      -795.21039666     2.87e-08      0.22
     13  0      -795.21039666     9.70e-09      0.22
     14  0      -795.21039666     3.10e-09      0.23
     15  0      -795.21039666     1.09e-09      0.46
     16  0      -795.21039666     3.72e-10      0.23
     17  0      -795.21039666     1.30e-10      0.22
     18  0 *    -795.21039666     4.61e-11      0.19

     * ci vector, state   0, <S^2> = 0.7500
       222222a.....     0.9410667189
       2222a22.....    -0.2261278605
       222.22a2....     0.0694086160
       222a22ab....     0.0507542344
       - FCI and RDMs                              4.80
    * Integral transformation done. Elapsed time: 0.37

     guess   0:   closed 111111......         open ......1.....        

  === FCI iteration ===

      0  0      -795.27523333     5.31e-04      0.22
      1  0      -795.36679944     2.18e-04      0.22
      2  0      -795.37844372     7.98e-05      0.24
      3  0      -795.38034318     3.40e-05      0.22
      4  0      -795.38082693     2.33e-05      0.22
      5  0      -795.38103965     1.47e-05      0.22
      6  0      -795.38110140     6.00e-06      0.22
      7  0      -795.38111083     2.10e-06      0.23
      8  0      -795.38111189     7.21e-07      0.22
      9  0      -795.38111201     2.61e-07      0.22
     10  0      -795.38111202     9.29e-08      0.22
     11  0      -795.38111203     3.34e-08      0.24
     12  0      -795.38111203     1.08e-08      0.22
     13  0      -795.38111203     3.39e-09      0.22
     14  0      -795.38111203     1.02e-09      0.22
     15  0      -795.38111203     3.33e-10      0.28
     16  0      -795.38111203     1.08e-10      0.25
     17  0 *    -795.38111203     3.66e-11      0.19

     * ci vector, state   0, <S^2> = 0.7500
       222222a.....    -0.9349728574
       a222222.....    -0.2675807880
       22222.a2....    -0.0704304960
       - FCI and RDMs                              4.37
    * Integral transformation done. Elapsed time: 0.38

     guess   0:   closed 111111......         open ......1.....        

  === FCI iteration ===

      0  0      -795.29311027     5.37e-04      0.21
      1  0      -795.38651661     2.03e-04      0.22
      2  0      -795.39615796     7.21e-05      0.22
      3  0      -795.39747137     2.53e-05      0.22
      4  0      -795.39770631     1.35e-05      0.35
      5  0      -795.39778036     8.66e-06      0.29
      6  0      -795.39780355     3.73e-06      0.22
      7  0      -795.39780708     1.34e-06      0.22
      8  0      -795.39780749     4.52e-07      0.24
      9  0      -795.39780753     1.58e-07      0.22
     10  0      -795.39780754     5.44e-08      0.22
     11  0      -795.39780754     1.90e-08      0.23
     12  0      -795.39780754     6.27e-09      0.22
     13  0      -795.39780754     2.04e-09      0.22
     14  0      -795.39780754     6.89e-10      0.22
     15  0      -795.39780754     2.30e-10      0.22
     16  0 *    -795.39780754     7.68e-11      0.19

     * ci vector, state   0, <S^2> = 0.7500
       222222a.....     0.9639806082
       a222222.....     0.1106796254
       22222.a2....     0.0728118498
       2.2222a...2.     0.0509541282
       222a222.....    -0.0505032992
       - FCI and RDMs                              4.25
    * Integral transformation done. Elapsed time: 0.38

     guess   0:   closed 111111......         open ......1.....        

  === FCI iteration ===

      0  0      -795.29758007     5.40e-04      0.22
      1  0      -795.39201885     2.02e-04      0.22
      2  0      -795.40136496     7.04e-05      0.22
      3  0      -795.40248080     2.12e-05      0.23
      4  0      -795.40258790     6.93e-06      0.23
      5  0      -795.40259959     2.64e-06      0.23
      6  0      -795.40260176     1.20e-06      0.23
      7  0      -795.40260234     7.13e-07      0.22
      8  0      -795.40260248     3.20e-07      0.22
      9  0      -795.40260251     1.25e-07      0.22
     10  0      -795.40260251     4.57e-08      0.22
     11  0      -795.40260251     1.63e-08      0.22
     12  0      -795.40260251     5.51e-09      0.27
     13  0      -795.40260251     1.81e-09      0.23
     14  0      -795.40260251     6.48e-10      0.22
     15  0      -795.40260251     2.22e-10      0.22
     16  0 *    -795.40260251     7.11e-11      0.25

     * ci vector, state   0, <S^2> = 0.7500
       222222a.....     0.9695488732
       22222.a2....     0.0724556944
       22.222a.2...     0.0610094778
       - FCI and RDMs                              4.18
    * Integral transformation done. Elapsed time: 0.38

     guess   0:   closed 111111......         open ......1.....        

  === FCI iteration ===

      0  0      -795.29802652     5.40e-04      0.22
      1  0      -795.39284151     2.05e-04      0.23
      2  0      -795.40266325     7.31e-05      0.22
      3  0      -795.40389290     2.23e-05      0.26
      4  0      -795.40401062     6.86e-06      0.23
      5  0      -795.40402076     2.27e-06      0.23
      6  0      -795.40402189     7.17e-07      0.23
      7  0      -795.40402200     2.58e-07      0.23
      8  0      -795.40402202     1.00e-07      0.23
      9  0      -795.40402202     4.15e-08      0.23
     10  0      -795.40402202     1.81e-08      0.22
     11  0      -795.40402202     8.55e-09      0.22
     12  0      -795.40402202     3.43e-09      0.26
     13  0      -795.40402202     1.23e-09      0.22
     14  0      -795.40402202     4.38e-10      0.22
     15  0      -795.40402202     1.58e-10      0.33
     16  0 *    -795.40402202     5.57e-11      0.19

     * ci vector, state   0, <S^2> = 0.7500
       222222a.....     0.9687134460
       22222.a2....     0.0770760258
       2222baaab...     0.0569013245
       2222ababa...     0.0566949407
       2222.2a.2...     0.0563152314
       22222.a.2...     0.0530847528
       - FCI and RDMs                              4.25
    * Integral transformation done. Elapsed time: 0.54

     guess   0:   closed 111111......         open ......1.....        

  === FCI iteration ===

      0  0      -795.29793830     5.40e-04      0.21
      1  0      -795.39322713     2.05e-04      0.23
      2  0      -795.40318252     7.34e-05      0.22
      3  0      -795.40443893     2.28e-05      0.22
      4  0      -795.40456419     6.89e-06      0.22
      5  0      -795.40457457     2.25e-06      0.28
      6  0      -795.40457567     7.19e-07      0.22
      7  0      -795.40457579     2.68e-07      0.22
      8  0      -795.40457580     1.06e-07      0.22
      9  0      -795.40457581     4.54e-08      0.22
     10  0      -795.40457581     1.85e-08      0.22
     11  0      -795.40457581     7.19e-09      0.22
     12  0      -795.40457581     2.51e-09      0.22
     13  0      -795.40457581     8.42e-10      0.22
     14  0      -795.40457581     2.69e-10      0.22
     15  0 *    -795.40457581     8.92e-11      0.61

     * ci vector, state   0, <S^2> = 0.7500
       222222a.....    -0.9680369362
       22222.a2....    -0.0842314520
       2222.2a.2...    -0.0609631181
       2222baaab...    -0.0559981163
       2222ababa...    -0.0559030324
       - FCI and RDMs                              4.29
    * Integral transformation done. Elapsed time: 0.40

     guess   0:   closed 111111......         open ......1.....        

  === FCI iteration ===

      0  0      -795.29783955     5.40e-04      0.24
      1  0      -795.39351384     2.05e-04      0.23
      2  0      -795.40350685     7.32e-05      0.23
      3  0      -795.40476209     2.29e-05      0.23
      4  0      -795.40489004     6.91e-06      0.23
      5  0      -795.40490061     2.23e-06      0.26
      6  0      -795.40490167     7.04e-07      0.26
      7  0      -795.40490178     2.59e-07      0.25
      8  0      -795.40490180     9.64e-08      0.22
      9  0      -795.40490180     3.87e-08      0.22
     10  0      -795.40490180     1.48e-08      0.23
     11  0      -795.40490180     5.70e-09      0.22
     12  0      -795.40490180     2.04e-09      0.34
     13  0      -795.40490180     6.68e-10      0.23
     14  0      -795.40490180     2.11e-10      0.23
     15  0 *    -795.40490180     6.98e-11      0.19

     * ci vector, state   0, <S^2> = 0.7500
       222222a.....    -0.9676324031
       22222.a2....    -0.0887122364
       2222.2a.2...    -0.0650870385
       2222baaab...     0.0543897882
       2222ababa...     0.0543605465
       - FCI and RDMs                              4.12
    * Integral transformation done. Elapsed time: 0.43

     guess   0:   closed 111111......         open ......1.....        

  === FCI iteration ===

      0  0      -795.29777426     5.40e-04      0.21
      1  0      -795.39365912     2.05e-04      0.22
      2  0      -795.40369320     7.31e-05      0.22
      3  0      -795.40494805     2.29e-05      0.22
      4  0      -795.40507790     6.97e-06      0.22
      5  0      -795.40508872     2.23e-06      0.22
      6  0      -795.40508978     6.91e-07      0.22
      7  0      -795.40508989     2.52e-07      0.32
      8  0      -795.40508990     9.15e-08      0.22
      9  0      -795.40508990     3.53e-08      0.22
     10  0      -795.40508990     1.26e-08      0.22
     11  0      -795.40508990     4.84e-09      0.22
     12  0      -795.40508990     1.79e-09      0.22
     13  0      -795.40508990     5.92e-10      0.23
     14  0      -795.40508990     1.93e-10      0.43
     15  0 *    -795.40508990     6.61e-11      0.19

     * ci vector, state   0, <S^2> = 0.7500
       222222a.....    -0.9673986837
       22222.a2....    -0.0918191783
       2222.2a.2...    -0.0677080724
       2222ababa...    -0.0529905929
       2222baaab...    -0.0529764605
       - FCI and RDMs                              4.12
    * Integral transformation done. Elapsed time: 0.42

     guess   0:   closed 111111......         open ......1.....        

  === FCI iteration ===

      0  0      -795.29773693     5.40e-04      0.22
      1  0      -795.39368523     2.05e-04      0.22
      2  0      -795.40375234     7.31e-05      0.22
      3  0      -795.40500998     2.30e-05      0.22
      4  0      -795.40514165     7.04e-06      0.22
      5  0      -795.40515271     2.24e-06      0.35
      6  0      -795.40515378     6.86e-07      0.22
      7  0      -795.40515388     2.48e-07      0.22
      8  0      -795.40515389     8.96e-08      0.22
      9  0      -795.40515390     3.40e-08      0.27
     10  0      -795.40515390     1.17e-08      0.22
     11  0      -795.40515390     4.40e-09      0.22
     12  0      -795.40515390     1.62e-09      0.22
     13  0      -795.40515390     5.39e-10      0.22
     14  0      -795.40515390     1.81e-10      0.45
     15  0 *    -795.40515390     6.29e-11      0.19

     * ci vector, state   0, <S^2> = 0.7500
       222222a.....    -0.9672628021
       22222.a2....    -0.0940847688
       2222.2a.2...    -0.0693258175
       2222ababa...     0.0519362061
       2222baaab...     0.0518918340
       - FCI and RDMs                              4.22
    * Integral transformation done. Elapsed time: 0.41

     guess   0:   closed 111111......         open ......1.....        

  === FCI iteration ===

      0  0      -795.29771527     5.40e-04      0.23
      1  0      -795.39367249     2.05e-04      0.24
      2  0      -795.40376187     7.31e-05      0.23
      3  0      -795.40502349     2.31e-05      0.23
      4  0      -795.40515673     7.10e-06      0.23
      5  0      -795.40516799     2.25e-06      0.22
      6  0      -795.40516906     6.87e-07      0.23
      7  0      -795.40516917     2.48e-07      0.23
      8  0      -795.40516918     8.94e-08      0.23
      9  0      -795.40516919     3.36e-08      0.22
     10  0      -795.40516919     1.15e-08      0.23
     11  0      -795.40516919     4.31e-09      0.23
     12  0      -795.40516919     1.55e-09      0.23
     13  0      -795.40516919     5.14e-10      0.23
     14  0      -795.40516919     1.70e-10      0.23
     15  0 *    -795.40516919     5.88e-11      0.20

     * ci vector, state   0, <S^2> = 0.7500
       222222a.....    -0.9671813515
       22222.a2....    -0.0958175864
       2222.2a.2...    -0.0703695668
       2222ababa...     0.0510847060
       2222baaab...     0.0510174489
       - FCI and RDMs                              3.91
    * Integral transformation done. Elapsed time: 0.44

     guess   0:   closed 111111......         open ......1.....        

  === FCI iteration ===

      0  0      -795.29770157     5.40e-04      0.27
      1  0      -795.39365749     2.05e-04      0.23
      2  0      -795.40376069     7.31e-05      0.23
      3  0      -795.40502564     2.32e-05      0.23
      4  0      -795.40516002     7.14e-06      0.30
      5  0      -795.40517143     2.27e-06      0.23
      6  0      -795.40517252     6.92e-07      0.23
      7  0      -795.40517262     2.49e-07      0.23
      8  0      -795.40517264     9.00e-08      0.23
      9  0      -795.40517264     3.36e-08      0.23
     10  0      -795.40517264     1.16e-08      0.23
     11  0      -795.40517264     4.37e-09      0.23
     12  0      -795.40517264     1.56e-09      0.23
     13  0      -795.40517264     5.26e-10      0.23
     14  0      -795.40517264     1.73e-10      0.22
     15  0 *    -795.40517264     6.00e-11      0.19

     * ci vector, state   0, <S^2> = 0.7500
       222222a.....    -0.9671315063
       22222.a2....    -0.0970721098
       2222.2a.2...    -0.0710461316
       2222ababa...     0.0504291666
       2222baaab...     0.0503453176
       - FCI and RDMs                              4.03
    * Integral transformation done. Elapsed time: 0.38

     guess   0:   closed 111111......         open ......1.....        

  === FCI iteration ===

      0  0      -795.29769246     5.40e-04      0.22
      1  0      -795.39364687     2.05e-04      0.23
      2  0      -795.40375839     7.32e-05      0.23
      3  0      -795.40502562     2.33e-05      0.23
      4  0      -795.40516076     7.17e-06      0.23
      5  0      -795.40517226     2.28e-06      0.23
      6  0      -795.40517336     6.96e-07      0.23
      7  0      -795.40517347     2.50e-07      0.23
      8  0      -795.40517348     9.06e-08      0.23
      9  0      -795.40517349     3.37e-08      0.23
     10  0      -795.40517349     1.16e-08      0.24
     11  0      -795.40517349     4.43e-09      0.22
     12  0      -795.40517349     1.58e-09      0.23
     13  0      -795.40517349     5.36e-10      0.23
     14  0      -795.40517349     1.76e-10      0.23
     15  0 *    -795.40517349     6.10e-11      0.20

     * ci vector, state   0, <S^2> = 0.7500
       222222a.....    -0.9671007826
       22222.a2....    -0.0979079780
       2222.2a.2...    -0.0714727776
       - FCI and RDMs                              3.94
    * Integral transformation done. Elapsed time: 0.38

     guess   0:   closed 111111......         open ......1.....        

  === FCI iteration ===

      0  0      -795.29768642     5.40e-04      0.23
      1  0      -795.39364012     2.05e-04      0.23
      2  0      -795.40375664     7.32e-05      0.23
      3  0      -795.40502531     2.33e-05      0.23
      4  0      -795.40516092     7.19e-06      0.22
      5  0      -795.40517249     2.28e-06      0.23
      6  0      -795.40517359     7.00e-07      0.23
      7  0      -795.40517370     2.51e-07      0.23
      8  0      -795.40517372     9.10e-08      0.23
      9  0      -795.40517372     3.37e-08      0.23
     10  0      -795.40517372     1.17e-08      0.22
     11  0      -795.40517372     4.46e-09      0.22
     12  0      -795.40517372     1.59e-09      0.32
     13  0      -795.40517372     5.40e-10      0.22
     14  0      -795.40517372     1.77e-10      0.22
     15  0 *    -795.40517372     6.14e-11      0.19

     * ci vector, state   0, <S^2> = 0.7500
       222222a.....    -0.9670818893
       22222.a2....    -0.0984379003
       2222.2a.2...    -0.0717361064
       - FCI and RDMs                              4.00
    * Integral transformation done. Elapsed time: 0.37

     guess   0:   closed 111111......         open ......1.....        

  === FCI iteration ===

      0  0      -795.29768249     5.40e-04      0.23
      1  0      -795.39363596     2.05e-04      0.23
      2  0      -795.40375550     7.32e-05      0.23
      3  0      -795.40502505     2.33e-05      0.23
      4  0      -795.40516095     7.20e-06      0.23
      5  0      -795.40517256     2.28e-06      0.23
      6  0      -795.40517367     7.02e-07      0.23
      7  0      -795.40517377     2.52e-07      0.23
      8  0      -795.40517379     9.13e-08      0.23
      9  0      -795.40517379     3.37e-08      0.23
     10  0      -795.40517379     1.17e-08      0.23
     11  0      -795.40517379     4.48e-09      0.23
     12  0      -795.40517379     1.60e-09      0.23
     13  0      -795.40517379     5.41e-10      0.24
     14  0      -795.40517379     1.78e-10      0.23
     15  0 *    -795.40517379     6.15e-11      0.20

     * ci vector, state   0, <S^2> = 0.7500
       222222a.....    -0.9670703276
       22222.a2....    -0.0987654902
       2222.2a.2...    -0.0718967335
       - FCI and RDMs                              3.95
    * Integral transformation done. Elapsed time: 0.40

     guess   0:   closed 111111......         open ......1.....        

  === FCI iteration ===

      0  0      -795.29767999     5.40e-04      0.22
      1  0      -795.39363343     2.05e-04      0.22
      2  0      -795.40375478     7.32e-05      0.22
      3  0      -795.40502487     2.33e-05      0.22
      4  0      -795.40516095     7.20e-06      0.22
      5  0      -795.40517258     2.29e-06      0.23
      6  0      -795.40517369     7.04e-07      0.23
      7  0      -795.40517380     2.52e-07      0.22
      8  0      -795.40517381     9.15e-08      0.22
      9  0      -795.40517381     3.38e-08      0.22
     10  0      -795.40517381     1.17e-08      0.22
     11  0      -795.40517381     4.49e-09      0.23
     12  0      -795.40517381     1.60e-09      0.24
     13  0      -795.40517381     5.42e-10      0.22
     14  0      -795.40517381     1.78e-10      0.22
     15  0 *    -795.40517381     6.16e-11      0.19

     * ci vector, state   0, <S^2> = 0.7500
       222222a.....    -0.9670632866
       22222.a2....    -0.0989654439
       2222.2a.2...    -0.0719941244
       - FCI and RDMs                              3.87
    * Integral transformation done. Elapsed time: 0.54

     guess   0:   closed 111111......         open ......1.....        

  === FCI iteration ===

      0  0      -795.29767842     5.40e-04      0.22
      1  0      -795.39363190     2.05e-04      0.22
      2  0      -795.40375434     7.32e-05      0.33
      3  0      -795.40502475     2.33e-05      0.22
      4  0      -795.40516094     7.21e-06      0.22
      5  0      -795.40517258     2.29e-06      0.22
      6  0      -795.40517370     7.05e-07      0.23
      7  0      -795.40517381     2.53e-07      0.22
      8  0      -795.40517382     9.16e-08      0.22
      9  0      -795.40517382     3.38e-08      0.22
     10  0      -795.40517382     1.17e-08      0.22
     11  0      -795.40517382     4.49e-09      0.22
     12  0      -795.40517382     1.60e-09      0.22
     13  0      -795.40517382     5.43e-10      0.22
     14  0      -795.40517382     1.78e-10      0.22
     15  0 *    -795.40517382     6.17e-11      0.24

     * ci vector, state   0, <S^2> = 0.7500
       222222a.....    -0.9670590136
       22222.a2....    -0.0990866895
       2222.2a.2...    -0.0720529971
       - FCI and RDMs                              3.96
    * Integral transformation done. Elapsed time: 0.38

     guess   0:   closed 111111......         open ......1.....        

  === FCI iteration ===

      0  0      -795.29767746     5.40e-04      0.22
      1  0      -795.39363098     2.05e-04      0.22
      2  0      -795.40375407     7.32e-05      0.22
      3  0      -795.40502468     2.33e-05      0.22
      4  0      -795.40516093     7.21e-06      0.22
      5  0      -795.40517259     2.29e-06      0.22
      6  0      -795.40517370     7.06e-07      0.22
      7  0      -795.40517381     2.53e-07      0.22
      8  0      -795.40517382     9.17e-08      0.22
      9  0      -795.40517382     3.38e-08      0.22
     10  0      -795.40517383     1.17e-08      0.22
     11  0      -795.40517383     4.49e-09      0.22
     12  0      -795.40517383     1.61e-09      0.22
     13  0      -795.40517383     5.43e-10      0.22
     14  0      -795.40517383     1.78e-10      0.22
     15  0 *    -795.40517383     6.17e-11      0.19

     * ci vector, state   0, <S^2> = 0.7500
       222222a.....    -0.9670564266
       22222.a2....    -0.0991599540
       2222.2a.2...    -0.0720885337
       - FCI and RDMs                              3.80
    * Integral transformation done. Elapsed time: 0.38

     guess   0:   closed 111111......         open ......1.....        

  === FCI iteration ===

      0  0      -795.29767686     5.40e-04      0.22
      1  0      -795.39363042     2.05e-04      0.23
      2  0      -795.40375391     7.32e-05      0.35
      3  0      -795.40502463     2.33e-05      0.27
      4  0      -795.40516092     7.21e-06      0.23
      5  0      -795.40517259     2.29e-06      0.23
      6  0      -795.40517370     7.06e-07      0.23
      7  0      -795.40517381     2.53e-07      0.23
      8  0      -795.40517382     9.17e-08      0.23
      9  0      -795.40517383     3.38e-08      0.23
     10  0      -795.40517383     1.17e-08      0.24
     11  0      -795.40517383     4.50e-09      0.23
     12  0      -795.40517383     1.61e-09      0.23
     13  0      -795.40517383     5.43e-10      0.23
     14  0      -795.40517383     1.78e-10      0.22
     15  0 *    -795.40517383     6.17e-11      0.19

     * ci vector, state   0, <S^2> = 0.7500
       222222a.....    -0.9670548631
       22222.a2....    -0.0992041443
       2222.2a.2...    -0.0721099680
       - FCI and RDMs                              4.08
    * Integral transformation done. Elapsed time: 0.37

     guess   0:   closed 111111......         open ......1.....        

  === FCI iteration ===

      0  0      -795.29767650     5.40e-04      0.21
      1  0      -795.39363008     2.05e-04      0.22
      2  0      -795.40375381     7.32e-05      0.22
      3  0      -795.40502461     2.33e-05      0.22
      4  0      -795.40516092     7.21e-06      0.22
      5  0      -795.40517259     2.29e-06      0.22
      6  0      -795.40517370     7.06e-07      0.23
      7  0      -795.40517381     2.53e-07      0.43
      8  0      -795.40517383     9.17e-08      0.22
      9  0      -795.40517383     3.38e-08      0.23
     10  0      -795.40517383     1.17e-08      0.22
     11  0      -795.40517383     4.50e-09      0.22
     12  0      -795.40517383     1.61e-09      0.23
     13  0      -795.40517383     5.43e-10      0.22
     14  0      -795.40517383     1.78e-10      0.22
     15  0 *    -795.40517383     6.17e-11      0.19

     * ci vector, state   0, <S^2> = 0.7500
       222222a.....    -0.9670539187
       22222.a2....    -0.0992307748
       2222.2a.2...    -0.0721228943
       - FCI and RDMs                              4.03
    * Integral transformation done. Elapsed time: 0.37

     guess   0:   closed 111111......         open ......1.....        

  === FCI iteration ===

      0  0      -795.29767628     5.40e-04      0.21
      1  0      -795.39362988     2.05e-04      0.22
      2  0      -795.40375375     7.32e-05      0.22
      3  0      -795.40502459     2.33e-05      0.22
      4  0      -795.40516092     7.21e-06      0.22
      5  0      -795.40517259     2.29e-06      0.22
      6  0      -795.40517370     7.06e-07      0.22
      7  0      -795.40517381     2.53e-07      0.22
      8  0      -795.40517383     9.18e-08      0.23
      9  0      -795.40517383     3.38e-08      0.22
     10  0      -795.40517383     1.17e-08      0.22
     11  0      -795.40517383     4.50e-09      0.22
     12  0      -795.40517383     1.61e-09      0.23
     13  0      -795.40517383     5.43e-10      0.22
     14  0      -795.40517383     1.78e-10      0.22
     15  0 *    -795.40517383     6.17e-11      0.19

     * ci vector, state   0, <S^2> = 0.7500
       222222a.....    -0.9670533482
       22222.a2....    -0.0992468212
       2222.2a.2...    -0.0721306877
       - FCI and RDMs                              3.79
    * Integral transformation done. Elapsed time: 0.38

     guess   0:   closed 111111......         open ......1.....        

  === FCI iteration ===

      0  0      -795.29767615     5.40e-04      0.23
      1  0      -795.39362976     2.05e-04      0.22
      2  0      -795.40375371     7.32e-05      0.31
      3  0      -795.40502458     2.33e-05      0.23
      4  0      -795.40516092     7.22e-06      0.22
      5  0      -795.40517259     2.29e-06      0.23
      6  0      -795.40517370     7.07e-07      0.22
      7  0      -795.40517381     2.53e-07      0.22
      8  0      -795.40517383     9.18e-08      0.23
      9  0      -795.40517383     3.38e-08      0.22
     10  0      -795.40517383     1.17e-08      0.23
     11  0      -795.40517383     4.50e-09      0.22
     12  0      -795.40517383     1.61e-09      0.23
     13  0      -795.40517383     5.43e-10      0.22
     14  0      -795.40517383     1.78e-10      0.36
     15  0 *    -795.40517383     6.17e-11      0.19

     * ci vector, state   0, <S^2> = 0.7500
       222222a.....    -0.9670530029
       22222.a2....    -0.0992564919
       2222.2a.2...    -0.0721353919
       - FCI and RDMs                              4.11
    * Integral transformation done. Elapsed time: 0.43

     guess   0:   closed 111111......         open ......1.....        

  === FCI iteration ===

      0  0      -795.29767607     5.40e-04      0.22
      1  0      -795.39362969     2.05e-04      0.24
      2  0      -795.40375370     7.32e-05      0.25
      3  0      -795.40502458     2.33e-05      0.38
      4  0      -795.40516092     7.22e-06      0.30
      5  0      -795.40517259     2.29e-06      0.23
      6  0      -795.40517371     7.07e-07      0.23
      7  0      -795.40517382     2.53e-07      0.23
      8  0      -795.40517383     9.18e-08      0.23
      9  0      -795.40517383     3.38e-08      0.23
     10  0      -795.40517383     1.17e-08      0.23
     11  0      -795.40517383     4.50e-09      0.26
     12  0      -795.40517383     1.61e-09      0.23
     13  0      -795.40517383     5.43e-10      0.23
     14  0      -795.40517383     1.78e-10      0.23
     15  0 *    -795.40517383     6.17e-11      0.50

     * ci vector, state   0, <S^2> = 0.7500
       222222a.....    -0.9670527919
       22222.a2....    -0.0992623262
       2222.2a.2...    -0.0721382373
       - FCI and RDMs                              4.53
    * Integral transformation done. Elapsed time: 0.38

     guess   0:   closed 111111......         open ......1.....        

  === FCI iteration ===

      0  0      -795.29767602     5.40e-04      0.23
      1  0      -795.39362965     2.05e-04      0.22
      2  0      -795.40375369     7.32e-05      0.22
      3  0      -795.40502458     2.33e-05      0.22
      4  0      -795.40516093     7.22e-06      0.26
      5  0      -795.40517260     2.29e-06      0.22
      6  0      -795.40517371     7.07e-07      0.22
      7  0      -795.40517382     2.53e-07      0.23
      8  0      -795.40517384     9.18e-08      0.23
      9  0      -795.40517384     3.38e-08      0.22
     10  0      -795.40517384     1.17e-08      0.22
     11  0      -795.40517384     4.50e-09      0.22
     12  0      -795.40517384     1.61e-09      0.22
     13  0      -795.40517384     5.43e-10      0.22
     14  0      -795.40517384     1.78e-10      0.22
     15  0 *    -795.40517384     6.17e-11      0.19

     * ci vector, state   0, <S^2> = 0.7500
       222222a.....    -0.9670526592
       22222.a2....    -0.0992658648
       2222.2a.2...    -0.0721399710
       - FCI and RDMs                              3.87
    * Integral transformation done. Elapsed time: 0.37

     guess   0:   closed 111111......         open ......1.....        

  === FCI iteration ===

      0  0      -795.29767599     5.40e-04      0.22
      1  0      -795.39362963     2.05e-04      0.23
      2  0      -795.40375370     7.32e-05      0.26
      3  0      -795.40502460     2.33e-05      0.23
      4  0      -795.40516094     7.22e-06      0.23
      5  0      -795.40517261     2.29e-06      0.23
      6  0      -795.40517373     7.07e-07      0.24
      7  0      -795.40517384     2.53e-07      0.23
      8  0      -795.40517385     9.18e-08      0.23
      9  0      -795.40517386     3.38e-08      0.23
     10  0      -795.40517386     1.17e-08      0.23
     11  0      -795.40517386     4.50e-09      0.23
     12  0      -795.40517386     1.61e-09      0.23
     13  0      -795.40517386     5.43e-10      0.23
     14  0      -795.40517386     1.78e-10      0.23
     15  0 *    -795.40517386     6.17e-11      0.19

     * ci vector, state   0, <S^2> = 0.7500
       222222a.....    -0.9670525673
       22222.a2....    -0.0992680515
       2222.2a.2...    -0.0721410596
       - FCI and RDMs                              3.95
    * Integral transformation done. Elapsed time: 0.37

     guess   0:   closed 111111......         open ......1.....        

  === FCI iteration ===

      0  0      -795.29767598     5.40e-04      0.21
      1  0      -795.39362964     2.05e-04      0.22
      2  0      -795.40375372     7.32e-05      0.22
      3  0      -795.40502463     2.33e-05      0.22
      4  0      -795.40516098     7.22e-06      0.22
      5  0      -795.40517265     2.29e-06      0.22
      6  0      -795.40517376     7.07e-07      0.22
      7  0      -795.40517387     2.53e-07      0.22
      8  0      -795.40517388     9.18e-08      0.22
      9  0      -795.40517389     3.38e-08      0.23
     10  0      -795.40517389     1.17e-08      0.22
     11  0      -795.40517389     4.50e-09      0.22
     12  0      -795.40517389     1.61e-09      0.22
     13  0      -795.40517389     5.43e-10      0.23
     14  0      -795.40517389     1.78e-10      0.22
     15  0 *    -795.40517389     6.17e-11      0.19

     * ci vector, state   0, <S^2> = 0.7500
       222222a.....    -0.9670524871
       22222.a2....    -0.0992694911
       2222.2a.2...    -0.0721418033
       - FCI and RDMs                              3.83
    * Integral transformation done. Elapsed time: 0.38

     guess   0:   closed 111111......         open ......1.....        

  === FCI iteration ===

      0  0      -795.29767598     5.40e-04      0.27
      1  0      -795.39362967     2.05e-04      0.22
      2  0      -795.40375378     7.32e-05      0.23
      3  0      -795.40502469     2.33e-05      0.23
      4  0      -795.40516104     7.22e-06      0.23
      5  0      -795.40517271     2.29e-06      0.23
      6  0      -795.40517383     7.07e-07      0.23
      7  0      -795.40517393     2.53e-07      0.23
      8  0      -795.40517395     9.18e-08      0.23
      9  0      -795.40517395     3.38e-08      0.23
     10  0      -795.40517395     1.17e-08      0.23
     11  0      -795.40517395     4.50e-09      0.22
     12  0      -795.40517395     1.61e-09      0.22
     13  0      -795.40517395     5.43e-10      0.22
     14  0      -795.40517395     1.78e-10      0.22
     15  0 *    -795.40517395     6.17e-11      0.31

     * ci vector, state   0, <S^2> = 0.7500
       222222a.....    -0.9670523877
       22222.a2....    -0.0992706086
       2222.2a.2...    -0.0721424292
       - FCI and RDMs                              4.04
    * Integral transformation done. Elapsed time: 0.39

     guess   0:   closed 111111......         open ......1.....        

  === FCI iteration ===

      0  0      -795.29767599     5.40e-04      0.22
      1  0      -795.39362976     2.05e-04      0.23
      2  0      -795.40375390     7.32e-05      0.23
      3  0      -795.40502482     2.33e-05      0.23
      4  0      -795.40516117     7.22e-06      0.23
      5  0      -795.40517285     2.29e-06      0.23
      6  0      -795.40517396     7.07e-07      0.26
      7  0      -795.40517407     2.53e-07      0.22
      8  0      -795.40517408     9.18e-08      0.22
      9  0      -795.40517409     3.38e-08      0.23
     10  0      -795.40517409     1.17e-08      0.23
     11  0      -795.40517409     4.50e-09      0.47
     12  0      -795.40517409     1.61e-09      0.22
     13  0      -795.40517409     5.43e-10      0.22
     14  0      -795.40517409     1.78e-10      0.22
     15  0 *    -795.40517409     6.17e-11      0.19

     * ci vector, state   0, <S^2> = 0.7500
       222222a.....    -0.9670522207
       22222.a2....    -0.0992718126
       2222.2a.2...    -0.0721431849
       - FCI and RDMs                              4.15
    * Integral transformation done. Elapsed time: 0.38

     guess   0:   closed 111111......         open ......1.....        

  === FCI iteration ===

      0  0      -795.29767602     5.40e-04      0.22
      1  0      -795.39362996     2.05e-04      0.23
      2  0      -795.40375417     7.32e-05      0.23
      3  0      -795.40502510     2.33e-05      0.24
      4  0      -795.40516146     7.22e-06      0.23
      5  0      -795.40517313     2.29e-06      0.22
      6  0      -795.40517424     7.07e-07      0.22
      7  0      -795.40517435     2.53e-07      0.22
      8  0      -795.40517437     9.18e-08      0.34
      9  0      -795.40517437     3.38e-08      0.22
     10  0      -795.40517437     1.17e-08      0.22
     11  0      -795.40517437     4.50e-09      0.22
     12  0      -795.40517437     1.61e-09      0.22
     13  0      -795.40517437     5.43e-10      0.22
     14  0      -795.40517437     1.78e-10      0.22
     15  0 *    -795.40517437     6.17e-11      0.19

     * ci vector, state   0, <S^2> = 0.7500
       222222a.....    -0.9670518963
       22222.a2....    -0.0992736485
       2222.2a.2...    -0.0721444303
       - FCI and RDMs                              3.93
    * Integral transformation done. Elapsed time: 0.41

     guess   0:   closed 111111......         open ......1.....        

  === FCI iteration ===

      0  0      -795.29767608     5.40e-04      0.22
      1  0      -795.39363037     2.05e-04      0.23
      2  0      -795.40375472     7.32e-05      0.23
      3  0      -795.40502567     2.33e-05      0.23
      4  0      -795.40516204     7.22e-06      0.23
      5  0      -795.40517371     2.29e-06      0.23
      6  0      -795.40517483     7.07e-07      0.23
      7  0      -795.40517493     2.53e-07      0.23
      8  0      -795.40517495     9.18e-08      0.23
      9  0      -795.40517495     3.38e-08      0.23
     10  0      -795.40517495     1.17e-08      0.23
     11  0      -795.40517495     4.50e-09      0.23
     12  0      -795.40517495     1.61e-09      0.24
     13  0      -795.40517495     5.44e-10      0.24
     14  0      -795.40517495     1.79e-10      0.23
     15  0 *    -795.40517495     6.18e-11      0.19

     * ci vector, state   0, <S^2> = 0.7500
       222222a.....    -0.9670512337
       22222.a2....    -0.0992770884
       2222.2a.2...    -0.0721468326
       - FCI and RDMs                              3.93
    * Integral transformation done. Elapsed time: 0.37

     guess   0:   closed 111111......         open ......1.....        

  === FCI iteration ===

      0  0      -795.29767622     5.40e-04      0.22
      1  0      -795.39363122     2.05e-04      0.24
      2  0      -795.40375586     7.32e-05      0.22
      3  0      -795.40502687     2.33e-05      0.22
      4  0      -795.40516326     7.22e-06      0.22
      5  0      -795.40517493     2.29e-06      0.46
      6  0      -795.40517605     7.07e-07      0.50
      7  0      -795.40517615     2.53e-07      0.41
      8  0      -795.40517617     9.18e-08      0.22
      9  0      -795.40517617     3.38e-08      0.22
     10  0      -795.40517617     1.17e-08      0.22
     11  0      -795.40517617     4.50e-09      0.22
     12  0      -795.40517617     1.61e-09      0.22
     13  0      -795.40517617     5.44e-10      0.22
     14  0      -795.40517617     1.79e-10      0.22
     15  0 *    -795.40517617     6.18e-11      0.19

     * ci vector, state   0, <S^2> = 0.7500
       222222a.....    -0.9670498584
       22222.a2....    -0.0992840430
       2222.2a.2...    -0.0721517265
       - FCI and RDMs                              4.53
    * Integral transformation done. Elapsed time: 0.49

     guess   0:   closed 111111......         open ......1.....        

  === FCI iteration ===

      0  0      -795.29767650     5.40e-04      0.22
      1  0      -795.39363301     2.05e-04      0.22
      2  0      -795.40375827     7.32e-05      0.22
      3  0      -795.40502937     2.33e-05      0.23
      4  0      -795.40516580     7.22e-06      0.24
      5  0      -795.40517748     2.29e-06      0.22
      6  0      -795.40517860     7.07e-07      0.22
      7  0      -795.40517871     2.53e-07      0.22
      8  0      -795.40517872     9.18e-08      0.23
      9  0      -795.40517873     3.38e-08      0.22
     10  0      -795.40517873     1.17e-08      0.22
     11  0      -795.40517873     4.50e-09      0.22
     12  0      -795.40517873     1.61e-09      0.23
     13  0      -795.40517873     5.44e-10      0.22
     14  0      -795.40517873     1.79e-10      0.22
     15  0 *    -795.40517873     6.19e-11      0.19

     * ci vector, state   0, <S^2> = 0.7500
       222222a.....    -0.9670469852
       22222.a2....    -0.0992984584
       2222.2a.2...    -0.0721618805
       - FCI and RDMs                              3.87
    * Integral transformation done. Elapsed time: 0.45

     guess   0:   closed 111111......         open ......1.....        

  === FCI iteration ===

      0  0      -795.29767710     5.40e-04      0.22
      1  0      -795.39363680     2.05e-04      0.23
      2  0      -795.40376334     7.32e-05      0.23
      3  0      -795.40503467     2.33e-05      0.23
      4  0      -795.40517119     7.22e-06      0.23
      5  0      -795.40518288     2.29e-06      0.23
      6  0      -795.40518399     7.08e-07      0.23
      7  0      -795.40518410     2.53e-07      0.23
      8  0      -795.40518412     9.19e-08      0.52
      9  0      -795.40518412     3.38e-08      0.23
     10  0      -795.40518412     1.17e-08      0.23
     11  0      -795.40518412     4.51e-09      0.22
     12  0      -795.40518412     1.61e-09      0.23
     13  0      -795.40518412     5.45e-10      0.25
     14  0      -795.40518412     1.79e-10      0.23
     15  0 *    -795.40518412     6.21e-11      0.19

     * ci vector, state   0, <S^2> = 0.7500
       222222a.....    -0.9670409537
       22222.a2....    -0.0993285900
       2222.2a.2...    -0.0721830566
       - FCI and RDMs                              4.21
    * Integral transformation done. Elapsed time: 0.48

     guess   0:   closed 111111......         open ......1.....        

  === FCI iteration ===

      0  0      -795.29767834     5.40e-04      0.23
      1  0      -795.39364497     2.05e-04      0.23
      2  0      -795.40377424     7.32e-05      0.37
      3  0      -795.40504603     2.33e-05      0.38
      4  0      -795.40518274     7.22e-06      0.22
      5  0      -795.40519445     2.29e-06      0.22
      6  0      -795.40519557     7.09e-07      0.22
      7  0      -795.40519568     2.54e-07      0.23
      8  0      -795.40519569     9.20e-08      0.22
      9  0      -795.40519570     3.38e-08      0.22
     10  0      -795.40519570     1.17e-08      0.22
     11  0      -795.40519570     4.51e-09      0.23
     12  0      -795.40519570     1.61e-09      0.22
     13  0      -795.40519570     5.47e-10      0.22
     14  0      -795.40519570     1.81e-10      0.22
     15  0 *    -795.40519570     6.26e-11      0.19

     * ci vector, state   0, <S^2> = 0.7500
       222222a.....    -0.9670281868
       22222.a2....    -0.0993918637
       2222.2a.2...    -0.0722273202
       - FCI and RDMs                              4.18
    * Integral transformation done. Elapsed time: 0.81

     guess   0:   closed 111111......         open ......1.....        

  === FCI iteration ===

      0  0      -795.29768090     5.39e-04      0.22
      1  0      -795.39366326     2.05e-04      0.23
      2  0      -795.40379852     7.32e-05      0.23
      3  0      -795.40507129     2.34e-05      0.23
      4  0      -795.40520839     7.23e-06      0.23
      5  0      -795.40522015     2.30e-06      0.23
      6  0      -795.40522127     7.11e-07      0.23
      7  0      -795.40522138     2.55e-07      0.22
      8  0      -795.40522140     9.22e-08      0.22
      9  0      -795.40522140     3.39e-08      0.22
     10  0      -795.40522140     1.17e-08      0.22
     11  0      -795.40522140     4.53e-09      0.22
     12  0      -795.40522140     1.62e-09      0.23
     13  0      -795.40522140     5.50e-10      0.23
     14  0      -795.40522140     1.83e-10      0.23
     15  0 *    -795.40522140     6.36e-11      0.21

     * ci vector, state   0, <S^2> = 0.7500
       222222a.....    -0.9670007088
       22222.a2....    -0.0995255396
       2222.2a.2...    -0.0723200176
       - FCI and RDMs                              3.89
    * Integral transformation done. Elapsed time: 0.39

     guess   0:   closed 111111......         open ......1.....        

  === FCI iteration ===

      0  0      -795.29768619     5.39e-04      0.22
      1  0      -795.39370738     2.05e-04      0.22
      2  0      -795.40385639     7.32e-05      0.27
      3  0      -795.40513125     2.34e-05      0.22
      4  0      -795.40526920     7.25e-06      0.23
      5  0      -795.40528107     2.31e-06      0.22
      6  0      -795.40528221     7.16e-07      0.23
      7  0      -795.40528232     2.57e-07      0.55
      8  0      -795.40528233     9.28e-08      0.22
      9  0      -795.40528234     3.40e-08      0.22
     10  0      -795.40528234     1.18e-08      0.24
     11  0      -795.40528234     4.57e-09      0.22
     12  0      -795.40528234     1.64e-09      0.22
     13  0      -795.40528234     5.59e-10      0.22
     14  0      -795.40528234     1.88e-10      0.22
     15  0 *    -795.40528234     6.59e-11      0.20

     * ci vector, state   0, <S^2> = 0.7500
       222222a.....    -0.9669395372
       22222.a2....    -0.0998112155
       2222.2a.2...    -0.0725142478
       - FCI and RDMs                              4.24
    * Integral transformation done. Elapsed time: 0.72

     guess   0:   closed 111111......         open ......1.....        

  === FCI iteration ===

      0  0      -795.29769687     5.39e-04      0.21
      1  0      -795.39382751     2.05e-04      0.22
      2  0      -795.40401123     7.33e-05      0.22
      3  0      -795.40529076     2.35e-05      0.22
      4  0      -795.40543064     7.30e-06      0.22
      5  0      -795.40544273     2.33e-06      0.22
      6  0      -795.40544390     7.28e-07      0.22
      7  0      -795.40544402     2.63e-07      0.22
      8  0      -795.40544403     9.40e-08      0.22
      9  0      -795.40544404     3.43e-08      0.22
     10  0      -795.40544404     1.19e-08      0.22
     11  0      -795.40544404     4.67e-09      0.22
     12  0      -795.40544404     1.69e-09      0.22
     13  0      -795.40544404     5.82e-10      0.22
     14  0      -795.40544404     2.02e-10      0.22
     15  0 *    -795.40544404     7.12e-11      0.19

     * ci vector, state   0, <S^2> = 0.7500
       222222a.....    -0.9667944647
       22222.a2....    -0.1004336650
       2222.2a.2...    -0.0729157241
       - FCI and RDMs                              3.77
    * Integral transformation done. Elapsed time: 0.39

     guess   0:   closed 111111......         open ......1.....        

  === FCI iteration ===

      0  0      -795.29771691     5.39e-04      0.21
      1  0      -795.39418553     2.05e-04      0.23
      2  0      -795.40446642     7.35e-05      0.23
      3  0      -795.40575763     2.37e-05      0.22
      4  0      -795.40590178     7.41e-06      0.22
      5  0      -795.40591438     2.38e-06      0.34
      6  0      -795.40591562     7.55e-07      0.23
      7  0      -795.40591574     2.75e-07      0.23
      8  0      -795.40591576     9.76e-08      0.23
      9  0      -795.40591576     3.54e-08      0.23
     10  0      -795.40591576     1.24e-08      0.23
     11  0      -795.40591576     4.93e-09      0.23
     12  0      -795.40591576     1.82e-09      0.22
     13  0      -795.40591576     6.54e-10      0.23
     14  0      -795.40591576     2.40e-10      0.22
     15  0 *    -795.40591576     8.56e-11      0.19

     * ci vector, state   0, <S^2> = 0.7500
       222222a.....    -0.9664236535
       22222.a2....    -0.1018208598
       2222.2a.2...    -0.0736802826
       - FCI and RDMs                              3.98
    * Integral transformation done. Elapsed time: 0.40

     guess   0:   closed 111111......         open ......1.....        

  === FCI iteration ===

      0  0      -795.29774814     5.40e-04      0.22
      1  0      -795.39490763     2.06e-04      0.23
      2  0      -795.40538983     7.39e-05      0.23
      3  0      -795.40670691     2.41e-05      0.23
      4  0      -795.40685893     7.62e-06      0.23
      5  0      -795.40687247     2.46e-06      0.23
      6  0      -795.40687380     7.99e-07      0.23
      7  0      -795.40687395     2.96e-07      0.23
      8  0      -795.40687397     1.07e-07      0.23
      9  0      -795.40687398     3.95e-08      0.23
     10  0      -795.40687398     1.38e-08      0.23
     11  0      -795.40687398     5.51e-09      0.23
     12  0      -795.40687398     2.14e-09      0.23
     13  0      -795.40687398     8.39e-10      0.23
     14  0      -795.40687398     3.33e-10      0.23
     15  0      -795.40687398     1.23e-10      0.23
     16  0 *    -795.40687398     4.90e-11      0.19

     * ci vector, state   0, <S^2> = 0.7500
       222222a.....     0.9656604318
       22222.a2....     0.1049294578
       2222.2a.2...     0.0749225327
       - FCI and RDMs                              4.15
    * Integral transformation done. Elapsed time: 0.44

     guess   0:   closed 111111......         open ......1.....        

  === FCI iteration ===

      0  0      -795.29777138     5.39e-04      0.21
      1  0      -795.39537652     2.06e-04      0.22
      2  0      -795.40597651     7.37e-05      0.23
      3  0      -795.40730152     2.44e-05      0.22
      4  0      -795.40745970     7.90e-06      0.22
      5  0      -795.40747453     2.60e-06      0.22
      6  0      -795.40747605     8.83e-07      0.22
      7  0      -795.40747623     3.27e-07      0.22
      8  0      -795.40747626     1.23e-07      0.22
      9  0      -795.40747626     4.55e-08      0.34
     10  0      -795.40747626     1.56e-08      0.24
     11  0      -795.40747626     6.33e-09      0.53
     12  0      -795.40747626     2.54e-09      0.23
     13  0      -795.40747626     1.01e-09      0.22
     14  0      -795.40747626     3.94e-10      0.25
     15  0      -795.40747626     1.46e-10      0.22
     16  0 *    -795.40747626     5.95e-11      0.19

     * ci vector, state   0, <S^2> = 0.7500
       222222a.....     0.9650369178
       22222.a2....     0.1107298220
       2222.2a.2...     0.0767466375
       - FCI and RDMs                              4.54
    * Integral transformation done. Elapsed time: 0.38

     guess   0:   closed 111111......         open ......1.....        

  === FCI iteration ===

      0  0      -795.29775864     5.39e-04      0.22
      1  0      -795.39554643     2.06e-04      0.22
      2  0      -795.40613490     7.32e-05      0.22
      3  0      -795.40744053     2.43e-05      0.22
      4  0      -795.40759903     8.06e-06      0.23
      5  0      -795.40761471     2.70e-06      0.23
      6  0      -795.40761638     9.44e-07      0.22
      7  0      -795.40761659     3.44e-07      0.23
      8  0      -795.40761663     1.30e-07      0.22
      9  0      -795.40761663     4.67e-08      0.22
     10  0      -795.40761663     1.62e-08      0.22
     11  0      -795.40761663     6.70e-09      0.22
     12  0      -795.40761663     2.76e-09      0.22
     13  0      -795.40761663     1.06e-09      0.22
     14  0      -795.40761663     3.98e-10      0.22
     15  0      -795.40761663     1.53e-10      0.22
     16  0 *    -795.40761663     6.35e-11      0.19

     * ci vector, state   0, <S^2> = 0.7500
       222222a.....     0.9648034765
       22222.a2....     0.1159178343
       2222.2a.2...     0.0781849849
       - FCI and RDMs                              4.08
    * Integral transformation done. Elapsed time: 0.38

     guess   0:   closed 111111......         open ......1.....        

  === FCI iteration ===

      0  0      -795.29773484     5.38e-04      0.22
      1  0      -795.39563014     2.05e-04      0.23
      2  0      -795.40619344     7.28e-05      0.23
      3  0      -795.40748534     2.42e-05      0.22
      4  0      -795.40764310     8.11e-06      0.26
      5  0      -795.40765906     2.73e-06      0.22
      6  0      -795.40766078     9.57e-07      0.23
      7  0      -795.40766100     3.44e-07      0.23
      8  0      -795.40766103     1.29e-07      0.23
      9  0      -795.40766104     4.54e-08      0.23
     10  0      -795.40766104     1.59e-08      0.23
     11  0      -795.40766104     6.58e-09      0.23
     12  0      -795.40766104     2.73e-09      0.23
     13  0      -795.40766104     1.04e-09      0.23
     14  0      -795.40766104     3.97e-10      0.22
     15  0      -795.40766104     1.61e-10      0.22
     16  0 *    -795.40766104     6.75e-11      0.19

     * ci vector, state   0, <S^2> = 0.7500
       222222a.....     0.9647467911
       22222.a2....     0.1181831465
       2222.2a.2...     0.0787977517
       - FCI and RDMs                              4.13
    * Integral transformation done. Elapsed time: 0.38

     guess   0:   closed 111111......         open ......1.....        

  === FCI iteration ===

      0  0      -795.29771252     5.38e-04      0.22
      1  0      -795.39567684     2.05e-04      0.23
      2  0      -795.40622490     7.26e-05      0.23
      3  0      -795.40751148     2.42e-05      0.23
      4  0      -795.40766902     8.12e-06      0.23
      5  0      -795.40768505     2.74e-06      0.23
      6  0      -795.40768678     9.58e-07      0.23
      7  0      -795.40768700     3.40e-07      0.23
      8  0      -795.40768703     1.26e-07      0.42
      9  0      -795.40768703     4.38e-08      0.22
     10  0      -795.40768703     1.53e-08      0.23
     11  0      -795.40768703     6.28e-09      0.23
     12  0      -795.40768703     2.59e-09      0.22
     13  0      -795.40768703     9.98e-10      0.22
     14  0      -795.40768703     3.88e-10      0.22
     15  0      -795.40768703     1.61e-10      0.22
     16  0 *    -795.40768703     6.69e-11      0.19

     * ci vector, state   0, <S^2> = 0.7500
       222222a.....     0.9647543566
       22222.a2....     0.1188073821
       2222.2a.2...     0.0789661795
       - FCI and RDMs                              4.30
    * Integral transformation done. Elapsed time: 0.40

     guess   0:   closed 111111......         open ......1.....        

  === FCI iteration ===

      0  0      -795.29769503     5.38e-04      0.22
      1  0      -795.39570217     2.05e-04      0.23
      2  0      -795.40624277     7.25e-05      0.23
      3  0      -795.40752828     2.42e-05      0.23
      4  0      -795.40768598     8.12e-06      0.23
      5  0      -795.40770199     2.74e-06      0.23
      6  0      -795.40770371     9.55e-07      0.23
      7  0      -795.40770393     3.35e-07      0.40
      8  0      -795.40770396     1.22e-07      0.34
      9  0      -795.40770396     4.23e-08      0.23
     10  0      -795.40770396     1.47e-08      0.23
     11  0      -795.40770396     5.97e-09      0.23
     12  0      -795.40770396     2.44e-09      0.22
     13  0      -795.40770396     9.45e-10      0.23
     14  0      -795.40770396     3.74e-10      0.22
     15  0      -795.40770396     1.57e-10      0.23
     16  0 *    -795.40770396     6.49e-11      0.19

     * ci vector, state   0, <S^2> = 0.7500
       222222a.....    -0.9647828499
       22222.a2....    -0.1187135372
       2222.2a.2...    -0.0789565512
       - FCI and RDMs                              4.40
    * Integral transformation done. Elapsed time: 0.38

     guess   0:   closed 111111......         open ......1.....        

  === FCI iteration ===

      0  0      -795.29768268     5.38e-04      0.21
      1  0      -795.39571356     2.05e-04      0.22
      2  0      -795.40625212     7.25e-05      0.22
      3  0      -795.40753847     2.42e-05      0.22
      4  0      -795.40769646     8.12e-06      0.22
      5  0      -795.40771242     2.73e-06      0.22
      6  0      -795.40771413     9.51e-07      0.22
      7  0      -795.40771434     3.30e-07      0.22
      8  0      -795.40771437     1.19e-07      0.57
      9  0      -795.40771437     4.10e-08      0.53
     10  0      -795.40771437     1.42e-08      0.22
     11  0      -795.40771437     5.68e-09      0.22
     12  0      -795.40771437     2.30e-09      0.23
     13  0      -795.40771437     8.95e-10      0.22
     14  0      -795.40771437     3.58e-10      0.22
     15  0      -795.40771437     1.51e-10      0.22
     16  0 *    -795.40771437     6.24e-11      0.18

     * ci vector, state   0, <S^2> = 0.7500
       222222a.....    -0.9648151989
       22222.a2....    -0.1183203294
       2222.2a.2...    -0.0788861683
       - FCI and RDMs                              4.65
    * Integral transformation done. Elapsed time: 0.37

     guess   0:   closed 111111......         open ......1.....        

  === FCI iteration ===

      0  0      -795.29767456     5.39e-04      0.22
      1  0      -795.39571660     2.05e-04      0.22
      2  0      -795.40625638     7.25e-05      0.23
      3  0      -795.40754426     2.42e-05      0.26
      4  0      -795.40770253     8.11e-06      0.22
      5  0      -795.40771842     2.72e-06      0.23
      6  0      -795.40772011     9.47e-07      0.24
      7  0      -795.40772033     3.26e-07      0.22
      8  0      -795.40772035     1.17e-07      0.22
      9  0      -795.40772036     3.99e-08      0.22
     10  0      -795.40772036     1.37e-08      0.22
     11  0      -795.40772036     5.44e-09      0.22
     12  0      -795.40772036     2.19e-09      0.22
     13  0      -795.40772036     8.51e-10      0.22
     14  0      -795.40772036     3.43e-10      0.23
     15  0      -795.40772036     1.45e-10      0.22
     16  0 *    -795.40772036     5.98e-11      0.19

     * ci vector, state   0, <S^2> = 0.7500
       222222a.....    -0.9648445920
       22222.a2....    -0.1178312241
       2222.2a.2...    -0.0788022245
       - FCI and RDMs                              4.16
    * Integral transformation done. Elapsed time: 0.39

     guess   0:   closed 111111......         open ......1.....        

  === FCI iteration ===

      0  0      -795.29766946     5.39e-04      0.22
      1  0      -795.39571548     2.05e-04      0.22
      2  0      -795.40625794     7.25e-05      0.22
      3  0      -795.40754739     2.42e-05      0.22
      4  0      -795.40770589     8.10e-06      0.22
      5  0      -795.40772171     2.72e-06      0.22
      6  0      -795.40772339     9.43e-07      0.22
      7  0      -795.40772360     3.23e-07      0.24
      8  0      -795.40772362     1.15e-07      0.22
      9  0      -795.40772363     3.91e-08      0.22
     10  0      -795.40772363     1.33e-08      0.22
     11  0      -795.40772363     5.25e-09      0.22
     12  0      -795.40772363     2.10e-09      0.22
     13  0      -795.40772363     8.16e-10      0.22
     14  0      -795.40772363     3.30e-10      0.22
     15  0      -795.40772363     1.40e-10      0.22
     16  0 *    -795.40772363     5.75e-11      0.19

     * ci vector, state   0, <S^2> = 0.7500
       222222a.....     0.9648687419
       22222.a2....     0.1173518303
       2222.2a.2...     0.0787239058
       - FCI and RDMs                              4.08
    * Integral transformation done. Elapsed time: 0.44

     guess   0:   closed 111111......         open ......1.....        

  === FCI iteration ===

      0  0      -795.29766632     5.39e-04      0.21
      1  0      -795.39571285     2.05e-04      0.22
      2  0      -795.40625824     7.25e-05      0.22
      3  0      -795.40754903     2.42e-05      0.22
      4  0      -795.40770770     8.09e-06      0.42
      5  0      -795.40772346     2.71e-06      0.22
      6  0      -795.40772512     9.39e-07      0.22
      7  0      -795.40772533     3.20e-07      0.23
      8  0      -795.40772536     1.13e-07      0.22
      9  0      -795.40772536     3.84e-08      0.23
     10  0      -795.40772536     1.30e-08      0.22
     11  0      -795.40772536     5.10e-09      0.47
     12  0      -795.40772536     2.04e-09      0.55
     13  0      -795.40772536     7.89e-10      0.24
     14  0      -795.40772536     3.19e-10      0.22
     15  0      -795.40772536     1.35e-10      0.22
     16  0 *    -795.40772536     5.56e-11      0.21

     * ci vector, state   0, <S^2> = 0.7500
       222222a.....     0.9648874530
       22222.a2....     0.1169329486
       2222.2a.2...     0.0786586183
       - FCI and RDMs                              4.88
    * Integral transformation done. Elapsed time: 0.37

     guess   0:   closed 111111......         open ......1.....        

  === FCI iteration ===

      0  0      -795.29766441     5.39e-04      0.22
      1  0      -795.39571004     2.05e-04      0.23
      2  0      -795.40625804     7.25e-05      0.32
      3  0      -795.40754988     2.42e-05      0.24
      4  0      -795.40770866     8.08e-06      0.23
      5  0      -795.40772437     2.70e-06      0.23
      6  0      -795.40772602     9.35e-07      0.23
      7  0      -795.40772623     3.18e-07      0.24
      8  0      -795.40772625     1.12e-07      0.24
      9  0      -795.40772626     3.79e-08      0.27
     10  0      -795.40772626     1.27e-08      0.23
     11  0      -795.40772626     4.99e-09      0.23
     12  0      -795.40772626     1.99e-09      0.35
     13  0      -795.40772626     7.69e-10      0.22
     14  0      -795.40772626     3.11e-10      0.22
     15  0      -795.40772626     1.32e-10      0.22
     16  0 *    -795.40772626     5.40e-11      0.19

     * ci vector, state   0, <S^2> = 0.7500
       222222a.....     0.9649014111
       22222.a2....     0.1165920099
       2222.2a.2...     0.0786080131
       - FCI and RDMs                              4.40
    * Integral transformation done. Elapsed time: 0.38

     guess   0:   closed 111111......         open ......1.....        

  === FCI iteration ===

      0  0      -795.29766323     5.39e-04      0.22
      1  0      -795.39570760     2.05e-04      0.22
      2  0      -795.40625771     7.25e-05      0.22
      3  0      -795.40755031     2.42e-05      0.29
      4  0      -795.40770917     8.07e-06      0.23
      5  0      -795.40772484     2.70e-06      0.27
      6  0      -795.40772648     9.33e-07      0.22
      7  0      -795.40772669     3.16e-07      0.22
      8  0      -795.40772671     1.11e-07      0.34
      9  0      -795.40772672     3.76e-08      0.22
     10  0      -795.40772672     1.26e-08      0.22
     11  0      -795.40772672     4.91e-09      0.22
     12  0      -795.40772672     1.95e-09      0.22
     13  0      -795.40772672     7.54e-10      0.22
     14  0      -795.40772672     3.05e-10      0.22
     15  0      -795.40772672     1.29e-10      0.22
     16  0 *    -795.40772672     5.28e-11      0.19

     * ci vector, state   0, <S^2> = 0.7500
       222222a.....     0.9649115622
       22222.a2....     0.1163275973
       2222.2a.2...     0.0785708249
       - FCI and RDMs                              4.29
    * Integral transformation done. Elapsed time: 0.37

     guess   0:   closed 111111......         open ......1.....        

  === FCI iteration ===

      0  0      -795.29766249     5.39e-04      0.24
      1  0      -795.39570568     2.05e-04      0.22
      2  0      -795.40625739     7.25e-05      0.22
      3  0      -795.40755053     2.42e-05      0.22
      4  0      -795.40770944     8.07e-06      0.23
      5  0      -795.40772508     2.70e-06      0.34
      6  0      -795.40772672     9.31e-07      0.22
      7  0      -795.40772692     3.15e-07      0.22
      8  0      -795.40772695     1.10e-07      0.22
      9  0      -795.40772695     3.73e-08      0.22
     10  0      -795.40772695     1.25e-08      0.22
     11  0      -795.40772695     4.85e-09      0.22
     12  0      -795.40772695     1.93e-09      0.22
     13  0      -795.40772695     7.44e-10      0.22
     14  0      -795.40772695     3.01e-10      0.22
     15  0      -795.40772695     1.27e-10      0.22
     16  0 *    -795.40772695     5.20e-11      0.19

     * ci vector, state   0, <S^2> = 0.7500
       222222a.....     0.9649188182
       22222.a2....     0.1161293768
       2222.2a.2...     0.0785445895
       - FCI and RDMs                              4.19
    * Integral transformation done. Elapsed time: 0.37

     guess   0:   closed 111111......         open ......1.....        

  === FCI iteration ===

      0  0      -795.29766200     5.39e-04      0.21
      1  0      -795.39570423     2.05e-04      0.23
      2  0      -795.40625713     7.25e-05      0.22
      3  0      -795.40755063     2.42e-05      0.23
      4  0      -795.40770958     8.06e-06      0.35
      5  0      -795.40772520     2.69e-06      0.26
      6  0      -795.40772684     9.29e-07      0.22
      7  0      -795.40772704     3.14e-07      0.22
      8  0      -795.40772706     1.10e-07      0.23
      9  0      -795.40772707     3.71e-08      0.36
     10  0      -795.40772707     1.24e-08      0.22
     11  0      -795.40772707     4.80e-09      0.23
     12  0      -795.40772707     1.91e-09      0.23
     13  0      -795.40772707     7.36e-10      0.23
     14  0      -795.40772707     2.98e-10      0.23
     15  0      -795.40772707     1.26e-10      0.23
     16  0 *    -795.40772707     5.13e-11      0.41

     * ci vector, state   0, <S^2> = 0.7500
       222222a.....     0.9649239451
       22222.a2....     0.1159843091
       2222.2a.2...     0.0785266548
       - FCI and RDMs                              4.63
    * Integral transformation done. Elapsed time: 0.45

     guess   0:   closed 111111......         open ......1.....        

  === FCI iteration ===

      0  0      -795.29766168     5.39e-04      0.22
      1  0      -795.39570318     2.05e-04      0.22
      2  0      -795.40625692     7.25e-05      0.22
      3  0      -795.40755069     2.42e-05      0.22
      4  0      -795.40770966     8.06e-06      0.23
      5  0      -795.40772527     2.69e-06      0.23
      6  0      -795.40772690     9.28e-07      0.23
      7  0      -795.40772710     3.14e-07      0.28
      8  0      -795.40772712     1.09e-07      0.22
      9  0      -795.40772713     3.70e-08      0.22
     10  0      -795.40772713     1.23e-08      0.22
     11  0      -795.40772713     4.77e-09      0.22
     12  0      -795.40772713     1.89e-09      0.23
     13  0      -795.40772713     7.31e-10      0.23
     14  0      -795.40772713     2.96e-10      0.22
     15  0      -795.40772713     1.25e-10      0.22
     16  0 *    -795.40772713     5.09e-11      0.19

     * ci vector, state   0, <S^2> = 0.7500
       222222a.....     0.9649275400
       22222.a2....     0.1158799246
       2222.2a.2...     0.0785146913
       - FCI and RDMs                              4.13
    * Integral transformation done. Elapsed time: 0.39

     guess   0:   closed 111111......         open ......1.....        

  === FCI iteration ===

      0  0      -795.29766145     5.39e-04      0.26
      1  0      -795.39570243     2.05e-04      0.22
      2  0      -795.40625678     7.25e-05      0.22
      3  0      -795.40755072     2.42e-05      0.22
      4  0      -795.40770971     8.06e-06      0.22
      5  0      -795.40772530     2.69e-06      0.22
      6  0      -795.40772693     9.27e-07      0.22
      7  0      -795.40772713     3.13e-07      0.22
      8  0      -795.40772716     1.09e-07      0.22
      9  0      -795.40772716     3.69e-08      0.22
     10  0      -795.40772716     1.23e-08      0.22
     11  0      -795.40772716     4.75e-09      0.22
     12  0      -795.40772716     1.88e-09      0.23
     13  0      -795.40772716     7.27e-10      0.25
     14  0      -795.40772716     2.94e-10      0.22
     15  0      -795.40772716     1.24e-10      0.22
     16  0 *    -795.40772716     5.06e-11      0.19

     * ci vector, state   0, <S^2> = 0.7500
       222222a.....     0.9649300493
       22222.a2....     0.1158056951
       2222.2a.2...     0.0785068625
       - FCI and RDMs                              4.08
    * Integral transformation done. Elapsed time: 0.38

     guess   0:   closed 111111......         open ......1.....        

  === FCI iteration ===

      0  0      -795.29766129     5.39e-04      0.22
      1  0      -795.39570189     2.05e-04      0.22
      2  0      -795.40625667     7.25e-05      0.25
      3  0      -795.40755073     2.42e-05      0.22
      4  0      -795.40770973     8.06e-06      0.22
      5  0      -795.40772532     2.69e-06      0.22
      6  0      -795.40772695     9.27e-07      0.22
      7  0      -795.40772715     3.13e-07      0.22
      8  0      -795.40772717     1.09e-07      0.22
      9  0      -795.40772717     3.68e-08      0.22
     10  0      -795.40772717     1.22e-08      0.22
     11  0      -795.40772717     4.73e-09      0.22
     12  0      -795.40772717     1.88e-09      0.22
     13  0      -795.40772717     7.24e-10      0.22
     14  0      -795.40772717     2.93e-10      0.22
     15  0      -795.40772717     1.23e-10      0.22
     16  0 *    -795.40772717     5.03e-11      0.23

     * ci vector, state   0, <S^2> = 0.7500
       222222a.....     0.9649317959
       22222.a2....     0.1157533262
       2222.2a.2...     0.0785018167
       - FCI and RDMs                              4.06
    * Integral transformation done. Elapsed time: 0.40

     guess   0:   closed 111111......         open ......1.....        

  === FCI iteration ===

      0  0      -795.29766118     5.39e-04      0.21
      1  0      -795.39570152     2.05e-04      0.26
      2  0      -795.40625660     7.25e-05      0.22
      3  0      -795.40755074     2.42e-05      0.22
      4  0      -795.40770975     8.06e-06      0.29
      5  0      -795.40772533     2.69e-06      0.39
      6  0      -795.40772695     9.26e-07      0.30
      7  0      -795.40772715     3.13e-07      0.22
      8  0      -795.40772718     1.09e-07      0.22
      9  0      -795.40772718     3.68e-08      0.22
     10  0      -795.40772718     1.22e-08      0.22
     11  0      -795.40772718     4.72e-09      0.22
     12  0      -795.40772718     1.87e-09      0.22
     13  0      -795.40772718     7.22e-10      0.22
     14  0      -795.40772718     2.92e-10      0.22
     15  0      -795.40772718     1.23e-10      0.22
     16  0 *    -795.40772718     5.02e-11      0.19

     * ci vector, state   0, <S^2> = 0.7500
       222222a.....     0.9649330106
       22222.a2....     0.1157165685
       2222.2a.2...     0.0784986031
       - FCI and RDMs                              4.34
    * Integral transformation done. Elapsed time: 0.53

     guess   0:   closed 111111......         open ......1.....        

  === FCI iteration ===

      0  0      -795.29766109     5.39e-04      0.21
      1  0      -795.39570126     2.05e-04      0.22
      2  0      -795.40625655     7.25e-05      0.22
      3  0      -795.40755074     2.42e-05      0.24
      4  0      -795.40770976     8.06e-06      0.23
      5  0      -795.40772533     2.69e-06      0.22
      6  0      -795.40772696     9.26e-07      0.22
      7  0      -795.40772716     3.13e-07      0.22
      8  0      -795.40772718     1.09e-07      0.26
      9  0      -795.40772718     3.67e-08      0.22
     10  0      -795.40772718     1.22e-08      0.22
     11  0      -795.40772718     4.71e-09      0.22
     12  0      -795.40772718     1.87e-09      0.23
     13  0      -795.40772718     7.21e-10      0.22
     14  0      -795.40772718     2.91e-10      0.22
     15  0      -795.40772718     1.23e-10      0.41
     16  0 *    -795.40772718     5.01e-11      0.22

     * ci vector, state   0, <S^2> = 0.7500
       222222a.....     0.9649338553
       22222.a2....     0.1156908473
       2222.2a.2...     0.0784965757
       - FCI and RDMs                              4.30
    * Integral transformation done. Elapsed time: 0.38

     guess   0:   closed 111111......         open ......1.....        

  === FCI iteration ===

      0  0      -795.29766103     5.39e-04      0.22
      1  0      -795.39570108     2.05e-04      0.23
      2  0      -795.40625651     7.25e-05      0.23
      3  0      -795.40755074     2.42e-05      0.23
      4  0      -795.40770976     8.06e-06      0.23
      5  0      -795.40772533     2.69e-06      0.23
      6  0      -795.40772696     9.26e-07      0.23
      7  0      -795.40772716     3.13e-07      0.23
      8  0      -795.40772718     1.09e-07      0.23
      9  0      -795.40772719     3.67e-08      0.27
     10  0      -795.40772719     1.22e-08      0.23
     11  0      -795.40772719     4.70e-09      0.23
     12  0      -795.40772719     1.87e-09      0.23
     13  0      -795.40772719     7.20e-10      0.23
     14  0      -795.40772719     2.91e-10      0.23
     15  0      -795.40772719     1.23e-10      0.23
     16  0 *    -795.40772719     5.00e-11      0.19

     * ci vector, state   0, <S^2> = 0.7500
       222222a.....     0.9649344428
       22222.a2....     0.1156728793
       2222.2a.2...     0.0784953075
       - FCI and RDMs                              4.19
    * Integral transformation done. Elapsed time: 0.42

     guess   0:   closed 111111......         open ......1.....        

  === FCI iteration ===

      0  0      -795.29766099     5.39e-04      0.22
      1  0      -795.39570095     2.05e-04      0.23
      2  0      -795.40625649     7.25e-05      0.23
      3  0      -795.40755074     2.42e-05      0.39
      4  0      -795.40770976     8.06e-06      0.22
      5  0      -795.40772533     2.69e-06      0.22
      6  0      -795.40772696     9.26e-07      0.23
      7  0      -795.40772716     3.13e-07      0.22
      8  0      -795.40772719     1.09e-07      0.22
      9  0      -795.40772719     3.67e-08      0.22
     10  0      -795.40772719     1.22e-08      0.22
     11  0      -795.40772719     4.70e-09      0.23
     12  0      -795.40772719     1.87e-09      0.72
     13  0      -795.40772719     7.19e-10      0.74
     14  0      -795.40772719     2.91e-10      0.74
     15  0      -795.40772719     1.22e-10      0.50
     16  0 *    -795.40772719     4.99e-11      0.19

     * ci vector, state   0, <S^2> = 0.7500
       222222a.....     0.9649348522
       22222.a2....     0.1156603347
       2222.2a.2...     0.0784945191
       - FCI and RDMs                              6.05
    * Integral transformation done. Elapsed time: 0.37

     guess   0:   closed 111111......         open ......1.....        

  === FCI iteration ===

      0  0      -795.29766095     5.39e-04      0.22
      1  0      -795.39570086     2.05e-04      0.22
      2  0      -795.40625647     7.25e-05      0.22
      3  0      -795.40755074     2.42e-05      0.22
      4  0      -795.40770977     8.06e-06      0.22
      5  0      -795.40772534     2.69e-06      0.22
      6  0      -795.40772696     9.26e-07      0.22
      7  0      -795.40772716     3.13e-07      0.22
      8  0      -795.40772719     1.09e-07      0.22
      9  0      -795.40772719     3.67e-08      0.22
     10  0      -795.40772719     1.22e-08      0.22
     11  0      -795.40772719     4.70e-09      0.22
     12  0      -795.40772719     1.86e-09      0.22
     13  0      -795.40772719     7.19e-10      0.22
     14  0      -795.40772719     2.91e-10      0.22
     15  0      -795.40772719     1.22e-10      0.22
     16  0 *    -795.40772719     4.99e-11      0.19

     * ci vector, state   0, <S^2> = 0.7500
       222222a.....     0.9649351378
       22222.a2....     0.1156515703
       2222.2a.2...     0.0784940314
       - FCI and RDMs                              4.04
    * Integral transformation done. Elapsed time: 0.40

     guess   0:   closed 111111......         open ......1.....        

  === FCI iteration ===

      0  0      -795.29766093     5.39e-04      0.23
      1  0      -795.39570080     2.05e-04      0.22
      2  0      -795.40625646     7.25e-05      0.22
      3  0      -795.40755074     2.42e-05      0.22
      4  0      -795.40770977     8.06e-06      0.23
      5  0      -795.40772534     2.69e-06      0.22
      6  0      -795.40772696     9.26e-07      0.23
      7  0      -795.40772716     3.12e-07      0.22
      8  0      -795.40772719     1.09e-07      0.22
      9  0      -795.40772719     3.67e-08      0.23
     10  0      -795.40772719     1.22e-08      0.22
     11  0      -795.40772719     4.70e-09      0.22
     12  0      -795.40772719     1.86e-09      0.22
     13  0      -795.40772719     7.18e-10      0.22
     14  0      -795.40772719     2.90e-10      0.22
     15  0      -795.40772719     1.22e-10      0.22
     16  0 *    -795.40772719     4.99e-11      0.19

     * ci vector, state   0, <S^2> = 0.7500
       222222a.....     0.9649353374
       22222.a2....     0.1156454438
       2222.2a.2...     0.0784937313
       - FCI and RDMs                              4.11
    * Integral transformation done. Elapsed time: 0.37

     guess   0:   closed 111111......         open ......1.....        

  === FCI iteration ===

      0  0      -795.29766091     5.39e-04      0.22
      1  0      -795.39570076     2.05e-04      0.22
      2  0      -795.40625645     7.25e-05      0.22
      3  0      -795.40755074     2.42e-05      0.23
      4  0      -795.40770977     8.06e-06      0.23
      5  0      -795.40772534     2.69e-06      0.23
      6  0      -795.40772696     9.26e-07      0.23
      7  0      -795.40772716     3.12e-07      0.23
      8  0      -795.40772719     1.08e-07      0.23
      9  0      -795.40772719     3.67e-08      0.23
     10  0      -795.40772719     1.21e-08      0.23
     11  0      -795.40772719     4.69e-09      0.23
     12  0      -795.40772719     1.86e-09      0.40
     13  0      -795.40772719     7.18e-10      0.49
     14  0      -795.40772719     2.90e-10      0.23
     15  0      -795.40772719     1.22e-10      0.22
     16  0 *    -795.40772719     4.99e-11      0.40

     * ci vector, state   0, <S^2> = 0.7500
       222222a.....     0.9649354772
       22222.a2....     0.1156411595
       2222.2a.2...     0.0784935477
       - FCI and RDMs                              4.77
    * Integral transformation done. Elapsed time: 0.44

     guess   0:   closed 111111......         open ......1.....        

  === FCI iteration ===

      0  0      -795.29766090     5.39e-04      0.22
      1  0      -795.39570073     2.05e-04      0.23
      2  0      -795.40625645     7.25e-05      0.23
      3  0      -795.40755074     2.42e-05      0.23
      4  0      -795.40770977     8.06e-06      0.23
      5  0      -795.40772534     2.69e-06      0.23
      6  0      -795.40772696     9.26e-07      0.23
      7  0      -795.40772716     3.12e-07      0.23
      8  0      -795.40772719     1.08e-07      0.28
      9  0      -795.40772719     3.67e-08      0.23
     10  0      -795.40772719     1.21e-08      0.23
     11  0      -795.40772719     4.69e-09      0.22
     12  0      -795.40772719     1.86e-09      0.45
     13  0      -795.40772719     7.18e-10      0.35
     14  0      -795.40772719     2.90e-10      0.22
     15  0      -795.40772719     1.22e-10      0.23
     16  0 *    -795.40772719     4.98e-11      0.19

     * ci vector, state   0, <S^2> = 0.7500
       222222a.....     0.9649355752
       22222.a2....     0.1156381554
       2222.2a.2...     0.0784934355
       - FCI and RDMs                              4.52
    * Integral transformation done. Elapsed time: 0.50

     guess   0:   closed 111111......         open ......1.....        

  === FCI iteration ===

      0  0      -795.29766089     5.39e-04      0.21
      1  0      -795.39570071     2.05e-04      0.22
      2  0      -795.40625644     7.25e-05      0.22
      3  0      -795.40755074     2.42e-05      0.22
      4  0      -795.40770977     8.05e-06      0.34
      5  0      -795.40772534     2.69e-06      0.22
      6  0      -795.40772696     9.26e-07      0.22
      7  0      -795.40772716     3.12e-07      0.35
      8  0      -795.40772719     1.08e-07      0.22
      9  0      -795.40772719     3.67e-08      0.22
     10  0      -795.40772719     1.21e-08      0.22
     11  0      -795.40772719     4.69e-09      0.22
     12  0      -795.40772719     1.86e-09      0.22
     13  0      -795.40772719     7.18e-10      0.22
     14  0      -795.40772719     2.90e-10      0.22
     15  0      -795.40772719     1.22e-10      0.22
     16  0 *    -795.40772719     4.98e-11      0.19

     * ci vector, state   0, <S^2> = 0.7500
       222222a.....     0.9649356439
       22222.a2....     0.1156360478
       2222.2a.2...     0.0784933673
       - FCI and RDMs                              4.25
