    * Using serial Knowles-Handy algorithm in FCI.
  ---------------------------
        FCI calculation      
  ---------------------------

  Performs exactly the same way as Knowles & Handy 1984 CPL

  o alpha-beta strings
      length:           462
  o size of the space 
      determinant space:  52920
      spin-adapted space: 27720

  o single displacement lists (alpha)
      length:          6300
  o single displacement lists (beta)
      length:          7560
    * Integral transformation done. Elapsed time: 0.38

     guess   0:   closed 11111.....           open .....1....          

  === FCI iteration ===

      0  0      -794.88355971     2.68e-03      0.01
      1  0      -795.02367747     1.17e-03      0.01
      2  0      -795.04455167     3.73e-04      0.01
      3  0      -795.04635200     1.21e-04      0.01
      4  0      -795.04654071     4.41e-05      0.01
      5  0      -795.04656659     1.34e-05      0.01
      6  0      -795.04656903     3.85e-06      0.01
      7  0      -795.04656924     1.39e-06      0.01
      8  0      -795.04656927     5.66e-07      0.01
      9  0      -795.04656928     2.17e-07      0.01
     10  0      -795.04656928     7.87e-08      0.01
     11  0      -795.04656928     3.01e-08      0.01
     12  0      -795.04656928     1.01e-08      0.01
     13  0      -795.04656928     2.92e-09      0.01
     14  0      -795.04656928     9.22e-10      0.01
     15  0      -795.04656928     2.82e-10      0.01
     16  0 *    -795.04656928     7.97e-11      0.01

     * ci vector, state   0, <S^2> = 0.7500
       22222a....     0.9530781274
       22222....a     0.1587135334
       222a22....    -0.0744260893
       222a2a...b     0.0725964414
       22a22a..b.     0.0638345301
       - FCI and RDMs                              0.24
    * Integral transformation done. Elapsed time: 0.37

     guess   0:   closed 11111.....           open .....1....          

  === FCI iteration ===

      0  0      -795.23700103     2.21e-03      0.01
      1  0      -795.32613588     7.05e-04      0.01
      2  0      -795.33322667     1.78e-04      0.01
      3  0      -795.33364697     4.32e-05      0.01
      4  0      -795.33367216     1.21e-05      0.01
      5  0      -795.33367417     4.00e-06      0.01
      6  0      -795.33367442     1.39e-06      0.01
      7  0      -795.33367446     5.62e-07      0.01
      8  0      -795.33367447     2.18e-07      0.01
      9  0      -795.33367447     7.86e-08      0.01
     10  0      -795.33367447     2.47e-08      0.01
     11  0      -795.33367447     6.07e-09      0.01
     12  0      -795.33367447     1.93e-09      0.01
     13  0      -795.33367447     5.95e-10      0.01
     14  0      -795.33367447     2.00e-10      0.01
     15  0 *    -795.33367447     5.19e-11      0.01

     * ci vector, state   0, <S^2> = 0.7500
       22222a....     0.9796129987
       - FCI and RDMs                              0.19
    * Integral transformation done. Elapsed time: 0.37

     guess   0:   closed 11111.....           open .....1....          

  === FCI iteration ===

      0  0      -795.25463920     2.35e-03      0.05
      1  0      -795.35478517     8.18e-04      0.01
      2  0      -795.36407473     2.47e-04      0.01
      3  0      -795.36491253     8.35e-05      0.01
      4  0      -795.36502988     3.52e-05      0.01
      5  0      -795.36505392     1.56e-05      0.01
      6  0      -795.36505936     7.51e-06      0.01
      7  0      -795.36506041     3.45e-06      0.01
      8  0      -795.36506058     1.32e-06      0.01
      9  0      -795.36506061     5.01e-07      0.01
     10  0      -795.36506061     1.57e-07      0.01
     11  0      -795.36506061     5.12e-08      0.01
     12  0      -795.36506061     1.77e-08      0.01
     13  0      -795.36506061     5.45e-09      0.01
     14  0      -795.36506061     1.54e-09      0.01
     15  0      -795.36506061     5.02e-10      0.01
     16  0      -795.36506061     1.34e-10      0.01
     17  0 *    -795.36506061     3.32e-11      0.01

     * ci vector, state   0, <S^2> = 0.7500
       22222a....     0.9726844450
       22222....a    -0.0917380576
       22a222....    -0.0730254333
       2222.a2...     0.0555117635
       - FCI and RDMs                              0.27
    * Integral transformation done. Elapsed time: 0.40

     guess   0:   closed 11111.....           open .....1....          

  === FCI iteration ===

      0  0      -795.25711132     2.49e-03      0.09
      1  0      -795.37710606     1.00e-03      0.07
      2  0      -795.39188682     3.77e-04      0.01
      3  0      -795.39413121     1.50e-04      0.01
      4  0      -795.39457757     7.24e-05      0.01
      5  0      -795.39470899     4.87e-05      0.01
      6  0      -795.39476419     2.84e-05      0.01
      7  0      -795.39477775     1.41e-05      0.01
      8  0      -795.39478052     4.93e-06      0.01
      9  0      -795.39478085     1.67e-06      0.01
     10  0      -795.39478090     5.43e-07      0.10
     11  0      -795.39478090     1.74e-07      0.01
     12  0      -795.39478090     5.83e-08      0.01
     13  0      -795.39478090     1.90e-08      0.01
     14  0      -795.39478090     5.14e-09      0.01
     15  0      -795.39478090     1.56e-09      0.01
     16  0      -795.39478090     5.15e-10      0.01
     17  0      -795.39478090     1.63e-10      0.01
     18  0 *    -795.39478090     6.10e-11      0.01

     * ci vector, state   0, <S^2> = 0.7500
       22222a....    -0.9487215385
       22222..a..    -0.2032078167
       a22222....     0.0931476572
       222a22....     0.0758648262
       222.2a.2..    -0.0636194241
       2222.a2...    -0.0533604792
       - FCI and RDMs                              0.46
    * Integral transformation done. Elapsed time: 0.47

     guess   0:   closed 11111.....           open .....1....          

  === FCI iteration ===

      0  0      -795.29060456     2.46e-03      0.01
      1  0      -795.39570543     8.88e-04      0.01
      2  0      -795.40576877     2.85e-04      0.01
      3  0      -795.40681849     9.24e-05      0.01
      4  0      -795.40694977     3.11e-05      0.01
      5  0      -795.40696511     1.21e-05      0.01
      6  0      -795.40696799     6.31e-06      0.01
      7  0      -795.40696902     4.43e-06      0.01
      8  0      -795.40696939     1.83e-06      0.01
      9  0      -795.40696945     9.17e-07      0.01
     10  0      -795.40696947     3.16e-07      0.01
     11  0      -795.40696947     8.70e-08      0.01
     12  0      -795.40696947     2.50e-08      0.01
     13  0      -795.40696947     7.99e-09      0.01
     14  0      -795.40696947     2.84e-09      0.01
     15  0      -795.40696947     1.09e-09      0.01
     16  0      -795.40696947     3.47e-10      0.01
     17  0      -795.40696947     1.07e-10      0.01
     18  0 *    -795.40696947     3.61e-11      0.01

     * ci vector, state   0, <S^2> = 0.7500
       22222a....     0.9750023745
       2222.a2...     0.0839122460
       22222.a...     0.0706154957
       222.2a.2..     0.0527275009
       - FCI and RDMs                              0.23
    * Integral transformation done. Elapsed time: 0.37

     guess   0:   closed 11111.....           open .....1....          

  === FCI iteration ===

      0  0      -795.29457026     2.45e-03      0.02
      1  0      -795.39915448     8.80e-04      0.01
      2  0      -795.40915981     2.77e-04      0.01
      3  0      -795.41014554     9.12e-05      0.01
      4  0      -795.41027109     2.95e-05      0.01
      5  0      -795.41028295     8.87e-06      0.01
      6  0      -795.41028407     3.34e-06      0.01
      7  0      -795.41028427     1.52e-06      0.01
      8  0      -795.41028431     5.53e-07      0.01
      9  0      -795.41028431     3.33e-07      0.01
     10  0      -795.41028432     2.05e-07      0.01
     11  0      -795.41028432     7.97e-08      0.01
     12  0      -795.41028432     2.22e-08      0.01
     13  0      -795.41028432     7.24e-09      0.01
     14  0      -795.41028432     2.89e-09      0.01
     15  0      -795.41028432     9.27e-10      0.01
     16  0      -795.41028432     2.97e-10      0.01
     17  0 *    -795.41028432     9.27e-11      0.01

     * ci vector, state   0, <S^2> = 0.7500
       22222a....     0.9756910696
       2222.a2...     0.0924543838
       22222.a...     0.0558034549
       - FCI and RDMs                              0.23
    * Integral transformation done. Elapsed time: 0.48

     guess   0:   closed 11111.....           open .....1....          

  === FCI iteration ===

      0  0      -795.29657971     2.44e-03      0.01
      1  0      -795.40076294     8.74e-04      0.01
      2  0      -795.41070173     2.72e-04      0.01
      3  0      -795.41165151     9.09e-05      0.01
      4  0      -795.41177594     2.90e-05      0.01
      5  0      -795.41178709     8.15e-06      0.01
      6  0      -795.41178804     3.06e-06      0.01
      7  0      -795.41178820     1.29e-06      0.01
      8  0      -795.41178822     4.35e-07      0.01
      9  0      -795.41178823     1.87e-07      0.01
     10  0      -795.41178823     1.03e-07      0.01
     11  0      -795.41178823     5.72e-08      0.01
     12  0      -795.41178823     2.08e-08      0.01
     13  0      -795.41178823     7.45e-09      0.01
     14  0      -795.41178823     2.95e-09      0.01
     15  0      -795.41178823     9.64e-10      0.01
     16  0      -795.41178823     3.07e-10      0.01
     17  0 *    -795.41178823     8.76e-11      0.01

     * ci vector, state   0, <S^2> = 0.7500
       22222a....     0.9761341113
       2222.a2...     0.0974421107
       - FCI and RDMs                              0.22
    * Integral transformation done. Elapsed time: 0.37

     guess   0:   closed 11111.....           open .....1....          

  === FCI iteration ===

      0  0      -795.29749777     2.44e-03      0.01
      1  0      -795.40172547     8.73e-04      0.01
      2  0      -795.41166929     2.71e-04      0.12
      3  0      -795.41261028     9.10e-05      0.19
      4  0      -795.41273498     2.90e-05      0.07
      5  0      -795.41274605     7.90e-06      0.01
      6  0      -795.41274695     2.78e-06      0.01
      7  0      -795.41274708     1.20e-06      0.01
      8  0      -795.41274710     3.89e-07      0.01
      9  0      -795.41274710     1.68e-07      0.01
     10  0      -795.41274710     9.42e-08      0.07
     11  0      -795.41274710     4.57e-08      0.01
     12  0      -795.41274710     1.67e-08      0.01
     13  0      -795.41274710     5.57e-09      0.01
     14  0      -795.41274710     2.24e-09      0.01
     15  0      -795.41274710     8.38e-10      0.01
     16  0      -795.41274710     2.83e-10      0.01
     17  0 *    -795.41274710     7.38e-11      0.01

     * ci vector, state   0, <S^2> = 0.7500
       22222a....     0.9762183436
       2222.a2...     0.1006097089
       - FCI and RDMs                              0.62
    * Integral transformation done. Elapsed time: 0.42

     guess   0:   closed 11111.....           open .....1....          

  === FCI iteration ===

      0  0      -795.29790046     2.44e-03      0.01
      1  0      -795.40309943     8.76e-04      0.01
      2  0      -795.41322032     2.71e-04      0.01
      3  0      -795.41415622     9.07e-05      0.01
      4  0      -795.41427881     2.84e-05      0.01
      5  0      -795.41428916     7.33e-06      0.01
      6  0      -795.41428991     2.22e-06      0.01
      7  0      -795.41428999     9.64e-07      0.01
      8  0      -795.41429001     2.91e-07      0.01
      9  0      -795.41429001     8.76e-08      0.01
     10  0      -795.41429001     2.89e-08      0.01
     11  0      -795.41429001     1.00e-08      0.01
     12  0      -795.41429001     4.11e-09      0.01
     13  0      -795.41429001     1.92e-09      0.01
     14  0      -795.41429001     6.57e-10      0.01
     15  0      -795.41429001     2.50e-10      0.01
     16  0      -795.41429001     1.03e-10      0.01
     17  0 *    -795.41429001     3.50e-11      0.01

     * ci vector, state   0, <S^2> = 0.7500
       22222a....    -0.9758674860
       2222.a2...    -0.1027503079
       22.22a..2.    -0.0502794399
       - FCI and RDMs                              0.22
    * Integral transformation done. Elapsed time: 0.44

     guess   0:   closed 11111.....           open .....1....          

  === FCI iteration ===

      0  0      -795.29807255     2.44e-03      0.01
      1  0      -795.40371633     8.79e-04      0.01
      2  0      -795.41409386     2.69e-04      0.01
      3  0      -795.41501130     9.09e-05      0.01
      4  0      -795.41513449     2.82e-05      0.01
      5  0      -795.41514463     7.00e-06      0.01
      6  0      -795.41514529     1.88e-06      0.01
      7  0      -795.41514535     7.77e-07      0.01
      8  0      -795.41514536     2.68e-07      0.01
      9  0      -795.41514536     8.15e-08      0.01
     10  0      -795.41514536     2.78e-08      0.01
     11  0      -795.41514536     9.28e-09      0.01
     12  0      -795.41514536     3.36e-09      0.01
     13  0      -795.41514536     1.37e-09      0.01
     14  0      -795.41514536     4.72e-10      0.01
     15  0      -795.41514536     1.66e-10      0.01
     16  0 *    -795.41514536     6.96e-11      0.01

     * ci vector, state   0, <S^2> = 0.7500
       22222a....    -0.9755273890
       2222.a2...    -0.1047266621
       - FCI and RDMs                              0.21
    * Integral transformation done. Elapsed time: 0.40

     guess   0:   closed 11111.....           open .....1....          

  === FCI iteration ===

      0  0      -795.29815368     2.43e-03      0.01
      1  0      -795.40379750     8.78e-04      0.01
      2  0      -795.41424561     2.68e-04      0.01
      3  0      -795.41515130     9.06e-05      0.01
      4  0      -795.41527372     2.82e-05      0.01
      5  0      -795.41528399     6.96e-06      0.01
      6  0      -795.41528464     1.76e-06      0.01
      7  0      -795.41528469     6.74e-07      0.01
      8  0      -795.41528470     2.51e-07      0.01
      9  0      -795.41528470     7.81e-08      0.01
     10  0      -795.41528470     2.64e-08      0.01
     11  0      -795.41528470     9.07e-09      0.01
     12  0      -795.41528470     3.28e-09      0.01
     13  0      -795.41528470     1.24e-09      0.01
     14  0      -795.41528470     4.19e-10      0.01
     15  0      -795.41528470     1.38e-10      0.01
     16  0 *    -795.41528470     5.45e-11      0.01

     * ci vector, state   0, <S^2> = 0.7500
       22222a....     0.9753752198
       2222.a2...     0.1062676111
       - FCI and RDMs                              0.21
    * Integral transformation done. Elapsed time: 0.37

     guess   0:   closed 11111.....           open .....1....          

  === FCI iteration ===

      0  0      -795.29817188     2.43e-03      0.01
      1  0      -795.40382153     8.78e-04      0.01
      2  0      -795.41428327     2.67e-04      0.01
      3  0      -795.41518246     9.04e-05      0.01
      4  0      -795.41530471     2.82e-05      0.01
      5  0      -795.41531499     6.92e-06      0.01
      6  0      -795.41531564     1.72e-06      0.01
      7  0      -795.41531568     6.38e-07      0.01
      8  0      -795.41531569     2.39e-07      0.01
      9  0      -795.41531569     7.53e-08      0.01
     10  0      -795.41531569     2.55e-08      0.01
     11  0      -795.41531569     8.88e-09      0.01
     12  0      -795.41531569     3.29e-09      0.01
     13  0      -795.41531569     1.23e-09      0.01
     14  0      -795.41531569     4.19e-10      0.01
     15  0      -795.41531569     1.37e-10      0.01
     16  0 *    -795.41531569     5.21e-11      0.01

     * ci vector, state   0, <S^2> = 0.7500
       22222a....    -0.9753009277
       2222.a2...    -0.1071406142
       - FCI and RDMs                              0.21
    * Integral transformation done. Elapsed time: 0.37

     guess   0:   closed 11111.....           open .....1....          

  === FCI iteration ===

      0  0      -795.29817057     2.43e-03      0.01
      1  0      -795.40382802     8.77e-04      0.01
      2  0      -795.41429787     2.66e-04      0.01
      3  0      -795.41519400     9.04e-05      0.01
      4  0      -795.41531625     2.82e-05      0.01
      5  0      -795.41532653     6.90e-06      0.01
      6  0      -795.41532717     1.70e-06      0.01
      7  0      -795.41532722     6.23e-07      0.01
      8  0      -795.41532723     2.33e-07      0.01
      9  0      -795.41532723     7.37e-08      0.01
     10  0      -795.41532723     2.49e-08      0.01
     11  0      -795.41532723     8.76e-09      0.01
     12  0      -795.41532723     3.31e-09      0.01
     13  0      -795.41532723     1.24e-09      0.01
     14  0      -795.41532723     4.25e-10      0.01
     15  0      -795.41532723     1.39e-10      0.01
     16  0 *    -795.41532723     5.16e-11      0.01

     * ci vector, state   0, <S^2> = 0.7500
       22222a....    -0.9752631514
       2222.a2...    -0.1076136468
       - FCI and RDMs                              0.20
    * Integral transformation done. Elapsed time: 0.42

     guess   0:   closed 11111.....           open .....1....          

  === FCI iteration ===

      0  0      -795.29816560     2.43e-03      0.01
      1  0      -795.40382912     8.77e-04      0.01
      2  0      -795.41430385     2.66e-04      0.01
      3  0      -795.41519863     9.04e-05      0.01
      4  0      -795.41532091     2.82e-05      0.01
      5  0      -795.41533119     6.89e-06      0.01
      6  0      -795.41533182     1.69e-06      0.01
      7  0      -795.41533187     6.16e-07      0.01
      8  0      -795.41533187     2.29e-07      0.01
      9  0      -795.41533188     7.27e-08      0.01
     10  0      -795.41533188     2.45e-08      0.01
     11  0      -795.41533188     8.69e-09      0.01
     12  0      -795.41533188     3.33e-09      0.01
     13  0      -795.41533188     1.25e-09      0.01
     14  0      -795.41533188     4.28e-10      0.01
     15  0      -795.41533188     1.39e-10      0.01
     16  0 *    -795.41533188     5.11e-11      0.01

     * ci vector, state   0, <S^2> = 0.7500
       22222a....    -0.9752429350
       2222.a2...    -0.1078785185
       - FCI and RDMs                              0.21
    * Integral transformation done. Elapsed time: 0.52

     guess   0:   closed 11111.....           open .....1....          

  === FCI iteration ===

      0  0      -795.29816089     2.43e-03      0.04
      1  0      -795.40382869     8.77e-04      0.01
      2  0      -795.41430636     2.66e-04      0.01
      3  0      -795.41520051     9.04e-05      0.01
      4  0      -795.41532282     2.82e-05      0.01
      5  0      -795.41533310     6.88e-06      0.01
      6  0      -795.41533373     1.69e-06      0.01
      7  0      -795.41533377     6.11e-07      0.01
      8  0      -795.41533378     2.26e-07      0.01
      9  0      -795.41533378     7.20e-08      0.01
     10  0      -795.41533378     2.42e-08      0.01
     11  0      -795.41533378     8.64e-09      0.01
     12  0      -795.41533378     3.33e-09      0.01
     13  0      -795.41533378     1.25e-09      0.01
     14  0      -795.41533378     4.30e-10      0.01
     15  0      -795.41533378     1.40e-10      0.01
     16  0 *    -795.41533378     5.07e-11      0.01

     * ci vector, state   0, <S^2> = 0.7500
       22222a....    -0.9752316280
       2222.a2...    -0.1080315623
       - FCI and RDMs                              0.24
    * Integral transformation done. Elapsed time: 0.45

     guess   0:   closed 11111.....           open .....1....          

  === FCI iteration ===

      0  0      -795.29815728     2.43e-03      0.02
      1  0      -795.40382796     8.77e-04      0.01
      2  0      -795.41430744     2.66e-04      0.01
      3  0      -795.41520128     9.04e-05      0.01
      4  0      -795.41532361     2.82e-05      0.01
      5  0      -795.41533388     6.88e-06      0.01
      6  0      -795.41533451     1.69e-06      0.01
      7  0      -795.41533456     6.08e-07      0.01
      8  0      -795.41533456     2.25e-07      0.01
      9  0      -795.41533457     7.16e-08      0.01
     10  0      -795.41533457     2.41e-08      0.01
     11  0      -795.41533457     8.61e-09      0.01
     12  0      -795.41533457     3.34e-09      0.01
     13  0      -795.41533457     1.25e-09      0.01
     14  0      -795.41533457     4.30e-10      0.01
     15  0      -795.41533457     1.40e-10      0.01
     16  0 *    -795.41533457     5.03e-11      0.01

     * ci vector, state   0, <S^2> = 0.7500
       22222a....    -0.9752250923
       2222.a2...    -0.1081223143
       - FCI and RDMs                              0.21
    * Integral transformation done. Elapsed time: 0.37

     guess   0:   closed 11111.....           open .....1....          

  === FCI iteration ===

      0  0      -795.29815473     2.43e-03      0.01
      1  0      -795.40382731     8.77e-04      0.01
      2  0      -795.41430791     2.66e-04      0.01
      3  0      -795.41520160     9.04e-05      0.01
      4  0      -795.41532394     2.82e-05      0.01
      5  0      -795.41533421     6.87e-06      0.01
      6  0      -795.41533484     1.68e-06      0.01
      7  0      -795.41533488     6.06e-07      0.01
      8  0      -795.41533489     2.24e-07      0.01
      9  0      -795.41533489     7.14e-08      0.01
     10  0      -795.41533489     2.40e-08      0.01
     11  0      -795.41533489     8.59e-09      0.01
     12  0      -795.41533489     3.34e-09      0.01
     13  0      -795.41533489     1.25e-09      0.01
     14  0      -795.41533489     4.31e-10      0.01
     15  0      -795.41533489     1.40e-10      0.01
     16  0 *    -795.41533489     5.00e-11      0.01

     * ci vector, state   0, <S^2> = 0.7500
       22222a....    -0.9752212181
       2222.a2...    -0.1081772466
       - FCI and RDMs                              0.21
    * Integral transformation done. Elapsed time: 0.37

     guess   0:   closed 11111.....           open .....1....          

  === FCI iteration ===

      0  0      -795.29815300     2.43e-03      0.01
      1  0      -795.40382683     8.77e-04      0.01
      2  0      -795.41430813     2.66e-04      0.01
      3  0      -795.41520173     9.04e-05      0.01
      4  0      -795.41532407     2.82e-05      0.01
      5  0      -795.41533434     6.87e-06      0.01
      6  0      -795.41533497     1.68e-06      0.01
      7  0      -795.41533502     6.05e-07      0.01
      8  0      -795.41533502     2.23e-07      0.01
      9  0      -795.41533502     7.12e-08      0.01
     10  0      -795.41533502     2.39e-08      0.01
     11  0      -795.41533502     8.58e-09      0.01
     12  0      -795.41533502     3.34e-09      0.01
     13  0      -795.41533502     1.25e-09      0.01
     14  0      -795.41533502     4.31e-10      0.01
     15  0      -795.41533502     1.40e-10      0.01
     16  0 *    -795.41533502     4.99e-11      0.01

     * ci vector, state   0, <S^2> = 0.7500
       22222a....    -0.9752188761
       2222.a2...    -0.1082110315
       - FCI and RDMs                              0.21
    * Integral transformation done. Elapsed time: 0.40

     guess   0:   closed 11111.....           open .....1....          

  === FCI iteration ===

      0  0      -795.29815184     2.43e-03      0.01
      1  0      -795.40382648     8.77e-04      0.01
      2  0      -795.41430823     2.66e-04      0.01
      3  0      -795.41520178     9.04e-05      0.01
      4  0      -795.41532413     2.82e-05      0.01
      5  0      -795.41533440     6.87e-06      0.01
      6  0      -795.41533503     1.68e-06      0.01
      7  0      -795.41533507     6.05e-07      0.01
      8  0      -795.41533508     2.23e-07      0.01
      9  0      -795.41533508     7.11e-08      0.01
     10  0      -795.41533508     2.39e-08      0.01
     11  0      -795.41533508     8.57e-09      0.01
     12  0      -795.41533508     3.34e-09      0.01
     13  0      -795.41533508     1.25e-09      0.01
     14  0      -795.41533508     4.31e-10      0.01
     15  0      -795.41533508     1.39e-10      0.01
     16  0 *    -795.41533508     4.97e-11      0.01

     * ci vector, state   0, <S^2> = 0.7500
       22222a....    -0.9752174383
       2222.a2...    -0.1082320636
       - FCI and RDMs                              0.21
    * Integral transformation done. Elapsed time: 0.40

     guess   0:   closed 11111.....           open .....1....          

  === FCI iteration ===

      0  0      -795.29815109     2.43e-03      0.01
      1  0      -795.40382625     8.77e-04      0.01
      2  0      -795.41430828     2.66e-04      0.01
      3  0      -795.41520180     9.04e-05      0.01
      4  0      -795.41532415     2.82e-05      0.01
      5  0      -795.41533442     6.87e-06      0.01
      6  0      -795.41533505     1.68e-06      0.01
      7  0      -795.41533509     6.04e-07      0.01
      8  0      -795.41533510     2.22e-07      0.01
      9  0      -795.41533510     7.11e-08      0.01
     10  0      -795.41533510     2.39e-08      0.01
     11  0      -795.41533510     8.57e-09      0.01
     12  0      -795.41533510     3.34e-09      0.01
     13  0      -795.41533510     1.25e-09      0.01
     14  0      -795.41533510     4.31e-10      0.01
     15  0      -795.41533510     1.39e-10      0.01
     16  0 *    -795.41533510     4.97e-11      0.01

     * ci vector, state   0, <S^2> = 0.7500
       22222a....    -0.9752165451
       2222.a2...    -0.1082452761
       - FCI and RDMs                              0.21
    * Integral transformation done. Elapsed time: 0.37

     guess   0:   closed 11111.....           open .....1....          

  === FCI iteration ===

      0  0      -795.29815060     2.43e-03      0.01
      1  0      -795.40382609     8.77e-04      0.01
      2  0      -795.41430831     2.66e-04      0.01
      3  0      -795.41520180     9.04e-05      0.01
      4  0      -795.41532416     2.82e-05      0.01
      5  0      -795.41533443     6.87e-06      0.01
      6  0      -795.41533506     1.68e-06      0.01
      7  0      -795.41533510     6.04e-07      0.01
      8  0      -795.41533511     2.22e-07      0.01
      9  0      -795.41533511     7.10e-08      0.01
     10  0      -795.41533511     2.38e-08      0.01
     11  0      -795.41533511     8.57e-09      0.01
     12  0      -795.41533511     3.34e-09      0.01
     13  0      -795.41533511     1.25e-09      0.01
     14  0      -795.41533511     4.31e-10      0.01
     15  0      -795.41533511     1.39e-10      0.01
     16  0 *    -795.41533511     4.96e-11      0.01

     * ci vector, state   0, <S^2> = 0.7500
       22222a....    -0.9752159851
       2222.a2...    -0.1082536315
       - FCI and RDMs                              0.20
    * Integral transformation done. Elapsed time: 0.38

     guess   0:   closed 11111.....           open .....1....          

  === FCI iteration ===

      0  0      -795.29815028     2.43e-03      0.01
      1  0      -795.40382599     8.77e-04      0.01
      2  0      -795.41430832     2.66e-04      0.01
      3  0      -795.41520181     9.04e-05      0.01
      4  0      -795.41532417     2.82e-05      0.01
      5  0      -795.41533443     6.87e-06      0.01
      6  0      -795.41533506     1.68e-06      0.01
      7  0      -795.41533511     6.04e-07      0.01
      8  0      -795.41533511     2.22e-07      0.01
      9  0      -795.41533511     7.10e-08      0.01
     10  0      -795.41533511     2.38e-08      0.01
     11  0      -795.41533511     8.57e-09      0.01
     12  0      -795.41533511     3.34e-09      0.01
     13  0      -795.41533511     1.25e-09      0.01
     14  0      -795.41533511     4.31e-10      0.01
     15  0      -795.41533511     1.39e-10      0.01
     16  0 *    -795.41533511     4.96e-11      0.01

     * ci vector, state   0, <S^2> = 0.7500
       22222a....    -0.9752156316
       2222.a2...    -0.1082589412
       - FCI and RDMs                              0.20
    * Integral transformation done. Elapsed time: 0.38

     guess   0:   closed 11111.....           open .....1....          

  === FCI iteration ===

      0  0      -795.29815008     2.43e-03      0.01
      1  0      -795.40382593     8.77e-04      0.01
      2  0      -795.41430833     2.66e-04      0.01
      3  0      -795.41520181     9.04e-05      0.01
      4  0      -795.41532417     2.82e-05      0.01
      5  0      -795.41533444     6.87e-06      0.01
      6  0      -795.41533507     1.68e-06      0.01
      7  0      -795.41533511     6.04e-07      0.01
      8  0      -795.41533512     2.22e-07      0.01
      9  0      -795.41533512     7.10e-08      0.01
     10  0      -795.41533512     2.38e-08      0.01
     11  0      -795.41533512     8.56e-09      0.01
     12  0      -795.41533512     3.34e-09      0.01
     13  0      -795.41533512     1.25e-09      0.01
     14  0      -795.41533512     4.31e-10      0.01
     15  0      -795.41533512     1.39e-10      0.01
     16  0 *    -795.41533512     4.96e-11      0.01

     * ci vector, state   0, <S^2> = 0.7500
       22222a....    -0.9752154072
       2222.a2...    -0.1082623271
       - FCI and RDMs                              0.21
    * Integral transformation done. Elapsed time: 0.37

     guess   0:   closed 11111.....           open .....1....          

  === FCI iteration ===

      0  0      -795.29814994     2.43e-03      0.01
      1  0      -795.40382588     8.77e-04      0.01
      2  0      -795.41430833     2.66e-04      0.01
      3  0      -795.41520181     9.04e-05      0.01
      4  0      -795.41532417     2.82e-05      0.01
      5  0      -795.41533444     6.87e-06      0.01
      6  0      -795.41533507     1.68e-06      0.01
      7  0      -795.41533511     6.04e-07      0.01
      8  0      -795.41533512     2.22e-07      0.01
      9  0      -795.41533512     7.10e-08      0.01
     10  0      -795.41533512     2.38e-08      0.01
     11  0      -795.41533512     8.56e-09      0.01
     12  0      -795.41533512     3.34e-09      0.01
     13  0      -795.41533512     1.25e-09      0.01
     14  0      -795.41533512     4.31e-10      0.01
     15  0      -795.41533512     1.39e-10      0.01
     16  0 *    -795.41533512     4.95e-11      0.01

     * ci vector, state   0, <S^2> = 0.7500
       22222a....    -0.9752152643
       2222.a2...    -0.1082644915
       - FCI and RDMs                              0.21
    * Integral transformation done. Elapsed time: 0.40

     guess   0:   closed 11111.....           open .....1....          

  === FCI iteration ===

      0  0      -795.29814986     2.43e-03      0.01
      1  0      -795.40382586     8.77e-04      0.01
      2  0      -795.41430833     2.66e-04      0.01
      3  0      -795.41520181     9.04e-05      0.01
      4  0      -795.41532417     2.82e-05      0.01
      5  0      -795.41533444     6.87e-06      0.01
      6  0      -795.41533507     1.68e-06      0.01
      7  0      -795.41533511     6.03e-07      0.01
      8  0      -795.41533512     2.22e-07      0.01
      9  0      -795.41533512     7.10e-08      0.01
     10  0      -795.41533512     2.38e-08      0.01
     11  0      -795.41533512     8.56e-09      0.01
     12  0      -795.41533512     3.34e-09      0.01
     13  0      -795.41533512     1.25e-09      0.01
     14  0      -795.41533512     4.31e-10      0.01
     15  0      -795.41533512     1.39e-10      0.01
     16  0 *    -795.41533512     4.95e-11      0.01

     * ci vector, state   0, <S^2> = 0.7500
       22222a....    -0.9752151731
       2222.a2...    -0.1082658776
       - FCI and RDMs                              0.21
    * Integral transformation done. Elapsed time: 0.38

     guess   0:   closed 11111.....           open .....1....          

  === FCI iteration ===

      0  0      -795.29814980     2.43e-03      0.01
      1  0      -795.40382584     8.77e-04      0.01
      2  0      -795.41430833     2.66e-04      0.01
      3  0      -795.41520181     9.04e-05      0.01
      4  0      -795.41532417     2.82e-05      0.01
      5  0      -795.41533444     6.87e-06      0.01
      6  0      -795.41533507     1.68e-06      0.01
      7  0      -795.41533511     6.03e-07      0.01
      8  0      -795.41533512     2.22e-07      0.01
      9  0      -795.41533512     7.10e-08      0.01
     10  0      -795.41533512     2.38e-08      0.01
     11  0      -795.41533512     8.56e-09      0.01
     12  0      -795.41533512     3.34e-09      0.01
     13  0      -795.41533512     1.25e-09      0.01
     14  0      -795.41533512     4.31e-10      0.01
     15  0      -795.41533512     1.39e-10      0.01
     16  0 *    -795.41533512     4.95e-11      0.01

     * ci vector, state   0, <S^2> = 0.7500
       22222a....    -0.9752151147
       2222.a2...    -0.1082667663
       - FCI and RDMs                              0.22
    * Integral transformation done. Elapsed time: 0.37

     guess   0:   closed 11111.....           open .....1....          

  === FCI iteration ===

      0  0      -795.29814977     2.43e-03      0.01
      1  0      -795.40382583     8.77e-04      0.01
      2  0      -795.41430834     2.66e-04      0.01
      3  0      -795.41520181     9.04e-05      0.01
      4  0      -795.41532417     2.82e-05      0.01
      5  0      -795.41533444     6.87e-06      0.01
      6  0      -795.41533507     1.68e-06      0.01
      7  0      -795.41533511     6.03e-07      0.01
      8  0      -795.41533512     2.22e-07      0.01
      9  0      -795.41533512     7.10e-08      0.01
     10  0      -795.41533512     2.38e-08      0.01
     11  0      -795.41533512     8.56e-09      0.01
     12  0      -795.41533512     3.34e-09      0.01
     13  0      -795.41533512     1.25e-09      0.01
     14  0      -795.41533512     4.31e-10      0.01
     15  0      -795.41533512     1.39e-10      0.01
     16  0 *    -795.41533512     4.95e-11      0.01

     * ci vector, state   0, <S^2> = 0.7500
       22222a....    -0.9752150773
       2222.a2...    -0.1082673365
       - FCI and RDMs                              0.21
    * Integral transformation done. Elapsed time: 0.37

     guess   0:   closed 11111.....           open .....1....          

  === FCI iteration ===

      0  0      -795.29814974     2.43e-03      0.01
      1  0      -795.40382582     8.77e-04      0.01
      2  0      -795.41430834     2.66e-04      0.01
      3  0      -795.41520181     9.04e-05      0.01
      4  0      -795.41532417     2.82e-05      0.01
      5  0      -795.41533444     6.87e-06      0.01
      6  0      -795.41533507     1.68e-06      0.01
      7  0      -795.41533511     6.03e-07      0.01
      8  0      -795.41533512     2.22e-07      0.01
      9  0      -795.41533512     7.10e-08      0.01
     10  0      -795.41533512     2.38e-08      0.01
     11  0      -795.41533512     8.56e-09      0.01
     12  0      -795.41533512     3.34e-09      0.01
     13  0      -795.41533512     1.25e-09      0.01
     14  0      -795.41533512     4.31e-10      0.01
     15  0      -795.41533512     1.39e-10      0.01
     16  0 *    -795.41533512     4.95e-11      0.01

     * ci vector, state   0, <S^2> = 0.7500
       22222a....    -0.9752150533
       2222.a2...    -0.1082677027
       - FCI and RDMs                              0.21
    * Integral transformation done. Elapsed time: 0.38

     guess   0:   closed 11111.....           open .....1....          

  === FCI iteration ===

      0  0      -795.29814973     2.43e-03      0.01
      1  0      -795.40382582     8.77e-04      0.01
      2  0      -795.41430834     2.66e-04      0.01
      3  0      -795.41520181     9.04e-05      0.01
      4  0      -795.41532417     2.82e-05      0.01
      5  0      -795.41533444     6.87e-06      0.01
      6  0      -795.41533507     1.68e-06      0.01
      7  0      -795.41533511     6.03e-07      0.01
      8  0      -795.41533512     2.22e-07      0.01
      9  0      -795.41533512     7.10e-08      0.01
     10  0      -795.41533512     2.38e-08      0.01
     11  0      -795.41533512     8.56e-09      0.01
     12  0      -795.41533512     3.34e-09      0.01
     13  0      -795.41533512     1.25e-09      0.01
     14  0      -795.41533512     4.31e-10      0.01
     15  0      -795.41533512     1.39e-10      0.01
     16  0 *    -795.41533512     4.95e-11      0.01

     * ci vector, state   0, <S^2> = 0.7500
       22222a....    -0.9752150379
       2222.a2...    -0.1082679379
       - FCI and RDMs                              0.20
    * Integral transformation done. Elapsed time: 0.44

     guess   0:   closed 11111.....           open .....1....          

  === FCI iteration ===

      0  0      -795.29814972     2.43e-03      0.01
      1  0      -795.40382581     8.77e-04      0.01
      2  0      -795.41430834     2.66e-04      0.01
      3  0      -795.41520181     9.04e-05      0.01
      4  0      -795.41532417     2.82e-05      0.01
      5  0      -795.41533444     6.87e-06      0.01
      6  0      -795.41533507     1.68e-06      0.01
      7  0      -795.41533511     6.03e-07      0.01
      8  0      -795.41533512     2.22e-07      0.01
      9  0      -795.41533512     7.10e-08      0.01
     10  0      -795.41533512     2.38e-08      0.01
     11  0      -795.41533512     8.56e-09      0.01
     12  0      -795.41533512     3.34e-09      0.01
     13  0      -795.41533512     1.25e-09      0.01
     14  0      -795.41533512     4.31e-10      0.01
     15  0      -795.41533512     1.39e-10      0.01
     16  0 *    -795.41533512     4.95e-11      0.01

     * ci vector, state   0, <S^2> = 0.7500
       22222a....    -0.9752150280
       2222.a2...    -0.1082680892
       - FCI and RDMs                              0.21
