cpu-bind=MASK - cn1318, task  0  0 [1888817]: mask |BBBBBBBB|BBBBBBBB|BBBBBBBB|BBBBBBBB|BBBBBBBB|BBBBBBBB|BBBBBBBB|BBBBBBBB|BBBBBBBB|BBBBBBBB|BBBBBBBB|BBBBBBBB||||BBBBBBBB|BBBBBBBB|BBBBBBBB|BBBBBBBB|BBBBBBBB|BBBBBBBB|BBBBBBBB|BBBBBBBB|BBBBBBBB|BBBBBBBB|BBBBBBBB|BBBBBBBB|  set
Running "module reset". Resetting modules to system default. The following $MODULEPATH directories have been removed: None
cpu-bind=MASK - cn1548, task 48  0 [2796818]: mask |BBBB----|--------|--------|--------|--------|--------|--------|--------|--------|--------|--------|--------||||--------|--------|--------|--------|--------|--------|--------|--------|--------|--------|--------|--------|  set
cpu-bind=MASK - cn1548, task 49  1 [2796819]: mask |----BBBB|--------|--------|--------|--------|--------|--------|--------|--------|--------|--------|--------||||--------|--------|--------|--------|--------|--------|--------|--------|--------|--------|--------|--------|  set
cpu-bind=MASK - cn1548, task 50  2 [2796820]: mask |--------|--------|--------|--------|--------|--------|--------|--------|--------|BBBB----|--------|--------||||--------|--------|--------|--------|--------|--------|--------|--------|--------|--------|--------|--------|  set
cpu-bind=MASK - cn1548, task 51  3 [2796821]: mask |--------|--------|--------|--------|--------|--------|--------|--------|--------|----BBBB|--------|--------||||--------|--------|--------|--------|--------|--------|--------|--------|--------|--------|--------|--------|  set
cpu-bind=MASK - cn1548, task 52  4 [2796822]: mask |--------|--------|--------|BBBB----|--------|--------|--------|--------|--------|--------|--------|--------||||--------|--------|--------|--------|--------|--------|--------|--------|--------|--------|--------|--------|  set
cpu-bind=MASK - cn1548, task 53  5 [2796823]: mask |--------|--------|--------|----BBBB|--------|--------|--------|--------|--------|--------|--------|--------||||--------|--------|--------|--------|--------|--------|--------|--------|--------|--------|--------|--------|  set
cpu-bind=MASK - cn1548, task 54  6 [2796824]: mask |--------|--------|--------|--------|--------|--------|BBBB----|--------|--------|--------|--------|--------||||--------|--------|--------|--------|--------|--------|--------|--------|--------|--------|--------|--------|  set
cpu-bind=MASK - cn1548, task 55  7 [2796825]: mask |--------|--------|--------|--------|--------|--------|----BBBB|--------|--------|--------|--------|--------||||--------|--------|--------|--------|--------|--------|--------|--------|--------|--------|--------|--------|  set
cpu-bind=MASK - cn1548, task 56  8 [2796826]: mask |--------|BBBB----|--------|--------|--------|--------|--------|--------|--------|--------|--------|--------||||--------|--------|--------|--------|--------|--------|--------|--------|--------|--------|--------|--------|  set
cpu-bind=MASK - cn1548, task 57  9 [2796827]: mask |--------|----BBBB|--------|--------|--------|--------|--------|--------|--------|--------|--------|--------||||--------|--------|--------|--------|--------|--------|--------|--------|--------|--------|--------|--------|  set
cpu-bind=MASK - cn1548, task 58 10 [2796828]: mask |--------|--------|--------|--------|--------|--------|--------|--------|--------|--------|BBBB----|--------||||--------|--------|--------|--------|--------|--------|--------|--------|--------|--------|--------|--------|  set
cpu-bind=MASK - cn1548, task 59 11 [2796829]: mask |--------|--------|--------|--------|--------|--------|--------|--------|--------|--------|----BBBB|--------||||--------|--------|--------|--------|--------|--------|--------|--------|--------|--------|--------|--------|  set
cpu-bind=MASK - cn1548, task 60 12 [2796830]: mask |--------|--------|--------|--------|BBBB----|--------|--------|--------|--------|--------|--------|--------||||--------|--------|--------|--------|--------|--------|--------|--------|--------|--------|--------|--------|  set
cpu-bind=MASK - cn1548, task 61 13 [2796831]: mask |--------|--------|--------|--------|----BBBB|--------|--------|--------|--------|--------|--------|--------||||--------|--------|--------|--------|--------|--------|--------|--------|--------|--------|--------|--------|  set
cpu-bind=MASK - cn1548, task 62 14 [2796832]: mask |--------|--------|--------|--------|--------|--------|--------|BBBB----|--------|--------|--------|--------||||--------|--------|--------|--------|--------|--------|--------|--------|--------|--------|--------|--------|  set
cpu-bind=MASK - cn1548, task 63 15 [2796833]: mask |--------|--------|--------|--------|--------|--------|--------|----BBBB|--------|--------|--------|--------||||--------|--------|--------|--------|--------|--------|--------|--------|--------|--------|--------|--------|  set
cpu-bind=MASK - cn1548, task 64 16 [2796834]: mask |--------|--------|BBBB----|--------|--------|--------|--------|--------|--------|--------|--------|--------||||--------|--------|--------|--------|--------|--------|--------|--------|--------|--------|--------|--------|  set
cpu-bind=MASK - cn1548, task 65 17 [2796835]: mask |--------|--------|----BBBB|--------|--------|--------|--------|--------|--------|--------|--------|--------||||--------|--------|--------|--------|--------|--------|--------|--------|--------|--------|--------|--------|  set
cpu-bind=MASK - cn1548, task 66 18 [2796836]: mask |--------|--------|--------|--------|--------|--------|--------|--------|--------|--------|--------|BBBB----||||--------|--------|--------|--------|--------|--------|--------|--------|--------|--------|--------|--------|  set
cpu-bind=MASK - cn1548, task 67 19 [2796837]: mask |--------|--------|--------|--------|--------|--------|--------|--------|--------|--------|--------|----BBBB||||--------|--------|--------|--------|--------|--------|--------|--------|--------|--------|--------|--------|  set
cpu-bind=MASK - cn1548, task 68 20 [2796838]: mask |--------|--------|--------|--------|--------|BBBB----|--------|--------|--------|--------|--------|--------||||--------|--------|--------|--------|--------|--------|--------|--------|--------|--------|--------|--------|  set
cpu-bind=MASK - cn1548, task 69 21 [2796839]: mask |--------|--------|--------|--------|--------|----BBBB|--------|--------|--------|--------|--------|--------||||--------|--------|--------|--------|--------|--------|--------|--------|--------|--------|--------|--------|  set
cpu-bind=MASK - cn1548, task 70 22 [2796840]: mask |--------|--------|--------|--------|--------|--------|--------|--------|BBBB----|--------|--------|--------||||--------|--------|--------|--------|--------|--------|--------|--------|--------|--------|--------|--------|  set
cpu-bind=MASK - cn1548, task 71 23 [2796841]: mask |--------|--------|--------|--------|--------|--------|--------|--------|----BBBB|--------|--------|--------||||--------|--------|--------|--------|--------|--------|--------|--------|--------|--------|--------|--------|  set
cpu-bind=MASK - cn1548, task 72 24 [2796842]: mask |--------|--------|--------|--------|--------|--------|--------|--------|--------|--------|--------|--------||||BBBB----|--------|--------|--------|--------|--------|--------|--------|--------|--------|--------|--------|  set
cpu-bind=MASK - cn1548, task 73 25 [2796843]: mask |--------|--------|--------|--------|--------|--------|--------|--------|--------|--------|--------|--------||||----BBBB|--------|--------|--------|--------|--------|--------|--------|--------|--------|--------|--------|  set
cpu-bind=MASK - cn1548, task 74 26 [2796844]: mask |--------|--------|--------|--------|--------|--------|--------|--------|--------|--------|--------|--------||||--------|--------|--------|--------|--------|--------|--------|--------|--------|BBBB----|--------|--------|  set
cpu-bind=MASK - cn1548, task 75 27 [2796845]: mask |--------|--------|--------|--------|--------|--------|--------|--------|--------|--------|--------|--------||||--------|--------|--------|--------|--------|--------|--------|--------|--------|----BBBB|--------|--------|  set
cpu-bind=MASK - cn1548, task 76 28 [2796846]: mask |--------|--------|--------|--------|--------|--------|--------|--------|--------|--------|--------|--------||||--------|--------|--------|BBBB----|--------|--------|--------|--------|--------|--------|--------|--------|  set
cpu-bind=MASK - cn1548, task 77 29 [2796847]: mask |--------|--------|--------|--------|--------|--------|--------|--------|--------|--------|--------|--------||||--------|--------|--------|----BBBB|--------|--------|--------|--------|--------|--------|--------|--------|  set
cpu-bind=MASK - cn1548, task 78 30 [2796848]: mask |--------|--------|--------|--------|--------|--------|--------|--------|--------|--------|--------|--------||||--------|--------|--------|--------|--------|--------|BBBB----|--------|--------|--------|--------|--------|  set
cpu-bind=MASK - cn1548, task 79 31 [2796849]: mask |--------|--------|--------|--------|--------|--------|--------|--------|--------|--------|--------|--------||||--------|--------|--------|--------|--------|--------|----BBBB|--------|--------|--------|--------|--------|  set
cpu-bind=MASK - cn1548, task 80 32 [2796850]: mask |--------|--------|--------|--------|--------|--------|--------|--------|--------|--------|--------|--------||||--------|BBBB----|--------|--------|--------|--------|--------|--------|--------|--------|--------|--------|  set
cpu-bind=MASK - cn1548, task 81 33 [2796851]: mask |--------|--------|--------|--------|--------|--------|--------|--------|--------|--------|--------|--------||||--------|----BBBB|--------|--------|--------|--------|--------|--------|--------|--------|--------|--------|  set
cpu-bind=MASK - cn1548, task 82 34 [2796852]: mask |--------|--------|--------|--------|--------|--------|--------|--------|--------|--------|--------|--------||||--------|--------|--------|--------|--------|--------|--------|--------|--------|--------|BBBB----|--------|  set
cpu-bind=MASK - cn1548, task 83 35 [2796853]: mask |--------|--------|--------|--------|--------|--------|--------|--------|--------|--------|--------|--------||||--------|--------|--------|--------|--------|--------|--------|--------|--------|--------|----BBBB|--------|  set
cpu-bind=MASK - cn1548, task 84 36 [2796854]: mask |--------|--------|--------|--------|--------|--------|--------|--------|--------|--------|--------|--------||||--------|--------|--------|--------|BBBB----|--------|--------|--------|--------|--------|--------|--------|  set
cpu-bind=MASK - cn1548, task 85 37 [2796855]: mask |--------|--------|--------|--------|--------|--------|--------|--------|--------|--------|--------|--------||||--------|--------|--------|--------|----BBBB|--------|--------|--------|--------|--------|--------|--------|  set
cpu-bind=MASK - cn1548, task 86 38 [2796856]: mask |--------|--------|--------|--------|--------|--------|--------|--------|--------|--------|--------|--------||||--------|--------|--------|--------|--------|--------|--------|BBBB----|--------|--------|--------|--------|  set
cpu-bind=MASK - cn1548, task 87 39 [2796857]: mask |--------|--------|--------|--------|--------|--------|--------|--------|--------|--------|--------|--------||||--------|--------|--------|--------|--------|--------|--------|----BBBB|--------|--------|--------|--------|  set
cpu-bind=MASK - cn1548, task 88 40 [2796858]: mask |--------|--------|--------|--------|--------|--------|--------|--------|--------|--------|--------|--------||||--------|--------|BBBB----|--------|--------|--------|--------|--------|--------|--------|--------|--------|  set
cpu-bind=MASK - cn1548, task 89 41 [2796859]: mask |--------|--------|--------|--------|--------|--------|--------|--------|--------|--------|--------|--------||||--------|--------|----BBBB|--------|--------|--------|--------|--------|--------|--------|--------|--------|  set
cpu-bind=MASK - cn1548, task 90 42 [2796860]: mask |--------|--------|--------|--------|--------|--------|--------|--------|--------|--------|--------|--------||||--------|--------|--------|--------|--------|--------|--------|--------|--------|--------|--------|BBBB----|  set
cpu-bind=MASK - cn1548, task 91 43 [2796861]: mask |--------|--------|--------|--------|--------|--------|--------|--------|--------|--------|--------|--------||||--------|--------|--------|--------|--------|--------|--------|--------|--------|--------|--------|----BBBB|  set
cpu-bind=MASK - cn1548, task 92 44 [2796862]: mask |--------|--------|--------|--------|--------|--------|--------|--------|--------|--------|--------|--------||||--------|--------|--------|--------|--------|BBBB----|--------|--------|--------|--------|--------|--------|  set
cpu-bind=MASK - cn1548, task 93 45 [2796863]: mask |--------|--------|--------|--------|--------|--------|--------|--------|--------|--------|--------|--------||||--------|--------|--------|--------|--------|----BBBB|--------|--------|--------|--------|--------|--------|  set
cpu-bind=MASK - cn1548, task 94 46 [2796864]: mask |--------|--------|--------|--------|--------|--------|--------|--------|--------|--------|--------|--------||||--------|--------|--------|--------|--------|--------|--------|--------|BBBB----|--------|--------|--------|  set
cpu-bind=MASK - cn1318, task  0  0 [1889261]: mask |BBBB----|--------|--------|--------|--------|--------|--------|--------|--------|--------|--------|--------||||--------|--------|--------|--------|--------|--------|--------|--------|--------|--------|--------|--------|  set
cpu-bind=MASK - cn1318, task  1  1 [1889262]: mask |----BBBB|--------|--------|--------|--------|--------|--------|--------|--------|--------|--------|--------||||--------|--------|--------|--------|--------|--------|--------|--------|--------|--------|--------|--------|  set
cpu-bind=MASK - cn1318, task  2  2 [1889263]: mask |--------|--------|--------|--------|--------|--------|--------|--------|--------|BBBB----|--------|--------||||--------|--------|--------|--------|--------|--------|--------|--------|--------|--------|--------|--------|  set
cpu-bind=MASK - cn1318, task  3  3 [1889264]: mask |--------|--------|--------|--------|--------|--------|--------|--------|--------|----BBBB|--------|--------||||--------|--------|--------|--------|--------|--------|--------|--------|--------|--------|--------|--------|  set
cpu-bind=MASK - cn1318, task  4  4 [1889265]: mask |--------|--------|--------|BBBB----|--------|--------|--------|--------|--------|--------|--------|--------||||--------|--------|--------|--------|--------|--------|--------|--------|--------|--------|--------|--------|  set
cpu-bind=MASK - cn1318, task  5  5 [1889266]: mask |--------|--------|--------|----BBBB|--------|--------|--------|--------|--------|--------|--------|--------||||--------|--------|--------|--------|--------|--------|--------|--------|--------|--------|--------|--------|  set
cpu-bind=MASK - cn1318, task  6  6 [1889267]: mask |--------|--------|--------|--------|--------|--------|BBBB----|--------|--------|--------|--------|--------||||--------|--------|--------|--------|--------|--------|--------|--------|--------|--------|--------|--------|  set
cpu-bind=MASK - cn1318, task  7  7 [1889268]: mask |--------|--------|--------|--------|--------|--------|----BBBB|--------|--------|--------|--------|--------||||--------|--------|--------|--------|--------|--------|--------|--------|--------|--------|--------|--------|  set
cpu-bind=MASK - cn1318, task  8  8 [1889269]: mask |--------|BBBB----|--------|--------|--------|--------|--------|--------|--------|--------|--------|--------||||--------|--------|--------|--------|--------|--------|--------|--------|--------|--------|--------|--------|  set
cpu-bind=MASK - cn1318, task  9  9 [1889270]: mask |--------|----BBBB|--------|--------|--------|--------|--------|--------|--------|--------|--------|--------||||--------|--------|--------|--------|--------|--------|--------|--------|--------|--------|--------|--------|  set
cpu-bind=MASK - cn1318, task 10 10 [1889271]: mask |--------|--------|--------|--------|--------|--------|--------|--------|--------|--------|BBBB----|--------||||--------|--------|--------|--------|--------|--------|--------|--------|--------|--------|--------|--------|  set
cpu-bind=MASK - cn1318, task 11 11 [1889272]: mask |--------|--------|--------|--------|--------|--------|--------|--------|--------|--------|----BBBB|--------||||--------|--------|--------|--------|--------|--------|--------|--------|--------|--------|--------|--------|  set
cpu-bind=MASK - cn1318, task 12 12 [1889273]: mask |--------|--------|--------|--------|BBBB----|--------|--------|--------|--------|--------|--------|--------||||--------|--------|--------|--------|--------|--------|--------|--------|--------|--------|--------|--------|  set
cpu-bind=MASK - cn1318, task 13 13 [1889274]: mask |--------|--------|--------|--------|----BBBB|--------|--------|--------|--------|--------|--------|--------||||--------|--------|--------|--------|--------|--------|--------|--------|--------|--------|--------|--------|  set
cpu-bind=MASK - cn1318, task 14 14 [1889275]: mask |--------|--------|--------|--------|--------|--------|--------|BBBB----|--------|--------|--------|--------||||--------|--------|--------|--------|--------|--------|--------|--------|--------|--------|--------|--------|  set
cpu-bind=MASK - cn1318, task 15 15 [1889276]: mask |--------|--------|--------|--------|--------|--------|--------|----BBBB|--------|--------|--------|--------||||--------|--------|--------|--------|--------|--------|--------|--------|--------|--------|--------|--------|  set
cpu-bind=MASK - cn1318, task 16 16 [1889277]: mask |--------|--------|BBBB----|--------|--------|--------|--------|--------|--------|--------|--------|--------||||--------|--------|--------|--------|--------|--------|--------|--------|--------|--------|--------|--------|  set
cpu-bind=MASK - cn1318, task 17 17 [1889278]: mask |--------|--------|----BBBB|--------|--------|--------|--------|--------|--------|--------|--------|--------||||--------|--------|--------|--------|--------|--------|--------|--------|--------|--------|--------|--------|  set
cpu-bind=MASK - cn1318, task 18 18 [1889279]: mask |--------|--------|--------|--------|--------|--------|--------|--------|--------|--------|--------|BBBB----||||--------|--------|--------|--------|--------|--------|--------|--------|--------|--------|--------|--------|  set
cpu-bind=MASK - cn1318, task 19 19 [1889280]: mask |--------|--------|--------|--------|--------|--------|--------|--------|--------|--------|--------|----BBBB||||--------|--------|--------|--------|--------|--------|--------|--------|--------|--------|--------|--------|  set
cpu-bind=MASK - cn1318, task 20 20 [1889281]: mask |--------|--------|--------|--------|--------|BBBB----|--------|--------|--------|--------|--------|--------||||--------|--------|--------|--------|--------|--------|--------|--------|--------|--------|--------|--------|  set
cpu-bind=MASK - cn1318, task 21 21 [1889282]: mask |--------|--------|--------|--------|--------|----BBBB|--------|--------|--------|--------|--------|--------||||--------|--------|--------|--------|--------|--------|--------|--------|--------|--------|--------|--------|  set
cpu-bind=MASK - cn1548, task 95 47 [2796865]: mask |--------|--------|--------|--------|--------|--------|--------|--------|--------|--------|--------|--------||||--------|--------|--------|--------|--------|--------|--------|--------|----BBBB|--------|--------|--------|  set
cpu-bind=MASK - cn1318, task 22 22 [1889283]: mask |--------|--------|--------|--------|--------|--------|--------|--------|BBBB----|--------|--------|--------||||--------|--------|--------|--------|--------|--------|--------|--------|--------|--------|--------|--------|  set
cpu-bind=MASK - cn1318, task 23 23 [1889284]: mask |--------|--------|--------|--------|--------|--------|--------|--------|----BBBB|--------|--------|--------||||--------|--------|--------|--------|--------|--------|--------|--------|--------|--------|--------|--------|  set
cpu-bind=MASK - cn1318, task 24 24 [1889285]: mask |--------|--------|--------|--------|--------|--------|--------|--------|--------|--------|--------|--------||||BBBB----|--------|--------|--------|--------|--------|--------|--------|--------|--------|--------|--------|  set
cpu-bind=MASK - cn1318, task 25 25 [1889286]: mask |--------|--------|--------|--------|--------|--------|--------|--------|--------|--------|--------|--------||||----BBBB|--------|--------|--------|--------|--------|--------|--------|--------|--------|--------|--------|  set
cpu-bind=MASK - cn1318, task 26 26 [1889287]: mask |--------|--------|--------|--------|--------|--------|--------|--------|--------|--------|--------|--------||||--------|--------|--------|--------|--------|--------|--------|--------|--------|BBBB----|--------|--------|  set
cpu-bind=MASK - cn1318, task 27 27 [1889288]: mask |--------|--------|--------|--------|--------|--------|--------|--------|--------|--------|--------|--------||||--------|--------|--------|--------|--------|--------|--------|--------|--------|----BBBB|--------|--------|  set
cpu-bind=MASK - cn1318, task 28 28 [1889289]: mask |--------|--------|--------|--------|--------|--------|--------|--------|--------|--------|--------|--------||||--------|--------|--------|BBBB----|--------|--------|--------|--------|--------|--------|--------|--------|  set
cpu-bind=MASK - cn1318, task 29 29 [1889290]: mask |--------|--------|--------|--------|--------|--------|--------|--------|--------|--------|--------|--------||||--------|--------|--------|----BBBB|--------|--------|--------|--------|--------|--------|--------|--------|  set
cpu-bind=MASK - cn1318, task 30 30 [1889291]: mask |--------|--------|--------|--------|--------|--------|--------|--------|--------|--------|--------|--------||||--------|--------|--------|--------|--------|--------|BBBB----|--------|--------|--------|--------|--------|  set
cpu-bind=MASK - cn1318, task 31 31 [1889292]: mask |--------|--------|--------|--------|--------|--------|--------|--------|--------|--------|--------|--------||||--------|--------|--------|--------|--------|--------|----BBBB|--------|--------|--------|--------|--------|  set
cpu-bind=MASK - cn1318, task 32 32 [1889293]: mask |--------|--------|--------|--------|--------|--------|--------|--------|--------|--------|--------|--------||||--------|BBBB----|--------|--------|--------|--------|--------|--------|--------|--------|--------|--------|  set
cpu-bind=MASK - cn1318, task 33 33 [1889294]: mask |--------|--------|--------|--------|--------|--------|--------|--------|--------|--------|--------|--------||||--------|----BBBB|--------|--------|--------|--------|--------|--------|--------|--------|--------|--------|  set
cpu-bind=MASK - cn1318, task 34 34 [1889295]: mask |--------|--------|--------|--------|--------|--------|--------|--------|--------|--------|--------|--------||||--------|--------|--------|--------|--------|--------|--------|--------|--------|--------|BBBB----|--------|  set
cpu-bind=MASK - cn1318, task 35 35 [1889296]: mask |--------|--------|--------|--------|--------|--------|--------|--------|--------|--------|--------|--------||||--------|--------|--------|--------|--------|--------|--------|--------|--------|--------|----BBBB|--------|  set
cpu-bind=MASK - cn1318, task 36 36 [1889297]: mask |--------|--------|--------|--------|--------|--------|--------|--------|--------|--------|--------|--------||||--------|--------|--------|--------|BBBB----|--------|--------|--------|--------|--------|--------|--------|  set
cpu-bind=MASK - cn1318, task 37 37 [1889298]: mask |--------|--------|--------|--------|--------|--------|--------|--------|--------|--------|--------|--------||||--------|--------|--------|--------|----BBBB|--------|--------|--------|--------|--------|--------|--------|  set
cpu-bind=MASK - cn1318, task 38 38 [1889299]: mask |--------|--------|--------|--------|--------|--------|--------|--------|--------|--------|--------|--------||||--------|--------|--------|--------|--------|--------|--------|BBBB----|--------|--------|--------|--------|  set
cpu-bind=MASK - cn1318, task 39 39 [1889300]: mask |--------|--------|--------|--------|--------|--------|--------|--------|--------|--------|--------|--------||||--------|--------|--------|--------|--------|--------|--------|----BBBB|--------|--------|--------|--------|  set
cpu-bind=MASK - cn1318, task 40 40 [1889301]: mask |--------|--------|--------|--------|--------|--------|--------|--------|--------|--------|--------|--------||||--------|--------|BBBB----|--------|--------|--------|--------|--------|--------|--------|--------|--------|  set
cpu-bind=MASK - cn1318, task 41 41 [1889302]: mask |--------|--------|--------|--------|--------|--------|--------|--------|--------|--------|--------|--------||||--------|--------|----BBBB|--------|--------|--------|--------|--------|--------|--------|--------|--------|  set
cpu-bind=MASK - cn1318, task 42 42 [1889303]: mask |--------|--------|--------|--------|--------|--------|--------|--------|--------|--------|--------|--------||||--------|--------|--------|--------|--------|--------|--------|--------|--------|--------|--------|BBBB----|  set
cpu-bind=MASK - cn1318, task 43 43 [1889304]: mask |--------|--------|--------|--------|--------|--------|--------|--------|--------|--------|--------|--------||||--------|--------|--------|--------|--------|--------|--------|--------|--------|--------|--------|----BBBB|  set
cpu-bind=MASK - cn1318, task 44 44 [1889305]: mask |--------|--------|--------|--------|--------|--------|--------|--------|--------|--------|--------|--------||||--------|--------|--------|--------|--------|BBBB----|--------|--------|--------|--------|--------|--------|  set
cpu-bind=MASK - cn1318, task 45 45 [1889306]: mask |--------|--------|--------|--------|--------|--------|--------|--------|--------|--------|--------|--------||||--------|--------|--------|--------|--------|----BBBB|--------|--------|--------|--------|--------|--------|  set
cpu-bind=MASK - cn1318, task 46 46 [1889307]: mask |--------|--------|--------|--------|--------|--------|--------|--------|--------|--------|--------|--------||||--------|--------|--------|--------|--------|--------|--------|--------|BBBB----|--------|--------|--------|  set
cpu-bind=MASK - cn1318, task 47 47 [1889308]: mask |--------|--------|--------|--------|--------|--------|--------|--------|--------|--------|--------|--------||||--------|--------|--------|--------|--------|--------|--------|--------|----BBBB|--------|--------|--------|  set
slurmstepd: error: *** STEP 927788.0 ON cn1318 CANCELLED AT 2026-02-11T13:45:42 ***
srun: Job step aborted: Waiting up to 32 seconds for job step to finish.
srun: error: cn1318: tasks 1,8,23: Killed
srun: Terminating StepId=927788.0
srun: error: cn1548: tasks 48-51,54-55,66,68,72: Killed
srun: error: cn1318: task 0: Exited with exit code 1
srun: error: cn1318: tasks 4,9,11,13,16: Killed
srun: error: cn1548: tasks 52-53,56,58-59,61,63,65,78,91-92: Killed
srun: error: cn1548: tasks 57,60,62,64,67,69-71,73-77,79-90,93-95: Killed
srun: error: cn1318: tasks 2-3,5-7,10,12,14-15,17-22,24-28,30-47: Killed
srun: error: cn1318: task 29: Killed
