cpu-bind=MASK - cn1231, task  0  0 [1771817]: mask |BBBBBBBB|BBBBBBBB|BBBBBBBB|BBBBBBBB|BBBBBBBB|BBBBBBBB|BBBBBBBB|BBBBBBBB|BBBBBBBB|BBBBBBBB|BBBBBBBB|BBBBBBBB||||BBBBBBBB|BBBBBBBB|BBBBBBBB|BBBBBBBB|BBBBBBBB|BBBBBBBB|BBBBBBBB|BBBBBBBB|BBBBBBBB|BBBBBBBB|BBBBBBBB|BBBBBBBB|  set
Running "module reset". Resetting modules to system default. The following $MODULEPATH directories have been removed: None
cpu-bind=MASK - cn1231, task  0  0 [1772237]: mask |BBBB----|--------|--------|--------|--------|--------|--------|--------|--------|--------|--------|--------||||--------|--------|--------|--------|--------|--------|--------|--------|--------|--------|--------|--------|  set
cpu-bind=MASK - cn1231, task  1  1 [1772238]: mask |----BBBB|--------|--------|--------|--------|--------|--------|--------|--------|--------|--------|--------||||--------|--------|--------|--------|--------|--------|--------|--------|--------|--------|--------|--------|  set
cpu-bind=MASK - cn1231, task  2  2 [1772239]: mask |--------|--------|--------|--------|--------|--------|--------|--------|--------|BBBB----|--------|--------||||--------|--------|--------|--------|--------|--------|--------|--------|--------|--------|--------|--------|  set
cpu-bind=MASK - cn1231, task  3  3 [1772240]: mask |--------|--------|--------|--------|--------|--------|--------|--------|--------|----BBBB|--------|--------||||--------|--------|--------|--------|--------|--------|--------|--------|--------|--------|--------|--------|  set
cpu-bind=MASK - cn1231, task  4  4 [1772241]: mask |--------|--------|--------|BBBB----|--------|--------|--------|--------|--------|--------|--------|--------||||--------|--------|--------|--------|--------|--------|--------|--------|--------|--------|--------|--------|  set
cpu-bind=MASK - cn1231, task  5  5 [1772242]: mask |--------|--------|--------|----BBBB|--------|--------|--------|--------|--------|--------|--------|--------||||--------|--------|--------|--------|--------|--------|--------|--------|--------|--------|--------|--------|  set
cpu-bind=MASK - cn1231, task  6  6 [1772243]: mask |--------|--------|--------|--------|--------|--------|BBBB----|--------|--------|--------|--------|--------||||--------|--------|--------|--------|--------|--------|--------|--------|--------|--------|--------|--------|  set
cpu-bind=MASK - cn1231, task  7  7 [1772244]: mask |--------|--------|--------|--------|--------|--------|----BBBB|--------|--------|--------|--------|--------||||--------|--------|--------|--------|--------|--------|--------|--------|--------|--------|--------|--------|  set
cpu-bind=MASK - cn1231, task  8  8 [1772245]: mask |--------|BBBB----|--------|--------|--------|--------|--------|--------|--------|--------|--------|--------||||--------|--------|--------|--------|--------|--------|--------|--------|--------|--------|--------|--------|  set
cpu-bind=MASK - cn1231, task  9  9 [1772246]: mask |--------|----BBBB|--------|--------|--------|--------|--------|--------|--------|--------|--------|--------||||--------|--------|--------|--------|--------|--------|--------|--------|--------|--------|--------|--------|  set
cpu-bind=MASK - cn1231, task 10 10 [1772247]: mask |--------|--------|--------|--------|--------|--------|--------|--------|--------|--------|BBBB----|--------||||--------|--------|--------|--------|--------|--------|--------|--------|--------|--------|--------|--------|  set
cpu-bind=MASK - cn1231, task 11 11 [1772248]: mask |--------|--------|--------|--------|--------|--------|--------|--------|--------|--------|----BBBB|--------||||--------|--------|--------|--------|--------|--------|--------|--------|--------|--------|--------|--------|  set
cpu-bind=MASK - cn1231, task 12 12 [1772249]: mask |--------|--------|--------|--------|BBBB----|--------|--------|--------|--------|--------|--------|--------||||--------|--------|--------|--------|--------|--------|--------|--------|--------|--------|--------|--------|  set
cpu-bind=MASK - cn1231, task 13 13 [1772250]: mask |--------|--------|--------|--------|----BBBB|--------|--------|--------|--------|--------|--------|--------||||--------|--------|--------|--------|--------|--------|--------|--------|--------|--------|--------|--------|  set
cpu-bind=MASK - cn1231, task 14 14 [1772251]: mask |--------|--------|--------|--------|--------|--------|--------|BBBB----|--------|--------|--------|--------||||--------|--------|--------|--------|--------|--------|--------|--------|--------|--------|--------|--------|  set
cpu-bind=MASK - cn1231, task 15 15 [1772252]: mask |--------|--------|--------|--------|--------|--------|--------|----BBBB|--------|--------|--------|--------||||--------|--------|--------|--------|--------|--------|--------|--------|--------|--------|--------|--------|  set
cpu-bind=MASK - cn1231, task 16 16 [1772253]: mask |--------|--------|BBBB----|--------|--------|--------|--------|--------|--------|--------|--------|--------||||--------|--------|--------|--------|--------|--------|--------|--------|--------|--------|--------|--------|  set
cpu-bind=MASK - cn1231, task 17 17 [1772254]: mask |--------|--------|----BBBB|--------|--------|--------|--------|--------|--------|--------|--------|--------||||--------|--------|--------|--------|--------|--------|--------|--------|--------|--------|--------|--------|  set
cpu-bind=MASK - cn1231, task 18 18 [1772255]: mask |--------|--------|--------|--------|--------|--------|--------|--------|--------|--------|--------|BBBB----||||--------|--------|--------|--------|--------|--------|--------|--------|--------|--------|--------|--------|  set
cpu-bind=MASK - cn1231, task 19 19 [1772256]: mask |--------|--------|--------|--------|--------|--------|--------|--------|--------|--------|--------|----BBBB||||--------|--------|--------|--------|--------|--------|--------|--------|--------|--------|--------|--------|  set
cpu-bind=MASK - cn1231, task 20 20 [1772257]: mask |--------|--------|--------|--------|--------|BBBB----|--------|--------|--------|--------|--------|--------||||--------|--------|--------|--------|--------|--------|--------|--------|--------|--------|--------|--------|  set
cpu-bind=MASK - cn1231, task 21 21 [1772258]: mask |--------|--------|--------|--------|--------|----BBBB|--------|--------|--------|--------|--------|--------||||--------|--------|--------|--------|--------|--------|--------|--------|--------|--------|--------|--------|  set
cpu-bind=MASK - cn1231, task 22 22 [1772259]: mask |--------|--------|--------|--------|--------|--------|--------|--------|BBBB----|--------|--------|--------||||--------|--------|--------|--------|--------|--------|--------|--------|--------|--------|--------|--------|  set
cpu-bind=MASK - cn1231, task 23 23 [1772260]: mask |--------|--------|--------|--------|--------|--------|--------|--------|----BBBB|--------|--------|--------||||--------|--------|--------|--------|--------|--------|--------|--------|--------|--------|--------|--------|  set
cpu-bind=MASK - cn1231, task 24 24 [1772261]: mask |--------|--------|--------|--------|--------|--------|--------|--------|--------|--------|--------|--------||||BBBB----|--------|--------|--------|--------|--------|--------|--------|--------|--------|--------|--------|  set
cpu-bind=MASK - cn1231, task 25 25 [1772262]: mask |--------|--------|--------|--------|--------|--------|--------|--------|--------|--------|--------|--------||||----BBBB|--------|--------|--------|--------|--------|--------|--------|--------|--------|--------|--------|  set
cpu-bind=MASK - cn1231, task 26 26 [1772263]: mask |--------|--------|--------|--------|--------|--------|--------|--------|--------|--------|--------|--------||||--------|--------|--------|--------|--------|--------|--------|--------|--------|BBBB----|--------|--------|  set
cpu-bind=MASK - cn1231, task 27 27 [1772264]: mask |--------|--------|--------|--------|--------|--------|--------|--------|--------|--------|--------|--------||||--------|--------|--------|--------|--------|--------|--------|--------|--------|----BBBB|--------|--------|  set
cpu-bind=MASK - cn1231, task 28 28 [1772265]: mask |--------|--------|--------|--------|--------|--------|--------|--------|--------|--------|--------|--------||||--------|--------|--------|BBBB----|--------|--------|--------|--------|--------|--------|--------|--------|  set
cpu-bind=MASK - cn1231, task 29 29 [1772266]: mask |--------|--------|--------|--------|--------|--------|--------|--------|--------|--------|--------|--------||||--------|--------|--------|----BBBB|--------|--------|--------|--------|--------|--------|--------|--------|  set
cpu-bind=MASK - cn1231, task 30 30 [1772267]: mask |--------|--------|--------|--------|--------|--------|--------|--------|--------|--------|--------|--------||||--------|--------|--------|--------|--------|--------|BBBB----|--------|--------|--------|--------|--------|  set
cpu-bind=MASK - cn1231, task 31 31 [1772268]: mask |--------|--------|--------|--------|--------|--------|--------|--------|--------|--------|--------|--------||||--------|--------|--------|--------|--------|--------|----BBBB|--------|--------|--------|--------|--------|  set
cpu-bind=MASK - cn1231, task 32 32 [1772269]: mask |--------|--------|--------|--------|--------|--------|--------|--------|--------|--------|--------|--------||||--------|BBBB----|--------|--------|--------|--------|--------|--------|--------|--------|--------|--------|  set
cpu-bind=MASK - cn1231, task 33 33 [1772270]: mask |--------|--------|--------|--------|--------|--------|--------|--------|--------|--------|--------|--------||||--------|----BBBB|--------|--------|--------|--------|--------|--------|--------|--------|--------|--------|  set
cpu-bind=MASK - cn1233, task 48  0 [2498001]: mask |BBBB----|--------|--------|--------|--------|--------|--------|--------|--------|--------|--------|--------||||--------|--------|--------|--------|--------|--------|--------|--------|--------|--------|--------|--------|  set
cpu-bind=MASK - cn1231, task 34 34 [1772271]: mask |--------|--------|--------|--------|--------|--------|--------|--------|--------|--------|--------|--------||||--------|--------|--------|--------|--------|--------|--------|--------|--------|--------|BBBB----|--------|  set
cpu-bind=MASK - cn1231, task 35 35 [1772272]: mask |--------|--------|--------|--------|--------|--------|--------|--------|--------|--------|--------|--------||||--------|--------|--------|--------|--------|--------|--------|--------|--------|--------|----BBBB|--------|  set
cpu-bind=MASK - cn1233, task 49  1 [2498002]: mask |----BBBB|--------|--------|--------|--------|--------|--------|--------|--------|--------|--------|--------||||--------|--------|--------|--------|--------|--------|--------|--------|--------|--------|--------|--------|  set
cpu-bind=MASK - cn1231, task 36 36 [1772273]: mask |--------|--------|--------|--------|--------|--------|--------|--------|--------|--------|--------|--------||||--------|--------|--------|--------|BBBB----|--------|--------|--------|--------|--------|--------|--------|  set
cpu-bind=MASK - cn1231, task 37 37 [1772274]: mask |--------|--------|--------|--------|--------|--------|--------|--------|--------|--------|--------|--------||||--------|--------|--------|--------|----BBBB|--------|--------|--------|--------|--------|--------|--------|  set
cpu-bind=MASK - cn1233, task 50  2 [2498003]: mask |--------|--------|--------|--------|--------|--------|--------|--------|--------|BBBB----|--------|--------||||--------|--------|--------|--------|--------|--------|--------|--------|--------|--------|--------|--------|  set
cpu-bind=MASK - cn1231, task 38 38 [1772275]: mask |--------|--------|--------|--------|--------|--------|--------|--------|--------|--------|--------|--------||||--------|--------|--------|--------|--------|--------|--------|BBBB----|--------|--------|--------|--------|  set
cpu-bind=MASK - cn1233, task 51  3 [2498004]: mask |--------|--------|--------|--------|--------|--------|--------|--------|--------|----BBBB|--------|--------||||--------|--------|--------|--------|--------|--------|--------|--------|--------|--------|--------|--------|  set
cpu-bind=MASK - cn1231, task 39 39 [1772276]: mask |--------|--------|--------|--------|--------|--------|--------|--------|--------|--------|--------|--------||||--------|--------|--------|--------|--------|--------|--------|----BBBB|--------|--------|--------|--------|  set
cpu-bind=MASK - cn1231, task 40 40 [1772277]: mask |--------|--------|--------|--------|--------|--------|--------|--------|--------|--------|--------|--------||||--------|--------|BBBB----|--------|--------|--------|--------|--------|--------|--------|--------|--------|  set
cpu-bind=MASK - cn1233, task 52  4 [2498005]: mask |--------|--------|--------|BBBB----|--------|--------|--------|--------|--------|--------|--------|--------||||--------|--------|--------|--------|--------|--------|--------|--------|--------|--------|--------|--------|  set
cpu-bind=MASK - cn1231, task 41 41 [1772278]: mask |--------|--------|--------|--------|--------|--------|--------|--------|--------|--------|--------|--------||||--------|--------|----BBBB|--------|--------|--------|--------|--------|--------|--------|--------|--------|  set
cpu-bind=MASK - cn1233, task 53  5 [2498006]: mask |--------|--------|--------|----BBBB|--------|--------|--------|--------|--------|--------|--------|--------||||--------|--------|--------|--------|--------|--------|--------|--------|--------|--------|--------|--------|  set
cpu-bind=MASK - cn1231, task 42 42 [1772279]: mask |--------|--------|--------|--------|--------|--------|--------|--------|--------|--------|--------|--------||||--------|--------|--------|--------|--------|--------|--------|--------|--------|--------|--------|BBBB----|  set
cpu-bind=MASK - cn1233, task 54  6 [2498007]: mask |--------|--------|--------|--------|--------|--------|BBBB----|--------|--------|--------|--------|--------||||--------|--------|--------|--------|--------|--------|--------|--------|--------|--------|--------|--------|  set
cpu-bind=MASK - cn1231, task 43 43 [1772280]: mask |--------|--------|--------|--------|--------|--------|--------|--------|--------|--------|--------|--------||||--------|--------|--------|--------|--------|--------|--------|--------|--------|--------|--------|----BBBB|  set
cpu-bind=MASK - cn1231, task 44 44 [1772281]: mask |--------|--------|--------|--------|--------|--------|--------|--------|--------|--------|--------|--------||||--------|--------|--------|--------|--------|BBBB----|--------|--------|--------|--------|--------|--------|  set
cpu-bind=MASK - cn1233, task 55  7 [2498008]: mask |--------|--------|--------|--------|--------|--------|----BBBB|--------|--------|--------|--------|--------||||--------|--------|--------|--------|--------|--------|--------|--------|--------|--------|--------|--------|  set
cpu-bind=MASK - cn1231, task 45 45 [1772282]: mask |--------|--------|--------|--------|--------|--------|--------|--------|--------|--------|--------|--------||||--------|--------|--------|--------|--------|----BBBB|--------|--------|--------|--------|--------|--------|  set
cpu-bind=MASK - cn1231, task 46 46 [1772283]: mask |--------|--------|--------|--------|--------|--------|--------|--------|--------|--------|--------|--------||||--------|--------|--------|--------|--------|--------|--------|--------|BBBB----|--------|--------|--------|  set
cpu-bind=MASK - cn1233, task 56  8 [2498009]: mask |--------|BBBB----|--------|--------|--------|--------|--------|--------|--------|--------|--------|--------||||--------|--------|--------|--------|--------|--------|--------|--------|--------|--------|--------|--------|  set
cpu-bind=MASK - cn1233, task 57  9 [2498010]: mask |--------|----BBBB|--------|--------|--------|--------|--------|--------|--------|--------|--------|--------||||--------|--------|--------|--------|--------|--------|--------|--------|--------|--------|--------|--------|  set
cpu-bind=MASK - cn1233, task 58 10 [2498011]: mask |--------|--------|--------|--------|--------|--------|--------|--------|--------|--------|BBBB----|--------||||--------|--------|--------|--------|--------|--------|--------|--------|--------|--------|--------|--------|  set
cpu-bind=MASK - cn1233, task 59 11 [2498012]: mask |--------|--------|--------|--------|--------|--------|--------|--------|--------|--------|----BBBB|--------||||--------|--------|--------|--------|--------|--------|--------|--------|--------|--------|--------|--------|  set
cpu-bind=MASK - cn1233, task 60 12 [2498013]: mask |--------|--------|--------|--------|BBBB----|--------|--------|--------|--------|--------|--------|--------||||--------|--------|--------|--------|--------|--------|--------|--------|--------|--------|--------|--------|  set
cpu-bind=MASK - cn1233, task 61 13 [2498014]: mask |--------|--------|--------|--------|----BBBB|--------|--------|--------|--------|--------|--------|--------||||--------|--------|--------|--------|--------|--------|--------|--------|--------|--------|--------|--------|  set
cpu-bind=MASK - cn1233, task 62 14 [2498015]: mask |--------|--------|--------|--------|--------|--------|--------|BBBB----|--------|--------|--------|--------||||--------|--------|--------|--------|--------|--------|--------|--------|--------|--------|--------|--------|  set
cpu-bind=MASK - cn1233, task 63 15 [2498016]: mask |--------|--------|--------|--------|--------|--------|--------|----BBBB|--------|--------|--------|--------||||--------|--------|--------|--------|--------|--------|--------|--------|--------|--------|--------|--------|  set
cpu-bind=MASK - cn1233, task 64 16 [2498017]: mask |--------|--------|BBBB----|--------|--------|--------|--------|--------|--------|--------|--------|--------||||--------|--------|--------|--------|--------|--------|--------|--------|--------|--------|--------|--------|  set
cpu-bind=MASK - cn1233, task 65 17 [2498018]: mask |--------|--------|----BBBB|--------|--------|--------|--------|--------|--------|--------|--------|--------||||--------|--------|--------|--------|--------|--------|--------|--------|--------|--------|--------|--------|  set
cpu-bind=MASK - cn1233, task 66 18 [2498019]: mask |--------|--------|--------|--------|--------|--------|--------|--------|--------|--------|--------|BBBB----||||--------|--------|--------|--------|--------|--------|--------|--------|--------|--------|--------|--------|  set
cpu-bind=MASK - cn1233, task 67 19 [2498020]: mask |--------|--------|--------|--------|--------|--------|--------|--------|--------|--------|--------|----BBBB||||--------|--------|--------|--------|--------|--------|--------|--------|--------|--------|--------|--------|  set
cpu-bind=MASK - cn1233, task 68 20 [2498021]: mask |--------|--------|--------|--------|--------|BBBB----|--------|--------|--------|--------|--------|--------||||--------|--------|--------|--------|--------|--------|--------|--------|--------|--------|--------|--------|  set
cpu-bind=MASK - cn1233, task 69 21 [2498022]: mask |--------|--------|--------|--------|--------|----BBBB|--------|--------|--------|--------|--------|--------||||--------|--------|--------|--------|--------|--------|--------|--------|--------|--------|--------|--------|  set
cpu-bind=MASK - cn1233, task 70 22 [2498023]: mask |--------|--------|--------|--------|--------|--------|--------|--------|BBBB----|--------|--------|--------||||--------|--------|--------|--------|--------|--------|--------|--------|--------|--------|--------|--------|  set
cpu-bind=MASK - cn1233, task 71 23 [2498024]: mask |--------|--------|--------|--------|--------|--------|--------|--------|----BBBB|--------|--------|--------||||--------|--------|--------|--------|--------|--------|--------|--------|--------|--------|--------|--------|  set
cpu-bind=MASK - cn1233, task 72 24 [2498025]: mask |--------|--------|--------|--------|--------|--------|--------|--------|--------|--------|--------|--------||||BBBB----|--------|--------|--------|--------|--------|--------|--------|--------|--------|--------|--------|  set
cpu-bind=MASK - cn1233, task 73 25 [2498026]: mask |--------|--------|--------|--------|--------|--------|--------|--------|--------|--------|--------|--------||||----BBBB|--------|--------|--------|--------|--------|--------|--------|--------|--------|--------|--------|  set
cpu-bind=MASK - cn1233, task 74 26 [2498027]: mask |--------|--------|--------|--------|--------|--------|--------|--------|--------|--------|--------|--------||||--------|--------|--------|--------|--------|--------|--------|--------|--------|BBBB----|--------|--------|  set
cpu-bind=MASK - cn1233, task 75 27 [2498028]: mask |--------|--------|--------|--------|--------|--------|--------|--------|--------|--------|--------|--------||||--------|--------|--------|--------|--------|--------|--------|--------|--------|----BBBB|--------|--------|  set
cpu-bind=MASK - cn1233, task 76 28 [2498029]: mask |--------|--------|--------|--------|--------|--------|--------|--------|--------|--------|--------|--------||||--------|--------|--------|BBBB----|--------|--------|--------|--------|--------|--------|--------|--------|  set
cpu-bind=MASK - cn1233, task 77 29 [2498030]: mask |--------|--------|--------|--------|--------|--------|--------|--------|--------|--------|--------|--------||||--------|--------|--------|----BBBB|--------|--------|--------|--------|--------|--------|--------|--------|  set
cpu-bind=MASK - cn1233, task 78 30 [2498031]: mask |--------|--------|--------|--------|--------|--------|--------|--------|--------|--------|--------|--------||||--------|--------|--------|--------|--------|--------|BBBB----|--------|--------|--------|--------|--------|  set
cpu-bind=MASK - cn1233, task 79 31 [2498032]: mask |--------|--------|--------|--------|--------|--------|--------|--------|--------|--------|--------|--------||||--------|--------|--------|--------|--------|--------|----BBBB|--------|--------|--------|--------|--------|  set
cpu-bind=MASK - cn1233, task 80 32 [2498033]: mask |--------|--------|--------|--------|--------|--------|--------|--------|--------|--------|--------|--------||||--------|BBBB----|--------|--------|--------|--------|--------|--------|--------|--------|--------|--------|  set
cpu-bind=MASK - cn1233, task 81 33 [2498034]: mask |--------|--------|--------|--------|--------|--------|--------|--------|--------|--------|--------|--------||||--------|----BBBB|--------|--------|--------|--------|--------|--------|--------|--------|--------|--------|  set
cpu-bind=MASK - cn1233, task 82 34 [2498035]: mask |--------|--------|--------|--------|--------|--------|--------|--------|--------|--------|--------|--------||||--------|--------|--------|--------|--------|--------|--------|--------|--------|--------|BBBB----|--------|  set
cpu-bind=MASK - cn1233, task 83 35 [2498036]: mask |--------|--------|--------|--------|--------|--------|--------|--------|--------|--------|--------|--------||||--------|--------|--------|--------|--------|--------|--------|--------|--------|--------|----BBBB|--------|  set
cpu-bind=MASK - cn1231, task 47 47 [1772284]: mask |--------|--------|--------|--------|--------|--------|--------|--------|--------|--------|--------|--------||||--------|--------|--------|--------|--------|--------|--------|--------|----BBBB|--------|--------|--------|  set
cpu-bind=MASK - cn1233, task 84 36 [2498037]: mask |--------|--------|--------|--------|--------|--------|--------|--------|--------|--------|--------|--------||||--------|--------|--------|--------|BBBB----|--------|--------|--------|--------|--------|--------|--------|  set
cpu-bind=MASK - cn1233, task 85 37 [2498038]: mask |--------|--------|--------|--------|--------|--------|--------|--------|--------|--------|--------|--------||||--------|--------|--------|--------|----BBBB|--------|--------|--------|--------|--------|--------|--------|  set
cpu-bind=MASK - cn1233, task 86 38 [2498039]: mask |--------|--------|--------|--------|--------|--------|--------|--------|--------|--------|--------|--------||||--------|--------|--------|--------|--------|--------|--------|BBBB----|--------|--------|--------|--------|  set
cpu-bind=MASK - cn1233, task 87 39 [2498040]: mask |--------|--------|--------|--------|--------|--------|--------|--------|--------|--------|--------|--------||||--------|--------|--------|--------|--------|--------|--------|----BBBB|--------|--------|--------|--------|  set
cpu-bind=MASK - cn1233, task 88 40 [2498041]: mask |--------|--------|--------|--------|--------|--------|--------|--------|--------|--------|--------|--------||||--------|--------|BBBB----|--------|--------|--------|--------|--------|--------|--------|--------|--------|  set
cpu-bind=MASK - cn1233, task 89 41 [2498042]: mask |--------|--------|--------|--------|--------|--------|--------|--------|--------|--------|--------|--------||||--------|--------|----BBBB|--------|--------|--------|--------|--------|--------|--------|--------|--------|  set
cpu-bind=MASK - cn1233, task 90 42 [2498043]: mask |--------|--------|--------|--------|--------|--------|--------|--------|--------|--------|--------|--------||||--------|--------|--------|--------|--------|--------|--------|--------|--------|--------|--------|BBBB----|  set
cpu-bind=MASK - cn1233, task 91 43 [2498044]: mask |--------|--------|--------|--------|--------|--------|--------|--------|--------|--------|--------|--------||||--------|--------|--------|--------|--------|--------|--------|--------|--------|--------|--------|----BBBB|  set
cpu-bind=MASK - cn1233, task 92 44 [2498045]: mask |--------|--------|--------|--------|--------|--------|--------|--------|--------|--------|--------|--------||||--------|--------|--------|--------|--------|BBBB----|--------|--------|--------|--------|--------|--------|  set
cpu-bind=MASK - cn1233, task 93 45 [2498046]: mask |--------|--------|--------|--------|--------|--------|--------|--------|--------|--------|--------|--------||||--------|--------|--------|--------|--------|----BBBB|--------|--------|--------|--------|--------|--------|  set
cpu-bind=MASK - cn1233, task 94 46 [2498047]: mask |--------|--------|--------|--------|--------|--------|--------|--------|--------|--------|--------|--------||||--------|--------|--------|--------|--------|--------|--------|--------|BBBB----|--------|--------|--------|  set
cpu-bind=MASK - cn1233, task 95 47 [2498048]: mask |--------|--------|--------|--------|--------|--------|--------|--------|--------|--------|--------|--------||||--------|--------|--------|--------|--------|--------|--------|--------|----BBBB|--------|--------|--------|  set
slurmstepd: error: *** STEP 906197.0 ON cn1231 CANCELLED AT 2026-02-10T13:56:02 ***
srun: Job step aborted: Waiting up to 32 seconds for job step to finish.
srun: error: cn1233: tasks 48-49,66,72-74,80,95: Killed
srun: Terminating StepId=906197.0
srun: error: cn1231: tasks 1-2,5-6,9,13-14,22,26,36,41-42,46: Killed
srun: error: cn1233: tasks 50-61,63-65,67-71,75-79,81-94: Killed
srun: error: cn1233: task 62: Killed
srun: error: cn1231: task 0: Exited with exit code 1
srun: error: cn1231: tasks 3-4,7-8,10-12,15-21,23-25,27-28,30-35,37-40,43-45,47: Killed
srun: error: cn1231: task 29: Killed
