cpu-bind=MASK - cn1313, task  0  0 [2501252]: mask |BBBBBBBB|BBBBBBBB|BBBBBBBB|BBBBBBBB|BBBBBBBB|BBBBBBBB|BBBBBBBB|BBBBBBBB|BBBBBBBB|BBBBBBBB|BBBBBBBB|BBBBBBBB||||BBBBBBBB|BBBBBBBB|BBBBBBBB|BBBBBBBB|BBBBBBBB|BBBBBBBB|BBBBBBBB|BBBBBBBB|BBBBBBBB|BBBBBBBB|BBBBBBBB|BBBBBBBB|  set
Running "module reset". Resetting modules to system default. The following $MODULEPATH directories have been removed: None
cpu-bind=MASK - cn1313, task  0  0 [2501715]: mask |BBBB----|--------|--------|--------|--------|--------|--------|--------|--------|--------|--------|--------||||--------|--------|--------|--------|--------|--------|--------|--------|--------|--------|--------|--------|  set
cpu-bind=MASK - cn1313, task  1  1 [2501716]: mask |----BBBB|--------|--------|--------|--------|--------|--------|--------|--------|--------|--------|--------||||--------|--------|--------|--------|--------|--------|--------|--------|--------|--------|--------|--------|  set
cpu-bind=MASK - cn1313, task  2  2 [2501717]: mask |--------|--------|--------|--------|--------|--------|--------|--------|--------|BBBB----|--------|--------||||--------|--------|--------|--------|--------|--------|--------|--------|--------|--------|--------|--------|  set
cpu-bind=MASK - cn1313, task  3  3 [2501718]: mask |--------|--------|--------|--------|--------|--------|--------|--------|--------|----BBBB|--------|--------||||--------|--------|--------|--------|--------|--------|--------|--------|--------|--------|--------|--------|  set
cpu-bind=MASK - cn1313, task  4  4 [2501719]: mask |--------|--------|--------|BBBB----|--------|--------|--------|--------|--------|--------|--------|--------||||--------|--------|--------|--------|--------|--------|--------|--------|--------|--------|--------|--------|  set
cpu-bind=MASK - cn1313, task  5  5 [2501720]: mask |--------|--------|--------|----BBBB|--------|--------|--------|--------|--------|--------|--------|--------||||--------|--------|--------|--------|--------|--------|--------|--------|--------|--------|--------|--------|  set
cpu-bind=MASK - cn1313, task  6  6 [2501721]: mask |--------|--------|--------|--------|--------|--------|BBBB----|--------|--------|--------|--------|--------||||--------|--------|--------|--------|--------|--------|--------|--------|--------|--------|--------|--------|  set
cpu-bind=MASK - cn1313, task  7  7 [2501722]: mask |--------|--------|--------|--------|--------|--------|----BBBB|--------|--------|--------|--------|--------||||--------|--------|--------|--------|--------|--------|--------|--------|--------|--------|--------|--------|  set
cpu-bind=MASK - cn1313, task  8  8 [2501723]: mask |--------|BBBB----|--------|--------|--------|--------|--------|--------|--------|--------|--------|--------||||--------|--------|--------|--------|--------|--------|--------|--------|--------|--------|--------|--------|  set
cpu-bind=MASK - cn1313, task  9  9 [2501724]: mask |--------|----BBBB|--------|--------|--------|--------|--------|--------|--------|--------|--------|--------||||--------|--------|--------|--------|--------|--------|--------|--------|--------|--------|--------|--------|  set
cpu-bind=MASK - cn1313, task 10 10 [2501725]: mask |--------|--------|--------|--------|--------|--------|--------|--------|--------|--------|BBBB----|--------||||--------|--------|--------|--------|--------|--------|--------|--------|--------|--------|--------|--------|  set
cpu-bind=MASK - cn1313, task 11 11 [2501726]: mask |--------|--------|--------|--------|--------|--------|--------|--------|--------|--------|----BBBB|--------||||--------|--------|--------|--------|--------|--------|--------|--------|--------|--------|--------|--------|  set
cpu-bind=MASK - cn1313, task 12 12 [2501727]: mask |--------|--------|--------|--------|BBBB----|--------|--------|--------|--------|--------|--------|--------||||--------|--------|--------|--------|--------|--------|--------|--------|--------|--------|--------|--------|  set
cpu-bind=MASK - cn1313, task 13 13 [2501728]: mask |--------|--------|--------|--------|----BBBB|--------|--------|--------|--------|--------|--------|--------||||--------|--------|--------|--------|--------|--------|--------|--------|--------|--------|--------|--------|  set
cpu-bind=MASK - cn1313, task 14 14 [2501729]: mask |--------|--------|--------|--------|--------|--------|--------|BBBB----|--------|--------|--------|--------||||--------|--------|--------|--------|--------|--------|--------|--------|--------|--------|--------|--------|  set
cpu-bind=MASK - cn1313, task 15 15 [2501730]: mask |--------|--------|--------|--------|--------|--------|--------|----BBBB|--------|--------|--------|--------||||--------|--------|--------|--------|--------|--------|--------|--------|--------|--------|--------|--------|  set
cpu-bind=MASK - cn1313, task 16 16 [2501731]: mask |--------|--------|BBBB----|--------|--------|--------|--------|--------|--------|--------|--------|--------||||--------|--------|--------|--------|--------|--------|--------|--------|--------|--------|--------|--------|  set
cpu-bind=MASK - cn1313, task 17 17 [2501732]: mask |--------|--------|----BBBB|--------|--------|--------|--------|--------|--------|--------|--------|--------||||--------|--------|--------|--------|--------|--------|--------|--------|--------|--------|--------|--------|  set
cpu-bind=MASK - cn1313, task 18 18 [2501733]: mask |--------|--------|--------|--------|--------|--------|--------|--------|--------|--------|--------|BBBB----||||--------|--------|--------|--------|--------|--------|--------|--------|--------|--------|--------|--------|  set
cpu-bind=MASK - cn1313, task 19 19 [2501734]: mask |--------|--------|--------|--------|--------|--------|--------|--------|--------|--------|--------|----BBBB||||--------|--------|--------|--------|--------|--------|--------|--------|--------|--------|--------|--------|  set
cpu-bind=MASK - cn1313, task 20 20 [2501735]: mask |--------|--------|--------|--------|--------|BBBB----|--------|--------|--------|--------|--------|--------||||--------|--------|--------|--------|--------|--------|--------|--------|--------|--------|--------|--------|  set
cpu-bind=MASK - cn1313, task 21 21 [2501736]: mask |--------|--------|--------|--------|--------|----BBBB|--------|--------|--------|--------|--------|--------||||--------|--------|--------|--------|--------|--------|--------|--------|--------|--------|--------|--------|  set
cpu-bind=MASK - cn1313, task 22 22 [2501737]: mask |--------|--------|--------|--------|--------|--------|--------|--------|BBBB----|--------|--------|--------||||--------|--------|--------|--------|--------|--------|--------|--------|--------|--------|--------|--------|  set
cpu-bind=MASK - cn1313, task 23 23 [2501738]: mask |--------|--------|--------|--------|--------|--------|--------|--------|----BBBB|--------|--------|--------||||--------|--------|--------|--------|--------|--------|--------|--------|--------|--------|--------|--------|  set
cpu-bind=MASK - cn1313, task 24 24 [2501739]: mask |--------|--------|--------|--------|--------|--------|--------|--------|--------|--------|--------|--------||||BBBB----|--------|--------|--------|--------|--------|--------|--------|--------|--------|--------|--------|  set
cpu-bind=MASK - cn1313, task 25 25 [2501740]: mask |--------|--------|--------|--------|--------|--------|--------|--------|--------|--------|--------|--------||||----BBBB|--------|--------|--------|--------|--------|--------|--------|--------|--------|--------|--------|  set
cpu-bind=MASK - cn1313, task 26 26 [2501741]: mask |--------|--------|--------|--------|--------|--------|--------|--------|--------|--------|--------|--------||||--------|--------|--------|--------|--------|--------|--------|--------|--------|BBBB----|--------|--------|  set
cpu-bind=MASK - cn1313, task 27 27 [2501742]: mask |--------|--------|--------|--------|--------|--------|--------|--------|--------|--------|--------|--------||||--------|--------|--------|--------|--------|--------|--------|--------|--------|----BBBB|--------|--------|  set
cpu-bind=MASK - cn1313, task 28 28 [2501743]: mask |--------|--------|--------|--------|--------|--------|--------|--------|--------|--------|--------|--------||||--------|--------|--------|BBBB----|--------|--------|--------|--------|--------|--------|--------|--------|  set
cpu-bind=MASK - cn1313, task 29 29 [2501744]: mask |--------|--------|--------|--------|--------|--------|--------|--------|--------|--------|--------|--------||||--------|--------|--------|----BBBB|--------|--------|--------|--------|--------|--------|--------|--------|  set
cpu-bind=MASK - cn1313, task 30 30 [2501745]: mask |--------|--------|--------|--------|--------|--------|--------|--------|--------|--------|--------|--------||||--------|--------|--------|--------|--------|--------|BBBB----|--------|--------|--------|--------|--------|  set
cpu-bind=MASK - cn1313, task 31 31 [2501746]: mask |--------|--------|--------|--------|--------|--------|--------|--------|--------|--------|--------|--------||||--------|--------|--------|--------|--------|--------|----BBBB|--------|--------|--------|--------|--------|  set
cpu-bind=MASK - cn1313, task 32 32 [2501747]: mask |--------|--------|--------|--------|--------|--------|--------|--------|--------|--------|--------|--------||||--------|BBBB----|--------|--------|--------|--------|--------|--------|--------|--------|--------|--------|  set
cpu-bind=MASK - cn1313, task 33 33 [2501748]: mask |--------|--------|--------|--------|--------|--------|--------|--------|--------|--------|--------|--------||||--------|----BBBB|--------|--------|--------|--------|--------|--------|--------|--------|--------|--------|  set
cpu-bind=MASK - cn1313, task 34 34 [2501749]: mask |--------|--------|--------|--------|--------|--------|--------|--------|--------|--------|--------|--------||||--------|--------|--------|--------|--------|--------|--------|--------|--------|--------|BBBB----|--------|  set
cpu-bind=MASK - cn1313, task 35 35 [2501750]: mask |--------|--------|--------|--------|--------|--------|--------|--------|--------|--------|--------|--------||||--------|--------|--------|--------|--------|--------|--------|--------|--------|--------|----BBBB|--------|  set
cpu-bind=MASK - cn1313, task 36 36 [2501751]: mask |--------|--------|--------|--------|--------|--------|--------|--------|--------|--------|--------|--------||||--------|--------|--------|--------|BBBB----|--------|--------|--------|--------|--------|--------|--------|  set
cpu-bind=MASK - cn1313, task 37 37 [2501752]: mask |--------|--------|--------|--------|--------|--------|--------|--------|--------|--------|--------|--------||||--------|--------|--------|--------|----BBBB|--------|--------|--------|--------|--------|--------|--------|  set
cpu-bind=MASK - cn1313, task 38 38 [2501753]: mask |--------|--------|--------|--------|--------|--------|--------|--------|--------|--------|--------|--------||||--------|--------|--------|--------|--------|--------|--------|BBBB----|--------|--------|--------|--------|  set
cpu-bind=MASK - cn1313, task 39 39 [2501754]: mask |--------|--------|--------|--------|--------|--------|--------|--------|--------|--------|--------|--------||||--------|--------|--------|--------|--------|--------|--------|----BBBB|--------|--------|--------|--------|  set
cpu-bind=MASK - cn1313, task 40 40 [2501755]: mask |--------|--------|--------|--------|--------|--------|--------|--------|--------|--------|--------|--------||||--------|--------|BBBB----|--------|--------|--------|--------|--------|--------|--------|--------|--------|  set
cpu-bind=MASK - cn1313, task 41 41 [2501756]: mask |--------|--------|--------|--------|--------|--------|--------|--------|--------|--------|--------|--------||||--------|--------|----BBBB|--------|--------|--------|--------|--------|--------|--------|--------|--------|  set
cpu-bind=MASK - cn1313, task 42 42 [2501757]: mask |--------|--------|--------|--------|--------|--------|--------|--------|--------|--------|--------|--------||||--------|--------|--------|--------|--------|--------|--------|--------|--------|--------|--------|BBBB----|  set
cpu-bind=MASK - cn1313, task 43 43 [2501758]: mask |--------|--------|--------|--------|--------|--------|--------|--------|--------|--------|--------|--------||||--------|--------|--------|--------|--------|--------|--------|--------|--------|--------|--------|----BBBB|  set
cpu-bind=MASK - cn1313, task 44 44 [2501759]: mask |--------|--------|--------|--------|--------|--------|--------|--------|--------|--------|--------|--------||||--------|--------|--------|--------|--------|BBBB----|--------|--------|--------|--------|--------|--------|  set
cpu-bind=MASK - cn1313, task 45 45 [2501760]: mask |--------|--------|--------|--------|--------|--------|--------|--------|--------|--------|--------|--------||||--------|--------|--------|--------|--------|----BBBB|--------|--------|--------|--------|--------|--------|  set
cpu-bind=MASK - cn1313, task 46 46 [2501761]: mask |--------|--------|--------|--------|--------|--------|--------|--------|--------|--------|--------|--------||||--------|--------|--------|--------|--------|--------|--------|--------|BBBB----|--------|--------|--------|  set
cpu-bind=MASK - cn1313, task 47 47 [2501762]: mask |--------|--------|--------|--------|--------|--------|--------|--------|--------|--------|--------|--------||||--------|--------|--------|--------|--------|--------|--------|--------|----BBBB|--------|--------|--------|  set
cpu-bind=MASK - cn1315, task 48  0 [3418910]: mask |BBBB----|--------|--------|--------|--------|--------|--------|--------|--------|--------|--------|--------||||--------|--------|--------|--------|--------|--------|--------|--------|--------|--------|--------|--------|  set
cpu-bind=MASK - cn1315, task 49  1 [3418911]: mask |----BBBB|--------|--------|--------|--------|--------|--------|--------|--------|--------|--------|--------||||--------|--------|--------|--------|--------|--------|--------|--------|--------|--------|--------|--------|  set
cpu-bind=MASK - cn1315, task 50  2 [3418912]: mask |--------|--------|--------|--------|--------|--------|--------|--------|--------|BBBB----|--------|--------||||--------|--------|--------|--------|--------|--------|--------|--------|--------|--------|--------|--------|  set
cpu-bind=MASK - cn1315, task 51  3 [3418913]: mask |--------|--------|--------|--------|--------|--------|--------|--------|--------|----BBBB|--------|--------||||--------|--------|--------|--------|--------|--------|--------|--------|--------|--------|--------|--------|  set
cpu-bind=MASK - cn1315, task 52  4 [3418914]: mask |--------|--------|--------|BBBB----|--------|--------|--------|--------|--------|--------|--------|--------||||--------|--------|--------|--------|--------|--------|--------|--------|--------|--------|--------|--------|  set
cpu-bind=MASK - cn1315, task 53  5 [3418915]: mask |--------|--------|--------|----BBBB|--------|--------|--------|--------|--------|--------|--------|--------||||--------|--------|--------|--------|--------|--------|--------|--------|--------|--------|--------|--------|  set
cpu-bind=MASK - cn1315, task 54  6 [3418916]: mask |--------|--------|--------|--------|--------|--------|BBBB----|--------|--------|--------|--------|--------||||--------|--------|--------|--------|--------|--------|--------|--------|--------|--------|--------|--------|  set
cpu-bind=MASK - cn1315, task 55  7 [3418917]: mask |--------|--------|--------|--------|--------|--------|----BBBB|--------|--------|--------|--------|--------||||--------|--------|--------|--------|--------|--------|--------|--------|--------|--------|--------|--------|  set
cpu-bind=MASK - cn1315, task 56  8 [3418918]: mask |--------|BBBB----|--------|--------|--------|--------|--------|--------|--------|--------|--------|--------||||--------|--------|--------|--------|--------|--------|--------|--------|--------|--------|--------|--------|  set
cpu-bind=MASK - cn1315, task 57  9 [3418919]: mask |--------|----BBBB|--------|--------|--------|--------|--------|--------|--------|--------|--------|--------||||--------|--------|--------|--------|--------|--------|--------|--------|--------|--------|--------|--------|  set
cpu-bind=MASK - cn1315, task 58 10 [3418920]: mask |--------|--------|--------|--------|--------|--------|--------|--------|--------|--------|BBBB----|--------||||--------|--------|--------|--------|--------|--------|--------|--------|--------|--------|--------|--------|  set
cpu-bind=MASK - cn1315, task 59 11 [3418921]: mask |--------|--------|--------|--------|--------|--------|--------|--------|--------|--------|----BBBB|--------||||--------|--------|--------|--------|--------|--------|--------|--------|--------|--------|--------|--------|  set
cpu-bind=MASK - cn1315, task 60 12 [3418922]: mask |--------|--------|--------|--------|BBBB----|--------|--------|--------|--------|--------|--------|--------||||--------|--------|--------|--------|--------|--------|--------|--------|--------|--------|--------|--------|  set
cpu-bind=MASK - cn1315, task 61 13 [3418923]: mask |--------|--------|--------|--------|----BBBB|--------|--------|--------|--------|--------|--------|--------||||--------|--------|--------|--------|--------|--------|--------|--------|--------|--------|--------|--------|  set
cpu-bind=MASK - cn1315, task 62 14 [3418924]: mask |--------|--------|--------|--------|--------|--------|--------|BBBB----|--------|--------|--------|--------||||--------|--------|--------|--------|--------|--------|--------|--------|--------|--------|--------|--------|  set
cpu-bind=MASK - cn1315, task 63 15 [3418925]: mask |--------|--------|--------|--------|--------|--------|--------|----BBBB|--------|--------|--------|--------||||--------|--------|--------|--------|--------|--------|--------|--------|--------|--------|--------|--------|  set
cpu-bind=MASK - cn1315, task 64 16 [3418926]: mask |--------|--------|BBBB----|--------|--------|--------|--------|--------|--------|--------|--------|--------||||--------|--------|--------|--------|--------|--------|--------|--------|--------|--------|--------|--------|  set
cpu-bind=MASK - cn1315, task 65 17 [3418927]: mask |--------|--------|----BBBB|--------|--------|--------|--------|--------|--------|--------|--------|--------||||--------|--------|--------|--------|--------|--------|--------|--------|--------|--------|--------|--------|  set
cpu-bind=MASK - cn1315, task 66 18 [3418928]: mask |--------|--------|--------|--------|--------|--------|--------|--------|--------|--------|--------|BBBB----||||--------|--------|--------|--------|--------|--------|--------|--------|--------|--------|--------|--------|  set
cpu-bind=MASK - cn1315, task 67 19 [3418929]: mask |--------|--------|--------|--------|--------|--------|--------|--------|--------|--------|--------|----BBBB||||--------|--------|--------|--------|--------|--------|--------|--------|--------|--------|--------|--------|  set
cpu-bind=MASK - cn1315, task 68 20 [3418930]: mask |--------|--------|--------|--------|--------|BBBB----|--------|--------|--------|--------|--------|--------||||--------|--------|--------|--------|--------|--------|--------|--------|--------|--------|--------|--------|  set
cpu-bind=MASK - cn1315, task 69 21 [3418931]: mask |--------|--------|--------|--------|--------|----BBBB|--------|--------|--------|--------|--------|--------||||--------|--------|--------|--------|--------|--------|--------|--------|--------|--------|--------|--------|  set
cpu-bind=MASK - cn1315, task 70 22 [3418932]: mask |--------|--------|--------|--------|--------|--------|--------|--------|BBBB----|--------|--------|--------||||--------|--------|--------|--------|--------|--------|--------|--------|--------|--------|--------|--------|  set
cpu-bind=MASK - cn1315, task 71 23 [3418933]: mask |--------|--------|--------|--------|--------|--------|--------|--------|----BBBB|--------|--------|--------||||--------|--------|--------|--------|--------|--------|--------|--------|--------|--------|--------|--------|  set
cpu-bind=MASK - cn1315, task 72 24 [3418934]: mask |--------|--------|--------|--------|--------|--------|--------|--------|--------|--------|--------|--------||||BBBB----|--------|--------|--------|--------|--------|--------|--------|--------|--------|--------|--------|  set
cpu-bind=MASK - cn1315, task 73 25 [3418935]: mask |--------|--------|--------|--------|--------|--------|--------|--------|--------|--------|--------|--------||||----BBBB|--------|--------|--------|--------|--------|--------|--------|--------|--------|--------|--------|  set
cpu-bind=MASK - cn1315, task 74 26 [3418936]: mask |--------|--------|--------|--------|--------|--------|--------|--------|--------|--------|--------|--------||||--------|--------|--------|--------|--------|--------|--------|--------|--------|BBBB----|--------|--------|  set
cpu-bind=MASK - cn1315, task 75 27 [3418937]: mask |--------|--------|--------|--------|--------|--------|--------|--------|--------|--------|--------|--------||||--------|--------|--------|--------|--------|--------|--------|--------|--------|----BBBB|--------|--------|  set
cpu-bind=MASK - cn1315, task 76 28 [3418938]: mask |--------|--------|--------|--------|--------|--------|--------|--------|--------|--------|--------|--------||||--------|--------|--------|BBBB----|--------|--------|--------|--------|--------|--------|--------|--------|  set
cpu-bind=MASK - cn1315, task 77 29 [3418939]: mask |--------|--------|--------|--------|--------|--------|--------|--------|--------|--------|--------|--------||||--------|--------|--------|----BBBB|--------|--------|--------|--------|--------|--------|--------|--------|  set
cpu-bind=MASK - cn1315, task 78 30 [3418940]: mask |--------|--------|--------|--------|--------|--------|--------|--------|--------|--------|--------|--------||||--------|--------|--------|--------|--------|--------|BBBB----|--------|--------|--------|--------|--------|  set
cpu-bind=MASK - cn1315, task 79 31 [3418941]: mask |--------|--------|--------|--------|--------|--------|--------|--------|--------|--------|--------|--------||||--------|--------|--------|--------|--------|--------|----BBBB|--------|--------|--------|--------|--------|  set
cpu-bind=MASK - cn1315, task 80 32 [3418942]: mask |--------|--------|--------|--------|--------|--------|--------|--------|--------|--------|--------|--------||||--------|BBBB----|--------|--------|--------|--------|--------|--------|--------|--------|--------|--------|  set
cpu-bind=MASK - cn1315, task 81 33 [3418943]: mask |--------|--------|--------|--------|--------|--------|--------|--------|--------|--------|--------|--------||||--------|----BBBB|--------|--------|--------|--------|--------|--------|--------|--------|--------|--------|  set
cpu-bind=MASK - cn1315, task 82 34 [3418944]: mask |--------|--------|--------|--------|--------|--------|--------|--------|--------|--------|--------|--------||||--------|--------|--------|--------|--------|--------|--------|--------|--------|--------|BBBB----|--------|  set
cpu-bind=MASK - cn1315, task 83 35 [3418945]: mask |--------|--------|--------|--------|--------|--------|--------|--------|--------|--------|--------|--------||||--------|--------|--------|--------|--------|--------|--------|--------|--------|--------|----BBBB|--------|  set
cpu-bind=MASK - cn1315, task 84 36 [3418946]: mask |--------|--------|--------|--------|--------|--------|--------|--------|--------|--------|--------|--------||||--------|--------|--------|--------|BBBB----|--------|--------|--------|--------|--------|--------|--------|  set
cpu-bind=MASK - cn1315, task 85 37 [3418947]: mask |--------|--------|--------|--------|--------|--------|--------|--------|--------|--------|--------|--------||||--------|--------|--------|--------|----BBBB|--------|--------|--------|--------|--------|--------|--------|  set
cpu-bind=MASK - cn1315, task 86 38 [3418948]: mask |--------|--------|--------|--------|--------|--------|--------|--------|--------|--------|--------|--------||||--------|--------|--------|--------|--------|--------|--------|BBBB----|--------|--------|--------|--------|  set
cpu-bind=MASK - cn1315, task 87 39 [3418949]: mask |--------|--------|--------|--------|--------|--------|--------|--------|--------|--------|--------|--------||||--------|--------|--------|--------|--------|--------|--------|----BBBB|--------|--------|--------|--------|  set
cpu-bind=MASK - cn1315, task 88 40 [3418950]: mask |--------|--------|--------|--------|--------|--------|--------|--------|--------|--------|--------|--------||||--------|--------|BBBB----|--------|--------|--------|--------|--------|--------|--------|--------|--------|  set
cpu-bind=MASK - cn1315, task 89 41 [3418951]: mask |--------|--------|--------|--------|--------|--------|--------|--------|--------|--------|--------|--------||||--------|--------|----BBBB|--------|--------|--------|--------|--------|--------|--------|--------|--------|  set
cpu-bind=MASK - cn1315, task 90 42 [3418952]: mask |--------|--------|--------|--------|--------|--------|--------|--------|--------|--------|--------|--------||||--------|--------|--------|--------|--------|--------|--------|--------|--------|--------|--------|BBBB----|  set
cpu-bind=MASK - cn1315, task 91 43 [3418953]: mask |--------|--------|--------|--------|--------|--------|--------|--------|--------|--------|--------|--------||||--------|--------|--------|--------|--------|--------|--------|--------|--------|--------|--------|----BBBB|  set
cpu-bind=MASK - cn1315, task 92 44 [3418954]: mask |--------|--------|--------|--------|--------|--------|--------|--------|--------|--------|--------|--------||||--------|--------|--------|--------|--------|BBBB----|--------|--------|--------|--------|--------|--------|  set
cpu-bind=MASK - cn1315, task 93 45 [3418955]: mask |--------|--------|--------|--------|--------|--------|--------|--------|--------|--------|--------|--------||||--------|--------|--------|--------|--------|----BBBB|--------|--------|--------|--------|--------|--------|  set
cpu-bind=MASK - cn1315, task 94 46 [3418956]: mask |--------|--------|--------|--------|--------|--------|--------|--------|--------|--------|--------|--------||||--------|--------|--------|--------|--------|--------|--------|--------|BBBB----|--------|--------|--------|  set
cpu-bind=MASK - cn1315, task 95 47 [3418957]: mask |--------|--------|--------|--------|--------|--------|--------|--------|--------|--------|--------|--------||||--------|--------|--------|--------|--------|--------|--------|--------|----BBBB|--------|--------|--------|  set
slurmstepd: error: *** STEP 907368.0 ON cn1313 CANCELLED AT 2026-02-10T16:15:19 ***
srun: Job step aborted: Waiting up to 32 seconds for job step to finish.
srun: error: cn1315: tasks 48-49,51-52,65-66: Killed
srun: Terminating StepId=907368.0
srun: error: cn1315: tasks 50,54-55,57,61,67: Killed
srun: error: cn1313: tasks 18,24-26,31,33,36-37,44,46: Killed
srun: error: cn1315: tasks 53,56,58-60,62-64,68-95: Killed
srun: error: cn1313: task 0: Exited with exit code 1
srun: error: cn1313: tasks 1-17,19-23,27-30,32,34-35,38-40,42-43,45,47: Killed
srun: error: cn1313: task 41: Killed
