    * Using serial Knowles-Handy algorithm in FCI.
  ---------------------------
        FCI calculation      
  ---------------------------

  Performs exactly the same way as Knowles & Handy 1984 CPL

  o alpha-beta strings
      length:           126
  o size of the space 
      determinant space:  3920
      spin-adapted space: 2352

  o single displacement lists (alpha)
      length:          1120
  o single displacement lists (beta)
      length:          1400
    * Integral transformation done. Elapsed time: 0.52

     guess   0:   closed 1111....             open ....1...            

  === FCI iteration ===

      0  0      -794.42454890     1.35e-02      0.00
      1  0      -794.69565776     5.87e-03      0.00
      2  0      -794.73219634     2.13e-03      0.00
      3  0      -794.73651823     6.42e-04      0.00
      4  0      -794.73695094     1.94e-04      0.00
      5  0      -794.73698837     6.40e-05      0.00
      6  0      -794.73699217     1.67e-05      0.00
      7  0      -794.73699245     4.32e-06      0.00
      8  0      -794.73699247     1.13e-06      0.00
      9  0      -794.73699247     3.04e-07      0.00
     10  0      -794.73699247     1.05e-07      0.00
     11  0      -794.73699247     3.59e-08      0.00
     12  0      -794.73699247     1.04e-08      0.00
     13  0      -794.73699247     3.35e-09      0.00
     14  0      -794.73699247     1.34e-09      0.00
     15  0      -794.73699247     3.95e-10      0.00
     16  0      -794.73699247     1.15e-10      0.00
     17  0 *    -794.73699247     4.29e-11      0.00

     * ci vector, state   0, <S^2> = 0.7500
       2222a...    -0.9104930791
       22a22...     0.2749219889
       222aa..b     0.1692667170
       222ba..a    -0.1434382725
       2a22ab..    -0.0962913358
       2b22aa..     0.0818585310
       a222a.b.     0.0794187503
       - FCI and RDMs                              0.02
    * Integral transformation done. Elapsed time: 0.57

     guess   0:   closed 1111....             open ....1...            

  === FCI iteration ===

      0  0      -795.13153793     7.32e-03      0.00
      1  0      -795.20148053     2.30e-03      0.00
      2  0      -795.20668048     6.56e-04      0.00
      3  0      -795.20717295     1.82e-04      0.00
      4  0      -795.20721503     4.78e-05      0.00
      5  0      -795.20721769     1.26e-05      0.00
      6  0      -795.20721786     2.36e-06      0.00
      7  0      -795.20721786     4.28e-07      0.00
      8  0      -795.20721786     8.43e-08      0.00
      9  0      -795.20721786     1.61e-08      0.00
     10  0      -795.20721786     2.91e-09      0.00
     11  0      -795.20721786     5.99e-10      0.00
     12  0      -795.20721786     1.38e-10      0.00
     13  0 *    -795.20721786     4.37e-11      0.00

     * ci vector, state   0, <S^2> = 0.7500
       2222a...    -0.9835101291
       a2222...    -0.0700011524
       - FCI and RDMs                              0.02
    * Integral transformation done. Elapsed time: 0.37

     guess   0:   closed 1111....             open ....1...            

  === FCI iteration ===

      0  0      -795.23836180     7.15e-03      0.00
      1  0      -795.30953501     2.20e-03      0.00
      2  0      -795.31500252     4.91e-04      0.00
      3  0      -795.31532087     1.69e-04      0.00
      4  0      -795.31535614     5.31e-05      0.00
      5  0      -795.31536050     1.41e-05      0.00
      6  0      -795.31536074     2.71e-06      0.00
      7  0      -795.31536075     3.73e-07      0.00
      8  0      -795.31536075     6.43e-08      0.00
      9  0      -795.31536075     1.29e-08      0.00
     10  0      -795.31536075     2.56e-09      0.00
     11  0      -795.31536075     3.97e-10      0.00
     12  0 *    -795.31536075     7.28e-11      0.00

     * ci vector, state   0, <S^2> = 0.7500
       2222a...     0.9760758479
       a2222...     0.1468870726
       222.a2..     0.0501163772
       - FCI and RDMs                              0.01
    * Integral transformation done. Elapsed time: 0.38

     guess   0:   closed 1111....             open ....1...            

  === FCI iteration ===

      0  0      -795.27961748     6.89e-03      0.00
      1  0      -795.34557145     2.04e-03      0.00
      2  0      -795.35008122     5.41e-04      0.00
      3  0      -795.35049791     1.67e-04      0.00
      4  0      -795.35053767     4.40e-05      0.00
      5  0      -795.35054012     1.05e-05      0.00
      6  0      -795.35054023     2.13e-06      0.00
      7  0      -795.35054023     4.01e-07      0.00
      8  0      -795.35054023     6.76e-08      0.00
      9  0      -795.35054023     9.66e-09      0.00
     10  0      -795.35054023     1.47e-09      0.00
     11  0      -795.35054023     2.62e-10      0.00
     12  0 *    -795.35054023     5.04e-11      0.00

     * ci vector, state   0, <S^2> = 0.7500
       2222a...     0.9793035226
       a2222...     0.1336753057
       222.a2..     0.0538877067
       22.2a.2.     0.0528379995
       - FCI and RDMs                              0.01
    * Integral transformation done. Elapsed time: 0.37

     guess   0:   closed 1111....             open ....1...            

  === FCI iteration ===

      0  0      -795.29823585     6.76e-03      0.00
      1  0      -795.35697123     1.64e-03      0.00
      2  0      -795.35963023     3.34e-04      0.00
      3  0      -795.35975073     9.05e-05      0.00
      4  0      -795.35975944     1.54e-05      0.00
      5  0      -795.35975976     5.38e-06      0.00
      6  0      -795.35975980     1.61e-06      0.00
      7  0      -795.35975980     3.29e-07      0.00
      8  0      -795.35975980     5.66e-08      0.00
      9  0      -795.35975980     1.05e-08      0.00
     10  0      -795.35975980     1.76e-09      0.00
     11  0      -795.35975980     2.99e-10      0.00
     12  0 *    -795.35975980     5.29e-11      0.00

     * ci vector, state   0, <S^2> = 0.7500
       2222a...     0.9887457450
       222.a2..     0.0589626092
       - FCI and RDMs                              0.01
    * Integral transformation done. Elapsed time: 0.37

     guess   0:   closed 1111....             open ....1...            

  === FCI iteration ===

      0  0      -795.29937939     6.77e-03      0.01
      1  0      -795.35756217     1.62e-03      0.01
      2  0      -795.36011036     3.27e-04      0.00
      3  0      -795.36021751     7.62e-05      0.00
      4  0      -795.36022355     1.08e-05      0.00
      5  0      -795.36022367     1.66e-06      0.00
      6  0      -795.36022367     3.77e-07      0.00
      7  0      -795.36022367     9.11e-08      0.00
      8  0      -795.36022367     1.97e-08      0.00
      9  0      -795.36022367     4.64e-09      0.00
     10  0      -795.36022367     1.06e-09      0.00
     11  0      -795.36022367     2.01e-10      0.00
     12  0 *    -795.36022367     3.93e-11      0.00

     * ci vector, state   0, <S^2> = 0.7500
       2222a...     0.9893889936
       222.a2..     0.0621909731
       - FCI and RDMs                              0.03
    * Integral transformation done. Elapsed time: 0.40

     guess   0:   closed 1111....             open ....1...            

  === FCI iteration ===

      0  0      -795.29952739     6.78e-03      0.00
      1  0      -795.35759441     1.63e-03      0.00
      2  0      -795.36015037     3.33e-04      0.00
      3  0      -795.36026176     7.53e-05      0.00
      4  0      -795.36026759     1.06e-05      0.00
      5  0      -795.36026770     1.46e-06      0.00
      6  0      -795.36026770     2.25e-07      0.00
      7  0      -795.36026770     4.91e-08      0.00
      8  0      -795.36026770     1.07e-08      0.00
      9  0      -795.36026770     3.79e-09      0.00
     10  0      -795.36026770     8.53e-10      0.00
     11  0      -795.36026770     1.72e-10      0.00
     12  0 *    -795.36026770     3.34e-11      0.00

     * ci vector, state   0, <S^2> = 0.7500
       2222a...    -0.9894643093
       222.a2..    -0.0630601897
       - FCI and RDMs                              0.01
    * Integral transformation done. Elapsed time: 0.38

     guess   0:   closed 1111....             open ....1...            

  === FCI iteration ===

      0  0      -795.29956321     6.78e-03      0.00
      1  0      -795.35758877     1.64e-03      0.00
      2  0      -795.36015361     3.36e-04      0.00
      3  0      -795.36026757     7.53e-05      0.00
      4  0      -795.36027337     1.06e-05      0.00
      5  0      -795.36027348     1.47e-06      0.00
      6  0      -795.36027349     2.45e-07      0.00
      7  0      -795.36027349     7.65e-08      0.00
      8  0      -795.36027349     1.84e-08      0.00
      9  0      -795.36027349     4.92e-09      0.00
     10  0      -795.36027349     9.72e-10      0.00
     11  0      -795.36027349     1.71e-10      0.00
     12  0 *    -795.36027349     3.20e-11      0.00

     * ci vector, state   0, <S^2> = 0.7500
       2222a...     0.9894886750
       222.a2..     0.0633841561
       22.2a.2.     0.0502037237
       - FCI and RDMs                              0.02
    * Integral transformation done. Elapsed time: 0.40

     guess   0:   closed 1111....             open ....1...            

  === FCI iteration ===

      0  0      -795.29957485     6.78e-03      0.00
      1  0      -795.35758359     1.64e-03      0.00
      2  0      -795.36015340     3.38e-04      0.00
      3  0      -795.36026856     7.54e-05      0.00
      4  0      -795.36027436     1.06e-05      0.00
      5  0      -795.36027447     1.47e-06      0.00
      6  0      -795.36027448     2.55e-07      0.00
      7  0      -795.36027448     8.27e-08      0.00
      8  0      -795.36027448     1.92e-08      0.00
      9  0      -795.36027448     4.97e-09      0.00
     10  0      -795.36027448     9.73e-10      0.00
     11  0      -795.36027448     1.70e-10      0.00
     12  0 *    -795.36027448     3.18e-11      0.00

     * ci vector, state   0, <S^2> = 0.7500
       2222a...    -0.9894982493
       222.a2..    -0.0635177652
       22.2a.2.    -0.0503010359
       - FCI and RDMs                              0.01
    * Integral transformation done. Elapsed time: 0.38

     guess   0:   closed 1111....             open ....1...            

  === FCI iteration ===

      0  0      -795.29957930     6.78e-03      0.00
      1  0      -795.35758080     1.64e-03      0.00
      2  0      -795.36015306     3.39e-04      0.00
      3  0      -795.36026876     7.54e-05      0.00
      4  0      -795.36027456     1.06e-05      0.00
      5  0      -795.36027468     1.47e-06      0.00
      6  0      -795.36027468     2.59e-07      0.00
      7  0      -795.36027468     8.44e-08      0.00
      8  0      -795.36027468     1.94e-08      0.00
      9  0      -795.36027468     4.95e-09      0.00
     10  0      -795.36027468     9.71e-10      0.00
     11  0      -795.36027468     1.70e-10      0.00
     12  0 *    -795.36027468     3.26e-11      0.00

     * ci vector, state   0, <S^2> = 0.7500
       2222a...     0.9895022295
       222.a2..     0.0635752192
       22.2a.2.     0.0503401384
       - FCI and RDMs                              0.01
    * Integral transformation done. Elapsed time: 0.37

     guess   0:   closed 1111....             open ....1...            

  === FCI iteration ===

      0  0      -795.29958114     6.79e-03      0.00
      1  0      -795.35757960     1.64e-03      0.00
      2  0      -795.36015299     3.39e-04      0.00
      3  0      -795.36026893     7.54e-05      0.00
      4  0      -795.36027474     1.06e-05      0.00
      5  0      -795.36027485     1.47e-06      0.00
      6  0      -795.36027485     2.61e-07      0.00
      7  0      -795.36027485     8.49e-08      0.00
      8  0      -795.36027485     1.94e-08      0.00
      9  0      -795.36027485     4.94e-09      0.00
     10  0      -795.36027485     9.73e-10      0.00
     11  0      -795.36027485     1.74e-10      0.00
     12  0 *    -795.36027485     3.69e-11      0.00

     * ci vector, state   0, <S^2> = 0.7500
       2222a...    -0.9895038907
       222.a2..    -0.0636000151
       22.2a.2.    -0.0503562569
       - FCI and RDMs                              0.01
    * Integral transformation done. Elapsed time: 0.37

     guess   0:   closed 1111....             open ....1...            

  === FCI iteration ===

      0  0      -795.29958192     6.79e-03      0.00
      1  0      -795.35757961     1.64e-03      0.00
      2  0      -795.36015357     3.39e-04      0.00
      3  0      -795.36026962     7.55e-05      0.00
      4  0      -795.36027543     1.06e-05      0.00
      5  0      -795.36027554     1.48e-06      0.00
      6  0      -795.36027554     2.62e-07      0.00
      7  0      -795.36027554     8.52e-08      0.00
      8  0      -795.36027554     1.94e-08      0.00
      9  0      -795.36027554     4.95e-09      0.00
     10  0      -795.36027554     9.91e-10      0.00
     11  0      -795.36027554     1.90e-10      0.00
     12  0 *    -795.36027554     5.45e-11      0.00

     * ci vector, state   0, <S^2> = 0.7500
       2222a...     0.9895044971
       222.a2..     0.0636104817
       22.2a.2.     0.0503628209
       - FCI and RDMs                              0.02
    * Integral transformation done. Elapsed time: 0.38

     guess   0:   closed 1111....             open ....1...            

  === FCI iteration ===

      0  0      -795.29958223     6.79e-03      0.01
      1  0      -795.35758235     1.64e-03      0.01
      2  0      -795.36015684     3.39e-04      0.01
      3  0      -795.36027299     7.55e-05      0.00
      4  0      -795.36027879     1.06e-05      0.00
      5  0      -795.36027891     1.48e-06      0.00
      6  0      -795.36027891     2.64e-07      0.00
      7  0      -795.36027891     8.57e-08      0.00
      8  0      -795.36027891     1.95e-08      0.00
      9  0      -795.36027891     5.03e-09      0.00
     10  0      -795.36027891     1.08e-09      0.00
     11  0      -795.36027891     2.57e-10      0.00
     12  0      -795.36027891     1.02e-10      0.00
     13  0 *    -795.36027891     3.77e-11      0.00

     * ci vector, state   0, <S^2> = 0.7500
       2222a...     0.9895042686
       222.a2..     0.0636138369
       22.2a.2.     0.0503647194
       - FCI and RDMs                              0.04
    * Integral transformation done. Elapsed time: 0.41

     guess   0:   closed 1111....             open ....1...            

  === FCI iteration ===

      0  0      -795.29958223     6.79e-03      0.00
      1  0      -795.35759690     1.64e-03      0.00
      2  0      -795.36017305     3.39e-04      0.00
      3  0      -795.36028940     7.55e-05      0.00
      4  0      -795.36029522     1.06e-05      0.00
      5  0      -795.36029534     1.48e-06      0.00
      6  0      -795.36029534     2.72e-07      0.00
      7  0      -795.36029534     8.72e-08      0.00
      8  0      -795.36029534     2.00e-08      0.00
      9  0      -795.36029534     5.42e-09      0.00
     10  0      -795.36029534     1.43e-09      0.00
     11  0      -795.36029534     4.37e-10      0.00
     12  0      -795.36029534     1.73e-10      0.00
     13  0 *    -795.36029534     4.79e-11      0.00

     * ci vector, state   0, <S^2> = 0.7500
       2222a...    -0.9895017955
       222.a2..    -0.0636096262
       22.2a.2.    -0.0503612736
       - FCI and RDMs                              0.02
    * Integral transformation done. Elapsed time: 0.40

     guess   0:   closed 1111....             open ....1...            

  === FCI iteration ===

      0  0      -795.29958161     6.79e-03      0.00
      1  0      -795.35766719     1.64e-03      0.00
      2  0      -795.36025089     3.41e-04      0.00
      3  0      -795.36036820     7.59e-05      0.00
      4  0      -795.36037407     1.07e-05      0.00
      5  0      -795.36037419     1.52e-06      0.00
      6  0      -795.36037419     3.08e-07      0.00
      7  0      -795.36037419     9.10e-08      0.00
      8  0      -795.36037419     2.21e-08      0.00
      9  0      -795.36037419     7.05e-09      0.00
     10  0      -795.36037419     2.24e-09      0.00
     11  0      -795.36037419     6.77e-10      0.00
     12  0      -795.36037419     2.12e-10      0.00
     13  0 *    -795.36037419     4.89e-11      0.00

     * ci vector, state   0, <S^2> = 0.7500
       2222a...     0.9894893394
       222.a2..     0.0635804465
       22.2a.2.     0.0503393254
       - FCI and RDMs                              0.02
    * Integral transformation done. Elapsed time: 0.38

     guess   0:   closed 1111....             open ....1...            

  === FCI iteration ===

      0  0      -795.29957845     6.81e-03      0.00
      1  0      -795.35797951     1.66e-03      0.00
      2  0      -795.36059711     3.47e-04      0.00
      3  0      -795.36071867     7.73e-05      0.00
      4  0      -795.36072481     1.12e-05      0.00
      5  0      -795.36072493     1.65e-06      0.00
      6  0      -795.36072494     3.94e-07      0.00
      7  0      -795.36072494     9.84e-08      0.00
      8  0      -795.36072494     3.08e-08      0.00
      9  0      -795.36072494     1.08e-08      0.00
     10  0      -795.36072494     2.92e-09      0.00
     11  0      -795.36072494     7.56e-10      0.00
     12  0      -795.36072494     1.73e-10      0.00
     13  0 *    -795.36072494     3.79e-11      0.00

     * ci vector, state   0, <S^2> = 0.7500
       2222a...    -0.9894331040
       222.a2..    -0.0634414944
       22.2a.2.    -0.0502368088
       - FCI and RDMs                              0.02
    * Integral transformation done. Elapsed time: 0.37

     guess   0:   closed 1111....             open ....1...            

  === FCI iteration ===

      0  0      -795.29956593     6.88e-03      0.00
      1  0      -795.35905654     1.70e-03      0.00
      2  0      -795.36180454     3.70e-04      0.00
      3  0      -795.36194249     8.28e-05      0.00
      4  0      -795.36194968     1.29e-05      0.01
      5  0      -795.36194984     1.93e-06      0.01
      6  0      -795.36194985     4.74e-07      0.01
      7  0      -795.36194985     1.31e-07      0.01
      8  0      -795.36194985     5.17e-08      0.00
      9  0      -795.36194985     1.57e-08      0.00
     10  0      -795.36194985     3.65e-09      0.00
     11  0      -795.36194985     8.66e-10      0.00
     12  0      -795.36194985     1.86e-10      0.00
     13  0 *    -795.36194985     3.46e-11      0.00

     * ci vector, state   0, <S^2> = 0.7500
       2222a...     0.9892230431
       222.a2..     0.0628821849
       - FCI and RDMs                              0.05
    * Integral transformation done. Elapsed time: 0.38

     guess   0:   closed 1111....             open ....1...            

  === FCI iteration ===

      0  0      -795.29953228     7.00e-03      0.00
      1  0      -795.36144526     1.81e-03      0.00
      2  0      -795.36461992     4.32e-04      0.00
      3  0      -795.36481151     1.01e-04      0.00
      4  0      -795.36482291     1.85e-05      0.00
      5  0      -795.36482326     3.04e-06      0.00
      6  0      -795.36482327     7.05e-07      0.00
      7  0      -795.36482327     2.22e-07      0.00
      8  0      -795.36482327     9.47e-08      0.00
      9  0      -795.36482327     2.98e-08      0.00
     10  0      -795.36482327     6.67e-09      0.00
     11  0      -795.36482327     1.72e-09      0.00
     12  0      -795.36482327     4.30e-10      0.00
     13  0      -795.36482327     1.16e-10      0.00
     14  0 *    -795.36482327     3.07e-11      0.00

     * ci vector, state   0, <S^2> = 0.7500
       2222a...     0.9886044137
       222.a2..     0.0610893903
       - FCI and RDMs                              0.02
    * Integral transformation done. Elapsed time: 0.40

     guess   0:   closed 1111....             open ....1...            

  === FCI iteration ===

      0  0      -795.29945980     7.13e-03      0.00
      1  0      -795.36506556     1.97e-03      0.00
      2  0      -795.36896739     5.16e-04      0.00
      3  0      -795.36924795     1.38e-04      0.00
      4  0      -795.36927163     3.30e-05      0.00
      5  0      -795.36927282     6.71e-06      0.00
      6  0      -795.36927287     1.44e-06      0.00
      7  0      -795.36927287     3.93e-07      0.00
      8  0      -795.36927288     1.35e-07      0.00
      9  0      -795.36927288     5.62e-08      0.00
     10  0      -795.36927288     1.61e-08      0.00
     11  0      -795.36927288     3.71e-09      0.00
     12  0      -795.36927288     1.07e-09      0.00
     13  0      -795.36927288     3.46e-10      0.00
     14  0      -795.36927288     1.00e-10      0.00
     15  0 *    -795.36927288     3.25e-11      0.00

     * ci vector, state   0, <S^2> = 0.7500
       2222a...     0.9873173766
       222.a2..     0.0551847335
       2.22a..2     0.0519990217
       - FCI and RDMs                              0.02
    * Integral transformation done. Elapsed time: 0.37

     guess   0:   closed 1111....             open ....1...            

  === FCI iteration ===

      0  0      -795.29931298     7.19e-03      0.00
      1  0      -795.36880944     2.06e-03      0.00
      2  0      -795.37324291     5.26e-04      0.00
      3  0      -795.37352723     1.41e-04      0.00
      4  0      -795.37355166     3.60e-05      0.00
      5  0      -795.37355321     8.55e-06      0.00
      6  0      -795.37355330     2.06e-06      0.00
      7  0      -795.37355331     5.53e-07      0.00
      8  0      -795.37355331     1.60e-07      0.00
      9  0      -795.37355331     5.44e-08      0.00
     10  0      -795.37355331     1.91e-08      0.00
     11  0      -795.37355331     6.87e-09      0.00
     12  0      -795.37355331     2.15e-09      0.00
     13  0      -795.37355331     8.06e-10      0.00
     14  0      -795.37355331     2.46e-10      0.00
     15  0 *    -795.37355331     6.81e-11      0.00

     * ci vector, state   0, <S^2> = 0.7500
       2222a...    -0.9856548544
       222.a2..    -0.0721396429
       22.2a.2.    -0.0576132363
       2.22a..2    -0.0534474648
       - FCI and RDMs                              0.02
    * Integral transformation done. Elapsed time: 0.37

     guess   0:   closed 1111....             open ....1...            

  === FCI iteration ===

      0  0      -795.29910347     7.20e-03      0.00
      1  0      -795.37127175     2.12e-03      0.00
      2  0      -795.37606990     5.66e-04      0.00
      3  0      -795.37642323     1.59e-04      0.00
      4  0      -795.37645695     4.22e-05      0.00
      5  0      -795.37645910     9.32e-06      0.00
      6  0      -795.37645921     2.33e-06      0.00
      7  0      -795.37645922     7.54e-07      0.00
      8  0      -795.37645922     2.91e-07      0.00
      9  0      -795.37645922     1.01e-07      0.00
     10  0      -795.37645922     3.76e-08      0.00
     11  0      -795.37645922     1.22e-08      0.00
     12  0      -795.37645922     4.28e-09      0.00
     13  0      -795.37645922     1.29e-09      0.00
     14  0      -795.37645922     3.24e-10      0.00
     15  0 *    -795.37645922     9.73e-11      0.00

     * ci vector, state   0, <S^2> = 0.7500
       2222a...    -0.9841491091
       222.a2..    -0.0906447705
       22.2a.2.    -0.0627937167
       2.22a..2    -0.0515136014
       - FCI and RDMs                              0.02
    * Integral transformation done. Elapsed time: 0.36

     guess   0:   closed 1111....             open ....1...            

  === FCI iteration ===

      0  0      -795.29891434     7.18e-03      0.00
      1  0      -795.37288660     2.15e-03      0.00
      2  0      -795.37795867     5.80e-04      0.00
      3  0      -795.37833892     1.67e-04      0.00
      4  0      -795.37837675     4.43e-05      0.00
      5  0      -795.37837916     9.25e-06      0.00
      6  0      -795.37837928     2.28e-06      0.00
      7  0      -795.37837929     7.57e-07      0.00
      8  0      -795.37837929     2.97e-07      0.00
      9  0      -795.37837929     1.01e-07      0.00
     10  0      -795.37837929     3.96e-08      0.00
     11  0      -795.37837929     1.65e-08      0.00
     12  0      -795.37837929     7.06e-09      0.00
     13  0      -795.37837929     2.50e-09      0.00
     14  0      -795.37837929     7.82e-10      0.00
     15  0      -795.37837929     2.96e-10      0.00
     16  0 *    -795.37837929     9.61e-11      0.00

     * ci vector, state   0, <S^2> = 0.7500
       2222a...     0.9829298648
       222.a2..     0.0999790220
       22.2a.2.     0.0528436227
       - FCI and RDMs                              0.02
    * Integral transformation done. Elapsed time: 0.38

     guess   0:   closed 1111....             open ....1...            

  === FCI iteration ===

      0  0      -795.29878724     7.17e-03      0.00
      1  0      -795.37393841     2.18e-03      0.00
      2  0      -795.37931462     5.99e-04      0.00
      3  0      -795.37972588     1.76e-04      0.00
      4  0      -795.37976712     4.58e-05      0.00
      5  0      -795.37976964     9.42e-06      0.00
      6  0      -795.37976977     2.30e-06      0.00
      7  0      -795.37976978     7.18e-07      0.00
      8  0      -795.37976978     2.93e-07      0.00
      9  0      -795.37976978     1.20e-07      0.00
     10  0      -795.37976978     5.47e-08      0.00
     11  0      -795.37976978     2.18e-08      0.00
     12  0      -795.37976978     7.95e-09      0.00
     13  0      -795.37976978     2.84e-09      0.00
     14  0      -795.37976978     9.19e-10      0.00
     15  0      -795.37976978     3.27e-10      0.00
     16  0      -795.37976978     1.07e-10      0.00
     17  0 *    -795.37976978     3.17e-11      0.00

     * ci vector, state   0, <S^2> = 0.7500
       2222a...     0.9819608612
       222.a2..     0.1065054426
       - FCI and RDMs                              0.02
    * Integral transformation done. Elapsed time: 0.38

     guess   0:   closed 1111....             open ....1...            

  === FCI iteration ===

      0  0      -795.29870765     7.16e-03      0.00
      1  0      -795.37485401     2.19e-03      0.00
      2  0      -795.38029678     5.93e-04      0.00
      3  0      -795.38070249     1.75e-04      0.00
      4  0      -795.38074327     4.45e-05      0.00
      5  0      -795.38074577     9.63e-06      0.00
      6  0      -795.38074592     2.66e-06      0.00
      7  0      -795.38074593     8.67e-07      0.00
      8  0      -795.38074593     3.10e-07      0.00
      9  0      -795.38074593     1.39e-07      0.00
     10  0      -795.38074593     6.90e-08      0.00
     11  0      -795.38074593     2.47e-08      0.00
     12  0      -795.38074593     8.38e-09      0.00
     13  0      -795.38074593     3.41e-09      0.00
     14  0      -795.38074593     1.19e-09      0.00
     15  0      -795.38074593     4.12e-10      0.00
     16  0      -795.38074593     1.31e-10      0.00
     17  0 *    -795.38074593     3.97e-11      0.00

     * ci vector, state   0, <S^2> = 0.7500
       2222a...    -0.9812325326
       222.a2..    -0.1112647579
       2.22a..2    -0.0689748325
       22.2a.2.    -0.0556476486
       - FCI and RDMs                              0.02
    * Integral transformation done. Elapsed time: 0.37

     guess   0:   closed 1111....             open ....1...            

  === FCI iteration ===

      0  0      -795.29865234     7.16e-03      0.00
      1  0      -795.37536784     2.19e-03      0.00
      2  0      -795.38088462     5.95e-04      0.00
      3  0      -795.38129307     1.76e-04      0.00
      4  0      -795.38133370     4.36e-05      0.00
      5  0      -795.38133612     9.86e-06      0.00
      6  0      -795.38133627     2.90e-06      0.00
      7  0      -795.38133628     9.45e-07      0.00
      8  0      -795.38133628     2.95e-07      0.00
      9  0      -795.38133628     1.31e-07      0.00
     10  0      -795.38133628     6.57e-08      0.00
     11  0      -795.38133628     2.57e-08      0.00
     12  0      -795.38133628     7.90e-09      0.00
     13  0      -795.38133628     3.21e-09      0.00
     14  0      -795.38133628     1.19e-09      0.00
     15  0      -795.38133628     3.91e-10      0.00
     16  0      -795.38133628     1.28e-10      0.00
     17  0 *    -795.38133628     4.06e-11      0.00

     * ci vector, state   0, <S^2> = 0.7500
       2222a...     0.9807381138
       222.a2..     0.1146029144
       2.22a..2     0.0665306551
       22.2a.2.     0.0543260501
       - FCI and RDMs                              0.02
    * Integral transformation done. Elapsed time: 0.42

     guess   0:   closed 1111....             open ....1...            

  === FCI iteration ===

      0  0      -795.29860936     7.15e-03      0.00
      1  0      -795.37562340     2.19e-03      0.00
      2  0      -795.38118700     5.95e-04      0.00
      3  0      -795.38159513     1.78e-04      0.00
      4  0      -795.38163623     4.31e-05      0.00
      5  0      -795.38163856     9.72e-06      0.00
      6  0      -795.38163871     2.89e-06      0.00
      7  0      -795.38163872     9.48e-07      0.00
      8  0      -795.38163872     2.73e-07      0.00
      9  0      -795.38163872     1.10e-07      0.00
     10  0      -795.38163872     5.31e-08      0.00
     11  0      -795.38163872     2.45e-08      0.00
     12  0      -795.38163872     7.39e-09      0.00
     13  0      -795.38163872     2.61e-09      0.00
     14  0      -795.38163872     9.97e-10      0.00
     15  0      -795.38163872     3.21e-10      0.00
     16  0      -795.38163872     1.01e-10      0.00
     17  0 *    -795.38163872     3.30e-11      0.00

     * ci vector, state   0, <S^2> = 0.7500
       2222a...    -0.9804341333
       222.a2..    -0.1167742199
       2.22a..2    -0.0622073854
       22.2a.2.    -0.0514656358
       - FCI and RDMs                              0.02
    * Integral transformation done. Elapsed time: 0.57

     guess   0:   closed 1111....             open ....1...            

  === FCI iteration ===

      0  0      -795.29857575     7.14e-03      0.00
      1  0      -795.37572672     2.19e-03      0.00
      2  0      -795.38132521     5.94e-04      0.00
      3  0      -795.38173169     1.79e-04      0.00
      4  0      -795.38177349     4.31e-05      0.00
      5  0      -795.38177578     9.47e-06      0.00
      6  0      -795.38177592     2.75e-06      0.00
      7  0      -795.38177593     9.08e-07      0.00
      8  0      -795.38177593     2.56e-07      0.00
      9  0      -795.38177593     8.94e-08      0.00
     10  0      -795.38177593     3.96e-08      0.00
     11  0      -795.38177593     2.04e-08      0.00
     12  0      -795.38177593     7.00e-09      0.00
     13  0      -795.38177593     2.29e-09      0.00
     14  0      -795.38177593     8.80e-10      0.00
     15  0      -795.38177593     3.08e-10      0.00
     16  0 *    -795.38177593     9.99e-11      0.00

     * ci vector, state   0, <S^2> = 0.7500
       2222a...     0.9802583659
       222.a2..     0.1180948747
       2.22a..2     0.0582368940
       - FCI and RDMs                              0.02
    * Integral transformation done. Elapsed time: 0.38

     guess   0:   closed 1111....             open ....1...            

  === FCI iteration ===

      0  0      -795.29855090     7.14e-03      0.00
      1  0      -795.37576082     2.19e-03      0.00
      2  0      -795.38138472     5.93e-04      0.00
      3  0      -795.38178937     1.80e-04      0.00
      4  0      -795.38183173     4.32e-05      0.00
      5  0      -795.38183402     9.28e-06      0.00
      6  0      -795.38183415     2.61e-06      0.00
      7  0      -795.38183416     8.54e-07      0.00
      8  0      -795.38183416     2.42e-07      0.00
      9  0      -795.38183416     7.49e-08      0.00
     10  0      -795.38183416     2.94e-08      0.00
     11  0      -795.38183416     1.52e-08      0.00
     12  0      -795.38183416     6.22e-09      0.00
     13  0      -795.38183416     2.10e-09      0.00
     14  0      -795.38183416     8.13e-10      0.00
     15  0      -795.38183416     3.16e-10      0.00
     16  0      -795.38183416     1.05e-10      0.00
     17  0 *    -795.38183416     3.05e-11      0.00

     * ci vector, state   0, <S^2> = 0.7500
       2222a...    -0.9801591621
       222.a2..    -0.1188657772
       2.22a..2    -0.0553377624
       - FCI and RDMs                              0.02
    * Integral transformation done. Elapsed time: 0.38

     guess   0:   closed 1111....             open ....1...            

  === FCI iteration ===

      0  0      -795.29853362     7.13e-03      0.01
      1  0      -795.37576888     2.19e-03      0.01
      2  0      -795.38140995     5.92e-04      0.01
      3  0      -795.38181316     1.81e-04      0.00
      4  0      -795.38185587     4.33e-05      0.00
      5  0      -795.38185816     9.16e-06      0.00
      6  0      -795.38185828     2.51e-06      0.00
      7  0      -795.38185829     8.06e-07      0.00
      8  0      -795.38185829     2.29e-07      0.00
      9  0      -795.38185829     6.65e-08      0.00
     10  0      -795.38185829     2.28e-08      0.00
     11  0      -795.38185829     1.11e-08      0.00
     12  0      -795.38185829     5.01e-09      0.00
     13  0      -795.38185829     1.88e-09      0.00
     14  0      -795.38185829     7.42e-10      0.00
     15  0      -795.38185829     2.99e-10      0.00
     16  0      -795.38185829     1.01e-10      0.00
     17  0 *    -795.38185829     2.91e-11      0.00

     * ci vector, state   0, <S^2> = 0.7500
       2222a...     0.9801032878
       222.a2..     0.1193077253
       2.22a..2     0.0534719127
       - FCI and RDMs                              0.04
    * Integral transformation done. Elapsed time: 0.47

     guess   0:   closed 1111....             open ....1...            

  === FCI iteration ===

      0  0      -795.29852215     7.13e-03      0.00
      1  0      -795.37576870     2.19e-03      0.00
      2  0      -795.38142079     5.92e-04      0.00
      3  0      -795.38182303     1.81e-04      0.00
      4  0      -795.38186593     4.34e-05      0.00
      5  0      -795.38186823     9.09e-06      0.00
      6  0      -795.38186834     2.45e-06      0.00
      7  0      -795.38186835     7.71e-07      0.00
      8  0      -795.38186835     2.18e-07      0.00
      9  0      -795.38186835     6.16e-08      0.00
     10  0      -795.38186835     1.91e-08      0.00
     11  0      -795.38186835     8.41e-09      0.00
     12  0      -795.38186835     3.81e-09      0.00
     13  0      -795.38186835     1.58e-09      0.00
     14  0      -795.38186835     6.45e-10      0.00
     15  0      -795.38186835     2.73e-10      0.00
     16  0 *    -795.38186835     9.51e-11      0.00

     * ci vector, state   0, <S^2> = 0.7500
       2222a...     0.9800715697
       222.a2..     0.1195603534
       2.22a..2     0.0523406699
       - FCI and RDMs                              0.02
    * Integral transformation done. Elapsed time: 0.37

     guess   0:   closed 1111....             open ....1...            

  === FCI iteration ===

      0  0      -795.29851476     7.13e-03      0.00
      1  0      -795.37576663     2.19e-03      0.00
      2  0      -795.38142559     5.92e-04      0.00
      3  0      -795.38182721     1.81e-04      0.00
      4  0      -795.38187022     4.34e-05      0.00
      5  0      -795.38187252     9.05e-06      0.00
      6  0      -795.38187264     2.41e-06      0.00
      7  0      -795.38187265     7.51e-07      0.00
      8  0      -795.38187265     2.10e-07      0.00
      9  0      -795.38187265     5.86e-08      0.00
     10  0      -795.38187265     1.72e-08      0.00
     11  0      -795.38187265     6.88e-09      0.00
     12  0      -795.38187265     2.97e-09      0.00
     13  0      -795.38187265     1.26e-09      0.00
     14  0      -795.38187265     5.16e-10      0.00
     15  0      -795.38187265     2.33e-10      0.00
     16  0 *    -795.38187265     8.76e-11      0.00

     * ci vector, state   0, <S^2> = 0.7500
       2222a...     0.9800533599
       222.a2..     0.1197055532
       2.22a..2     0.0516700107
       - FCI and RDMs                              0.02
    * Integral transformation done. Elapsed time: 0.45

     guess   0:   closed 1111....             open ....1...            

  === FCI iteration ===

      0  0      -795.29851008     7.13e-03      0.00
      1  0      -795.37576459     2.19e-03      0.00
      2  0      -795.38142779     5.91e-04      0.00
      3  0      -795.38182905     1.81e-04      0.00
      4  0      -795.38187212     4.35e-05      0.00
      5  0      -795.38187442     9.03e-06      0.00
      6  0      -795.38187454     2.39e-06      0.00
      7  0      -795.38187455     7.39e-07      0.00
      8  0      -795.38187455     2.05e-07      0.00
      9  0      -795.38187455     5.69e-08      0.00
     10  0      -795.38187455     1.65e-08      0.00
     11  0      -795.38187455     6.06e-09      0.00
     12  0      -795.38187455     2.48e-09      0.00
     13  0      -795.38187455     1.01e-09      0.00
     14  0      -795.38187455     3.94e-10      0.00
     15  0      -795.38187455     1.81e-10      0.00
     16  0 *    -795.38187455     7.64e-11      0.00

     * ci vector, state   0, <S^2> = 0.7500
       2222a...    -0.9800427776
       222.a2..    -0.1197898139
       2.22a..2    -0.0512741390
       - FCI and RDMs                              0.02
    * Integral transformation done. Elapsed time: 0.37

     guess   0:   closed 1111....             open ....1...            

  === FCI iteration ===

      0  0      -795.29850716     7.13e-03      0.00
      1  0      -795.37576304     2.19e-03      0.00
      2  0      -795.38142884     5.91e-04      0.00
      3  0      -795.38182989     1.81e-04      0.00
      4  0      -795.38187299     4.35e-05      0.00
      5  0      -795.38187529     9.02e-06      0.00
      6  0      -795.38187541     2.38e-06      0.00
      7  0      -795.38187542     7.33e-07      0.00
      8  0      -795.38187542     2.03e-07      0.00
      9  0      -795.38187542     5.59e-08      0.00
     10  0      -795.38187542     1.62e-08      0.00
     11  0      -795.38187542     5.67e-09      0.00
     12  0      -795.38187542     2.21e-09      0.00
     13  0      -795.38187542     8.43e-10      0.00
     14  0      -795.38187542     3.11e-10      0.00
     15  0      -795.38187542     1.32e-10      0.00
     16  0 *    -795.38187542     6.12e-11      0.00

     * ci vector, state   0, <S^2> = 0.7500
       2222a...     0.9800365536
       222.a2..     0.1198392565
       2.22a..2     0.0510395902
       - FCI and RDMs                              0.02
    * Integral transformation done. Elapsed time: 0.38

     guess   0:   closed 1111....             open ....1...            

  === FCI iteration ===

      0  0      -795.29850534     7.13e-03      0.00
      1  0      -795.37576196     2.19e-03      0.00
      2  0      -795.38142936     5.91e-04      0.00
      3  0      -795.38183028     1.81e-04      0.00
      4  0      -795.38187340     4.35e-05      0.00
      5  0      -795.38187571     9.01e-06      0.00
      6  0      -795.38187582     2.38e-06      0.00
      7  0      -795.38187583     7.30e-07      0.00
      8  0      -795.38187583     2.01e-07      0.00
      9  0      -795.38187583     5.55e-08      0.00
     10  0      -795.38187583     1.61e-08      0.00
     11  0      -795.38187583     5.49e-09      0.00
     12  0      -795.38187583     2.07e-09      0.00
     13  0      -795.38187583     7.27e-10      0.00
     14  0      -795.38187583     2.60e-10      0.00
     15  0 *    -795.38187583     9.88e-11      0.00

     * ci vector, state   0, <S^2> = 0.7500
       2222a...     0.9800328499
       222.a2..     0.1198686057
       2.22a..2     0.0508995646
       - FCI and RDMs                              0.02
    * Integral transformation done. Elapsed time: 0.37

     guess   0:   closed 1111....             open ....1...            

  === FCI iteration ===

      0  0      -795.29850421     7.13e-03      0.00
      1  0      -795.37576123     2.19e-03      0.00
      2  0      -795.38142962     5.91e-04      0.00
      3  0      -795.38183047     1.81e-04      0.00
      4  0      -795.38187360     4.35e-05      0.00
      5  0      -795.38187591     9.01e-06      0.00
      6  0      -795.38187602     2.38e-06      0.00
      7  0      -795.38187603     7.29e-07      0.00
      8  0      -795.38187603     2.01e-07      0.00
      9  0      -795.38187603     5.53e-08      0.00
     10  0      -795.38187603     1.60e-08      0.00
     11  0      -795.38187603     5.42e-09      0.00
     12  0      -795.38187603     2.01e-09      0.00
     13  0      -795.38187603     6.52e-10      0.00
     14  0      -795.38187603     2.24e-10      0.00
     15  0 *    -795.38187603     8.07e-11      0.00

     * ci vector, state   0, <S^2> = 0.7500
       2222a...     0.9800306211
       222.a2..     0.1198862161
       2.22a..2     0.0508152470
       - FCI and RDMs                              0.02
    * Integral transformation done. Elapsed time: 0.41

     guess   0:   closed 1111....             open ....1...            

  === FCI iteration ===

      0  0      -795.29850350     7.13e-03      0.00
      1  0      -795.37576075     2.19e-03      0.00
      2  0      -795.38142976     5.91e-04      0.00
      3  0      -795.38183056     1.81e-04      0.00
      4  0      -795.38187370     4.35e-05      0.00
      5  0      -795.38187601     9.01e-06      0.00
      6  0      -795.38187612     2.37e-06      0.00
      7  0      -795.38187613     7.28e-07      0.00
      8  0      -795.38187613     2.00e-07      0.00
      9  0      -795.38187613     5.52e-08      0.00
     10  0      -795.38187613     1.60e-08      0.00
     11  0      -795.38187613     5.38e-09      0.00
     12  0      -795.38187613     1.98e-09      0.00
     13  0      -795.38187613     6.11e-10      0.00
     14  0      -795.38187613     1.96e-10      0.00
     15  0 *    -795.38187613     7.05e-11      0.00

     * ci vector, state   0, <S^2> = 0.7500
       2222a...     0.9800292659
       222.a2..     0.1198968888
       2.22a..2     0.0507639578
       - FCI and RDMs                              0.02
    * Integral transformation done. Elapsed time: 0.42

     guess   0:   closed 1111....             open ....1...            

  === FCI iteration ===

      0  0      -795.29850306     7.13e-03      0.00
      1  0      -795.37576044     2.19e-03      0.00
      2  0      -795.38142983     5.91e-04      0.00
      3  0      -795.38183061     1.81e-04      0.00
      4  0      -795.38187375     4.35e-05      0.00
      5  0      -795.38187606     9.00e-06      0.00
      6  0      -795.38187617     2.37e-06      0.00
      7  0      -795.38187618     7.27e-07      0.00
      8  0      -795.38187618     2.00e-07      0.00
      9  0      -795.38187618     5.52e-08      0.00
     10  0      -795.38187618     1.60e-08      0.00
     11  0      -795.38187618     5.37e-09      0.00
     12  0      -795.38187618     1.96e-09      0.00
     13  0      -795.38187618     5.90e-10      0.00
     14  0      -795.38187618     1.75e-10      0.00
     15  0 *    -795.38187618     6.28e-11      0.00

     * ci vector, state   0, <S^2> = 0.7500
       2222a...     0.9800284333
       222.a2..     0.1199034167
       2.22a..2     0.0507324178
       - FCI and RDMs                              0.02
    * Integral transformation done. Elapsed time: 0.38

     guess   0:   closed 1111....             open ....1...            

  === FCI iteration ===

      0  0      -795.29850279     7.13e-03      0.00
      1  0      -795.37576023     2.19e-03      0.00
      2  0      -795.38142987     5.91e-04      0.00
      3  0      -795.38183063     1.81e-04      0.00
      4  0      -795.38187378     4.35e-05      0.00
      5  0      -795.38187609     9.00e-06      0.00
      6  0      -795.38187620     2.37e-06      0.00
      7  0      -795.38187621     7.27e-07      0.00
      8  0      -795.38187621     2.00e-07      0.00
      9  0      -795.38187621     5.52e-08      0.00
     10  0      -795.38187621     1.60e-08      0.00
     11  0      -795.38187621     5.36e-09      0.00
     12  0      -795.38187621     1.96e-09      0.00
     13  0      -795.38187621     5.80e-10      0.00
     14  0      -795.38187621     1.62e-10      0.00
     15  0 *    -795.38187621     5.57e-11      0.00

     * ci vector, state   0, <S^2> = 0.7500
       2222a...     0.9800279170
       222.a2..     0.1199074428
       2.22a..2     0.0507128024
       - FCI and RDMs                              0.02
    * Integral transformation done. Elapsed time: 0.37

     guess   0:   closed 1111....             open ....1...            

  === FCI iteration ===

      0  0      -795.29850261     7.13e-03      0.00
      1  0      -795.37576010     2.19e-03      0.00
      2  0      -795.38142989     5.91e-04      0.00
      3  0      -795.38183064     1.81e-04      0.00
      4  0      -795.38187379     4.35e-05      0.00
      5  0      -795.38187610     9.00e-06      0.00
      6  0      -795.38187621     2.37e-06      0.00
      7  0      -795.38187622     7.27e-07      0.00
      8  0      -795.38187622     2.00e-07      0.00
      9  0      -795.38187622     5.52e-08      0.00
     10  0      -795.38187622     1.60e-08      0.00
     11  0      -795.38187622     5.36e-09      0.00
     12  0      -795.38187622     1.95e-09      0.00
     13  0      -795.38187622     5.75e-10      0.00
     14  0      -795.38187622     1.55e-10      0.00
     15  0 *    -795.38187622     4.93e-11      0.00

     * ci vector, state   0, <S^2> = 0.7500
       2222a...    -0.9800275938
       222.a2..    -0.1199099462
       2.22a..2    -0.0507004496
       - FCI and RDMs                              0.02
    * Integral transformation done. Elapsed time: 0.37

     guess   0:   closed 1111....             open ....1...            

  === FCI iteration ===

      0  0      -795.29850251     7.13e-03      0.00
      1  0      -795.37576001     2.19e-03      0.00
      2  0      -795.38142990     5.91e-04      0.00
      3  0      -795.38183065     1.81e-04      0.00
      4  0      -795.38187380     4.35e-05      0.00
      5  0      -795.38187611     9.00e-06      0.00
      6  0      -795.38187622     2.37e-06      0.00
      7  0      -795.38187623     7.27e-07      0.00
      8  0      -795.38187623     2.00e-07      0.00
      9  0      -795.38187623     5.52e-08      0.00
     10  0      -795.38187623     1.60e-08      0.00
     11  0      -795.38187623     5.36e-09      0.00
     12  0      -795.38187623     1.95e-09      0.00
     13  0      -795.38187623     5.73e-10      0.00
     14  0      -795.38187623     1.51e-10      0.00
     15  0 *    -795.38187623     4.47e-11      0.00

     * ci vector, state   0, <S^2> = 0.7500
       2222a...     0.9800273896
       222.a2..     0.1199115144
       2.22a..2     0.0506925840
       - FCI and RDMs                              0.02
    * Integral transformation done. Elapsed time: 0.38

     guess   0:   closed 1111....             open ....1...            

  === FCI iteration ===

      0  0      -795.29850244     7.13e-03      0.00
      1  0      -795.37575995     2.19e-03      0.00
      2  0      -795.38142990     5.91e-04      0.00
      3  0      -795.38183065     1.81e-04      0.00
      4  0      -795.38187380     4.35e-05      0.00
      5  0      -795.38187611     9.00e-06      0.00
      6  0      -795.38187622     2.37e-06      0.00
      7  0      -795.38187623     7.27e-07      0.00
      8  0      -795.38187623     2.00e-07      0.00
      9  0      -795.38187623     5.52e-08      0.00
     10  0      -795.38187623     1.60e-08      0.00
     11  0      -795.38187623     5.36e-09      0.00
     12  0      -795.38187623     1.95e-09      0.00
     13  0      -795.38187623     5.72e-10      0.00
     14  0      -795.38187623     1.49e-10      0.00
     15  0 *    -795.38187623     4.18e-11      0.00

     * ci vector, state   0, <S^2> = 0.7500
       2222a...     0.9800272595
       222.a2..     0.1199125038
       2.22a..2     0.0506875148
       - FCI and RDMs                              0.02
    * Integral transformation done. Elapsed time: 0.44

     guess   0:   closed 1111....             open ....1...            

  === FCI iteration ===

      0  0      -795.29850239     7.13e-03      0.00
      1  0      -795.37575991     2.19e-03      0.00
      2  0      -795.38142991     5.91e-04      0.00
      3  0      -795.38183065     1.81e-04      0.00
      4  0      -795.38187380     4.35e-05      0.00
      5  0      -795.38187611     9.00e-06      0.00
      6  0      -795.38187623     2.37e-06      0.00
      7  0      -795.38187624     7.27e-07      0.00
      8  0      -795.38187624     2.00e-07      0.00
      9  0      -795.38187624     5.52e-08      0.00
     10  0      -795.38187624     1.60e-08      0.00
     11  0      -795.38187624     5.35e-09      0.00
     12  0      -795.38187624     1.95e-09      0.00
     13  0      -795.38187624     5.72e-10      0.00
     14  0      -795.38187624     1.49e-10      0.00
     15  0 *    -795.38187624     4.02e-11      0.00

     * ci vector, state   0, <S^2> = 0.7500
       2222a...     0.9800271759
       222.a2..     0.1199131323
       2.22a..2     0.0506842092
       - FCI and RDMs                              0.02
    * Integral transformation done. Elapsed time: 0.38

     guess   0:   closed 1111....             open ....1...            

  === FCI iteration ===

      0  0      -795.29850236     7.13e-03      0.00
      1  0      -795.37575988     2.19e-03      0.00
      2  0      -795.38142991     5.91e-04      0.00
      3  0      -795.38183065     1.81e-04      0.00
      4  0      -795.38187380     4.35e-05      0.00
      5  0      -795.38187611     9.00e-06      0.00
      6  0      -795.38187623     2.37e-06      0.00
      7  0      -795.38187624     7.27e-07      0.00
      8  0      -795.38187624     2.00e-07      0.00
      9  0      -795.38187624     5.52e-08      0.00
     10  0      -795.38187624     1.60e-08      0.00
     11  0      -795.38187624     5.35e-09      0.00
     12  0      -795.38187624     1.95e-09      0.00
     13  0      -795.38187624     5.72e-10      0.00
     14  0      -795.38187624     1.48e-10      0.00
     15  0 *    -795.38187624     3.94e-11      0.00

     * ci vector, state   0, <S^2> = 0.7500
       2222a...     0.9800271218
       222.a2..     0.1199135343
       2.22a..2     0.0506820308
       - FCI and RDMs                              0.02
    * Integral transformation done. Elapsed time: 0.38

     guess   0:   closed 1111....             open ....1...            

  === FCI iteration ===

      0  0      -795.29850235     7.13e-03      0.00
      1  0      -795.37575987     2.19e-03      0.00
      2  0      -795.38142991     5.91e-04      0.00
      3  0      -795.38183065     1.81e-04      0.00
      4  0      -795.38187380     4.35e-05      0.00
      5  0      -795.38187611     9.00e-06      0.00
      6  0      -795.38187623     2.37e-06      0.00
      7  0      -795.38187624     7.27e-07      0.00
      8  0      -795.38187624     2.00e-07      0.00
      9  0      -795.38187624     5.52e-08      0.00
     10  0      -795.38187624     1.60e-08      0.00
     11  0      -795.38187624     5.35e-09      0.00
     12  0      -795.38187624     1.95e-09      0.00
     13  0      -795.38187624     5.72e-10      0.00
     14  0      -795.38187624     1.48e-10      0.00
     15  0 *    -795.38187624     3.90e-11      0.00

     * ci vector, state   0, <S^2> = 0.7500
       2222a...     0.9800270864
       222.a2..     0.1199137929
       2.22a..2     0.0506805787
       - FCI and RDMs                              0.02
    * Integral transformation done. Elapsed time: 0.45

     guess   0:   closed 1111....             open ....1...            

  === FCI iteration ===

      0  0      -795.29850233     7.13e-03      0.00
      1  0      -795.37575985     2.19e-03      0.00
      2  0      -795.38142991     5.91e-04      0.00
      3  0      -795.38183065     1.81e-04      0.00
      4  0      -795.38187380     4.35e-05      0.00
      5  0      -795.38187611     9.00e-06      0.00
      6  0      -795.38187623     2.37e-06      0.00
      7  0      -795.38187624     7.27e-07      0.00
      8  0      -795.38187624     2.00e-07      0.00
      9  0      -795.38187624     5.52e-08      0.00
     10  0      -795.38187624     1.60e-08      0.00
     11  0      -795.38187624     5.35e-09      0.00
     12  0      -795.38187624     1.95e-09      0.00
     13  0      -795.38187624     5.71e-10      0.00
     14  0      -795.38187624     1.48e-10      0.00
     15  0 *    -795.38187624     3.88e-11      0.00

     * ci vector, state   0, <S^2> = 0.7500
       2222a...     0.9800270632
       222.a2..     0.1199139604
       2.22a..2     0.0506796012
       - FCI and RDMs                              0.02
    * Integral transformation done. Elapsed time: 0.37

     guess   0:   closed 1111....             open ....1...            

  === FCI iteration ===

      0  0      -795.29850233     7.13e-03      0.00
      1  0      -795.37575985     2.19e-03      0.00
      2  0      -795.38142991     5.91e-04      0.00
      3  0      -795.38183065     1.81e-04      0.00
      4  0      -795.38187380     4.35e-05      0.00
      5  0      -795.38187611     9.00e-06      0.00
      6  0      -795.38187623     2.37e-06      0.00
      7  0      -795.38187624     7.27e-07      0.00
      8  0      -795.38187624     2.00e-07      0.00
      9  0      -795.38187624     5.52e-08      0.00
     10  0      -795.38187624     1.60e-08      0.00
     11  0      -795.38187624     5.35e-09      0.00
     12  0      -795.38187624     1.95e-09      0.00
     13  0      -795.38187624     5.71e-10      0.00
     14  0      -795.38187624     1.48e-10      0.00
     15  0 *    -795.38187624     3.87e-11      0.00

     * ci vector, state   0, <S^2> = 0.7500
       2222a...     0.9800270478
       222.a2..     0.1199140697
       2.22a..2     0.0506789388
       - FCI and RDMs                              0.02
    * Integral transformation done. Elapsed time: 0.45

     guess   0:   closed 1111....             open ....1...            

  === FCI iteration ===

      0  0      -795.29850232     7.13e-03      0.00
      1  0      -795.37575984     2.19e-03      0.00
      2  0      -795.38142991     5.91e-04      0.00
      3  0      -795.38183065     1.81e-04      0.00
      4  0      -795.38187380     4.35e-05      0.00
      5  0      -795.38187611     9.00e-06      0.00
      6  0      -795.38187623     2.37e-06      0.00
      7  0      -795.38187624     7.27e-07      0.00
      8  0      -795.38187624     2.00e-07      0.00
      9  0      -795.38187624     5.52e-08      0.00
     10  0      -795.38187624     1.60e-08      0.00
     11  0      -795.38187624     5.35e-09      0.00
     12  0      -795.38187624     1.95e-09      0.00
     13  0      -795.38187624     5.71e-10      0.00
     14  0      -795.38187624     1.48e-10      0.00
     15  0 *    -795.38187624     3.87e-11      0.00

     * ci vector, state   0, <S^2> = 0.7500
       2222a...     0.9800270375
       222.a2..     0.1199141413
       2.22a..2     0.0506784874
       - FCI and RDMs                              0.02
    * Integral transformation done. Elapsed time: 0.39

     guess   0:   closed 1111....             open ....1...            

  === FCI iteration ===

      0  0      -795.29850232     7.13e-03      0.00
      1  0      -795.37575984     2.19e-03      0.00
      2  0      -795.38142991     5.91e-04      0.00
      3  0      -795.38183065     1.81e-04      0.00
      4  0      -795.38187380     4.35e-05      0.00
      5  0      -795.38187611     9.00e-06      0.00
      6  0      -795.38187623     2.37e-06      0.00
      7  0      -795.38187624     7.27e-07      0.00
      8  0      -795.38187624     2.00e-07      0.00
      9  0      -795.38187624     5.52e-08      0.00
     10  0      -795.38187624     1.60e-08      0.00
     11  0      -795.38187624     5.35e-09      0.00
     12  0      -795.38187624     1.95e-09      0.00
     13  0      -795.38187624     5.71e-10      0.00
     14  0      -795.38187624     1.48e-10      0.00
     15  0 *    -795.38187624     3.87e-11      0.00

     * ci vector, state   0, <S^2> = 0.7500
       2222a...     0.9800270307
       222.a2..     0.1199141885
       2.22a..2     0.0506781765
       - FCI and RDMs                              0.02
    * Integral transformation done. Elapsed time: 0.38

     guess   0:   closed 1111....             open ....1...            

  === FCI iteration ===

      0  0      -795.29850232     7.13e-03      0.00
      1  0      -795.37575983     2.19e-03      0.00
      2  0      -795.38142991     5.91e-04      0.00
      3  0      -795.38183065     1.81e-04      0.00
      4  0      -795.38187380     4.35e-05      0.00
      5  0      -795.38187611     9.00e-06      0.00
      6  0      -795.38187623     2.37e-06      0.00
      7  0      -795.38187624     7.27e-07      0.00
      8  0      -795.38187624     2.00e-07      0.00
      9  0      -795.38187624     5.52e-08      0.00
     10  0      -795.38187624     1.60e-08      0.00
     11  0      -795.38187624     5.35e-09      0.00
     12  0      -795.38187624     1.95e-09      0.00
     13  0      -795.38187624     5.71e-10      0.00
     14  0      -795.38187624     1.48e-10      0.00
     15  0 *    -795.38187624     3.87e-11      0.00

     * ci vector, state   0, <S^2> = 0.7500
       2222a...     0.9800270260
       222.a2..     0.1199142199
       2.22a..2     0.0506779608
       - FCI and RDMs                              0.02
