    * Using serial Knowles-Handy algorithm in FCI.
  ---------------------------
        FCI calculation      
  ---------------------------

  Performs exactly the same way as Knowles & Handy 1984 CPL

  o alpha-beta strings
      length:          1716
  o size of the space 
      determinant space:  731808
      spin-adapted space: 339768

  o single displacement lists (alpha)
      length:         33264
  o single displacement lists (beta)
      length:         38808
    * Integral transformation done. Elapsed time: 0.37

     guess   0:   closed 111111......         open ......1.....        

  === FCI iteration ===

      0  0      -794.88410926     7.76e-04      0.22
      1  0      -795.04890714     3.54e-04      0.23
      2  0      -795.07493514     1.34e-04      0.25
      3  0      -795.07847485     4.92e-05      0.22
      4  0      -795.07892809     2.00e-05      0.22
      5  0      -795.07901012     8.46e-06      0.22
      6  0      -795.07902675     3.75e-06      0.22
      7  0      -795.07902982     1.67e-06      0.26
      8  0      -795.07903032     6.25e-07      0.23
      9  0      -795.07903039     2.32e-07      0.22
     10  0      -795.07903040     8.82e-08      0.23
     11  0      -795.07903040     3.43e-08      0.23
     12  0      -795.07903040     1.27e-08      0.22
     13  0      -795.07903040     4.53e-09      0.22
     14  0      -795.07903040     1.55e-09      0.36
     15  0      -795.07903040     5.31e-10      0.24
     16  0      -795.07903040     1.80e-10      0.22
     17  0 *    -795.07903040     5.80e-11      0.42

     * ci vector, state   0, <S^2> = 0.7500
       222222a.....    -0.9421509056
       222222.....a     0.1396943338
       2222a2a....b     0.1239629384
       2222a2b....a     0.0670536761
       22a222a.b...     0.0633865804
       2222b2a....a    -0.0569092623
       222a22a..b..     0.0511893083
       2a2222a...b.    -0.0507109001
       22b222a.a...    -0.0504383434
       - FCI and RDMs                              4.76
    * Integral transformation done. Elapsed time: 0.38

     guess   0:   closed 111111......         open ......1.....        

  === FCI iteration ===

      0  0      -795.23469454     6.43e-04      0.22
      1  0      -795.34004083     2.34e-04      0.25
      2  0      -795.35124530     7.65e-05      0.27
      3  0      -795.35238964     2.56e-05      0.22
      4  0      -795.35250914     8.89e-06      0.22
      5  0      -795.35252299     2.70e-06      0.22
      6  0      -795.35252437     9.40e-07      0.24
      7  0      -795.35252456     3.38e-07      0.23
      8  0      -795.35252458     1.34e-07      0.22
      9  0      -795.35252459     4.46e-08      0.22
     10  0      -795.35252459     1.68e-08      0.22
     11  0      -795.35252459     6.82e-09      0.22
     12  0      -795.35252459     2.68e-09      0.22
     13  0      -795.35252459     9.78e-10      0.22
     14  0      -795.35252459     3.24e-10      0.41
     15  0 *    -795.35252459     9.85e-11      0.25

     * ci vector, state   0, <S^2> = 0.7500
       222222a.....     0.9749439071
       222.22a..2..     0.0500135215
       - FCI and RDMs                              4.16
    * Integral transformation done. Elapsed time: 0.42

     guess   0:   closed 111111......         open ......1.....        

  === FCI iteration ===

      0  0      -795.25606213     6.61e-04      0.22
      1  0      -795.36748360     2.49e-04      0.22
      2  0      -795.37996412     8.22e-05      0.22
      3  0      -795.38125341     2.91e-05      0.22
      4  0      -795.38141116     1.06e-05      0.24
      5  0      -795.38143699     4.40e-06      0.22
      6  0      -795.38144260     2.48e-06      0.22
      7  0      -795.38144408     1.14e-06      0.22
      8  0      -795.38144437     4.53e-07      0.22
      9  0      -795.38144441     2.06e-07      0.23
     10  0      -795.38144442     8.16e-08      0.22
     11  0      -795.38144442     2.54e-08      0.22
     12  0      -795.38144442     8.54e-09      0.22
     13  0      -795.38144442     3.22e-09      0.22
     14  0      -795.38144442     1.20e-09      0.28
     15  0      -795.38144442     4.26e-10      0.23
     16  0      -795.38144442     1.42e-10      0.25
     17  0 *    -795.38144442     4.24e-11      0.19

     * ci vector, state   0, <S^2> = 0.7500
       222222a.....    -0.9694329587
       222222....a.     0.0884084822
       222a222.....    -0.0576594336
       - FCI and RDMs                              4.38
    * Integral transformation done. Elapsed time: 0.38

     guess   0:   closed 111111......         open ......1.....        

  === FCI iteration ===

      0  0      -795.26360810     6.96e-04      0.22
      1  0      -795.39120105     2.91e-04      0.23
      2  0      -795.40843469     1.15e-04      0.22
      3  0      -795.41109818     4.81e-05      0.22
      4  0      -795.41162318     2.05e-05      0.31
      5  0      -795.41175034     1.29e-05      0.31
      6  0      -795.41180443     8.54e-06      0.22
      7  0      -795.41182240     4.44e-06      0.22
      8  0      -795.41182610     1.84e-06      0.22
      9  0      -795.41182675     7.61e-07      0.22
     10  0      -795.41182686     2.61e-07      0.23
     11  0      -795.41182688     8.46e-08      0.22
     12  0      -795.41182688     2.88e-08      0.22
     13  0      -795.41182688     1.13e-08      0.22
     14  0      -795.41182688     4.08e-09      0.23
     15  0      -795.41182688     1.34e-09      0.22
     16  0      -795.41182688     4.35e-10      0.22
     17  0      -795.41182688     1.54e-10      0.22
     18  0 *    -795.41182688     6.40e-11      0.19

     * ci vector, state   0, <S^2> = 0.7500
       222222a.....     0.9489890986
       222222.a....     0.1843087522
       a222222.....    -0.0957333845
       2222.2a2....     0.0665858110
       2222a22.....    -0.0660843475
       22222.a.2...     0.0509594019
       - FCI and RDMs                              4.70
    * Integral transformation done. Elapsed time: 0.41

     guess   0:   closed 111111......         open ......1.....        

  === FCI iteration ===

      0  0      -795.29119970     6.96e-04      0.22
      1  0      -795.40843058     2.73e-04      0.23
      2  0      -795.42234195     1.00e-04      0.23
      3  0      -795.42409735     3.70e-05      0.28
      4  0      -795.42435318     1.20e-05      0.22
      5  0      -795.42437918     4.14e-06      0.22
      6  0      -795.42438326     2.07e-06      0.22
      7  0      -795.42438466     1.51e-06      0.22
      8  0      -795.42438523     7.42e-07      0.22
      9  0      -795.42438536     4.04e-07      0.22
     10  0      -795.42438540     1.74e-07      0.22
     11  0      -795.42438541     6.43e-08      0.22
     12  0      -795.42438541     2.14e-08      0.22
     13  0      -795.42438541     7.01e-09      0.22
     14  0      -795.42438541     2.36e-09      0.22
     15  0      -795.42438541     8.51e-10      0.22
     16  0      -795.42438541     3.15e-10      0.22
     17  0      -795.42438541     1.13e-10      0.22
     18  0 *    -795.42438541     4.38e-11      0.19

     * ci vector, state   0, <S^2> = 0.7500
       222222a.....     0.9711388222
       22222.a2....     0.0859698318
       222222.a....     0.0668394483
       2222.2a.2...     0.0503242574
       - FCI and RDMs                              4.53
    * Integral transformation done. Elapsed time: 0.39

     guess   0:   closed 111111......         open ......1.....        

  === FCI iteration ===

      0  0      -795.29478203     6.95e-04      0.22
      1  0      -795.41220245     2.73e-04      0.23
      2  0      -795.42621854     9.91e-05      0.22
      3  0      -795.42793314     3.66e-05      0.22
      4  0      -795.42818296     1.19e-05      0.22
      5  0      -795.42820600     3.46e-06      0.23
      6  0      -795.42820813     1.26e-06      0.23
      7  0      -795.42820847     5.96e-07      0.23
      8  0      -795.42820854     2.35e-07      0.30
      9  0      -795.42820855     1.01e-07      0.23
     10  0      -795.42820855     4.07e-08      0.23
     11  0      -795.42820855     2.73e-08      0.22
     12  0      -795.42820855     1.54e-08      0.25
     13  0      -795.42820855     6.24e-09      0.22
     14  0      -795.42820855     2.28e-09      0.23
     15  0      -795.42820855     8.02e-10      0.22
     16  0      -795.42820855     2.76e-10      0.85
     17  0 *    -795.42820855     9.31e-11      0.19

     * ci vector, state   0, <S^2> = 0.7500
       222222a.....    -0.9716114371
       22222.a2....    -0.0946562971
       222222.a....    -0.0527209388
       - FCI and RDMs                              5.06
    * Integral transformation done. Elapsed time: 0.45

     guess   0:   closed 111111......         open ......1.....        

  === FCI iteration ===

      0  0      -795.29651980     6.96e-04      0.22
      1  0      -795.41486980     2.73e-04      0.23
      2  0      -795.42909365     9.84e-05      0.23
      3  0      -795.43076961     3.64e-05      0.23
      4  0      -795.43101532     1.19e-05      0.26
      5  0      -795.43103807     3.29e-06      0.24
      6  0      -795.43103994     1.10e-06      0.22
      7  0      -795.43104018     4.85e-07      0.23
      8  0      -795.43104023     1.99e-07      0.23
      9  0      -795.43104023     7.44e-08      0.23
     10  0      -795.43104023     2.52e-08      0.22
     11  0      -795.43104023     8.14e-09      0.23
     12  0      -795.43104023     2.77e-09      0.22
     13  0      -795.43104023     9.73e-10      0.22
     14  0      -795.43104023     3.76e-10      0.24
     15  0      -795.43104023     2.01e-10      0.22
     16  0      -795.43104023     1.04e-10      0.22
     17  0 *    -795.43104023     4.04e-11      0.19

     * ci vector, state   0, <S^2> = 0.7500
       222222a.....     0.9715021728
       22222.a2....     0.0998703346
       222.22a..2..     0.0511205254
       - FCI and RDMs                              4.39
    * Integral transformation done. Elapsed time: 0.95

     guess   0:   closed 111111......         open ......1.....        

  === FCI iteration ===

      0  0      -795.29739235     6.96e-04      0.29
      1  0      -795.41655803     2.73e-04      0.32
      2  0      -795.43098371     9.72e-05      0.36
      3  0      -795.43261846     3.59e-05      0.29
      4  0      -795.43285848     1.20e-05      0.23
      5  0      -795.43288162     3.27e-06      0.22
      6  0      -795.43288341     1.05e-06      0.49
      7  0      -795.43288362     4.30e-07      0.39
      8  0      -795.43288366     1.74e-07      0.22
      9  0      -795.43288366     6.39e-08      0.23
     10  0      -795.43288366     2.29e-08      0.45
     11  0      -795.43288366     7.56e-09      0.53
     12  0      -795.43288366     2.70e-09      0.23
     13  0      -795.43288366     9.45e-10      0.23
     14  0      -795.43288366     3.45e-10      0.23
     15  0      -795.43288366     1.36e-10      0.82
     16  0 *    -795.43288366     5.84e-11      0.79

     * ci vector, state   0, <S^2> = 0.7500
       222222a.....    -0.9711905536
       22222.a2....    -0.1036017219
       222.22a..2..    -0.0530773271
       - FCI and RDMs                              6.67
    * Integral transformation done. Elapsed time: 0.49

     guess   0:   closed 111111......         open ......1.....        

  === FCI iteration ===

      0  0      -795.29771557     6.94e-04      0.22
      1  0      -795.41701515     2.73e-04      0.22
      2  0      -795.43156796     9.64e-05      0.23
      3  0      -795.43317360     3.55e-05      0.22
      4  0      -795.43340839     1.20e-05      0.22
      5  0      -795.43343185     3.27e-06      0.24
      6  0      -795.43343361     1.03e-06      0.23
      7  0      -795.43343380     4.02e-07      0.22
      8  0      -795.43343384     1.58e-07      0.22
      9  0      -795.43343384     5.98e-08      0.22
     10  0      -795.43343384     2.25e-08      0.22
     11  0      -795.43343384     7.76e-09      0.22
     12  0      -795.43343384     2.80e-09      0.22
     13  0      -795.43343384     9.58e-10      0.22
     14  0      -795.43343384     3.34e-10      0.22
     15  0      -795.43343384     1.21e-10      0.23
     16  0 *    -795.43343384     4.67e-11      0.19

     * ci vector, state   0, <S^2> = 0.7500
       222222a.....    -0.9709734288
       22222.a2....    -0.1065109800
       222.22a..2..    -0.0549054277
       - FCI and RDMs                              4.04
    * Integral transformation done. Elapsed time: 0.39

     guess   0:   closed 111111......         open ......1.....        

  === FCI iteration ===

      0  0      -795.29782856     6.93e-04      0.22
      1  0      -795.41713324     2.73e-04      0.22
      2  0      -795.43175257     9.58e-05      0.25
      3  0      -795.43334003     3.52e-05      0.22
      4  0      -795.43357109     1.20e-05      0.22
      5  0      -795.43359465     3.26e-06      0.22
      6  0      -795.43359638     1.02e-06      0.22
      7  0      -795.43359657     3.80e-07      0.22
      8  0      -795.43359659     1.44e-07      0.41
      9  0      -795.43359660     5.52e-08      0.22
     10  0      -795.43359660     2.13e-08      0.22
     11  0      -795.43359660     7.62e-09      0.22
     12  0      -795.43359660     2.80e-09      0.22
     13  0      -795.43359660     9.59e-10      0.22
     14  0      -795.43359660     3.32e-10      0.29
     15  0      -795.43359660     1.21e-10      0.40
     16  0 *    -795.43359660     4.59e-11      0.30

     * ci vector, state   0, <S^2> = 0.7500
       222222a.....     0.9708581577
       22222.a2....     0.1083621681
       222.22a..2..     0.0560460060
       - FCI and RDMs                              4.63
    * Integral transformation done. Elapsed time: 0.38

     guess   0:   closed 111111......         open ......1.....        

  === FCI iteration ===

      0  0      -795.29785966     6.92e-04      0.22
      1  0      -795.41716934     2.73e-04      0.22
      2  0      -795.43182423     9.56e-05      0.22
      3  0      -795.43340228     3.51e-05      0.30
      4  0      -795.43363123     1.20e-05      0.27
      5  0      -795.43365484     3.26e-06      0.23
      6  0      -795.43365655     1.01e-06      0.23
      7  0      -795.43365673     3.67e-07      0.23
      8  0      -795.43365676     1.34e-07      0.23
      9  0      -795.43365676     5.15e-08      0.23
     10  0      -795.43365676     2.00e-08      0.23
     11  0      -795.43365676     7.35e-09      0.41
     12  0      -795.43365676     2.76e-09      0.23
     13  0      -795.43365676     9.55e-10      0.23
     14  0      -795.43365676     3.30e-10      0.26
     15  0      -795.43365676     1.22e-10      0.23
     16  0 *    -795.43365676     4.65e-11      0.32

     * ci vector, state   0, <S^2> = 0.7500
       222222a.....     0.9707926557
       22222.a2....     0.1094220978
       222.22a..2..     0.0565859665
       - FCI and RDMs                              4.58
    * Integral transformation done. Elapsed time: 0.41

     guess   0:   closed 111111......         open ......1.....        

  === FCI iteration ===

      0  0      -795.29786140     6.92e-04      0.21
      1  0      -795.41717950     2.73e-04      0.22
      2  0      -795.43185400     9.54e-05      0.22
      3  0      -795.43342714     3.50e-05      0.22
      4  0      -795.43365491     1.20e-05      0.22
      5  0      -795.43367855     3.26e-06      0.22
      6  0      -795.43368026     1.01e-06      0.22
      7  0      -795.43368043     3.59e-07      0.22
      8  0      -795.43368045     1.29e-07      0.22
      9  0      -795.43368045     4.90e-08      0.22
     10  0      -795.43368045     1.90e-08      0.35
     11  0      -795.43368045     7.10e-09      0.22
     12  0      -795.43368045     2.71e-09      0.22
     13  0      -795.43368045     9.50e-10      0.22
     14  0      -795.43368045     3.28e-10      0.22
     15  0      -795.43368045     1.22e-10      0.22
     16  0 *    -795.43368045     4.69e-11      0.19

     * ci vector, state   0, <S^2> = 0.7500
       222222a.....     0.9707536409
       22222.a2....     0.1100256081
       222.22a..2..     0.0568453570
       - FCI and RDMs                              4.11
    * Integral transformation done. Elapsed time: 0.39

     guess   0:   closed 111111......         open ......1.....        

  === FCI iteration ===

      0  0      -795.29785501     6.92e-04      0.21
      1  0      -795.41718099     2.73e-04      0.23
      2  0      -795.43186676     9.53e-05      0.23
      3  0      -795.43343727     3.49e-05      0.23
      4  0      -795.43366439     1.20e-05      0.41
      5  0      -795.43368804     3.26e-06      0.23
      6  0      -795.43368975     1.00e-06      0.23
      7  0      -795.43368992     3.55e-07      0.23
      8  0      -795.43368994     1.25e-07      0.57
      9  0      -795.43368994     4.74e-08      0.23
     10  0      -795.43368994     1.83e-08      0.60
     11  0      -795.43368994     6.92e-09      0.24
     12  0      -795.43368994     2.67e-09      0.23
     13  0      -795.43368994     9.47e-10      0.24
     14  0      -795.43368994     3.28e-10      0.22
     15  0      -795.43368994     1.23e-10      0.23
     16  0 *    -795.43368994     4.70e-11      0.19

     * ci vector, state   0, <S^2> = 0.7500
       222222a.....     0.9707301819
       22222.a2....     0.1103749934
       222.22a..2..     0.0569786394
       - FCI and RDMs                              5.02
    * Integral transformation done. Elapsed time: 0.38

     guess   0:   closed 111111......         open ......1.....        

  === FCI iteration ===

      0  0      -795.29784791     6.92e-04      0.22
      1  0      -795.41717992     2.73e-04      0.22
      2  0      -795.43187236     9.53e-05      0.22
      3  0      -795.43344145     3.49e-05      0.22
      4  0      -795.43366821     1.20e-05      0.31
      5  0      -795.43369187     3.26e-06      0.22
      6  0      -795.43369357     1.00e-06      0.22
      7  0      -795.43369374     3.53e-07      0.22
      8  0      -795.43369376     1.23e-07      0.22
      9  0      -795.43369376     4.65e-08      0.22
     10  0      -795.43369376     1.78e-08      0.22
     11  0      -795.43369376     6.79e-09      0.22
     12  0      -795.43369376     2.64e-09      0.22
     13  0      -795.43369376     9.45e-10      0.22
     14  0      -795.43369376     3.28e-10      0.22
     15  0      -795.43369376     1.23e-10      0.22
     16  0 *    -795.43369376     4.71e-11      0.19

     * ci vector, state   0, <S^2> = 0.7500
       222222a.....     0.9707159972
       22222.a2....     0.1105810752
       222.22a..2..     0.0570510201
       - FCI and RDMs                              4.12
    * Integral transformation done. Elapsed time: 0.38

     guess   0:   closed 111111......         open ......1.....        

  === FCI iteration ===

      0  0      -795.29784219     6.92e-04      0.28
      1  0      -795.41717841     2.73e-04      0.23
      2  0      -795.43187489     9.53e-05      0.23
      3  0      -795.43344319     3.49e-05      0.23
      4  0      -795.43366975     1.20e-05      0.22
      5  0      -795.43369341     3.26e-06      0.23
      6  0      -795.43369511     1.00e-06      0.38
      7  0      -795.43369528     3.51e-07      0.49
      8  0      -795.43369530     1.22e-07      0.23
      9  0      -795.43369530     4.59e-08      0.24
     10  0      -795.43369530     1.76e-08      0.49
     11  0      -795.43369530     6.71e-09      0.23
     12  0      -795.43369530     2.62e-09      0.23
     13  0      -795.43369530     9.44e-10      0.26
     14  0      -795.43369530     3.28e-10      0.22
     15  0      -795.43369530     1.23e-10      0.22
     16  0 *    -795.43369530     4.71e-11      0.19

     * ci vector, state   0, <S^2> = 0.7500
       222222a.....     0.9707073674
       22222.a2....     0.1107046728
       222.22a..2..     0.0570918988
       - FCI and RDMs                              4.92
    * Integral transformation done. Elapsed time: 0.38

     guess   0:   closed 111111......         open ......1.....        

  === FCI iteration ===

      0  0      -795.29783807     6.92e-04      0.22
      1  0      -795.41717711     2.73e-04      0.22
      2  0      -795.43187607     9.53e-05      0.23
      3  0      -795.43344392     3.49e-05      0.23
      4  0      -795.43367037     1.20e-05      0.22
      5  0      -795.43369404     3.26e-06      0.22
      6  0      -795.43369573     1.00e-06      0.22
      7  0      -795.43369590     3.51e-07      0.22
      8  0      -795.43369592     1.21e-07      0.22
      9  0      -795.43369593     4.55e-08      0.24
     10  0      -795.43369593     1.74e-08      0.22
     11  0      -795.43369593     6.66e-09      0.22
     12  0      -795.43369593     2.61e-09      0.22
     13  0      -795.43369593     9.43e-10      0.22
     14  0      -795.43369593     3.28e-10      0.22
     15  0      -795.43369593     1.23e-10      0.22
     16  0 *    -795.43369593     4.71e-11      0.19

     * ci vector, state   0, <S^2> = 0.7500
       222222a.....     0.9707020834
       22222.a2....     0.1107798296
       222.22a..2..     0.0571156564
       - FCI and RDMs                              4.05
    * Integral transformation done. Elapsed time: 0.38

     guess   0:   closed 111111......         open ......1.....        

  === FCI iteration ===

      0  0      -795.29783527     6.92e-04      0.22
      1  0      -795.41717615     2.73e-04      0.22
      2  0      -795.43187665     9.53e-05      0.22
      3  0      -795.43344424     3.49e-05      0.22
      4  0      -795.43367062     1.20e-05      0.36
      5  0      -795.43369429     3.26e-06      0.46
      6  0      -795.43369598     1.00e-06      0.31
      7  0      -795.43369615     3.50e-07      0.26
      8  0      -795.43369617     1.21e-07      0.22
      9  0      -795.43369618     4.53e-08      0.22
     10  0      -795.43369618     1.73e-08      0.22
     11  0      -795.43369618     6.63e-09      0.22
     12  0      -795.43369618     2.60e-09      0.24
     13  0      -795.43369618     9.43e-10      0.23
     14  0      -795.43369618     3.28e-10      0.22
     15  0      -795.43369618     1.23e-10      0.22
     16  0 *    -795.43369618     4.71e-11      0.19

     * ci vector, state   0, <S^2> = 0.7500
       222222a.....    -0.9706988278
       22222.a2....    -0.1108260344
       222.22a..2..    -0.0571297684
       - FCI and RDMs                              4.57
    * Integral transformation done. Elapsed time: 0.44

     guess   0:   closed 111111......         open ......1.....        

  === FCI iteration ===

      0  0      -795.29783341     6.92e-04      0.21
      1  0      -795.41717549     2.73e-04      0.22
      2  0      -795.43187694     9.53e-05      0.22
      3  0      -795.43344438     3.49e-05      0.22
      4  0      -795.43367072     1.20e-05      0.22
      5  0      -795.43369439     3.26e-06      0.22
      6  0      -795.43369609     1.00e-06      0.22
      7  0      -795.43369625     3.50e-07      0.22
      8  0      -795.43369627     1.21e-07      0.32
      9  0      -795.43369628     4.52e-08      0.22
     10  0      -795.43369628     1.72e-08      0.22
     11  0      -795.43369628     6.61e-09      0.22
     12  0      -795.43369628     2.60e-09      0.22
     13  0      -795.43369628     9.42e-10      0.22
     14  0      -795.43369628     3.28e-10      0.28
     15  0      -795.43369628     1.24e-10      0.22
     16  0 *    -795.43369628     4.71e-11      0.19

     * ci vector, state   0, <S^2> = 0.7500
       222222a.....    -0.9706968104
       22222.a2....    -0.1108546822
       222.22a..2..    -0.0571382929
       - FCI and RDMs                              4.18
    * Integral transformation done. Elapsed time: 0.38

     guess   0:   closed 111111......         open ......1.....        

  === FCI iteration ===

      0  0      -795.29783221     6.92e-04      0.22
      1  0      -795.41717504     2.73e-04      0.22
      2  0      -795.43187710     9.53e-05      0.22
      3  0      -795.43344444     3.49e-05      0.22
      4  0      -795.43367076     1.20e-05      0.22
      5  0      -795.43369443     3.26e-06      0.22
      6  0      -795.43369613     1.00e-06      0.22
      7  0      -795.43369629     3.49e-07      0.23
      8  0      -795.43369632     1.21e-07      0.22
      9  0      -795.43369632     4.51e-08      0.22
     10  0      -795.43369632     1.72e-08      0.22
     11  0      -795.43369632     6.59e-09      0.22
     12  0      -795.43369632     2.60e-09      0.23
     13  0      -795.43369632     9.42e-10      0.22
     14  0      -795.43369632     3.28e-10      0.22
     15  0      -795.43369632     1.24e-10      0.22
     16  0 *    -795.43369632     4.71e-11      0.19

     * ci vector, state   0, <S^2> = 0.7500
       222222a.....    -0.9706955540
       22222.a2....    -0.1108725588
       222.22a..2..    -0.0571435099
       - FCI and RDMs                              4.06
    * Integral transformation done. Elapsed time: 0.40

     guess   0:   closed 111111......         open ......1.....        

  === FCI iteration ===

      0  0      -795.29783143     6.92e-04      0.23
      1  0      -795.41717475     2.73e-04      0.23
      2  0      -795.43187719     9.53e-05      0.23
      3  0      -795.43344447     3.49e-05      0.23
      4  0      -795.43367077     1.20e-05      0.23
      5  0      -795.43369445     3.26e-06      0.23
      6  0      -795.43369614     1.00e-06      0.23
      7  0      -795.43369631     3.49e-07      0.27
      8  0      -795.43369633     1.20e-07      0.23
      9  0      -795.43369633     4.50e-08      0.23
     10  0      -795.43369634     1.71e-08      0.23
     11  0      -795.43369634     6.59e-09      0.22
     12  0      -795.43369634     2.59e-09      0.24
     13  0      -795.43369634     9.42e-10      0.23
     14  0      -795.43369634     3.28e-10      0.24
     15  0      -795.43369634     1.24e-10      0.53
     16  0 *    -795.43369634     4.71e-11      0.21

     * ci vector, state   0, <S^2> = 0.7500
       222222a.....    -0.9706947682
       22222.a2....    -0.1108837679
       222.22a..2..    -0.0571467340
       - FCI and RDMs                              4.53
    * Integral transformation done. Elapsed time: 0.45

     guess   0:   closed 111111......         open ......1.....        

  === FCI iteration ===

      0  0      -795.29783093     6.92e-04      0.21
      1  0      -795.41717456     2.73e-04      0.24
      2  0      -795.43187724     9.52e-05      0.22
      3  0      -795.43344449     3.49e-05      0.22
      4  0      -795.43367078     1.20e-05      0.22
      5  0      -795.43369445     3.26e-06      0.22
      6  0      -795.43369615     1.00e-06      0.26
      7  0      -795.43369632     3.49e-07      0.36
      8  0      -795.43369634     1.20e-07      0.22
      9  0      -795.43369634     4.50e-08      0.22
     10  0      -795.43369634     1.71e-08      0.22
     11  0      -795.43369634     6.58e-09      0.23
     12  0      -795.43369634     2.59e-09      0.22
     13  0      -795.43369634     9.42e-10      0.22
     14  0      -795.43369634     3.28e-10      0.22
     15  0      -795.43369634     1.24e-10      0.22
     16  0 *    -795.43369634     4.71e-11      0.19

     * ci vector, state   0, <S^2> = 0.7500
       222222a.....    -0.9706942749
       22222.a2....    -0.1108908212
       222.22a..2..    -0.0571487410
       - FCI and RDMs                              4.22
    * Integral transformation done. Elapsed time: 0.39

     guess   0:   closed 111111......         open ......1.....        

  === FCI iteration ===

      0  0      -795.29783061     6.92e-04      0.22
      1  0      -795.41717444     2.73e-04      0.22
      2  0      -795.43187727     9.52e-05      0.22
      3  0      -795.43344450     3.49e-05      0.22
      4  0      -795.43367078     1.20e-05      0.22
      5  0      -795.43369446     3.26e-06      0.23
      6  0      -795.43369615     1.00e-06      0.22
      7  0      -795.43369632     3.49e-07      0.22
      8  0      -795.43369634     1.20e-07      0.22
      9  0      -795.43369634     4.50e-08      0.22
     10  0      -795.43369634     1.71e-08      0.26
     11  0      -795.43369634     6.58e-09      0.22
     12  0      -795.43369634     2.59e-09      0.22
     13  0      -795.43369634     9.42e-10      0.23
     14  0      -795.43369634     3.28e-10      0.22
     15  0      -795.43369634     1.24e-10      0.23
     16  0 *    -795.43369634     4.71e-11      0.19

     * ci vector, state   0, <S^2> = 0.7500
       222222a.....    -0.9706939645
       22222.a2....    -0.1108952710
       222.22a..2..    -0.0571499977
       - FCI and RDMs                              4.09
    * Integral transformation done. Elapsed time: 0.40

     guess   0:   closed 111111......         open ......1.....        

  === FCI iteration ===

      0  0      -795.29783041     6.92e-04      0.23
      1  0      -795.41717436     2.73e-04      0.22
      2  0      -795.43187729     9.52e-05      0.22
      3  0      -795.43344450     3.49e-05      0.22
      4  0      -795.43367078     1.20e-05      0.22
      5  0      -795.43369446     3.26e-06      0.22
      6  0      -795.43369615     1.00e-06      0.30
      7  0      -795.43369632     3.49e-07      0.23
      8  0      -795.43369634     1.20e-07      0.23
      9  0      -795.43369634     4.50e-08      0.23
     10  0      -795.43369635     1.71e-08      0.23
     11  0      -795.43369635     6.58e-09      0.23
     12  0      -795.43369635     2.59e-09      0.23
     13  0      -795.43369635     9.42e-10      0.23
     14  0      -795.43369635     3.28e-10      0.23
     15  0      -795.43369635     1.24e-10      0.26
     16  0 *    -795.43369635     4.71e-11      0.19

     * ci vector, state   0, <S^2> = 0.7500
       222222a.....    -0.9706937686
       22222.a2....    -0.1108980837
       222.22a..2..    -0.0571507876
       - FCI and RDMs                              4.23
    * Integral transformation done. Elapsed time: 0.62

     guess   0:   closed 111111......         open ......1.....        

  === FCI iteration ===

      0  0      -795.29783028     6.92e-04      0.23
      1  0      -795.41717431     2.73e-04      0.23
      2  0      -795.43187730     9.52e-05      0.23
      3  0      -795.43344450     3.49e-05      0.23
      4  0      -795.43367078     1.20e-05      0.31
      5  0      -795.43369446     3.26e-06      0.28
      6  0      -795.43369615     1.00e-06      0.22
      7  0      -795.43369632     3.49e-07      0.22
      8  0      -795.43369634     1.20e-07      0.22
      9  0      -795.43369635     4.50e-08      0.25
     10  0      -795.43369635     1.71e-08      0.23
     11  0      -795.43369635     6.57e-09      0.23
     12  0      -795.43369635     2.59e-09      0.22
     13  0      -795.43369635     9.42e-10      0.22
     14  0      -795.43369635     3.28e-10      0.22
     15  0      -795.43369635     1.24e-10      0.22
     16  0 *    -795.43369635     4.71e-11      0.19

     * ci vector, state   0, <S^2> = 0.7500
       222222a.....    -0.9706936448
       22222.a2....    -0.1108998641
       222.22a..2..    -0.0571512857
       - FCI and RDMs                              4.24
    * Integral transformation done. Elapsed time: 0.41

     guess   0:   closed 111111......         open ......1.....        

  === FCI iteration ===

      0  0      -795.29783020     6.92e-04      0.22
      1  0      -795.41717428     2.73e-04      0.22
      2  0      -795.43187731     9.52e-05      0.22
      3  0      -795.43344451     3.49e-05      0.22
      4  0      -795.43367078     1.20e-05      0.22
      5  0      -795.43369446     3.26e-06      0.33
      6  0      -795.43369616     1.00e-06      0.23
      7  0      -795.43369632     3.49e-07      0.22
      8  0      -795.43369634     1.20e-07      0.22
      9  0      -795.43369635     4.50e-08      0.22
     10  0      -795.43369635     1.71e-08      0.24
     11  0      -795.43369635     6.57e-09      0.22
     12  0      -795.43369635     2.59e-09      0.22
     13  0      -795.43369635     9.42e-10      0.22
     14  0      -795.43369635     3.28e-10      0.22
     15  0      -795.43369635     1.24e-10      0.22
     16  0 *    -795.43369635     4.72e-11      0.19

     * ci vector, state   0, <S^2> = 0.7500
       222222a.....    -0.9706935665
       22222.a2....    -0.1109009920
       222.22a..2..    -0.0571516003
       - FCI and RDMs                              4.16
    * Integral transformation done. Elapsed time: 0.39

     guess   0:   closed 111111......         open ......1.....        

  === FCI iteration ===

      0  0      -795.29783015     6.92e-04      0.22
      1  0      -795.41717426     2.73e-04      0.23
      2  0      -795.43187731     9.52e-05      0.23
      3  0      -795.43344451     3.49e-05      0.23
      4  0      -795.43367078     1.20e-05      0.23
      5  0      -795.43369446     3.26e-06      0.23
      6  0      -795.43369615     1.00e-06      0.23
      7  0      -795.43369632     3.49e-07      0.23
      8  0      -795.43369634     1.20e-07      0.23
      9  0      -795.43369635     4.50e-08      0.23
     10  0      -795.43369635     1.71e-08      0.25
     11  0      -795.43369635     6.57e-09      0.23
     12  0      -795.43369635     2.59e-09      0.24
     13  0      -795.43369635     9.42e-10      0.23
     14  0      -795.43369635     3.28e-10      0.23
     15  0      -795.43369635     1.24e-10      0.41
     16  0 *    -795.43369635     4.72e-11      0.19

     * ci vector, state   0, <S^2> = 0.7500
       222222a.....    -0.9706935170
       22222.a2....    -0.1109017069
       222.22a..2..    -0.0571517993
       - FCI and RDMs                              4.40
    * Integral transformation done. Elapsed time: 0.40

     guess   0:   closed 111111......         open ......1.....        

  === FCI iteration ===

      0  0      -795.29783012     6.92e-04      0.21
      1  0      -795.41717425     2.73e-04      0.22
      2  0      -795.43187731     9.52e-05      0.22
      3  0      -795.43344451     3.49e-05      0.22
      4  0      -795.43367078     1.20e-05      0.23
      5  0      -795.43369446     3.26e-06      0.23
      6  0      -795.43369615     1.00e-06      0.23
      7  0      -795.43369632     3.49e-07      0.25
      8  0      -795.43369634     1.20e-07      0.34
      9  0      -795.43369635     4.50e-08      0.23
     10  0      -795.43369635     1.71e-08      0.23
     11  0      -795.43369635     6.57e-09      0.23
     12  0      -795.43369635     2.59e-09      0.23
     13  0      -795.43369635     9.42e-10      0.23
     14  0      -795.43369635     3.28e-10      0.23
     15  0      -795.43369635     1.24e-10      0.23
     16  0 *    -795.43369635     4.72e-11      0.19

     * ci vector, state   0, <S^2> = 0.7500
       222222a.....    -0.9706934856
       22222.a2....    -0.1109021604
       222.22a..2..    -0.0571519251
       - FCI and RDMs                              4.24
    * Integral transformation done. Elapsed time: 0.62

     guess   0:   closed 111111......         open ......1.....        

  === FCI iteration ===

      0  0      -795.29783009     6.92e-04      0.22
      1  0      -795.41717424     2.73e-04      0.22
      2  0      -795.43187732     9.52e-05      0.23
      3  0      -795.43344451     3.49e-05      0.26
      4  0      -795.43367078     1.20e-05      0.23
      5  0      -795.43369446     3.26e-06      0.23
      6  0      -795.43369615     1.00e-06      0.23
      7  0      -795.43369632     3.49e-07      0.28
      8  0      -795.43369634     1.20e-07      0.22
      9  0      -795.43369635     4.50e-08      0.22
     10  0      -795.43369635     1.71e-08      0.22
     11  0      -795.43369635     6.57e-09      0.22
     12  0      -795.43369635     2.59e-09      0.22
     13  0      -795.43369635     9.42e-10      0.22
     14  0      -795.43369635     3.28e-10      0.22
     15  0      -795.43369635     1.24e-10      0.22
     16  0 *    -795.43369635     4.72e-11      0.20

     * ci vector, state   0, <S^2> = 0.7500
       222222a.....    -0.9706934656
       22222.a2....    -0.1109024482
       222.22a..2..    -0.0571520047
       - FCI and RDMs                              4.17
    * Integral transformation done. Elapsed time: 0.48

     guess   0:   closed 111111......         open ......1.....        

  === FCI iteration ===

      0  0      -795.29783008     6.92e-04      0.22
      1  0      -795.41717423     2.73e-04      0.23
      2  0      -795.43187732     9.52e-05      0.23
      3  0      -795.43344451     3.49e-05      0.25
      4  0      -795.43367078     1.20e-05      0.35
      5  0      -795.43369446     3.26e-06      0.46
      6  0      -795.43369615     1.00e-06      0.50
      7  0      -795.43369632     3.49e-07      0.41
      8  0      -795.43369634     1.20e-07      0.23
      9  0      -795.43369635     4.50e-08      0.37
     10  0      -795.43369635     1.71e-08      0.22
     11  0      -795.43369635     6.57e-09      0.27
     12  0      -795.43369635     2.59e-09      0.22
     13  0      -795.43369635     9.42e-10      0.22
     14  0      -795.43369635     3.28e-10      0.22
     15  0      -795.43369635     1.24e-10      0.22
     16  0 *    -795.43369635     4.72e-11      0.23

     * ci vector, state   0, <S^2> = 0.7500
       222222a.....    -0.9706934530
       22222.a2....    -0.1109026310
       222.22a..2..    -0.0571520557
       - FCI and RDMs                              5.15
